2025-01-26 17:27:20,713 - baidu_search_task - ERROR - 搜索任务执行失败: 
No element found.
Method: ele()
Arguments: {'locator': '[name="wd"]', 'index': 1, 'timeout': 10}
Version: 4.1.0.17
2025-01-26 17:28:16,206 - baidu_search_task - ERROR - 搜索任务执行失败: 
No element found.
Method: ele()
Arguments: {'locator': '@name="wd"', 'index': 1, 'timeout': 10}
Version: 4.1.0.17
2025-01-26 17:28:45,156 - baidu_search_task - INFO - 搜索关键词 '天气' 成功
2025-01-26 17:30:42,264 - baidu_search_task - ERROR - 搜索任务执行失败: 'BaiduPage' object has no attribute 'page'
2025-01-26 17:31:31,909 - baidu_search_task - ERROR - 搜索任务执行失败: 'BaiduPage' object has no attribute 'page'
2025-01-26 17:33:47,745 - baidu_search_task - INFO - 搜索关键词 '天气' 成功
2025-01-26 22:11:27,668 - baidu_search_task - ERROR - 搜索任务执行失败: 'ChromiumPage' object has no attribute 'get_scroll_height'
2025-01-26 22:11:55,585 - baidu_search_task - ERROR - 搜索任务执行失败: 'ChromiumPage' object has no attribute 'get_scroll_height'
2025-01-26 22:12:43,491 - baidu_search_task - INFO - 搜索关键词 '天气' 成功
2025-01-26 22:51:04,275 - baidu_search_task - INFO - 搜索关键词 '天气' 成功
2025-01-26 23:05:56,281 - baidu_search_task - INFO - 搜索关键词 '天气' 成功
2025-01-26 23:08:41,777 - baidu_search_task - INFO - 搜索关键词 '天气' 成功
2025-01-26 23:11:18,770 - baidu_search_task - INFO - 搜索关键词 '天气' 成功
2025-01-26 23:12:09,986 - baidu_search_task - INFO - 搜索关键词 '天气' 成功
2025-01-26 23:15:24,224 - baidu_search_task - ERROR - 搜索任务执行失败: 'BrowserSetter' object has no attribute 'scroll'
2025-01-26 23:18:44,791 - baidu_search_task - ERROR - 搜索任务执行失败: 'BrowserSetter' object has no attribute 'scroll'
2025-01-26 23:22:33,822 - baidu_search_task - ERROR - 搜索任务执行失败: 
没有找到元素。
方法: ele()
参数: {'locator': '@name=wd', 'index': 1, 'timeout': 10}
版本: 4.1.0.17
2025-01-26 23:31:23,134 - baidu_search_task - INFO - 搜索关键词 '天气' 成功
