2025-01-27 19:15:51,530 - baidu_search_task - INFO - 搜索关键词 '天气' 成功
2025-01-27 19:16:16,254 - baidu_search_task - INFO - 搜索关键词 '天气' 成功
2025-01-27 19:20:13,388 - baidu_search_task - INFO - 搜索关键词 '天气' 成功
2025-01-27 19:49:44,760 - baidu_search_task - ERROR - 搜索任务执行失败: 'dict' object has no attribute 'url'
2025-01-27 19:49:46,832 - baidu_search_task - ERROR - 搜索任务执行失败: 'dict' object has no attribute 'url'
2025-01-27 19:49:48,904 - baidu_search_task - ERROR - 搜索任务执行失败: 'dict' object has no attribute 'url'
2025-01-27 19:50:57,517 - baidu_search_task - ERROR - 搜索任务执行失败: 'watch_tn'
2025-01-27 19:51:05,821 - baidu_search_task - ERROR - 搜索任务执行失败: 'watch_tn'
2025-01-27 19:51:15,304 - baidu_search_task - ERROR - 搜索任务执行失败: 'watch_tn'
2025-01-27 19:55:24,789 - baidu_search_task - ERROR - 搜索任务执行失败: 'watch_tn'
2025-01-27 19:56:43,664 - baidu_search_task - ERROR - 搜索任务执行失败: 'watch_tn'
2025-01-27 19:59:09,573 - baidu_search_task - ERROR - 搜索任务执行失败: 'watch_tn'
2025-01-27 20:01:50,367 - baidu_search_task - ERROR - 搜索任务执行失败: 
没有找到元素。
方法: ele()
参数: {'locator': 't:观看@@@tag()=span', 'index': 1, 'timeout': 10}
版本: 4.1.0.17
2025-01-27 20:02:44,445 - baidu_search_task - ERROR - 搜索任务执行失败: 'share_tn'
2025-01-27 20:03:44,679 - baidu_search_task - ERROR - 搜索任务执行失败: 
没有找到元素。
方法: ele()
参数: {'locator': 't:观看', 'index': 1, 'timeout': 10}
版本: 4.1.0.17
2025-01-27 20:23:06,311 - baidu_search_task - ERROR - 搜索任务执行失败: 
没有找到元素。
方法: ele()
参数: {'locator': 'tx()=观看', 'index': 1, 'timeout': 10}
版本: 4.1.0.17
2025-01-27 20:24:15,529 - baidu_search_task - ERROR - 搜索任务执行失败: 'share_tn'
2025-01-27 20:26:05,859 - baidu_search_task - ERROR - 搜索任务执行失败: 'share_tn'
2025-01-27 20:27:18,631 - baidu_search_task - ERROR - 搜索任务执行失败: 'share_tn'
2025-01-27 20:30:16,651 - baidu_search_task - ERROR - 搜索任务执行失败: 'share_tn'
2025-01-27 20:30:45,811 - baidu_search_task - ERROR - 搜索任务执行失败: 'LePage' object has no attribute 'tab_id'
2025-01-27 20:37:50,230 - baidu_search_task - ERROR - 搜索任务执行失败: 'share_tn'
2025-01-27 20:39:43,098 - baidu_search_task - ERROR - 搜索任务执行失败: 'ChromiumElement' object has no attribute 'actions'
2025-01-27 20:40:41,803 - baidu_search_task - ERROR - 搜索任务执行失败: 'share_tn'
2025-01-27 20:41:47,195 - baidu_search_task - ERROR - 搜索任务执行失败: close_tabs() missing 1 required positional argument: 'tabs_or_ids'
2025-01-27 20:44:40,515 - baidu_search_task - ERROR - 搜索任务执行失败: close_tabs() missing 1 required positional argument: 'tabs_or_ids'
2025-01-27 20:46:05,663 - baidu_search_task - ERROR - 搜索任务执行失败: close_tabs() missing 1 required positional argument: 'tabs_or_ids'
2025-01-27 20:47:54,107 - baidu_search_task - ERROR - 搜索任务执行失败: 
没有找到元素。
方法: ele()
参数: {'locator': 'text=分享@@tag:span', 'index': 1, 'timeout': 10}
版本: 4.1.0.17
2025-01-27 20:50:39,676 - baidu_search_task - ERROR - 搜索任务执行失败: 
没有找到元素。
方法: ele()
参数: {'locator': 'text=分享@@class="transition-opacity', 'index': 1, 'timeout': 10}
版本: 4.1.0.17
2025-01-27 20:53:07,012 - baidu_search_task - ERROR - 搜索任务执行失败: 
与页面的连接已断开。
版本: 4.1.0.17
2025-01-27 20:54:00,935 - baidu_search_task - ERROR - 搜索任务执行失败: 
没有找到元素。
方法: ele()
参数: {'locator': 'text=分享@@class="transition-opacity', 'index': 1, 'timeout': 10}
版本: 4.1.0.17
2025-01-27 20:55:55,995 - baidu_search_task - ERROR - 搜索任务执行失败: 
没有找到元素。
方法: ele()
参数: {'locator': 'text=分享@@class="transition-opacity', 'index': 1, 'timeout': 10}
版本: 4.1.0.17
2025-01-27 20:58:00,945 - baidu_search_task - ERROR - 搜索任务执行失败: 
没有找到元素。
方法: ele()
参数: {'locator': 'text=引用@@tag:span', 'index': 1, 'timeout': 10}
版本: 4.1.0.17
2025-01-27 20:58:54,134 - baidu_search_task - ERROR - 搜索任务执行失败: 
没有找到元素。
方法: ele()
参数: {'locator': 'text=引用@@tag:span', 'index': 1, 'timeout': 10}
版本: 4.1.0.17
2025-01-27 21:04:10,686 - baidu_search_task - ERROR - 搜索任务执行失败: 
没有找到元素。
方法: ele()
参数: {'locator': 'text=引用@@tag:span', 'index': 1, 'timeout': 10}
版本: 4.1.0.17
2025-01-27 21:09:57,735 - baidu_search_task - ERROR - 搜索任务执行失败: 
没有找到元素。
方法: ele()
参数: {'locator': 'text=引用@@tag:span', 'index': 1, 'timeout': 10}
版本: 4.1.0.17
2025-01-27 21:11:36,232 - baidu_search_task - ERROR - 搜索任务执行失败: click() missing 1 required positional argument: 'selector'
2025-01-27 21:13:51,958 - baidu_search_task - ERROR - 搜索任务执行失败: close_tabs() missing 1 required positional argument: 'tabs_or_ids'
2025-01-27 21:15:43,647 - baidu_search_task - ERROR - 搜索任务执行失败: close_tabs() missing 1 required positional argument: 'tabs_or_ids'
2025-01-27 21:16:57,795 - baidu_search_task - ERROR - 搜索任务执行失败: close_tabs() missing 1 required positional argument: 'tabs_or_ids'
2025-01-27 21:20:01,675 - baidu_search_task - ERROR - 搜索任务执行失败: close_tabs() missing 1 required positional argument: 'tabs_or_ids'
2025-01-27 21:29:07,389 - baidu_search_task - ERROR - 搜索任务执行失败: 'verify'
2025-01-27 21:29:53,438 - baidu_search_task - ERROR - 搜索任务执行失败: list index out of range
2025-01-27 21:30:45,466 - baidu_search_task - ERROR - 搜索任务执行失败: 
元素对象已失效。可能是页面整体刷新，或js局部刷新把元素替换或去除了。
版本: 4.1.0.17
2025-01-27 21:36:34,202 - baidu_search_task - ERROR - 搜索任务执行失败: close_tabs() missing 1 required positional argument: 'tabs_or_ids'
2025-01-27 21:40:07,604 - baidu_search_task - ERROR - 搜索任务执行失败: 'MixTab' object has no attribute 'wait_s'
2025-01-27 21:42:08,392 - baidu_search_task - ERROR - 搜索任务执行失败: close_tabs() missing 1 required positional argument: 'tabs_or_ids'
2025-01-27 22:03:20,545 - baidu_search_task - ERROR - 搜索任务执行失败: 'rf'
2025-01-27 22:07:22,913 - baidu_search_task - ERROR - 搜索任务执行失败: 'rf'
2025-01-27 22:09:58,142 - baidu_search_task - ERROR - 搜索任务执行失败: 
没有找到元素。
方法: ele()
参数: {'locator': 'text=观看', 'index': 1, 'timeout': 10}
版本: 4.1.0.17
2025-01-27 22:10:28,555 - baidu_search_task - ERROR - 搜索任务执行失败: 'rf'
2025-01-27 22:11:48,620 - baidu_search_task - ERROR - 搜索任务执行失败: 'rf'
2025-01-27 22:12:53,867 - baidu_search_task - ERROR - 搜索任务执行失败: 
该元素没有位置及大小。
版本: 4.1.0.17
2025-01-27 22:14:36,801 - baidu_search_task - ERROR - 搜索任务执行失败: 
该元素没有位置及大小。
版本: 4.1.0.17
2025-01-27 22:15:36,050 - baidu_search_task - ERROR - 搜索任务执行失败: 'rf'
2025-01-27 22:19:15,530 - baidu_search_task - ERROR - 搜索任务执行失败: 'text'
2025-01-27 22:20:49,746 - baidu_search_task - ERROR - 搜索任务执行失败: close_tabs() missing 1 required positional argument: 'tabs_or_ids'
2025-01-27 22:21:39,778 - baidu_search_task - ERROR - 搜索任务执行失败: close_tabs() missing 1 required positional argument: 'tabs_or_ids'
2025-01-27 22:23:34,579 - baidu_search_task - ERROR - 搜索任务执行失败: 
该元素没有位置及大小。
版本: 4.1.0.17
2025-01-27 22:27:52,438 - baidu_search_task - ERROR - 搜索任务执行失败: 
该元素没有位置及大小。
版本: 4.1.0.17
2025-01-27 22:35:52,331 - baidu_search_task - ERROR - 搜索任务执行失败: close_tabs() missing 1 required positional argument: 'tabs_or_ids'
2025-01-27 22:37:23,639 - baidu_search_task - ERROR - 搜索任务执行失败: close_tabs() missing 1 required positional argument: 'tabs_or_ids'
2025-01-27 22:40:16,380 - baidu_search_task - ERROR - 搜索任务执行失败: close_tabs() missing 1 required positional argument: 'tabs_or_ids'
2025-01-27 23:09:43,651 - baidu_search_task - ERROR - 搜索任务执行失败: 
元素对象已失效。可能是页面整体刷新，或js局部刷新把元素替换或去除了。
版本: 4.1.0.17
2025-01-27 23:17:12,107 - baidu_search_task - ERROR - 搜索任务执行失败: 
元素对象已失效。可能是页面整体刷新，或js局部刷新把元素替换或去除了。
版本: 4.1.0.17
2025-01-27 23:19:32,040 - baidu_search_task - ERROR - 搜索任务执行失败: 
没有找到元素。
方法: ele()
参数: {'locator': 'text=观看', 'index': 1, 'timeout': 10}
版本: 4.1.0.17
2025-01-27 23:22:01,730 - baidu_search_task - ERROR - 搜索任务执行失败: 
该元素没有位置及大小。
版本: 4.1.0.17
2025-01-27 23:22:33,487 - baidu_search_task - ERROR - 搜索任务执行失败: 
该元素没有位置及大小。
版本: 4.1.0.17
2025-01-27 23:23:21,165 - baidu_search_task - ERROR - 搜索任务执行失败: 
该元素没有位置及大小。
版本: 4.1.0.17
2025-01-27 23:23:52,022 - baidu_search_task - ERROR - 搜索任务执行失败: 
没有找到元素。
方法: ele()
参数: {'locator': 'text=观看', 'index': 1, 'timeout': 10}
版本: 4.1.0.17
2025-01-27 23:25:10,644 - baidu_search_task - ERROR - 搜索任务执行失败: 
该元素没有位置及大小。
版本: 4.1.0.17
2025-01-27 23:26:18,628 - baidu_search_task - ERROR - 搜索任务执行失败: 
该元素没有位置及大小。
版本: 4.1.0.17
2025-01-27 23:26:52,871 - baidu_search_task - ERROR - 搜索任务执行失败: 
该元素没有位置及大小。
版本: 4.1.0.17
2025-01-27 23:30:53,139 - baidu_search_task - ERROR - 搜索任务执行失败: 
该元素没有位置及大小。
版本: 4.1.0.17
2025-01-27 23:35:41,534 - baidu_search_task - ERROR - 搜索任务执行失败: 
该元素没有位置及大小。
版本: 4.1.0.17
2025-01-27 23:40:49,063 - baidu_search_task - ERROR - 搜索任务执行失败: 
元素对象已失效。可能是页面整体刷新，或js局部刷新把元素替换或去除了。
版本: 4.1.0.17
2025-01-27 23:44:44,727 - baidu_search_task - ERROR - 搜索任务执行失败: 
没有找到元素。
方法: ele()
参数: {'locator': 'text=观看', 'index': 1, 'timeout': 10}
版本: 4.1.0.17
2025-01-27 23:46:02,505 - baidu_search_task - ERROR - 搜索任务执行失败: 'LePage' object has no attribute 'clik'
2025-01-27 23:56:37,066 - baidu_search_task - ERROR - 搜索任务执行失败: 
没有找到元素。
方法: ele()
参数: {'locator': 'text=观看', 'index': 1, 'timeout': 10}
版本: 4.1.0.17
2025-01-27 23:58:29,997 - baidu_search_task - ERROR - 搜索任务执行失败: 
元素对象已失效。可能是页面整体刷新，或js局部刷新把元素替换或去除了。
版本: 4.1.0.17
2025-01-28 00:00:11,305 - baidu_search_task - ERROR - 搜索任务执行失败: 
与页面的连接已断开。
版本: 4.1.0.17
