2025-01-27 19:50:57,516 - LePage - INFO - 访问页面成功: https://sosovalue.com/zh/exp
2025-01-27 19:50:57,517 - LePage - ERROR - 观看失败: 'watch_tn'
2025-01-27 19:51:05,820 - LePage - INFO - 访问页面成功: https://sosovalue.com/zh/exp
2025-01-27 19:51:05,821 - LePage - ERROR - 观看失败: 'watch_tn'
2025-01-27 19:51:15,302 - LePage - INFO - 访问页面成功: https://sosovalue.com/zh/exp
2025-01-27 19:51:15,303 - LePage - ERROR - 观看失败: 'watch_tn'
2025-01-27 19:55:24,789 - LePage - INFO - 访问页面成功: https://sosovalue.com/zh/exp
2025-01-27 19:55:24,789 - LePage - ERROR - 观看失败: 'watch_tn'
2025-01-27 19:56:43,664 - LePage - INFO - 访问页面成功: https://sosovalue.com/zh/exp
2025-01-27 19:56:43,664 - LePage - ERROR - 观看失败: 'watch_tn'
2025-01-27 19:59:09,572 - LePage - INFO - 访问页面成功: https://sosovalue.com/zh/exp
2025-01-27 19:59:09,572 - LePage - ERROR - 观看失败: 'watch_tn'
2025-01-27 20:01:40,358 - LePage - INFO - 访问页面成功: https://sosovalue.com/zh/exp
2025-01-27 20:01:50,366 - LePage - ERROR - 点击元素失败: t:观看@@@tag()=span, 错误: 
没有找到元素。
方法: ele()
参数: {'locator': 't:观看@@@tag()=span', 'index': 1, 'timeout': 10}
版本: 4.1.0.17
2025-01-27 20:01:50,367 - LePage - ERROR - 观看失败: 
没有找到元素。
方法: ele()
参数: {'locator': 't:观看@@@tag()=span', 'index': 1, 'timeout': 10}
版本: 4.1.0.17
2025-01-27 20:02:37,493 - LePage - INFO - 访问页面成功: https://sosovalue.com/zh/exp
2025-01-27 20:02:38,817 - LePage - INFO - 点击元素成功: t:观看@@tag()=span
2025-01-27 20:02:44,445 - LePage - ERROR - 分享失败: 'share_tn'
2025-01-27 20:03:34,664 - LePage - INFO - 访问页面成功: https://sosovalue.com/zh/exp
2025-01-27 20:03:44,679 - LePage - ERROR - 点击元素失败: t:观看, 错误: 
没有找到元素。
方法: ele()
参数: {'locator': 't:观看', 'index': 1, 'timeout': 10}
版本: 4.1.0.17
2025-01-27 20:03:44,679 - LePage - ERROR - 观看失败: 
没有找到元素。
方法: ele()
参数: {'locator': 't:观看', 'index': 1, 'timeout': 10}
版本: 4.1.0.17
2025-01-27 20:22:56,307 - LePage - INFO - 访问页面成功: https://sosovalue.com/zh/exp
2025-01-27 20:23:06,310 - LePage - ERROR - 点击元素失败: tx()=观看, 错误: 
没有找到元素。
方法: ele()
参数: {'locator': 'tx()=观看', 'index': 1, 'timeout': 10}
版本: 4.1.0.17
2025-01-27 20:23:06,311 - LePage - ERROR - 观看失败: 
没有找到元素。
方法: ele()
参数: {'locator': 'tx()=观看', 'index': 1, 'timeout': 10}
版本: 4.1.0.17
2025-01-27 20:24:06,913 - LePage - INFO - 访问页面成功: https://sosovalue.com/zh/exp
2025-01-27 20:24:09,918 - LePage - INFO - 点击元素成功: text=观看
2025-01-27 20:24:15,529 - LePage - ERROR - 分享失败: 'share_tn'
2025-01-27 20:25:57,659 - LePage - INFO - 访问页面成功: https://sosovalue.com/zh/exp
2025-01-27 20:25:58,478 - LePage - INFO - 点击元素成功: text=观看
2025-01-27 20:26:05,859 - LePage - ERROR - 分享失败: 'share_tn'
2025-01-27 20:27:08,417 - LePage - INFO - 访问页面成功: https://sosovalue.com/zh/exp
2025-01-27 20:27:09,035 - LePage - INFO - 点击元素成功: text=观看
2025-01-27 20:27:18,631 - LePage - ERROR - 分享失败: 'share_tn'
2025-01-27 20:30:07,674 - LePage - INFO - 访问页面成功: https://sosovalue.com/zh/exp
2025-01-27 20:30:08,258 - LePage - INFO - 点击元素成功: text=观看
2025-01-27 20:30:16,651 - LePage - ERROR - 分享失败: 'share_tn'
2025-01-27 20:30:43,225 - LePage - INFO - 访问页面成功: https://sosovalue.com/zh/exp
2025-01-27 20:30:43,808 - LePage - INFO - 点击元素成功: text=观看
2025-01-27 20:37:40,580 - LePage - INFO - 访问页面成功: https://sosovalue.com/zh/exp
2025-01-27 20:37:41,939 - LePage - INFO - 点击元素成功: text=观看
2025-01-27 20:37:50,230 - LePage - ERROR - 分享失败: 'share_tn'
2025-01-27 20:39:43,046 - LePage - INFO - 访问页面成功: https://sosovalue.com/zh/exp
2025-01-27 20:39:43,098 - LePage - ERROR - 点击元素失败: text=观看, 错误: 'ChromiumElement' object has no attribute 'actions'
2025-01-27 20:39:43,098 - LePage - ERROR - 观看失败: 'ChromiumElement' object has no attribute 'actions'
2025-01-27 20:40:33,184 - LePage - INFO - 访问页面成功: https://sosovalue.com/zh/exp
2025-01-27 20:40:33,537 - LePage - INFO - 点击元素成功: text=观看
2025-01-27 20:40:41,803 - LePage - ERROR - 分享失败: 'share_tn'
2025-01-27 20:41:15,250 - LePage - INFO - 访问页面成功: https://sosovalue.com/zh/exp
2025-01-27 20:41:15,634 - LePage - INFO - 点击元素成功: text=观看
2025-01-27 20:41:23,101 - LePage - INFO - 点击元素成功: text=分享
2025-01-27 20:41:33,024 - LePage - INFO - 点击元素成功: text=引用
2025-01-27 20:41:38,752 - LePage - INFO - 点击元素成功: text=回复
2025-01-27 20:41:43,086 - LePage - INFO - 点击元素成功: text=点赞
2025-01-27 20:43:58,871 - LePage - INFO - 访问页面成功: https://sosovalue.com/zh/exp
2025-01-27 20:43:59,706 - LePage - INFO - 点击元素成功: text=观看
2025-01-27 20:44:10,563 - LePage - INFO - 点击元素成功: text=分享
2025-01-27 20:44:19,466 - LePage - INFO - 点击元素成功: text=引用
2025-01-27 20:44:26,886 - LePage - INFO - 点击元素成功: text=回复
2025-01-27 20:44:36,070 - LePage - INFO - 点击元素成功: text=点赞
2025-01-27 20:45:25,147 - LePage - INFO - 访问页面成功: https://sosovalue.com/zh/exp
2025-01-27 20:45:26,995 - LePage - INFO - 点击元素成功: text=观看
2025-01-27 20:45:34,538 - LePage - INFO - 点击元素成功: text=分享
2025-01-27 20:45:45,972 - LePage - INFO - 点击元素成功: text=引用
2025-01-27 20:45:53,391 - LePage - INFO - 点击元素成功: text=回复
2025-01-27 20:46:00,443 - LePage - INFO - 点击元素成功: text=点赞
2025-01-27 20:47:34,917 - LePage - INFO - 访问页面成功: https://sosovalue.com/zh/exp
2025-01-27 20:47:36,792 - LePage - INFO - 点击元素成功: text=观看
2025-01-27 20:47:54,106 - LePage - ERROR - 点击元素失败: text=分享@@tag:span, 错误: 
没有找到元素。
方法: ele()
参数: {'locator': 'text=分享@@tag:span', 'index': 1, 'timeout': 10}
版本: 4.1.0.17
2025-01-27 20:47:54,107 - LePage - ERROR - 分享失败: 
没有找到元素。
方法: ele()
参数: {'locator': 'text=分享@@tag:span', 'index': 1, 'timeout': 10}
版本: 4.1.0.17
2025-01-27 20:50:17,294 - LePage - INFO - 访问页面成功: https://sosovalue.com/zh/exp
2025-01-27 20:50:20,655 - LePage - INFO - 点击元素成功: text=观看
2025-01-27 20:50:39,676 - LePage - ERROR - 点击元素失败: text=分享@@class="transition-opacity, 错误: 
没有找到元素。
方法: ele()
参数: {'locator': 'text=分享@@class="transition-opacity', 'index': 1, 'timeout': 10}
版本: 4.1.0.17
2025-01-27 20:50:39,676 - LePage - ERROR - 分享失败: 
没有找到元素。
方法: ele()
参数: {'locator': 'text=分享@@class="transition-opacity', 'index': 1, 'timeout': 10}
版本: 4.1.0.17
2025-01-27 20:52:42,264 - LePage - INFO - 访问页面成功: https://sosovalue.com/zh/exp
2025-01-27 20:52:54,117 - LePage - INFO - 点击元素成功: text=观看
2025-01-27 20:53:07,011 - LePage - ERROR - 查找元素失败: text=分享@@class="transition-opacity, 错误: 
与页面的连接已断开。
版本: 4.1.0.17
2025-01-27 20:53:07,012 - LePage - ERROR - 点击元素失败: text=分享@@class="transition-opacity, 错误: 
与页面的连接已断开。
版本: 4.1.0.17
2025-01-27 20:53:07,012 - LePage - ERROR - 分享失败: 
与页面的连接已断开。
版本: 4.1.0.17
2025-01-27 20:53:39,910 - LePage - INFO - 访问页面成功: https://sosovalue.com/zh/exp
2025-01-27 20:53:41,801 - LePage - INFO - 点击元素成功: text=观看
2025-01-27 20:54:00,935 - LePage - ERROR - 点击元素失败: text=分享@@class="transition-opacity, 错误: 
没有找到元素。
方法: ele()
参数: {'locator': 'text=分享@@class="transition-opacity', 'index': 1, 'timeout': 10}
版本: 4.1.0.17
2025-01-27 20:54:00,935 - LePage - ERROR - 分享失败: 
没有找到元素。
方法: ele()
参数: {'locator': 'text=分享@@class="transition-opacity', 'index': 1, 'timeout': 10}
版本: 4.1.0.17
2025-01-27 20:55:33,820 - LePage - INFO - 访问页面成功: https://sosovalue.com/zh/exp
2025-01-27 20:55:35,700 - LePage - INFO - 点击元素成功: text=观看
2025-01-27 20:55:55,994 - LePage - ERROR - 点击元素失败: text=分享@@class="transition-opacity, 错误: 
没有找到元素。
方法: ele()
参数: {'locator': 'text=分享@@class="transition-opacity', 'index': 1, 'timeout': 10}
版本: 4.1.0.17
2025-01-27 20:55:55,994 - LePage - ERROR - 分享失败: 
没有找到元素。
方法: ele()
参数: {'locator': 'text=分享@@class="transition-opacity', 'index': 1, 'timeout': 10}
版本: 4.1.0.17
2025-01-27 20:57:33,049 - LePage - INFO - 访问页面成功: https://sosovalue.com/zh/exp
2025-01-27 20:57:34,698 - LePage - INFO - 点击元素成功: text=观看
2025-01-27 20:57:43,357 - LePage - INFO - 点击元素成功: 分享
2025-01-27 20:58:00,945 - LePage - ERROR - 点击元素失败: text=引用@@tag:span, 错误: 
没有找到元素。
方法: ele()
参数: {'locator': 'text=引用@@tag:span', 'index': 1, 'timeout': 10}
版本: 4.1.0.17
2025-01-27 20:58:00,945 - LePage - ERROR - 分享失败: 
没有找到元素。
方法: ele()
参数: {'locator': 'text=引用@@tag:span', 'index': 1, 'timeout': 10}
版本: 4.1.0.17
2025-01-27 20:58:24,735 - LePage - INFO - 访问页面成功: https://sosovalue.com/zh/exp
2025-01-27 20:58:26,399 - LePage - INFO - 点击元素成功: text=观看
2025-01-27 20:58:34,732 - LePage - INFO - 点击元素成功: 分享
2025-01-27 20:58:54,134 - LePage - ERROR - 点击元素失败: text=引用@@tag:span, 错误: 
没有找到元素。
方法: ele()
参数: {'locator': 'text=引用@@tag:span', 'index': 1, 'timeout': 10}
版本: 4.1.0.17
2025-01-27 20:58:54,134 - LePage - ERROR - 分享失败: 
没有找到元素。
方法: ele()
参数: {'locator': 'text=引用@@tag:span', 'index': 1, 'timeout': 10}
版本: 4.1.0.17
2025-01-27 21:03:19,870 - LePage - INFO - 访问页面成功: https://sosovalue.com/zh/exp
2025-01-27 21:03:34,090 - LePage - INFO - 点击元素成功: text=观看
2025-01-27 21:03:51,786 - LePage - INFO - 点击元素成功: 分享
2025-01-27 21:04:10,686 - LePage - ERROR - 点击元素失败: text=引用@@tag:span, 错误: 
没有找到元素。
方法: ele()
参数: {'locator': 'text=引用@@tag:span', 'index': 1, 'timeout': 10}
版本: 4.1.0.17
2025-01-27 21:04:10,686 - LePage - ERROR - 分享失败: 
没有找到元素。
方法: ele()
参数: {'locator': 'text=引用@@tag:span', 'index': 1, 'timeout': 10}
版本: 4.1.0.17
2025-01-27 21:04:43,450 - LePage - INFO - 访问页面成功: https://sosovalue.com/zh/exp
2025-01-27 21:04:45,934 - LePage - INFO - 点击元素成功: text=观看
2025-01-27 21:04:53,693 - LePage - INFO - 点击元素成功: 分享
2025-01-27 21:06:48,267 - LePage - INFO - 访问页面成功: https://sosovalue.com/zh/exp
2025-01-27 21:06:51,433 - LePage - INFO - 点击元素成功: text=观看
2025-01-27 21:07:02,225 - LePage - INFO - 点击元素成功: 分享
2025-01-27 21:09:32,904 - LePage - INFO - 访问页面成功: https://sosovalue.com/zh/exp
2025-01-27 21:09:34,801 - LePage - INFO - 点击元素成功: text=观看
2025-01-27 21:09:57,734 - LePage - ERROR - 点击元素失败: text=引用@@tag:span, 错误: 
没有找到元素。
方法: ele()
参数: {'locator': 'text=引用@@tag:span', 'index': 1, 'timeout': 10}
版本: 4.1.0.17
2025-01-27 21:09:57,735 - LePage - ERROR - 分享失败: 
没有找到元素。
方法: ele()
参数: {'locator': 'text=引用@@tag:span', 'index': 1, 'timeout': 10}
版本: 4.1.0.17
2025-01-27 21:11:18,834 - LePage - INFO - 访问页面成功: https://sosovalue.com/zh/exp
2025-01-27 21:11:20,678 - LePage - INFO - 点击元素成功: text=观看
2025-01-27 21:11:36,232 - LePage - ERROR - 分享失败: click() missing 1 required positional argument: 'selector'
2025-01-27 21:13:17,245 - LePage - INFO - 访问页面成功: https://sosovalue.com/zh/exp
2025-01-27 21:13:19,092 - LePage - INFO - 点击元素成功: text=观看
2025-01-27 21:15:09,389 - LePage - INFO - 访问页面成功: https://sosovalue.com/zh/exp
2025-01-27 21:15:11,216 - LePage - INFO - 点击元素成功: text=观看
2025-01-27 21:16:40,966 - LePage - INFO - 访问页面成功: https://sosovalue.com/zh/exp
2025-01-27 21:16:42,809 - LePage - INFO - 点击元素成功: text=观看
2025-01-27 21:19:46,796 - LePage - INFO - 访问页面成功: https://sosovalue.com/zh/exp
2025-01-27 21:19:48,656 - LePage - INFO - 点击元素成功: text=观看
2025-01-27 21:29:07,389 - LePage - INFO - 访问页面成功: https://sosovalue.com/zh/exp
2025-01-27 21:29:07,389 - LePage - ERROR - 验证失败: 'verify'
2025-01-27 21:29:53,372 - LePage - INFO - 访问页面成功: https://sosovalue.com/zh/exp
2025-01-27 21:29:53,438 - LePage - ERROR - 验证失败: list index out of range
2025-01-27 21:30:45,181 - LePage - INFO - 访问页面成功: https://sosovalue.com/zh/exp
2025-01-27 21:30:45,466 - LePage - ERROR - 验证失败: 
元素对象已失效。可能是页面整体刷新，或js局部刷新把元素替换或去除了。
版本: 4.1.0.17
2025-01-27 21:36:16,892 - LePage - INFO - 访问页面成功: https://sosovalue.com/zh/exp
2025-01-27 21:40:07,259 - LePage - INFO - 访问页面成功: https://sosovalue.com/zh/exp
2025-01-27 21:40:07,604 - LePage - ERROR - 验证失败: 'MixTab' object has no attribute 'wait_s'
2025-01-27 21:41:41,816 - LePage - INFO - 访问页面成功: https://sosovalue.com/zh/exp
2025-01-27 21:54:35,370 - LePage - INFO - 访问页面成功: https://sosovalue.com/zh/exp
2025-01-27 21:54:37,227 - LePage - INFO - 点击元素成功: text=观看
2025-01-27 22:02:58,600 - LePage - INFO - 访问页面成功: https://sosovalue.com/zh/exp
2025-01-27 22:03:00,440 - LePage - INFO - 点击元素成功: text=观看
2025-01-27 22:03:20,545 - LePage - ERROR - 回复失败: 'rf'
2025-01-27 22:07:01,864 - LePage - INFO - 访问页面成功: https://sosovalue.com/zh/exp
2025-01-27 22:07:03,711 - LePage - INFO - 点击元素成功: text=观看
2025-01-27 22:07:22,912 - LePage - ERROR - 回复失败: 'rf'
2025-01-27 22:09:38,112 - LePage - INFO - 访问页面成功: https://sosovalue.com/zh/exp
2025-01-27 22:09:58,141 - LePage - ERROR - 点击元素失败: text=观看, 错误: 
没有找到元素。
方法: ele()
参数: {'locator': 'text=观看', 'index': 1, 'timeout': 10}
版本: 4.1.0.17
2025-01-27 22:09:58,141 - LePage - ERROR - 观看失败: 
没有找到元素。
方法: ele()
参数: {'locator': 'text=观看', 'index': 1, 'timeout': 10}
版本: 4.1.0.17
2025-01-27 22:10:05,409 - LePage - INFO - 访问页面成功: https://sosovalue.com/zh/exp
2025-01-27 22:10:08,644 - LePage - INFO - 点击元素成功: text=观看
2025-01-27 22:10:28,555 - LePage - ERROR - 回复失败: 'rf'
2025-01-27 22:11:35,530 - LePage - INFO - 访问页面成功: https://sosovalue.com/zh/exp
2025-01-27 22:11:48,619 - LePage - ERROR - 回复失败: 'rf'
2025-01-27 22:12:52,337 - LePage - INFO - 访问页面成功: https://sosovalue.com/zh/exp
2025-01-27 22:12:53,866 - LePage - ERROR - 点击元素失败: 分享, 错误: 
该元素没有位置及大小。
版本: 4.1.0.17
2025-01-27 22:12:53,867 - LePage - ERROR - 分享失败: 
该元素没有位置及大小。
版本: 4.1.0.17
2025-01-27 22:14:35,266 - LePage - INFO - 访问页面成功: https://sosovalue.com/zh/exp
2025-01-27 22:14:36,801 - LePage - ERROR - 点击元素失败: 分享, 错误: 
该元素没有位置及大小。
版本: 4.1.0.17
2025-01-27 22:14:36,801 - LePage - ERROR - 分享失败: 
该元素没有位置及大小。
版本: 4.1.0.17
2025-01-27 22:15:25,182 - LePage - INFO - 访问页面成功: https://sosovalue.com/zh/exp
2025-01-27 22:15:25,457 - LePage - INFO - 点击元素成功: 分享
2025-01-27 22:15:30,397 - LePage - INFO - 点击元素成功: 引用
2025-01-27 22:15:36,050 - LePage - ERROR - 回复失败: 'rf'
2025-01-27 22:17:57,297 - LePage - INFO - 访问页面成功: https://sosovalue.com/zh/exp
2025-01-27 22:17:59,392 - LePage - INFO - 点击元素成功: text=分享
2025-01-27 22:18:04,413 - LePage - INFO - 点击元素成功: 引用
2025-01-27 22:18:09,801 - LePage - INFO - 点击元素成功: 回复
2025-01-27 22:18:15,237 - LePage - INFO - 点击元素成功: 点赞
2025-01-27 22:19:15,529 - LePage - ERROR - 验证失败: 'text'
2025-01-27 22:20:45,763 - LePage - INFO - 访问页面成功: https://sosovalue.com/zh/exp
2025-01-27 22:21:33,028 - LePage - INFO - 访问页面成功: https://sosovalue.com/zh/exp
2025-01-27 22:22:12,960 - LePage - INFO - 访问页面成功: https://sosovalue.com/zh/exp
2025-01-27 22:23:34,577 - LePage - ERROR - 验证失败: 
该元素没有位置及大小。
版本: 4.1.0.17
2025-01-27 22:26:31,639 - LePage - INFO - 访问页面成功: https://sosovalue.com/zh/exp
2025-01-27 22:27:52,436 - LePage - ERROR - 验证失败: 
该元素没有位置及大小。
版本: 4.1.0.17
2025-01-27 22:32:03,772 - LePage - INFO - 访问页面成功: https://sosovalue.com/zh/exp
2025-01-27 22:35:39,386 - LePage - INFO - 访问页面成功: https://sosovalue.com/zh/exp
2025-01-27 22:37:09,828 - LePage - INFO - 访问页面成功: https://sosovalue.com/zh/exp
2025-01-27 22:40:03,401 - LePage - INFO - 访问页面成功: https://sosovalue.com/zh/exp
2025-01-27 22:43:43,150 - LePage - INFO - 访问页面成功: https://sosovalue.com/zh/exp
2025-01-27 22:44:59,562 - LePage - INFO - 访问页面成功: https://sosovalue.com/zh/exp
2025-01-27 22:45:01,438 - LePage - INFO - 点击元素成功: text=观看
2025-01-27 22:45:07,448 - LePage - INFO - 点击元素成功: text=分享
2025-01-27 22:45:16,006 - LePage - INFO - 点击元素成功: 引用
2025-01-27 22:45:24,511 - LePage - INFO - 点击元素成功: 回复
2025-01-27 22:45:33,239 - LePage - INFO - 点击元素成功: 点赞
2025-01-27 22:50:20,267 - LePage - INFO - 访问页面成功: https://sosovalue.com/zh/exp
2025-01-27 22:50:22,101 - LePage - INFO - 点击元素成功: text=观看
2025-01-27 22:50:30,217 - LePage - INFO - 点击元素成功: text=分享
2025-01-27 22:50:38,885 - LePage - INFO - 点击元素成功: 引用
2025-01-27 22:50:47,462 - LePage - INFO - 点击元素成功: 回复
2025-01-27 22:50:55,591 - LePage - INFO - 点击元素成功: 点赞
2025-01-27 22:56:30,933 - LePage - INFO - 访问页面成功: https://sosovalue.com/zh/exp
2025-01-27 22:59:02,929 - LePage - INFO - 访问页面成功: https://sosovalue.com/zh/exp
2025-01-27 23:01:40,630 - LePage - INFO - 访问页面成功: https://sosovalue.com/zh/exp
2025-01-27 23:02:55,627 - LePage - INFO - 访问页面成功: https://sosovalue.com/zh/exp
2025-01-27 23:08:37,286 - LePage - INFO - 访问页面成功: https://sosovalue.com/zh/exp
2025-01-27 23:09:43,651 - LePage - ERROR - 验证失败: 
元素对象已失效。可能是页面整体刷新，或js局部刷新把元素替换或去除了。
版本: 4.1.0.17
2025-01-27 23:11:00,451 - LePage - INFO - 访问页面成功: https://sosovalue.com/zh/exp
2025-01-27 23:12:43,910 - LePage - INFO - 访问页面成功: https://sosovalue.com/zh/exp
2025-01-27 23:12:45,758 - LePage - INFO - 点击元素成功: text=观看
2025-01-27 23:12:51,820 - LePage - INFO - 点击元素成功: text=分享
2025-01-27 23:12:59,037 - LePage - INFO - 点击元素成功: 引用
2025-01-27 23:13:12,223 - LePage - INFO - 点击元素成功: 点赞
2025-01-27 23:14:50,916 - LePage - INFO - 访问页面成功: https://sosovalue.com/zh/exp
2025-01-27 23:14:52,742 - LePage - INFO - 点击元素成功: text=观看
2025-01-27 23:15:00,968 - LePage - INFO - 点击元素成功: text=分享
2025-01-27 23:15:09,388 - LePage - INFO - 点击元素成功: 引用
2025-01-27 23:15:21,223 - LePage - INFO - 点击元素成功: 点赞
2025-01-27 23:17:12,107 - LePage - ERROR - 验证失败: 
元素对象已失效。可能是页面整体刷新，或js局部刷新把元素替换或去除了。
版本: 4.1.0.17
2025-01-27 23:19:22,033 - LePage - INFO - 访问页面成功: https://sosovalue.com/zh/exp
2025-01-27 23:19:32,039 - LePage - ERROR - 点击元素失败: text=观看, 错误: 
没有找到元素。
方法: ele()
参数: {'locator': 'text=观看', 'index': 1, 'timeout': 10}
版本: 4.1.0.17
2025-01-27 23:19:32,039 - LePage - ERROR - 观看失败: 
没有找到元素。
方法: ele()
参数: {'locator': 'text=观看', 'index': 1, 'timeout': 10}
版本: 4.1.0.17
2025-01-27 23:22:00,192 - LePage - INFO - 访问页面成功: https://sosovalue.com/zh/exp
2025-01-27 23:22:01,729 - LePage - ERROR - 点击元素失败: 引用, 错误: 
该元素没有位置及大小。
版本: 4.1.0.17
2025-01-27 23:22:01,730 - LePage - ERROR - 引用失败: 
该元素没有位置及大小。
版本: 4.1.0.17
2025-01-27 23:22:31,944 - LePage - INFO - 访问页面成功: https://sosovalue.com/zh/exp
2025-01-27 23:22:33,486 - LePage - ERROR - 点击元素失败: 引用, 错误: 
该元素没有位置及大小。
版本: 4.1.0.17
2025-01-27 23:22:33,486 - LePage - ERROR - 引用失败: 
该元素没有位置及大小。
版本: 4.1.0.17
2025-01-27 23:23:19,617 - LePage - INFO - 访问页面成功: https://sosovalue.com/zh/exp
2025-01-27 23:23:21,165 - LePage - ERROR - 点击元素失败: 引用, 错误: 
该元素没有位置及大小。
版本: 4.1.0.17
2025-01-27 23:23:21,165 - LePage - ERROR - 引用失败: 
该元素没有位置及大小。
版本: 4.1.0.17
2025-01-27 23:23:42,012 - LePage - INFO - 访问页面成功: https://sosovalue.com/zh/exp
2025-01-27 23:23:52,021 - LePage - ERROR - 点击元素失败: text=观看, 错误: 
没有找到元素。
方法: ele()
参数: {'locator': 'text=观看', 'index': 1, 'timeout': 10}
版本: 4.1.0.17
2025-01-27 23:23:52,022 - LePage - ERROR - 观看失败: 
没有找到元素。
方法: ele()
参数: {'locator': 'text=观看', 'index': 1, 'timeout': 10}
版本: 4.1.0.17
2025-01-27 23:25:09,118 - LePage - INFO - 访问页面成功: https://sosovalue.com/zh/exp
2025-01-27 23:25:10,644 - LePage - ERROR - 点击元素失败: 引用, 错误: 
该元素没有位置及大小。
版本: 4.1.0.17
2025-01-27 23:25:10,644 - LePage - ERROR - 引用失败: 
该元素没有位置及大小。
版本: 4.1.0.17
2025-01-27 23:26:17,101 - LePage - INFO - 访问页面成功: https://sosovalue.com/zh/exp
2025-01-27 23:26:18,628 - LePage - ERROR - 点击元素失败: 引用, 错误: 
该元素没有位置及大小。
版本: 4.1.0.17
2025-01-27 23:26:18,628 - LePage - ERROR - 引用失败: 
该元素没有位置及大小。
版本: 4.1.0.17
2025-01-27 23:26:51,326 - LePage - INFO - 访问页面成功: https://sosovalue.com/zh/exp
2025-01-27 23:26:52,870 - LePage - ERROR - 点击元素失败: 引用, 错误: 
该元素没有位置及大小。
版本: 4.1.0.17
2025-01-27 23:26:52,870 - LePage - ERROR - 引用失败: 
该元素没有位置及大小。
版本: 4.1.0.17
2025-01-27 23:28:14,542 - LePage - INFO - 访问页面成功: https://sosovalue.com/zh/exp
2025-01-27 23:28:14,865 - LePage - INFO - 点击元素成功: 引用
2025-01-27 23:28:18,671 - LePage - INFO - 点击元素成功: 回复
2025-01-27 23:30:51,603 - LePage - INFO - 访问页面成功: https://sosovalue.com/zh/exp
2025-01-27 23:30:53,139 - LePage - ERROR - 点击元素失败: 引用, 错误: 
该元素没有位置及大小。
版本: 4.1.0.17
2025-01-27 23:30:53,139 - LePage - ERROR - 引用失败: 
该元素没有位置及大小。
版本: 4.1.0.17
2025-01-27 23:31:32,724 - LePage - INFO - 访问页面成功: https://sosovalue.com/zh/exp
2025-01-27 23:34:07,332 - LePage - INFO - 访问页面成功: https://sosovalue.com/zh/exp
2025-01-27 23:34:07,364 - LePage - INFO - 移动: text=观看
2025-01-27 23:34:08,674 - LePage - INFO - 点击元素成功: text=观看
2025-01-27 23:34:16,315 - LePage - INFO - 点击元素成功: text=分享
2025-01-27 23:34:20,897 - LePage - INFO - 点击元素成功: 引用
2025-01-27 23:34:28,098 - LePage - INFO - 点击元素成功: 回复
2025-01-27 23:34:33,354 - LePage - INFO - 点击元素成功: 点赞
2025-01-27 23:35:41,533 - LePage - ERROR - 验证失败: 
该元素没有位置及大小。
版本: 4.1.0.17
2025-01-27 23:36:09,724 - LePage - INFO - 访问页面成功: https://sosovalue.com/zh/exp
2025-01-27 23:36:09,756 - LePage - INFO - 移动: text=观看
2025-01-27 23:36:11,021 - LePage - INFO - 点击元素成功: text=观看
2025-01-27 23:36:18,079 - LePage - INFO - 点击元素成功: text=分享
2025-01-27 23:36:23,279 - LePage - INFO - 点击元素成功: 引用
2025-01-27 23:36:27,948 - LePage - INFO - 点击元素成功: 回复
2025-01-27 23:38:42,086 - LePage - INFO - 访问页面成功: https://sosovalue.com/zh/exp
2025-01-27 23:38:42,130 - LePage - INFO - 移动: text=观看
2025-01-27 23:38:43,409 - LePage - INFO - 点击元素成功: text=观看
2025-01-27 23:38:53,904 - LePage - INFO - 点击元素成功: text=分享
2025-01-27 23:39:01,862 - LePage - INFO - 点击元素成功: 引用
2025-01-27 23:39:06,384 - LePage - INFO - 点击元素成功: 回复
2025-01-27 23:39:14,690 - LePage - INFO - 点击元素成功: 点赞
2025-01-27 23:40:49,062 - LePage - ERROR - 验证失败: 
元素对象已失效。可能是页面整体刷新，或js局部刷新把元素替换或去除了。
版本: 4.1.0.17
2025-01-27 23:44:33,710 - LePage - INFO - 访问页面成功: https://sosovalue.com/zh/exp
2025-01-27 23:44:43,724 - LePage - INFO - 移动: text=观看
2025-01-27 23:44:44,727 - LePage - ERROR - 点击元素失败: text=观看, 错误: 
没有找到元素。
方法: ele()
参数: {'locator': 'text=观看', 'index': 1, 'timeout': 10}
版本: 4.1.0.17
2025-01-27 23:44:44,727 - LePage - ERROR - 观看失败: 
没有找到元素。
方法: ele()
参数: {'locator': 'text=观看', 'index': 1, 'timeout': 10}
版本: 4.1.0.17
2025-01-27 23:45:39,933 - LePage - INFO - 访问页面成功: https://sosovalue.com/zh/exp
2025-01-27 23:46:02,504 - LePage - ERROR - 验证失败: 'LePage' object has no attribute 'clik'
2025-01-27 23:46:02,505 - LePage - ERROR - 验证失败: 'LePage' object has no attribute 'clik'
2025-01-27 23:46:02,505 - LePage - ERROR - 验证失败: 'LePage' object has no attribute 'clik'
2025-01-27 23:52:44,856 - LePage - INFO - 访问页面成功: https://sosovalue.com/zh/exp
2025-01-27 23:54:40,873 - LePage - INFO - 访问页面成功: https://sosovalue.com/zh/exp
2025-01-27 23:54:42,386 - LePage - INFO - 点击元素成功: text=观看
2025-01-27 23:54:51,425 - LePage - INFO - 点击元素成功: text=分享
2025-01-27 23:54:59,615 - LePage - INFO - 点击元素成功: 引用
2025-01-27 23:55:08,238 - LePage - INFO - 点击元素成功: 回复
2025-01-27 23:55:15,392 - LePage - INFO - 点击元素成功: 点赞
2025-01-27 23:56:27,062 - LePage - INFO - 访问页面成功: https://sosovalue.com/zh/exp
2025-01-27 23:56:37,066 - LePage - ERROR - 点击元素失败: text=观看, 错误: 
没有找到元素。
方法: ele()
参数: {'locator': 'text=观看', 'index': 1, 'timeout': 10}
版本: 4.1.0.17
2025-01-27 23:56:37,066 - LePage - ERROR - 观看失败: 
没有找到元素。
方法: ele()
参数: {'locator': 'text=观看', 'index': 1, 'timeout': 10}
版本: 4.1.0.17
2025-01-27 23:56:58,271 - LePage - INFO - 访问页面成功: https://sosovalue.com/zh/exp
2025-01-27 23:57:00,308 - LePage - INFO - 点击元素成功: text=观看
2025-01-27 23:57:10,546 - LePage - INFO - 点击元素成功: text=分享
2025-01-27 23:57:18,732 - LePage - INFO - 点击元素成功: 引用
2025-01-27 23:57:25,871 - LePage - INFO - 点击元素成功: 回复
2025-01-27 23:57:33,964 - LePage - INFO - 点击元素成功: 点赞
2025-01-27 23:57:48,030 - LePage - INFO - 点击元素成功: text=我已了解
2025-01-27 23:57:53,309 - LePage - INFO - 点击元素成功: text=我已了解
2025-01-27 23:58:10,593 - LePage - INFO - 点击元素成功: text=我已了解
2025-01-27 23:58:24,763 - LePage - INFO - 点击元素成功: text=我已了解
2025-01-27 23:58:29,977 - LePage - INFO - 点击元素成功: text=我已了解
2025-01-27 23:58:29,997 - LePage - ERROR - 验证失败: 
元素对象已失效。可能是页面整体刷新，或js局部刷新把元素替换或去除了。
版本: 4.1.0.17
2025-01-27 23:58:29,997 - LePage - ERROR - 验证失败: 
元素对象已失效。可能是页面整体刷新，或js局部刷新把元素替换或去除了。
版本: 4.1.0.17
2025-01-28 00:00:11,305 - LePage - ERROR - 访问页面失败: https://sosovalue.com/zh/exp, 错误: 
与页面的连接已断开。
版本: 4.1.0.17
