2025-01-28 00:00:39,657 - LePage - INFO - 访问页面成功: https://sosovalue.com/zh/exp
2025-01-28 00:00:41,170 - LePage - INFO - 点击元素成功: text=观看
2025-01-28 00:00:51,373 - LePage - INFO - 点击元素成功: text=分享
2025-01-28 00:00:57,286 - LePage - INFO - 点击元素成功: 引用
2025-01-28 00:01:02,436 - LePage - INFO - 点击元素成功: 回复
2025-01-28 00:01:09,748 - LePage - INFO - 点击元素成功: 点赞
2025-01-28 00:01:21,388 - LePage - INFO - 点击元素成功: text=我已了解
2025-01-28 00:01:26,770 - LePage - INFO - 点击元素成功: text=我已了解
2025-01-28 00:01:31,590 - LePage - INFO - 点击元素成功: text=我已了解
2025-01-28 00:01:36,989 - LePage - INFO - 点击元素成功: text=我已了解
2025-01-28 00:01:41,853 - LePage - INFO - 点击元素成功: text=我已了解
2025-01-28 10:47:52,994 - LePage - INFO - 访问页面成功: https://sosovalue.com/zh/exp
2025-01-28 10:47:54,584 - LePage - INFO - 点击元素成功: text=观看
2025-01-28 10:48:01,962 - LePage - INFO - 点击元素成功: text=分享
2025-01-28 10:48:07,499 - LePage - INFO - 点击元素成功: 引用
2025-01-28 10:48:11,806 - LePage - INFO - 点击元素成功: 回复
2025-01-28 10:48:17,269 - LePage - INFO - 点击元素成功: 点赞
2025-01-28 10:48:30,579 - LePage - INFO - 点击元素成功: text=我已了解
2025-01-28 10:48:55,427 - LePage - INFO - 点击元素成功: text=我已了解
2025-01-28 10:49:00,613 - LePage - INFO - 点击元素成功: text=我已了解
2025-01-28 10:49:05,432 - LePage - INFO - 点击元素成功: text=我已了解
2025-01-28 10:49:05,449 - LePage - ERROR - 验证失败: 
元素对象已失效。可能是页面整体刷新，或js局部刷新把元素替换或去除了。
版本: 4.1.0.17
2025-01-28 10:49:05,449 - LePage - ERROR - 验证失败: 
元素对象已失效。可能是页面整体刷新，或js局部刷新把元素替换或去除了。
版本: 4.1.0.17
2025-01-28 10:55:42,036 - LePage - INFO - 访问页面成功: https://sosovalue.com/zh/exp
2025-01-28 10:55:43,563 - LePage - INFO - 点击元素成功: text=观看
2025-01-28 10:55:50,736 - LePage - INFO - 点击元素成功: text=分享
2025-01-28 10:55:55,488 - LePage - INFO - 点击元素成功: 引用
2025-01-28 10:56:04,324 - LePage - INFO - 点击元素成功: 回复
2025-01-28 10:56:11,509 - LePage - INFO - 点击元素成功: 点赞
2025-01-28 10:56:25,097 - LePage - INFO - 点击元素成功: text=我已了解
2025-01-28 10:56:30,331 - LePage - INFO - 点击元素成功: text=我已了解
2025-01-28 10:56:35,132 - LePage - INFO - 点击元素成功: text=我已了解
2025-01-28 10:56:40,229 - LePage - INFO - 点击元素成功: text=我已了解
2025-01-28 10:58:30,021 - LePage - INFO - 访问页面成功: https://sosovalue.com/zh/exp
2025-01-28 10:58:31,578 - LePage - INFO - 点击元素成功: text=观看
2025-01-28 10:58:39,906 - LePage - INFO - 点击元素成功: text=分享
2025-01-28 10:58:45,466 - LePage - INFO - 点击元素成功: 引用
2025-01-28 10:58:52,182 - LePage - INFO - 点击元素成功: 回复
2025-01-28 10:58:56,710 - LePage - INFO - 点击元素成功: 点赞
2025-01-28 10:59:11,007 - LePage - INFO - 点击元素成功: text=我已了解
2025-01-28 10:59:16,541 - LePage - INFO - 点击元素成功: text=我已了解
2025-01-28 10:59:21,655 - LePage - INFO - 点击元素成功: text=我已了解
2025-01-28 10:59:26,508 - LePage - INFO - 点击元素成功: text=我已了解
2025-01-28 11:07:23,770 - LePage - INFO - 访问页面成功: https://sosovalue.com/zh/exp
2025-01-28 11:07:41,322 - LePage - ERROR - 点击元素失败: text=我已了解, 错误: 
没有找到元素。
方法: ele()
参数: {'locator': 'text=我已了解', 'index': 1, 'timeout': 10}
版本: 4.1.0.17
2025-01-28 11:08:51,755 - LePage - INFO - 访问页面成功: https://sosovalue.com/zh/exp
2025-01-28 11:09:18,527 - LePage - INFO - 访问页面成功: https://sosovalue.com/zh/exp
2025-01-28 11:09:21,656 - LePage - INFO - 点击元素成功: text=观看
2025-01-28 11:09:28,035 - LePage - INFO - 点击元素成功: text=分享
2025-01-28 11:09:36,420 - LePage - INFO - 点击元素成功: 引用
2025-01-28 11:09:42,125 - LePage - INFO - 点击元素成功: 回复
2025-01-28 11:09:46,275 - LePage - INFO - 点击元素成功: 点赞
2025-01-28 11:09:59,664 - LePage - INFO - 点击元素成功: text=我已了解
2025-01-28 11:11:12,229 - LePage - INFO - 访问页面成功: https://sosovalue.com/zh/exp
2025-01-28 11:11:22,241 - LePage - ERROR - 点击元素失败: text=观看, 错误: 
没有找到元素。
方法: ele()
参数: {'locator': 'text=观看', 'index': 1, 'timeout': 10}
版本: 4.1.0.17
2025-01-28 11:11:22,241 - LePage - ERROR - 观看失败: 
没有找到元素。
方法: ele()
参数: {'locator': 'text=观看', 'index': 1, 'timeout': 10}
版本: 4.1.0.17
2025-01-28 11:13:18,487 - LePage - INFO - 访问页面成功: https://sosovalue.com/zh/exp
2025-01-28 11:13:31,039 - LePage - INFO - 点击元素成功: text=观看
2025-01-28 11:13:40,881 - LePage - INFO - 点击元素成功: text=分享
2025-01-28 11:13:46,365 - LePage - INFO - 点击元素成功: 引用
2025-01-28 11:13:50,677 - LePage - INFO - 点击元素成功: 回复
2025-01-28 11:13:54,584 - LePage - INFO - 点击元素成功: 点赞
2025-01-28 11:14:12,692 - LePage - INFO - 点击元素成功: text=我已了解
2025-01-28 11:14:17,693 - LePage - INFO - 点击元素成功: text=我已了解
2025-01-28 11:14:22,705 - LePage - INFO - 点击元素成功: text=我已了解
2025-01-28 11:14:27,734 - LePage - INFO - 点击元素成功: text=我已了解
2025-01-28 11:15:50,916 - LePage - INFO - 访问页面成功: https://sosovalue.com/zh/exp
2025-01-28 11:16:04,509 - LePage - ERROR - 点击元素失败: text=观看, 错误: 
没有找到元素。
方法: ele()
参数: {'locator': 'text=观看', 'index': 1, 'timeout': 10}
版本: 4.1.0.17
2025-01-28 11:16:04,509 - LePage - ERROR - 观看失败: 
没有找到元素。
方法: ele()
参数: {'locator': 'text=观看', 'index': 1, 'timeout': 10}
版本: 4.1.0.17
2025-01-28 11:16:52,224 - LePage - INFO - 访问页面成功: https://sosovalue.com/zh/exp
2025-01-28 11:17:02,455 - LePage - INFO - 点击元素成功: text=观看
2025-01-28 11:17:09,074 - LePage - INFO - 点击元素成功: text=分享
2025-01-28 11:17:16,762 - LePage - INFO - 点击元素成功: 引用
2025-01-28 11:17:23,018 - LePage - INFO - 点击元素成功: 回复
2025-01-28 11:17:31,556 - LePage - INFO - 点击元素成功: 点赞
2025-01-28 11:17:52,521 - LePage - INFO - 点击元素成功: text=我已了解
2025-01-28 11:17:57,409 - LePage - INFO - 点击元素成功: text=我已了解
2025-01-28 11:18:13,402 - LePage - INFO - 点击元素成功: text=我已了解
2025-01-28 11:18:35,463 - LePage - INFO - 点击元素成功: text=我已了解
2025-01-28 11:18:40,693 - LePage - INFO - 点击元素成功: text=我已了解
2025-01-28 11:18:40,725 - LePage - ERROR - 验证失败: 
元素对象已失效。可能是页面整体刷新，或js局部刷新把元素替换或去除了。
版本: 4.1.0.17
2025-01-28 11:18:40,725 - LePage - ERROR - 验证失败: 
元素对象已失效。可能是页面整体刷新，或js局部刷新把元素替换或去除了。
版本: 4.1.0.17
2025-01-28 11:18:40,725 - LePage - ERROR - 验证失败: 
元素对象已失效。可能是页面整体刷新，或js局部刷新把元素替换或去除了。
版本: 4.1.0.17
2025-01-28 11:26:25,079 - LePage - INFO - 访问页面成功: https://sosovalue.com/zh/exp
2025-01-28 11:26:35,596 - LePage - INFO - 点击元素成功: text=观看
2025-01-28 11:26:42,729 - LePage - INFO - 点击元素成功: text=分享
2025-01-28 11:26:50,638 - LePage - INFO - 点击元素成功: 引用
2025-01-28 11:26:56,875 - LePage - INFO - 点击元素成功: 回复
2025-01-28 11:27:02,638 - LePage - INFO - 点击元素成功: 点赞
2025-01-28 11:27:58,055 - LePage - INFO - 点击元素成功: text=我已了解
2025-01-28 11:28:03,355 - LePage - INFO - 点击元素成功: text=我已了解
2025-01-28 11:28:08,302 - LePage - INFO - 点击元素成功: text=我已了解
2025-01-28 11:28:13,491 - LePage - INFO - 点击元素成功: text=我已了解
2025-01-28 11:28:13,524 - LePage - ERROR - 验证失败: 
元素对象已失效。可能是页面整体刷新，或js局部刷新把元素替换或去除了。
版本: 4.1.0.17
2025-01-28 11:28:13,525 - LePage - ERROR - 验证失败: 
元素对象已失效。可能是页面整体刷新，或js局部刷新把元素替换或去除了。
版本: 4.1.0.17
2025-01-28 11:28:13,525 - LePage - ERROR - 验证失败: 
元素对象已失效。可能是页面整体刷新，或js局部刷新把元素替换或去除了。
版本: 4.1.0.17
2025-01-28 11:28:13,525 - LePage - ERROR - 验证失败: 
元素对象已失效。可能是页面整体刷新，或js局部刷新把元素替换或去除了。
版本: 4.1.0.17
2025-01-28 11:57:24,884 - LePage - INFO - 访问页面成功: https://sosovalue.com/zh/exp
2025-01-28 11:57:51,445 - LePage - INFO - 点击元素成功: text=观看
2025-01-28 11:57:51,835 - LePage - INFO - 点击元素成功: text=分享
2025-01-28 11:57:52,146 - LePage - INFO - 点击元素成功: 引用
2025-01-28 11:57:52,406 - LePage - INFO - 点击元素成功: 回复
2025-01-28 11:57:52,672 - LePage - INFO - 点击元素成功: 点赞
2025-01-28 11:58:16,601 - LePage - INFO - 点击元素成功: text=我已了解
2025-01-28 11:58:25,968 - LePage - INFO - 点击元素成功: text=我已了解
2025-01-28 11:58:48,460 - LePage - INFO - 点击元素成功: text=我已了解
2025-01-28 11:58:59,853 - LePage - INFO - 点击元素成功: text=我已了解
2025-01-28 11:58:59,855 - LePage - ERROR - 验证失败: 
元素对象已失效。可能是页面整体刷新，或js局部刷新把元素替换或去除了。
版本: 4.1.0.17
2025-01-28 12:01:55,237 - LePage - INFO - 访问页面成功: https://sosovalue.com/zh/exp
2025-01-28 12:02:06,164 - LePage - INFO - 点击元素成功: text=观看
2025-01-28 12:02:12,738 - LePage - INFO - 点击元素成功: text=分享
2025-01-28 12:02:16,592 - LePage - INFO - 点击元素成功: 引用
2025-01-28 12:02:24,493 - LePage - INFO - 点击元素成功: 回复
2025-01-28 12:02:32,471 - LePage - INFO - 点击元素成功: 点赞
2025-01-28 12:02:50,202 - LePage - INFO - 点击元素成功: text=我已了解
2025-01-28 12:03:21,829 - LePage - INFO - 点击元素成功: text=我已了解
2025-01-28 12:03:52,267 - LePage - INFO - 点击元素成功: text=我已了解
2025-01-28 12:03:57,105 - LePage - INFO - 点击元素成功: text=我已了解
2025-01-28 12:04:01,990 - LePage - INFO - 点击元素成功: text=我已了解
2025-01-28 12:04:02,001 - LePage - ERROR - 验证失败: 
元素对象已失效。可能是页面整体刷新，或js局部刷新把元素替换或去除了。
版本: 4.1.0.17
2025-01-28 12:04:02,002 - LePage - ERROR - 验证失败: 
元素对象已失效。可能是页面整体刷新，或js局部刷新把元素替换或去除了。
版本: 4.1.0.17
2025-01-28 12:04:02,002 - LePage - ERROR - 验证失败: 
元素对象已失效。可能是页面整体刷新，或js局部刷新把元素替换或去除了。
版本: 4.1.0.17
2025-01-28 12:04:02,002 - LePage - ERROR - 验证失败: 
元素对象已失效。可能是页面整体刷新，或js局部刷新把元素替换或去除了。
版本: 4.1.0.17
2025-01-28 12:04:02,002 - LePage - ERROR - 验证失败: 
元素对象已失效。可能是页面整体刷新，或js局部刷新把元素替换或去除了。
版本: 4.1.0.17
2025-01-28 12:04:02,002 - LePage - ERROR - 验证失败: 
元素对象已失效。可能是页面整体刷新，或js局部刷新把元素替换或去除了。
版本: 4.1.0.17
2025-01-28 12:15:11,601 - LePage - INFO - 访问页面成功: https://sosovalue.com/zh/exp
2025-01-28 12:16:26,965 - LePage - INFO - 访问页面成功: https://sosovalue.com/zh/exp
2025-01-28 12:17:32,204 - LePage - INFO - 访问页面成功: https://sosovalue.com/zh/exp
2025-01-28 12:20:30,323 - LePage - INFO - 访问页面成功: https://sosovalue.com/zh/exp
2025-01-28 12:21:02,069 - LePage - INFO - 点击元素成功: text=我已了解
2025-01-28 12:21:06,958 - LePage - INFO - 点击元素成功: text=我已了解
2025-01-28 12:21:07,024 - LePage - ERROR - 验证失败: list index out of range
2025-01-28 12:38:14,828 - LePage - INFO - 访问页面成功: https://sosovalue.com/zh/exp
2025-01-28 12:39:47,915 - LePage - INFO - 访问页面成功: https://sosovalue.com/zh/exp
2025-01-28 12:40:12,057 - LePage - INFO - 点击元素成功: text=我已了解
2025-01-28 12:40:16,912 - LePage - INFO - 点击元素成功: text=我已了解
2025-01-28 12:50:52,766 - LePage - INFO - 访问页面成功: https://sosovalue.com/zh/exp
2025-01-28 12:51:00,455 - LePage - ERROR - 查找元素失败: text=我已了解, 错误: 
与页面的连接已断开。
版本: 4.1.0.17
