2025-01-30 12:38:14,642 - LePage - INFO - 访问页面成功: https://sosovalue.com/zh/exp
2025-01-30 12:38:31,032 - LePage - INFO - 访问页面成功: https://sosovalue.com/zh/exp
2025-01-30 12:38:32,696 - LePage - INFO - 观看任务已完成，跳过
2025-01-30 12:38:38,931 - LePage - INFO - 点击元素成功: text=分享
2025-01-30 12:38:45,273 - LePage - INFO - 观看任务已完成，跳过
2025-01-30 12:38:48,106 - LePage - INFO - 点击元素成功: 引用
2025-01-30 12:38:54,225 - LePage - INFO - 点击元素成功: text=分享
2025-01-30 12:38:58,170 - LePage - INFO - 点击元素成功: 回复
2025-01-30 12:39:03,466 - LePage - INFO - 点击元素成功: 引用
2025-01-30 12:39:06,745 - LePage - INFO - 点击元素成功: 点赞
2025-01-30 12:39:12,181 - LePage - INFO - 点击元素成功: 回复
2025-01-30 12:39:20,545 - LePage - INFO - 点击元素成功: 点赞
2025-01-30 12:39:23,423 - LePage - INFO - 找到 4 个验证按钮
2025-01-30 12:39:23,423 - LePage - INFO - 开始验证尝试
2025-01-30 12:39:28,706 - LePage - INFO - 验证结果数量: 1
2025-01-30 12:39:32,267 - LePage - INFO - 点击元素成功: text=我已了解
2025-01-30 12:39:32,268 - LePage - INFO - 验证确认成功
2025-01-30 12:39:32,268 - LePage - INFO - 开始验证尝试
2025-01-30 12:39:37,169 - LePage - INFO - 找到 4 个验证按钮
2025-01-30 12:39:37,169 - LePage - INFO - 开始验证尝试
2025-01-30 12:39:37,524 - LePage - INFO - 验证结果数量: 1
2025-01-30 12:39:41,180 - LePage - INFO - 点击元素成功: text=我已了解
2025-01-30 12:39:41,180 - LePage - INFO - 验证确认成功
2025-01-30 12:39:41,180 - LePage - INFO - 开始验证尝试
2025-01-30 12:39:42,450 - LePage - INFO - 验证结果数量: 1
2025-01-30 12:39:46,048 - LePage - INFO - 点击元素成功: text=我已了解
2025-01-30 12:39:46,048 - LePage - INFO - 验证确认成功
2025-01-30 12:39:46,048 - LePage - INFO - 开始验证尝试
2025-01-30 12:39:46,439 - LePage - INFO - 验证结果数量: 3
2025-01-30 12:39:46,439 - LePage - WARNING - 验证未通过
2025-01-30 12:39:47,906 - LePage - INFO - 点击元素成功: @xmlns=http://www.w3.org/2000/svg
2025-01-30 12:39:47,906 - LePage - INFO - 关闭验证失败弹窗
2025-01-30 12:39:47,906 - LePage - INFO - 等待60秒后可重新验证...
2025-01-30 12:39:51,357 - LePage - INFO - 验证结果数量: 1
2025-01-30 12:39:54,942 - LePage - INFO - 点击元素成功: text=我已了解
2025-01-30 12:39:54,942 - LePage - INFO - 验证确认成功
2025-01-30 12:39:54,942 - LePage - INFO - 开始验证尝试
2025-01-30 12:40:00,211 - LePage - INFO - 验证结果数量: 3
2025-01-30 12:40:00,212 - LePage - WARNING - 验证未通过
2025-01-30 12:40:01,688 - LePage - INFO - 点击元素成功: @xmlns=http://www.w3.org/2000/svg
2025-01-30 12:40:01,689 - LePage - INFO - 关闭验证失败弹窗
2025-01-30 12:40:01,689 - LePage - INFO - 等待60秒后可重新验证...
2025-01-30 12:40:47,910 - LePage - INFO - 开始验证尝试
2025-01-30 12:40:53,211 - LePage - INFO - 验证结果数量: 1
2025-01-30 12:40:56,876 - LePage - INFO - 点击元素成功: text=我已了解
2025-01-30 12:40:56,876 - LePage - INFO - 验证确认成功
2025-01-30 12:40:56,876 - LePage - INFO - 开始验证尝试
2025-01-30 12:41:01,690 - LePage - INFO - 开始验证尝试
2025-01-30 12:41:02,162 - LePage - INFO - 验证结果数量: 1
2025-01-30 12:41:05,782 - LePage - INFO - 点击元素成功: text=我已了解
2025-01-30 12:41:05,782 - LePage - INFO - 验证确认成功
2025-01-30 12:41:05,782 - LePage - INFO - 所有验证按钮处理完成
2025-01-30 12:41:06,964 - LePage - INFO - 验证结果数量: 1
2025-01-30 12:41:10,561 - LePage - INFO - 点击元素成功: text=我已了解
2025-01-30 12:41:10,562 - LePage - INFO - 验证确认成功
2025-01-30 12:41:10,562 - LePage - INFO - 开始验证尝试
2025-01-30 12:41:15,834 - LePage - INFO - 验证结果数量: 1
2025-01-30 12:41:19,981 - LePage - INFO - 点击元素成功: text=我已了解
2025-01-30 12:41:19,981 - LePage - INFO - 验证确认成功
2025-01-30 12:41:19,981 - LePage - INFO - 所有验证按钮处理完成
2025-01-30 12:41:24,205 - LePage - INFO - 访问页面成功: https://sosovalue.com/zh/exp
2025-01-30 12:41:42,638 - LePage - INFO - 访问页面成功: https://sosovalue.com/zh/exp
2025-01-30 12:41:43,581 - LePage - INFO - 观看任务已完成，跳过
2025-01-30 12:41:51,392 - LePage - INFO - 分享任务已完成，跳过
2025-01-30 12:42:00,693 - LePage - INFO - 观看任务已完成，跳过
2025-01-30 12:42:06,481 - LePage - INFO - 分享任务已完成，跳过
2025-01-30 12:42:37,514 - LePage - INFO - 未找到验证按钮
2025-01-30 12:42:49,105 - LePage - INFO - 访问页面成功: https://sosovalue.com/zh/exp
2025-01-30 12:47:15,818 - LePage - INFO - 访问页面成功: https://sosovalue.com/zh/exp
2025-01-30 12:47:17,689 - LePage - INFO - 访问页面成功: https://sosovalue.com/zh/exp
2025-01-30 12:47:33,865 - LePage - INFO - 观看任务已完成，跳过
2025-01-30 12:47:35,740 - LePage - INFO - 观看任务已完成，跳过
2025-01-30 12:47:39,718 - LePage - INFO - 分享任务已完成，跳过
2025-01-30 12:48:34,369 - LePage - INFO - 访问页面成功: https://sosovalue.com/zh/exp
2025-01-30 12:48:35,599 - LePage - INFO - 访问页面成功: https://sosovalue.com/zh/exp
2025-01-30 12:48:52,368 - LePage - INFO - 观看任务已完成，跳过
2025-01-30 12:48:53,603 - LePage - INFO - 观看任务已完成，跳过
2025-01-30 12:50:38,504 - LePage - INFO - 访问页面成功: https://sosovalue.com/zh/exp
2025-01-30 12:50:39,855 - LePage - INFO - 访问页面成功: https://sosovalue.com/zh/exp
2025-01-30 12:50:58,091 - LePage - INFO - 点击元素成功: text=观看
2025-01-30 12:50:59,423 - LePage - INFO - 点击元素成功: text=观看
2025-01-30 12:51:04,359 - LePage - INFO - 分享任务已完成，跳过
2025-01-30 12:51:06,310 - LePage - INFO - 分享任务已完成，跳过
2025-01-30 12:51:44,254 - LePage - INFO - 找到 1 个验证按钮
2025-01-30 12:51:44,256 - LePage - INFO - 开始验证尝试
2025-01-30 12:51:48,271 - LePage - INFO - 找到 1 个验证按钮
2025-01-30 12:51:48,271 - LePage - INFO - 开始验证尝试
2025-01-30 12:51:49,537 - LePage - INFO - 验证结果数量: 1
2025-01-30 12:51:53,264 - LePage - INFO - 点击元素成功: text=我已了解
2025-01-30 12:51:53,265 - LePage - INFO - 验证确认成功
2025-01-30 12:51:53,265 - LePage - INFO - 所有验证按钮处理完成
2025-01-30 12:51:53,623 - LePage - INFO - 验证结果数量: 1
2025-01-30 12:51:57,339 - LePage - INFO - 点击元素成功: text=我已了解
2025-01-30 12:51:57,340 - LePage - INFO - 验证确认成功
2025-01-30 12:51:57,341 - LePage - INFO - 所有验证按钮处理完成
2025-01-30 12:52:06,050 - LePage - INFO - 访问页面成功: https://sosovalue.com/zh/exp
2025-01-30 12:55:05,942 - LePage - INFO - 访问页面成功: https://sosovalue.com/zh/exp
2025-01-30 12:55:09,025 - LePage - INFO - 访问页面成功: https://sosovalue.com/zh/exp
2025-01-30 12:55:33,993 - LePage - INFO - 观看任务已完成，跳过
2025-01-30 12:55:37,042 - LePage - INFO - 观看任务已完成，跳过
2025-01-30 12:55:44,502 - LePage - INFO - 分享任务已完成，跳过
2025-01-30 12:55:47,292 - LePage - INFO - 分享任务已完成，跳过
2025-01-30 12:56:31,979 - LePage - INFO - 未找到验证按钮
2025-01-30 12:56:36,795 - LePage - INFO - 未找到验证按钮
2025-01-30 12:57:03,798 - LePage - INFO - 访问页面成功: https://sosovalue.com/zh/exp
2025-01-30 12:57:07,668 - LePage - INFO - 访问页面成功: https://sosovalue.com/zh/exp
2025-01-30 12:57:20,185 - LePage - INFO - 点击元素成功: text=观看
2025-01-30 12:57:22,017 - LePage - INFO - 点击元素成功: text=观看
2025-01-30 12:57:29,248 - LePage - INFO - 点击元素成功: text=分享
2025-01-30 12:57:32,281 - LePage - INFO - 点击元素成功: text=分享
2025-01-30 12:57:37,847 - LePage - INFO - 点击元素成功: 引用
2025-01-30 12:57:41,209 - LePage - INFO - 点击元素成功: 引用
2025-01-30 12:57:46,041 - LePage - INFO - 点击元素成功: 回复
2025-01-30 12:57:48,273 - LePage - INFO - 点击元素成功: 回复
2025-01-30 12:57:54,615 - LePage - INFO - 点击元素成功: 点赞
2025-01-30 12:57:54,932 - LePage - INFO - 点击元素成功: 点赞
2025-01-30 12:58:06,823 - LePage - INFO - 找到 5 个验证按钮
2025-01-30 12:58:06,824 - LePage - INFO - 开始验证尝试
2025-01-30 12:58:08,825 - LePage - INFO - 找到 5 个验证按钮
2025-01-30 12:58:08,826 - LePage - INFO - 开始验证尝试
2025-01-30 12:58:12,210 - LePage - INFO - 验证结果数量: 1
2025-01-30 12:58:14,100 - LePage - INFO - 验证结果数量: 1
2025-01-30 12:58:16,192 - LePage - INFO - 点击元素成功: text=我已了解
2025-01-30 12:58:16,192 - LePage - INFO - 验证确认成功
2025-01-30 12:58:16,192 - LePage - INFO - 开始验证尝试
2025-01-30 12:58:17,941 - LePage - INFO - 点击元素成功: text=我已了解
2025-01-30 12:58:17,941 - LePage - INFO - 验证确认成功
2025-01-30 12:58:17,941 - LePage - INFO - 开始验证尝试
2025-01-30 12:58:21,468 - LePage - INFO - 验证结果数量: 3
2025-01-30 12:58:21,469 - LePage - WARNING - 验证未通过
2025-01-30 12:58:22,953 - LePage - INFO - 点击元素成功: @xmlns=http://www.w3.org/2000/svg
2025-01-30 12:58:22,955 - LePage - INFO - 关闭验证失败弹窗
2025-01-30 12:58:22,955 - LePage - INFO - 等待60秒后可重新验证...
2025-01-30 12:58:23,218 - LePage - INFO - 验证结果数量: 1
2025-01-30 12:58:26,743 - LePage - INFO - 点击元素成功: text=我已了解
2025-01-30 12:58:26,748 - LePage - INFO - 验证确认成功
2025-01-30 12:58:26,748 - LePage - INFO - 开始验证尝试
2025-01-30 12:58:32,005 - LePage - INFO - 验证结果数量: 1
2025-01-30 12:58:35,796 - LePage - INFO - 点击元素成功: text=我已了解
2025-01-30 12:58:35,797 - LePage - INFO - 验证确认成功
2025-01-30 12:58:35,797 - LePage - INFO - 开始验证尝试
2025-01-30 12:58:41,072 - LePage - INFO - 验证结果数量: 3
2025-01-30 12:58:41,072 - LePage - WARNING - 验证未通过
2025-01-30 12:58:42,559 - LePage - INFO - 点击元素成功: @xmlns=http://www.w3.org/2000/svg
2025-01-30 12:58:42,559 - LePage - INFO - 关闭验证失败弹窗
2025-01-30 12:58:42,560 - LePage - INFO - 等待60秒后可重新验证...
2025-01-30 12:59:22,962 - LePage - INFO - 开始验证尝试
2025-01-30 12:59:28,238 - LePage - INFO - 验证结果数量: 3
2025-01-30 12:59:28,238 - LePage - WARNING - 验证未通过
2025-01-30 12:59:29,725 - LePage - INFO - 点击元素成功: @xmlns=http://www.w3.org/2000/svg
2025-01-30 12:59:29,725 - LePage - INFO - 关闭验证失败弹窗
2025-01-30 12:59:29,726 - LePage - INFO - 等待60秒后可重新验证...
2025-01-30 12:59:42,562 - LePage - INFO - 开始验证尝试
2025-01-30 12:59:47,838 - LePage - INFO - 验证结果数量: 3
2025-01-30 12:59:47,838 - LePage - WARNING - 验证未通过
2025-01-30 12:59:49,309 - LePage - INFO - 点击元素成功: @xmlns=http://www.w3.org/2000/svg
2025-01-30 12:59:49,310 - LePage - INFO - 关闭验证失败弹窗
2025-01-30 12:59:49,310 - LePage - INFO - 等待60秒后可重新验证...
2025-01-30 13:00:29,729 - LePage - INFO - 开始验证尝试
2025-01-30 13:00:35,008 - LePage - INFO - 验证结果数量: 3
2025-01-30 13:00:35,008 - LePage - WARNING - 验证未通过
2025-01-30 13:00:36,499 - LePage - INFO - 点击元素成功: @xmlns=http://www.w3.org/2000/svg
2025-01-30 13:00:36,499 - LePage - INFO - 关闭验证失败弹窗
2025-01-30 13:00:36,500 - LePage - INFO - 等待60秒后可重新验证...
2025-01-30 13:00:49,311 - LePage - INFO - 开始验证尝试
2025-01-30 13:00:54,578 - LePage - INFO - 验证结果数量: 3
2025-01-30 13:00:54,579 - LePage - WARNING - 验证未通过
2025-01-30 13:00:56,099 - LePage - INFO - 点击元素成功: @xmlns=http://www.w3.org/2000/svg
2025-01-30 13:00:56,099 - LePage - INFO - 关闭验证失败弹窗
2025-01-30 13:00:56,099 - LePage - INFO - 等待60秒后可重新验证...
2025-01-30 13:01:36,505 - LePage - INFO - 开始验证尝试
2025-01-30 13:01:41,782 - LePage - INFO - 验证结果数量: 3
2025-01-30 13:01:41,782 - LePage - WARNING - 验证未通过
2025-01-30 13:01:43,287 - LePage - INFO - 点击元素成功: @xmlns=http://www.w3.org/2000/svg
2025-01-30 13:01:43,287 - LePage - INFO - 关闭验证失败弹窗
2025-01-30 13:01:43,287 - LePage - INFO - 等待60秒后可重新验证...
2025-01-30 13:01:56,104 - LePage - INFO - 开始验证尝试
2025-01-30 13:02:01,384 - LePage - INFO - 验证结果数量: 3
2025-01-30 13:02:01,385 - LePage - WARNING - 验证未通过
2025-01-30 13:02:02,862 - LePage - INFO - 点击元素成功: @xmlns=http://www.w3.org/2000/svg
2025-01-30 13:02:02,863 - LePage - INFO - 关闭验证失败弹窗
2025-01-30 13:02:02,863 - LePage - INFO - 等待60秒后可重新验证...
2025-01-30 13:02:43,293 - LePage - INFO - 开始验证尝试
2025-01-30 13:02:48,587 - LePage - INFO - 验证结果数量: 3
2025-01-30 13:02:48,588 - LePage - WARNING - 验证未通过
2025-01-30 13:02:50,073 - LePage - INFO - 点击元素成功: @xmlns=http://www.w3.org/2000/svg
2025-01-30 13:02:50,074 - LePage - INFO - 关闭验证失败弹窗
2025-01-30 13:02:50,074 - LePage - INFO - 等待60秒后可重新验证...
2025-01-30 13:03:02,865 - LePage - INFO - 开始验证尝试
2025-01-30 13:03:08,136 - LePage - INFO - 验证结果数量: 3
2025-01-30 13:03:08,136 - LePage - WARNING - 验证未通过
2025-01-30 13:03:09,606 - LePage - INFO - 点击元素成功: @xmlns=http://www.w3.org/2000/svg
2025-01-30 13:03:09,607 - LePage - INFO - 关闭验证失败弹窗
2025-01-30 13:03:09,607 - LePage - INFO - 等待60秒后可重新验证...
2025-01-30 13:03:50,075 - LePage - INFO - 开始验证尝试
2025-01-30 13:03:55,355 - LePage - INFO - 验证结果数量: 3
2025-01-30 13:03:55,355 - LePage - WARNING - 验证未通过
2025-01-30 13:03:56,837 - LePage - INFO - 点击元素成功: @xmlns=http://www.w3.org/2000/svg
2025-01-30 13:03:56,837 - LePage - INFO - 关闭验证失败弹窗
2025-01-30 13:03:56,838 - LePage - INFO - 等待60秒后可重新验证...
2025-01-30 13:04:09,600 - LePage - INFO - 开始验证尝试
2025-01-30 13:04:14,863 - LePage - INFO - 验证结果数量: 1
2025-01-30 13:04:19,213 - LePage - INFO - 点击元素成功: text=我已了解
2025-01-30 13:04:19,213 - LePage - INFO - 验证确认成功
2025-01-30 13:04:19,213 - LePage - INFO - 开始验证尝试
2025-01-30 13:04:24,478 - LePage - INFO - 验证结果数量: 1
2025-01-30 13:04:28,693 - LePage - INFO - 点击元素成功: text=我已了解
2025-01-30 13:04:28,693 - LePage - INFO - 验证确认成功
2025-01-30 13:04:28,693 - LePage - INFO - 所有验证按钮处理完成
2025-01-30 13:04:56,823 - LePage - INFO - 开始验证尝试
2025-01-30 13:04:59,872 - LePage - INFO - 访问页面成功: https://sosovalue.com/zh/exp
2025-01-30 13:05:02,073 - LePage - INFO - 验证结果数量: 1
2025-01-30 13:05:05,806 - LePage - INFO - 点击元素成功: text=我已了解
2025-01-30 13:05:05,806 - LePage - INFO - 验证确认成功
2025-01-30 13:05:05,807 - LePage - INFO - 开始验证尝试
2025-01-30 13:05:11,079 - LePage - INFO - 验证结果数量: 3
2025-01-30 13:05:11,079 - LePage - WARNING - 验证未通过
2025-01-30 13:05:12,594 - LePage - INFO - 点击元素成功: @xmlns=http://www.w3.org/2000/svg
2025-01-30 13:05:12,595 - LePage - INFO - 关闭验证失败弹窗
2025-01-30 13:05:12,595 - LePage - INFO - 等待60秒后可重新验证...
2025-01-30 13:05:12,855 - LePage - INFO - 点击元素成功: text=观看
2025-01-30 13:05:22,537 - LePage - INFO - 点击元素成功: text=分享
2025-01-30 13:05:31,796 - LePage - INFO - 点击元素成功: 引用
2025-01-30 13:05:42,572 - LePage - INFO - 点击元素成功: 回复
2025-01-30 13:05:51,724 - LePage - INFO - 点击元素成功: 点赞
2025-01-30 13:06:09,328 - LePage - INFO - 找到 5 个验证按钮
2025-01-30 13:06:09,328 - LePage - INFO - 开始验证尝试
2025-01-30 13:06:12,598 - LePage - INFO - 开始验证尝试
2025-01-30 13:06:14,609 - LePage - INFO - 验证结果数量: 1
2025-01-30 13:06:17,917 - LePage - INFO - 验证结果数量: 1
2025-01-30 13:06:18,428 - LePage - INFO - 点击元素成功: text=我已了解
2025-01-30 13:06:18,428 - LePage - INFO - 验证确认成功
2025-01-30 13:06:18,428 - LePage - INFO - 开始验证尝试
2025-01-30 13:06:21,591 - LePage - INFO - 点击元素成功: text=我已了解
2025-01-30 13:06:21,591 - LePage - INFO - 验证确认成功
2025-01-30 13:06:21,591 - LePage - INFO - 开始验证尝试
2025-01-30 13:06:23,700 - LePage - INFO - 验证结果数量: 1
2025-01-30 13:06:26,893 - LePage - INFO - 验证结果数量: 3
2025-01-30 13:06:26,894 - LePage - WARNING - 验证未通过
2025-01-30 13:06:27,406 - LePage - INFO - 点击元素成功: text=我已了解
2025-01-30 13:06:27,406 - LePage - INFO - 验证确认成功
2025-01-30 13:06:27,406 - LePage - INFO - 开始验证尝试
2025-01-30 13:06:28,372 - LePage - INFO - 点击元素成功: @xmlns=http://www.w3.org/2000/svg
2025-01-30 13:06:28,373 - LePage - INFO - 关闭验证失败弹窗
2025-01-30 13:06:28,373 - LePage - INFO - 等待60秒后可重新验证...
2025-01-30 13:06:32,679 - LePage - INFO - 验证结果数量: 1
2025-01-30 13:06:36,981 - LePage - INFO - 点击元素成功: text=我已了解
2025-01-30 13:06:36,981 - LePage - INFO - 验证确认成功
2025-01-30 13:06:36,981 - LePage - INFO - 开始验证尝试
2025-01-30 13:06:42,259 - LePage - INFO - 验证结果数量: 1
2025-01-30 13:06:46,320 - LePage - INFO - 点击元素成功: text=我已了解
2025-01-30 13:06:46,320 - LePage - INFO - 验证确认成功
2025-01-30 13:06:46,320 - LePage - INFO - 开始验证尝试
2025-01-30 13:06:51,567 - LePage - INFO - 验证结果数量: 1
2025-01-30 13:06:55,717 - LePage - INFO - 点击元素成功: text=我已了解
2025-01-30 13:06:55,718 - LePage - INFO - 验证确认成功
2025-01-30 13:06:55,718 - LePage - INFO - 所有验证按钮处理完成
2025-01-30 13:07:24,908 - LePage - INFO - 访问页面成功: https://sosovalue.com/zh/exp
2025-01-30 13:07:28,375 - LePage - INFO - 开始验证尝试
2025-01-30 13:07:33,696 - LePage - INFO - 验证结果数量: 1
2025-01-30 13:07:37,374 - LePage - INFO - 点击元素成功: text=我已了解
2025-01-30 13:07:37,375 - LePage - INFO - 验证确认成功
2025-01-30 13:07:37,375 - LePage - INFO - 开始验证尝试
2025-01-30 13:07:40,616 - LePage - INFO - 点击元素成功: text=观看
2025-01-30 13:07:42,709 - LePage - INFO - 验证结果数量: 1
2025-01-30 13:07:46,276 - LePage - INFO - 点击元素成功: text=我已了解
2025-01-30 13:07:46,277 - LePage - INFO - 验证确认成功
2025-01-30 13:07:46,278 - LePage - INFO - 所有验证按钮处理完成
2025-01-30 13:07:47,253 - LePage - INFO - 点击元素成功: text=分享
2025-01-30 13:07:53,213 - LePage - INFO - 点击元素成功: 引用
2025-01-30 13:08:00,238 - LePage - INFO - 点击元素成功: 回复
2025-01-30 13:08:08,795 - LePage - INFO - 点击元素成功: 点赞
2025-01-30 13:08:15,952 - LePage - INFO - 访问页面成功: https://sosovalue.com/zh/exp
2025-01-30 13:08:24,117 - LePage - INFO - 找到 5 个验证按钮
2025-01-30 13:08:24,118 - LePage - INFO - 开始验证尝试
2025-01-30 13:08:29,405 - LePage - INFO - 验证结果数量: 1
2025-01-30 13:08:33,059 - LePage - INFO - 点击元素成功: text=我已了解
2025-01-30 13:08:33,059 - LePage - INFO - 验证确认成功
2025-01-30 13:08:33,059 - LePage - INFO - 开始验证尝试
2025-01-30 13:08:34,482 - LePage - INFO - 点击元素成功: text=观看
2025-01-30 13:08:38,484 - LePage - INFO - 验证结果数量: 1
2025-01-30 13:08:42,200 - LePage - INFO - 点击元素成功: text=我已了解
2025-01-30 13:08:42,201 - LePage - INFO - 验证确认成功
2025-01-30 13:08:42,201 - LePage - INFO - 开始验证尝试
2025-01-30 13:08:42,253 - LePage - INFO - 点击元素成功: text=分享
2025-01-30 13:08:47,454 - LePage - INFO - 验证结果数量: 1
2025-01-30 13:08:49,815 - LePage - INFO - 点击元素成功: 引用
2025-01-30 13:08:51,285 - LePage - INFO - 点击元素成功: text=我已了解
2025-01-30 13:08:51,285 - LePage - INFO - 验证确认成功
2025-01-30 13:08:51,286 - LePage - INFO - 开始验证尝试
2025-01-30 13:08:56,609 - LePage - INFO - 验证结果数量: 1
2025-01-30 13:08:57,939 - LePage - INFO - 点击元素成功: 回复
2025-01-30 13:09:00,250 - LePage - INFO - 点击元素成功: text=我已了解
2025-01-30 13:09:00,250 - LePage - INFO - 验证确认成功
2025-01-30 13:09:00,250 - LePage - INFO - 开始验证尝试
2025-01-30 13:09:04,634 - LePage - INFO - 点击元素成功: 点赞
2025-01-30 13:09:05,538 - LePage - INFO - 验证结果数量: 1
2025-01-30 13:09:09,286 - LePage - INFO - 点击元素成功: text=我已了解
2025-01-30 13:09:09,286 - LePage - INFO - 验证确认成功
2025-01-30 13:09:09,286 - LePage - INFO - 所有验证按钮处理完成
2025-01-30 13:09:23,432 - LePage - INFO - 找到 5 个验证按钮
2025-01-30 13:09:23,432 - LePage - INFO - 开始验证尝试
2025-01-30 13:09:28,804 - LePage - INFO - 验证结果数量: 1
2025-01-30 13:09:32,433 - LePage - INFO - 点击元素成功: text=我已了解
2025-01-30 13:09:32,433 - LePage - INFO - 验证确认成功
2025-01-30 13:09:32,433 - LePage - INFO - 开始验证尝试
2025-01-30 13:09:37,829 - LePage - INFO - 验证结果数量: 1
2025-01-30 13:09:38,524 - LePage - INFO - 访问页面成功: https://sosovalue.com/zh/exp
2025-01-30 13:09:41,576 - LePage - INFO - 点击元素成功: text=我已了解
2025-01-30 13:09:41,577 - LePage - INFO - 验证确认成功
2025-01-30 13:09:41,577 - LePage - INFO - 开始验证尝试
2025-01-30 13:09:46,825 - LePage - INFO - 验证结果数量: 3
2025-01-30 13:09:46,825 - LePage - WARNING - 验证未通过
2025-01-30 13:09:48,309 - LePage - INFO - 点击元素成功: @xmlns=http://www.w3.org/2000/svg
2025-01-30 13:09:48,309 - LePage - INFO - 关闭验证失败弹窗
2025-01-30 13:09:48,309 - LePage - INFO - 等待60秒后可重新验证...
2025-01-30 13:09:58,884 - LePage - INFO - 点击元素成功: text=观看
2025-01-30 13:10:07,171 - LePage - INFO - 点击元素成功: text=分享
2025-01-30 13:10:17,373 - LePage - INFO - 点击元素成功: 引用
2025-01-30 13:10:26,847 - LePage - INFO - 点击元素成功: 回复
2025-01-30 13:10:35,366 - LePage - INFO - 点击元素成功: 点赞
2025-01-30 13:10:48,312 - LePage - INFO - 开始验证尝试
2025-01-30 13:10:51,214 - LePage - INFO - 找到 5 个验证按钮
2025-01-30 13:10:51,214 - LePage - INFO - 开始验证尝试
2025-01-30 13:10:53,593 - LePage - INFO - 验证结果数量: 1
2025-01-30 13:10:56,566 - LePage - INFO - 验证结果数量: 1
2025-01-30 13:10:57,672 - LePage - INFO - 点击元素成功: text=我已了解
2025-01-30 13:10:57,673 - LePage - INFO - 验证确认成功
2025-01-30 13:10:57,673 - LePage - INFO - 开始验证尝试
2025-01-30 13:11:00,180 - LePage - INFO - 点击元素成功: text=我已了解
2025-01-30 13:11:00,181 - LePage - INFO - 验证确认成功
2025-01-30 13:11:00,181 - LePage - INFO - 开始验证尝试
2025-01-30 13:11:02,960 - LePage - INFO - 验证结果数量: 1
2025-01-30 13:11:05,448 - LePage - INFO - 验证结果数量: 1
2025-01-30 13:11:06,572 - LePage - INFO - 点击元素成功: text=我已了解
2025-01-30 13:11:06,573 - LePage - INFO - 验证确认成功
2025-01-30 13:11:06,573 - LePage - INFO - 开始验证尝试
2025-01-30 13:11:09,019 - LePage - INFO - 点击元素成功: text=我已了解
2025-01-30 13:11:09,020 - LePage - INFO - 验证确认成功
2025-01-30 13:11:09,020 - LePage - INFO - 开始验证尝试
2025-01-30 13:11:11,959 - LePage - INFO - 验证结果数量: 1
2025-01-30 13:11:14,434 - LePage - INFO - 验证结果数量: 1
2025-01-30 13:11:15,671 - LePage - INFO - 点击元素成功: text=我已了解
2025-01-30 13:11:15,672 - LePage - INFO - 验证确认成功
2025-01-30 13:11:15,672 - LePage - INFO - 所有验证按钮处理完成
2025-01-30 13:11:18,067 - LePage - INFO - 点击元素成功: text=我已了解
2025-01-30 13:11:18,067 - LePage - INFO - 验证确认成功
2025-01-30 13:11:18,068 - LePage - INFO - 开始验证尝试
2025-01-30 13:11:23,340 - LePage - INFO - 验证结果数量: 3
2025-01-30 13:11:23,340 - LePage - WARNING - 验证未通过
2025-01-30 13:11:24,834 - LePage - INFO - 点击元素成功: @xmlns=http://www.w3.org/2000/svg
2025-01-30 13:11:24,834 - LePage - INFO - 关闭验证失败弹窗
2025-01-30 13:11:24,834 - LePage - INFO - 等待60秒后可重新验证...
2025-01-30 13:11:45,454 - LePage - INFO - 访问页面成功: https://sosovalue.com/zh/exp
2025-01-30 13:11:58,361 - LePage - INFO - 点击元素成功: text=观看
2025-01-30 13:12:06,073 - LePage - INFO - 点击元素成功: text=分享
2025-01-30 13:12:15,588 - LePage - INFO - 点击元素成功: 引用
2025-01-30 13:12:22,857 - LePage - INFO - 点击元素成功: 回复
2025-01-30 13:12:24,835 - LePage - INFO - 开始验证尝试
2025-01-30 13:12:30,134 - LePage - INFO - 验证结果数量: 1
2025-01-30 13:12:31,435 - LePage - INFO - 点击元素成功: 点赞
2025-01-30 13:12:33,787 - LePage - INFO - 点击元素成功: text=我已了解
2025-01-30 13:12:33,787 - LePage - INFO - 验证确认成功
2025-01-30 13:12:33,788 - LePage - INFO - 开始验证尝试
2025-01-30 13:12:39,071 - LePage - INFO - 验证结果数量: 1
2025-01-30 13:12:42,670 - LePage - INFO - 点击元素成功: text=我已了解
2025-01-30 13:12:42,670 - LePage - INFO - 验证确认成功
2025-01-30 13:12:42,670 - LePage - INFO - 所有验证按钮处理完成
2025-01-30 13:12:46,654 - LePage - INFO - 找到 6 个验证按钮
2025-01-30 13:12:46,654 - LePage - INFO - 开始验证尝试
2025-01-30 13:12:51,934 - LePage - INFO - 验证结果数量: 1
2025-01-30 13:12:55,535 - LePage - INFO - 点击元素成功: text=我已了解
2025-01-30 13:12:55,535 - LePage - INFO - 验证确认成功
2025-01-30 13:12:55,536 - LePage - INFO - 开始验证尝试
2025-01-30 13:13:00,922 - LePage - INFO - 验证结果数量: 1
2025-01-30 13:13:04,453 - LePage - INFO - 点击元素成功: text=我已了解
2025-01-30 13:13:04,453 - LePage - INFO - 验证确认成功
2025-01-30 13:13:04,453 - LePage - INFO - 开始验证尝试
2025-01-30 13:13:09,718 - LePage - INFO - 验证结果数量: 1
2025-01-30 13:13:13,273 - LePage - INFO - 点击元素成功: text=我已了解
2025-01-30 13:13:13,274 - LePage - INFO - 验证确认成功
2025-01-30 13:13:13,274 - LePage - INFO - 开始验证尝试
2025-01-30 13:13:18,550 - LePage - INFO - 验证结果数量: 3
2025-01-30 13:13:18,550 - LePage - WARNING - 验证未通过
2025-01-30 13:13:20,036 - LePage - INFO - 点击元素成功: @xmlns=http://www.w3.org/2000/svg
2025-01-30 13:13:20,036 - LePage - INFO - 关闭验证失败弹窗
2025-01-30 13:13:20,036 - LePage - INFO - 等待60秒后可重新验证...
2025-01-30 13:14:20,039 - LePage - INFO - 开始验证尝试
2025-01-30 13:14:25,294 - LePage - INFO - 验证结果数量: 1
2025-01-30 13:14:28,891 - LePage - INFO - 点击元素成功: text=我已了解
2025-01-30 13:14:28,892 - LePage - INFO - 验证确认成功
2025-01-30 13:14:28,892 - LePage - INFO - 开始验证尝试
2025-01-30 13:14:34,152 - LePage - INFO - 验证结果数量: 1
2025-01-30 13:14:37,689 - LePage - INFO - 点击元素成功: text=我已了解
2025-01-30 13:14:37,689 - LePage - INFO - 验证确认成功
2025-01-30 13:14:37,689 - LePage - INFO - 开始验证尝试
2025-01-30 13:14:42,944 - LePage - INFO - 验证结果数量: 2
2025-01-30 13:14:54,951 - LePage - ERROR - 点击元素失败: text=我已了解, 错误: 
没有找到元素。
方法: ele()
参数: {'locator': 'text=我已了解', 'index': 1, 'timeout': 10}
版本: 4.1.0.17
2025-01-30 13:14:54,951 - LePage - ERROR - 点击确认按钮失败: 
没有找到元素。
方法: ele()
参数: {'locator': 'text=我已了解', 'index': 1, 'timeout': 10}
版本: 4.1.0.17
2025-01-30 13:14:54,951 - LePage - INFO - 开始验证尝试
2025-01-30 13:15:00,202 - LePage - INFO - 验证结果数量: 1
2025-01-30 13:15:12,221 - LePage - ERROR - 点击元素失败: text=我已了解, 错误: 
没有找到元素。
方法: ele()
参数: {'locator': 'text=我已了解', 'index': 1, 'timeout': 10}
版本: 4.1.0.17
2025-01-30 13:15:12,221 - LePage - ERROR - 点击确认按钮失败: 
没有找到元素。
方法: ele()
参数: {'locator': 'text=我已了解', 'index': 1, 'timeout': 10}
版本: 4.1.0.17
2025-01-30 13:15:12,221 - LePage - INFO - 开始验证尝试
2025-01-30 13:15:17,463 - LePage - INFO - 验证结果数量: 1
2025-01-30 13:15:29,478 - LePage - ERROR - 点击元素失败: text=我已了解, 错误: 
没有找到元素。
方法: ele()
参数: {'locator': 'text=我已了解', 'index': 1, 'timeout': 10}
版本: 4.1.0.17
2025-01-30 13:15:29,478 - LePage - ERROR - 点击确认按钮失败: 
没有找到元素。
方法: ele()
参数: {'locator': 'text=我已了解', 'index': 1, 'timeout': 10}
版本: 4.1.0.17
2025-01-30 13:15:29,478 - LePage - INFO - 开始验证尝试
2025-01-30 13:15:34,726 - LePage - INFO - 验证结果数量: 1
2025-01-30 13:15:46,005 - LePage - ERROR - 查找元素失败: text=我已了解, 错误: 
与页面的连接已断开。
版本: 4.1.0.17
2025-01-30 13:15:46,006 - LePage - ERROR - 点击元素失败: text=我已了解, 错误: 
与页面的连接已断开。
版本: 4.1.0.17
2025-01-30 13:15:46,006 - LePage - ERROR - 点击确认按钮失败: 
与页面的连接已断开。
版本: 4.1.0.17
2025-01-30 13:15:46,006 - LePage - INFO - 开始验证尝试
2025-01-30 13:15:48,008 - LePage - ERROR - 验证处理失败: 
与页面的连接已断开。
版本: 4.1.0.17
2025-01-30 13:15:48,009 - LePage - ERROR - 验证过程发生错误: 
与页面的连接已断开。
版本: 4.1.0.17
2025-01-30 13:15:50,009 - LePage - INFO - 开始验证尝试
2025-01-30 13:15:52,014 - LePage - ERROR - 验证处理失败: 
与页面的连接已断开。
版本: 4.1.0.17
2025-01-30 13:15:52,015 - LePage - ERROR - 验证过程发生错误: 
与页面的连接已断开。
版本: 4.1.0.17
2025-01-30 13:15:54,015 - LePage - INFO - 开始验证尝试
2025-01-30 13:15:56,018 - LePage - ERROR - 验证处理失败: 
与页面的连接已断开。
版本: 4.1.0.17
2025-01-30 13:15:56,019 - LePage - ERROR - 验证过程发生错误: 
与页面的连接已断开。
版本: 4.1.0.17
2025-01-30 13:15:58,021 - LePage - INFO - 开始验证尝试
2025-01-30 13:16:00,026 - LePage - ERROR - 验证处理失败: 
与页面的连接已断开。
版本: 4.1.0.17
2025-01-30 13:16:00,027 - LePage - ERROR - 验证过程发生错误: 
与页面的连接已断开。
版本: 4.1.0.17
2025-01-30 13:16:02,031 - LePage - INFO - 开始验证尝试
2025-01-30 13:16:04,037 - LePage - ERROR - 验证处理失败: 
与页面的连接已断开。
版本: 4.1.0.17
2025-01-30 13:16:04,037 - LePage - ERROR - 验证过程发生错误: 
与页面的连接已断开。
版本: 4.1.0.17
2025-01-30 13:16:06,039 - LePage - INFO - 开始验证尝试
2025-01-30 13:16:08,040 - LePage - ERROR - 验证处理失败: 
与页面的连接已断开。
版本: 4.1.0.17
2025-01-30 13:16:08,040 - LePage - ERROR - 验证过程发生错误: 
与页面的连接已断开。
版本: 4.1.0.17
2025-01-30 13:16:10,045 - LePage - INFO - 开始验证尝试
2025-01-30 13:16:12,047 - LePage - ERROR - 验证处理失败: 
与页面的连接已断开。
版本: 4.1.0.17
2025-01-30 13:16:12,048 - LePage - ERROR - 验证过程发生错误: 
与页面的连接已断开。
版本: 4.1.0.17
2025-01-30 13:16:14,051 - LePage - INFO - 开始验证尝试
2025-01-30 13:16:16,054 - LePage - ERROR - 验证处理失败: 
与页面的连接已断开。
版本: 4.1.0.17
2025-01-30 13:16:16,054 - LePage - ERROR - 验证过程发生错误: 
与页面的连接已断开。
版本: 4.1.0.17
2025-01-30 13:16:18,056 - LePage - INFO - 开始验证尝试
2025-01-30 13:16:20,056 - LePage - ERROR - 验证处理失败: 
与页面的连接已断开。
版本: 4.1.0.17
2025-01-30 13:16:20,057 - LePage - ERROR - 验证过程发生错误: 
与页面的连接已断开。
版本: 4.1.0.17
2025-01-30 13:16:22,057 - LePage - INFO - 开始验证尝试
2025-01-30 13:16:24,058 - LePage - ERROR - 验证处理失败: 
与页面的连接已断开。
版本: 4.1.0.17
2025-01-30 13:16:24,058 - LePage - ERROR - 验证过程发生错误: 
与页面的连接已断开。
版本: 4.1.0.17
2025-01-30 13:16:26,059 - LePage - INFO - 开始验证尝试
2025-01-30 13:16:28,064 - LePage - ERROR - 验证处理失败: 
与页面的连接已断开。
版本: 4.1.0.17
2025-01-30 13:16:28,065 - LePage - ERROR - 验证过程发生错误: 
与页面的连接已断开。
版本: 4.1.0.17
2025-01-30 13:16:30,068 - LePage - INFO - 开始验证尝试
2025-01-30 13:16:32,073 - LePage - ERROR - 验证处理失败: 
与页面的连接已断开。
版本: 4.1.0.17
2025-01-30 13:16:32,073 - LePage - ERROR - 验证过程发生错误: 
与页面的连接已断开。
版本: 4.1.0.17
2025-01-30 13:16:34,076 - LePage - INFO - 开始验证尝试
2025-01-30 13:16:36,080 - LePage - ERROR - 验证处理失败: 
与页面的连接已断开。
版本: 4.1.0.17
2025-01-30 13:16:36,080 - LePage - ERROR - 验证过程发生错误: 
与页面的连接已断开。
版本: 4.1.0.17
2025-01-30 13:16:38,085 - LePage - INFO - 开始验证尝试
2025-01-30 13:16:40,086 - LePage - ERROR - 验证处理失败: 
与页面的连接已断开。
版本: 4.1.0.17
2025-01-30 13:16:40,087 - LePage - ERROR - 验证过程发生错误: 
与页面的连接已断开。
版本: 4.1.0.17
2025-01-30 13:16:42,092 - LePage - INFO - 开始验证尝试
2025-01-30 13:16:44,096 - LePage - ERROR - 验证处理失败: 
与页面的连接已断开。
版本: 4.1.0.17
2025-01-30 13:16:44,096 - LePage - ERROR - 验证过程发生错误: 
与页面的连接已断开。
版本: 4.1.0.17
2025-01-30 13:16:46,097 - LePage - INFO - 开始验证尝试
2025-01-30 13:16:48,098 - LePage - ERROR - 验证处理失败: 
与页面的连接已断开。
版本: 4.1.0.17
2025-01-30 13:16:48,098 - LePage - ERROR - 验证过程发生错误: 
与页面的连接已断开。
版本: 4.1.0.17
2025-01-30 13:16:50,099 - LePage - INFO - 开始验证尝试
2025-01-30 14:49:22,298 - LePage - INFO - 访问页面成功: https://sosovalue.com/zh/exp
2025-01-30 14:49:23,917 - LePage - INFO - 访问页面成功: https://sosovalue.com/zh/exp
2025-01-30 14:49:41,898 - LePage - INFO - 点击元素成功: text=观看
2025-01-30 14:49:43,492 - LePage - INFO - 点击元素成功: text=观看
2025-01-30 14:49:49,788 - LePage - INFO - 点击元素成功: text=分享
2025-01-30 14:49:49,979 - LePage - INFO - 点击元素成功: text=分享
2025-01-30 14:49:59,893 - LePage - INFO - 点击元素成功: 引用
2025-01-30 14:50:00,341 - LePage - INFO - 点击元素成功: 引用
2025-01-30 14:50:08,516 - LePage - INFO - 点击元素成功: 回复
2025-01-30 14:50:08,654 - LePage - INFO - 点击元素成功: 回复
2025-01-30 14:50:15,425 - LePage - INFO - 点击元素成功: 点赞
2025-01-30 14:50:19,416 - LePage - INFO - 点击元素成功: 点赞
2025-01-30 14:50:31,623 - LePage - INFO - 找到 6 个验证按钮
2025-01-30 14:50:31,624 - LePage - INFO - 开始验证尝试
2025-01-30 14:50:33,115 - LePage - INFO - 找到 6 个验证按钮
2025-01-30 14:50:33,115 - LePage - INFO - 开始验证尝试
2025-01-30 14:50:36,933 - LePage - INFO - 验证结果数量: 1
2025-01-30 14:50:38,427 - LePage - INFO - 验证结果数量: 1
2025-01-30 14:50:40,642 - LePage - INFO - 点击元素成功: text=我已了解
2025-01-30 14:50:40,643 - LePage - INFO - 验证确认成功
2025-01-30 14:50:40,643 - LePage - INFO - 开始验证尝试
2025-01-30 14:50:42,068 - LePage - INFO - 点击元素成功: text=我已了解
2025-01-30 14:50:42,068 - LePage - INFO - 验证确认成功
2025-01-30 14:50:42,068 - LePage - INFO - 开始验证尝试
2025-01-30 14:50:45,932 - LePage - INFO - 验证结果数量: 1
2025-01-30 14:50:47,366 - LePage - INFO - 验证结果数量: 1
2025-01-30 14:50:57,943 - LePage - ERROR - 点击元素失败: text=我已了解, 错误: 
没有找到元素。
方法: ele()
参数: {'locator': 'text=我已了解', 'index': 1, 'timeout': 10}
版本: 4.1.0.17
2025-01-30 14:50:57,944 - LePage - ERROR - 点击确认按钮失败: 
没有找到元素。
方法: ele()
参数: {'locator': 'text=我已了解', 'index': 1, 'timeout': 10}
版本: 4.1.0.17
2025-01-30 14:50:57,944 - LePage - INFO - 开始验证尝试
2025-01-30 14:50:59,376 - LePage - ERROR - 点击元素失败: text=我已了解, 错误: 
没有找到元素。
方法: ele()
参数: {'locator': 'text=我已了解', 'index': 1, 'timeout': 10}
版本: 4.1.0.17
2025-01-30 14:50:59,377 - LePage - ERROR - 点击确认按钮失败: 
没有找到元素。
方法: ele()
参数: {'locator': 'text=我已了解', 'index': 1, 'timeout': 10}
版本: 4.1.0.17
2025-01-30 14:50:59,377 - LePage - INFO - 开始验证尝试
2025-01-30 14:51:03,211 - LePage - INFO - 验证结果数量: 1
2025-01-30 14:51:04,878 - LePage - INFO - 验证结果数量: 1
2025-01-30 14:51:15,228 - LePage - ERROR - 点击元素失败: text=我已了解, 错误: 
没有找到元素。
方法: ele()
参数: {'locator': 'text=我已了解', 'index': 1, 'timeout': 10}
版本: 4.1.0.17
2025-01-30 14:51:15,229 - LePage - ERROR - 点击确认按钮失败: 
没有找到元素。
方法: ele()
参数: {'locator': 'text=我已了解', 'index': 1, 'timeout': 10}
版本: 4.1.0.17
2025-01-30 14:51:15,229 - LePage - INFO - 开始验证尝试
2025-01-30 14:51:16,893 - LePage - ERROR - 点击元素失败: text=我已了解, 错误: 
没有找到元素。
方法: ele()
参数: {'locator': 'text=我已了解', 'index': 1, 'timeout': 10}
版本: 4.1.0.17
2025-01-30 14:51:16,894 - LePage - ERROR - 点击确认按钮失败: 
没有找到元素。
方法: ele()
参数: {'locator': 'text=我已了解', 'index': 1, 'timeout': 10}
版本: 4.1.0.17
2025-01-30 14:51:16,894 - LePage - INFO - 开始验证尝试
2025-01-30 14:51:20,512 - LePage - INFO - 验证结果数量: 1
2025-01-30 14:51:22,162 - LePage - INFO - 验证结果数量: 1
2025-01-30 14:51:26,433 - LePage - ERROR - 查找元素失败: text=我已了解, 错误: 
与页面的连接已断开。
版本: 4.1.0.17
2025-01-30 14:51:26,434 - LePage - ERROR - 点击元素失败: text=我已了解, 错误: 
与页面的连接已断开。
版本: 4.1.0.17
2025-01-30 14:51:26,434 - LePage - ERROR - 点击确认按钮失败: 
与页面的连接已断开。
版本: 4.1.0.17
2025-01-30 14:51:26,434 - LePage - INFO - 开始验证尝试
2025-01-30 14:51:28,436 - LePage - ERROR - 验证处理失败: 
与页面的连接已断开。
版本: 4.1.0.17
2025-01-30 14:51:28,436 - LePage - ERROR - 验证过程发生错误: 
与页面的连接已断开。
版本: 4.1.0.17
2025-01-30 14:51:29,326 - LePage - ERROR - 查找元素失败: text=我已了解, 错误: 
与页面的连接已断开。
版本: 4.1.0.17
2025-01-30 14:51:29,326 - LePage - ERROR - 点击元素失败: text=我已了解, 错误: 
与页面的连接已断开。
版本: 4.1.0.17
2025-01-30 14:51:29,326 - LePage - ERROR - 点击确认按钮失败: 
与页面的连接已断开。
版本: 4.1.0.17
2025-01-30 14:51:29,326 - LePage - INFO - 开始验证尝试
2025-01-30 14:51:30,441 - LePage - INFO - 开始验证尝试
2025-01-30 14:51:31,329 - LePage - ERROR - 验证处理失败: 
与页面的连接已断开。
版本: 4.1.0.17
2025-01-30 14:51:31,330 - LePage - ERROR - 验证过程发生错误: 
与页面的连接已断开。
版本: 4.1.0.17
2025-01-30 14:51:32,446 - LePage - ERROR - 验证处理失败: 
与页面的连接已断开。
版本: 4.1.0.17
2025-01-30 14:51:32,447 - LePage - ERROR - 验证过程发生错误: 
与页面的连接已断开。
版本: 4.1.0.17
2025-01-30 14:51:33,333 - LePage - INFO - 开始验证尝试
2025-01-30 14:51:34,447 - LePage - INFO - 开始验证尝试
2025-01-30 14:51:35,337 - LePage - ERROR - 验证处理失败: 
与页面的连接已断开。
版本: 4.1.0.17
2025-01-30 14:51:35,337 - LePage - ERROR - 验证过程发生错误: 
与页面的连接已断开。
版本: 4.1.0.17
2025-01-30 14:51:36,453 - LePage - ERROR - 验证处理失败: 
与页面的连接已断开。
版本: 4.1.0.17
2025-01-30 14:51:36,453 - LePage - ERROR - 验证过程发生错误: 
与页面的连接已断开。
版本: 4.1.0.17
2025-01-30 14:51:37,342 - LePage - INFO - 开始验证尝试
2025-01-30 14:51:38,455 - LePage - INFO - 开始验证尝试
