2025-01-29 10:18:57,344 - LePage - INFO - 访问页面成功: https://sosovalue.com/zh/exp
2025-01-29 10:19:00,950 - LePage - INFO - 访问页面成功: https://sosovalue.com/zh/exp
2025-01-29 10:19:10,075 - LePage - INFO - 访问页面成功: https://sosovalue.com/zh/exp
2025-01-29 10:19:17,487 - LePage - INFO - 点击元素成功: text=观看
2025-01-29 10:19:20,068 - LePage - INFO - 点击元素成功: text=观看
2025-01-29 10:19:25,609 - LePage - INFO - 点击元素成功: text=分享
2025-01-29 10:19:28,846 - LePage - INFO - 点击元素成功: text=分享
2025-01-29 10:19:29,810 - LePage - INFO - 点击元素成功: text=观看
2025-01-29 10:19:34,161 - LePage - INFO - 点击元素成功: 引用
2025-01-29 10:19:34,229 - LePage - INFO - 点击元素成功: 引用
2025-01-29 10:19:36,083 - LePage - INFO - 点击元素成功: text=分享
2025-01-29 10:19:40,461 - LePage - INFO - 点击元素成功: 回复
2025-01-29 10:19:42,491 - LePage - INFO - 点击元素成功: 引用
2025-01-29 10:19:43,072 - LePage - INFO - 点击元素成功: 回复
2025-01-29 10:19:47,855 - LePage - INFO - 点击元素成功: 点赞
2025-01-29 10:19:48,036 - LePage - INFO - 点击元素成功: 点赞
2025-01-29 10:19:50,113 - LePage - INFO - 点击元素成功: 回复
2025-01-29 10:19:54,682 - LePage - INFO - 点击元素成功: 点赞
2025-01-29 10:20:15,105 - LePage - INFO - 点击元素成功: text=我已了解
2025-01-29 10:20:15,973 - LePage - INFO - 点击元素成功: text=我已了解
2025-01-29 10:20:21,697 - LePage - INFO - 点击元素成功: text=我已了解
2025-01-29 10:20:23,101 - LePage - INFO - 点击元素成功: text=我已了解
2025-01-29 10:20:27,364 - LePage - INFO - 点击元素成功: text=我已了解
2025-01-29 10:20:29,170 - LePage - INFO - 点击元素成功: text=我已了解
2025-01-29 10:20:32,369 - LePage - INFO - 点击元素成功: text=我已了解
2025-01-29 10:20:32,724 - LePage - INFO - 点击元素成功: text=我已了解
2025-01-29 10:20:38,934 - LePage - INFO - 点击元素成功: text=我已了解
2025-01-29 10:20:40,140 - LePage - INFO - 点击元素成功: text=我已了解
2025-01-29 10:20:44,311 - LePage - INFO - 点击元素成功: text=我已了解
2025-01-29 10:20:48,711 - LePage - INFO - 点击元素成功: text=我已了解
2025-01-29 10:20:52,778 - LePage - ERROR - 查找元素失败: text=我已了解, 错误: 
与页面的连接已断开。
版本: 4.1.0.17
2025-01-29 10:20:52,779 - LePage - ERROR - 点击元素失败: text=我已了解, 错误: 
与页面的连接已断开。
版本: 4.1.0.17
2025-01-29 10:20:52,779 - LePage - ERROR - 验证失败: 
与页面的连接已断开。
版本: 4.1.0.17
2025-01-29 10:20:53,811 - LePage - ERROR - 查找元素失败: text=验证, 错误: 
与页面的连接已断开。
版本: 4.1.0.17
2025-01-29 10:20:53,811 - LePage - ERROR - 验证失败: 
与页面的连接已断开。
版本: 4.1.0.17
2025-01-29 12:20:55,989 - LePage - INFO - 访问页面成功: https://sosovalue.com/zh/exp
2025-01-29 12:21:12,679 - LePage - INFO - 访问页面成功: https://sosovalue.com/zh/exp
2025-01-29 12:21:15,124 - LePage - INFO - 访问页面成功: https://sosovalue.com/zh/exp
2025-01-29 12:21:22,970 - LePage - ERROR - 点击元素失败: text=观看, 错误: 
没有找到元素。
方法: ele()
参数: {'locator': 'text=观看', 'index': 1, 'timeout': 10}
版本: 4.1.0.17
2025-01-29 12:21:22,970 - LePage - ERROR - 观看失败: 
没有找到元素。
方法: ele()
参数: {'locator': 'text=观看', 'index': 1, 'timeout': 10}
版本: 4.1.0.17
2025-01-29 12:21:31,303 - LePage - INFO - 访问页面成功: https://sosovalue.com/zh/exp
2025-01-29 12:21:39,283 - LePage - ERROR - 点击元素失败: text=观看, 错误: 
没有找到元素。
方法: ele()
参数: {'locator': 'text=观看', 'index': 1, 'timeout': 10}
版本: 4.1.0.17
2025-01-29 12:21:39,285 - LePage - ERROR - 观看失败: 
没有找到元素。
方法: ele()
参数: {'locator': 'text=观看', 'index': 1, 'timeout': 10}
版本: 4.1.0.17
2025-01-29 12:21:41,587 - LePage - ERROR - 点击元素失败: text=观看, 错误: 
没有找到元素。
方法: ele()
参数: {'locator': 'text=观看', 'index': 1, 'timeout': 10}
版本: 4.1.0.17
2025-01-29 12:21:41,587 - LePage - ERROR - 观看失败: 
没有找到元素。
方法: ele()
参数: {'locator': 'text=观看', 'index': 1, 'timeout': 10}
版本: 4.1.0.17
2025-01-29 12:22:00,854 - LePage - ERROR - 点击元素失败: text=观看, 错误: 
没有找到元素。
方法: ele()
参数: {'locator': 'text=观看', 'index': 1, 'timeout': 10}
版本: 4.1.0.17
2025-01-29 12:22:00,907 - LePage - ERROR - 观看失败: 
没有找到元素。
方法: ele()
参数: {'locator': 'text=观看', 'index': 1, 'timeout': 10}
版本: 4.1.0.17
2025-01-29 12:23:00,671 - LePage - INFO - 访问页面成功: https://sosovalue.com/zh/exp
2025-01-29 12:23:05,359 - LePage - INFO - 访问页面成功: https://sosovalue.com/zh/exp
2025-01-29 12:23:27,307 - LePage - ERROR - 点击元素失败: text=观看, 错误: 
没有找到元素。
方法: ele()
参数: {'locator': 'text=观看', 'index': 1, 'timeout': 10}
版本: 4.1.0.17
2025-01-29 12:23:27,308 - LePage - ERROR - 观看失败: 
没有找到元素。
方法: ele()
参数: {'locator': 'text=观看', 'index': 1, 'timeout': 10}
版本: 4.1.0.17
2025-01-29 12:23:31,671 - LePage - ERROR - 点击元素失败: text=观看, 错误: 
没有找到元素。
方法: ele()
参数: {'locator': 'text=观看', 'index': 1, 'timeout': 10}
版本: 4.1.0.17
2025-01-29 12:23:31,679 - LePage - ERROR - 观看失败: 
没有找到元素。
方法: ele()
参数: {'locator': 'text=观看', 'index': 1, 'timeout': 10}
版本: 4.1.0.17
2025-01-29 12:23:44,163 - LePage - INFO - 访问页面成功: https://sosovalue.com/zh/exp
2025-01-29 12:23:53,076 - LePage - INFO - 访问页面成功: https://sosovalue.com/zh/exp
2025-01-29 12:23:55,510 - LePage - INFO - 访问页面成功: https://sosovalue.com/zh/exp
2025-01-29 12:24:15,312 - LePage - ERROR - 点击元素失败: text=观看, 错误: 
没有找到元素。
方法: ele()
参数: {'locator': 'text=观看', 'index': 1, 'timeout': 10}
版本: 4.1.0.17
2025-01-29 12:24:15,313 - LePage - ERROR - 观看失败: 
没有找到元素。
方法: ele()
参数: {'locator': 'text=观看', 'index': 1, 'timeout': 10}
版本: 4.1.0.17
2025-01-29 12:24:25,984 - LePage - ERROR - 点击元素失败: text=观看, 错误: 
没有找到元素。
方法: ele()
参数: {'locator': 'text=观看', 'index': 1, 'timeout': 10}
版本: 4.1.0.17
2025-01-29 12:24:25,987 - LePage - ERROR - 观看失败: 
没有找到元素。
方法: ele()
参数: {'locator': 'text=观看', 'index': 1, 'timeout': 10}
版本: 4.1.0.17
2025-01-29 12:24:25,993 - LePage - ERROR - 点击元素失败: text=观看, 错误: 
没有找到元素。
方法: ele()
参数: {'locator': 'text=观看', 'index': 1, 'timeout': 10}
版本: 4.1.0.17
2025-01-29 12:24:25,994 - LePage - ERROR - 观看失败: 
没有找到元素。
方法: ele()
参数: {'locator': 'text=观看', 'index': 1, 'timeout': 10}
版本: 4.1.0.17
2025-01-29 12:26:15,107 - LePage - INFO - 访问页面成功: https://sosovalue.com/zh/exp
2025-01-29 12:26:23,208 - LePage - INFO - 访问页面成功: https://sosovalue.com/zh/exp
2025-01-29 12:26:35,150 - LePage - INFO - 访问页面成功: https://sosovalue.com/zh/exp
2025-01-29 12:26:59,461 - LePage - ERROR - 点击元素失败: text=观看, 错误: 
没有找到元素。
方法: ele()
参数: {'locator': 'text=观看', 'index': 1, 'timeout': 10}
版本: 4.1.0.17
2025-01-29 12:26:59,522 - LePage - ERROR - 观看失败: 
没有找到元素。
方法: ele()
参数: {'locator': 'text=观看', 'index': 1, 'timeout': 10}
版本: 4.1.0.17
2025-01-29 12:27:21,363 - LePage - ERROR - 点击元素失败: text=观看, 错误: 
没有找到元素。
方法: ele()
参数: {'locator': 'text=观看', 'index': 1, 'timeout': 10}
版本: 4.1.0.17
2025-01-29 12:27:21,379 - LePage - ERROR - 观看失败: 
没有找到元素。
方法: ele()
参数: {'locator': 'text=观看', 'index': 1, 'timeout': 10}
版本: 4.1.0.17
2025-01-29 12:27:42,141 - LePage - INFO - 访问页面成功: https://sosovalue.com/zh/exp
2025-01-29 12:28:28,352 - LePage - ERROR - 点击元素失败: text=观看, 错误: 
没有找到元素。
方法: ele()
参数: {'locator': 'text=观看', 'index': 1, 'timeout': 10}
版本: 4.1.0.17
2025-01-29 12:28:28,361 - LePage - ERROR - 观看失败: 
没有找到元素。
方法: ele()
参数: {'locator': 'text=观看', 'index': 1, 'timeout': 10}
版本: 4.1.0.17
2025-01-29 12:28:57,202 - LePage - INFO - 访问页面成功: https://sosovalue.com/zh/exp
2025-01-29 12:29:12,953 - LePage - INFO - 访问页面成功: https://sosovalue.com/zh/exp
2025-01-29 12:29:19,376 - LePage - INFO - 访问页面成功: https://sosovalue.com/zh/exp
2025-01-29 12:29:43,490 - LePage - ERROR - 点击元素失败: text=观看, 错误: 
没有找到元素。
方法: ele()
参数: {'locator': 'text=观看', 'index': 1, 'timeout': 10}
版本: 4.1.0.17
2025-01-29 12:29:44,245 - LePage - ERROR - 观看失败: 
没有找到元素。
方法: ele()
参数: {'locator': 'text=观看', 'index': 1, 'timeout': 10}
版本: 4.1.0.17
2025-01-29 12:30:00,014 - LePage - ERROR - 点击元素失败: text=观看, 错误: 
没有找到元素。
方法: ele()
参数: {'locator': 'text=观看', 'index': 1, 'timeout': 10}
版本: 4.1.0.17
2025-01-29 12:30:00,115 - LePage - ERROR - 观看失败: 
没有找到元素。
方法: ele()
参数: {'locator': 'text=观看', 'index': 1, 'timeout': 10}
版本: 4.1.0.17
2025-01-29 12:30:05,814 - LePage - ERROR - 点击元素失败: text=观看, 错误: 
没有找到元素。
方法: ele()
参数: {'locator': 'text=观看', 'index': 1, 'timeout': 10}
版本: 4.1.0.17
2025-01-29 12:30:05,833 - LePage - ERROR - 观看失败: 
没有找到元素。
方法: ele()
参数: {'locator': 'text=观看', 'index': 1, 'timeout': 10}
版本: 4.1.0.17
2025-01-29 12:31:03,819 - LePage - INFO - 访问页面成功: https://sosovalue.com/zh/exp
2025-01-29 12:31:05,491 - LePage - INFO - 访问页面成功: https://sosovalue.com/zh/exp
2025-01-29 12:31:34,906 - LePage - ERROR - 点击元素失败: text=观看, 错误: 
没有找到元素。
方法: ele()
参数: {'locator': 'text=观看', 'index': 1, 'timeout': 10}
版本: 4.1.0.17
2025-01-29 12:31:35,037 - LePage - ERROR - 观看失败: 
没有找到元素。
方法: ele()
参数: {'locator': 'text=观看', 'index': 1, 'timeout': 10}
版本: 4.1.0.17
2025-01-29 12:31:35,414 - LePage - ERROR - 点击元素失败: text=观看, 错误: 
没有找到元素。
方法: ele()
参数: {'locator': 'text=观看', 'index': 1, 'timeout': 10}
版本: 4.1.0.17
2025-01-29 12:31:35,475 - LePage - ERROR - 观看失败: 
没有找到元素。
方法: ele()
参数: {'locator': 'text=观看', 'index': 1, 'timeout': 10}
版本: 4.1.0.17
2025-01-29 12:32:31,125 - LePage - INFO - 访问页面成功: https://sosovalue.com/zh/exp
2025-01-29 12:32:43,737 - LePage - INFO - 访问页面成功: https://sosovalue.com/zh/exp
2025-01-29 12:33:10,556 - LePage - INFO - 访问页面成功: https://sosovalue.com/zh/exp
2025-01-29 12:33:18,436 - LePage - ERROR - 点击元素失败: text=观看, 错误: 
没有找到元素。
方法: ele()
参数: {'locator': 'text=观看', 'index': 1, 'timeout': 10}
版本: 4.1.0.17
2025-01-29 12:33:18,443 - LePage - ERROR - 观看失败: 
没有找到元素。
方法: ele()
参数: {'locator': 'text=观看', 'index': 1, 'timeout': 10}
版本: 4.1.0.17
2025-01-29 12:33:22,785 - LePage - ERROR - 点击元素失败: text=观看, 错误: 
没有找到元素。
方法: ele()
参数: {'locator': 'text=观看', 'index': 1, 'timeout': 10}
版本: 4.1.0.17
2025-01-29 12:33:22,789 - LePage - ERROR - 观看失败: 
没有找到元素。
方法: ele()
参数: {'locator': 'text=观看', 'index': 1, 'timeout': 10}
版本: 4.1.0.17
2025-01-29 12:33:51,357 - LePage - ERROR - 点击元素失败: text=观看, 错误: 
没有找到元素。
方法: ele()
参数: {'locator': 'text=观看', 'index': 1, 'timeout': 10}
版本: 4.1.0.17
2025-01-29 12:33:51,359 - LePage - ERROR - 观看失败: 
没有找到元素。
方法: ele()
参数: {'locator': 'text=观看', 'index': 1, 'timeout': 10}
版本: 4.1.0.17
2025-01-29 12:35:31,148 - LePage - INFO - 访问页面成功: https://sosovalue.com/zh/exp
2025-01-29 12:35:32,379 - LePage - INFO - 访问页面成功: https://sosovalue.com/zh/exp
2025-01-29 12:36:01,284 - LePage - INFO - 访问页面成功: https://sosovalue.com/zh/exp
2025-01-29 12:36:08,308 - LePage - ERROR - 点击元素失败: text=观看, 错误: 
没有找到元素。
方法: ele()
参数: {'locator': 'text=观看', 'index': 1, 'timeout': 10}
版本: 4.1.0.17
2025-01-29 12:36:08,387 - LePage - ERROR - 观看失败: 
没有找到元素。
方法: ele()
参数: {'locator': 'text=观看', 'index': 1, 'timeout': 10}
版本: 4.1.0.17
2025-01-29 12:36:08,974 - LePage - ERROR - 点击元素失败: text=观看, 错误: 
没有找到元素。
方法: ele()
参数: {'locator': 'text=观看', 'index': 1, 'timeout': 10}
版本: 4.1.0.17
2025-01-29 12:36:08,974 - LePage - ERROR - 观看失败: 
没有找到元素。
方法: ele()
参数: {'locator': 'text=观看', 'index': 1, 'timeout': 10}
版本: 4.1.0.17
2025-01-29 12:36:38,121 - LePage - ERROR - 点击元素失败: text=观看, 错误: 
没有找到元素。
方法: ele()
参数: {'locator': 'text=观看', 'index': 1, 'timeout': 10}
版本: 4.1.0.17
2025-01-29 12:36:38,136 - LePage - ERROR - 观看失败: 
没有找到元素。
方法: ele()
参数: {'locator': 'text=观看', 'index': 1, 'timeout': 10}
版本: 4.1.0.17
2025-01-29 12:38:19,727 - LePage - INFO - 访问页面成功: https://sosovalue.com/zh/exp
2025-01-29 12:38:50,635 - LePage - INFO - 访问页面成功: https://sosovalue.com/zh/exp
2025-01-29 12:39:08,071 - LePage - ERROR - 点击元素失败: text=观看, 错误: 
没有找到元素。
方法: ele()
参数: {'locator': 'text=观看', 'index': 1, 'timeout': 10}
版本: 4.1.0.17
2025-01-29 12:39:08,074 - LePage - ERROR - 观看失败: 
没有找到元素。
方法: ele()
参数: {'locator': 'text=观看', 'index': 1, 'timeout': 10}
版本: 4.1.0.17
2025-01-29 12:39:38,017 - LePage - ERROR - 点击元素失败: text=观看, 错误: 
没有找到元素。
方法: ele()
参数: {'locator': 'text=观看', 'index': 1, 'timeout': 10}
版本: 4.1.0.17
2025-01-29 12:39:38,060 - LePage - ERROR - 观看失败: 
没有找到元素。
方法: ele()
参数: {'locator': 'text=观看', 'index': 1, 'timeout': 10}
版本: 4.1.0.17
2025-01-29 12:41:28,335 - LePage - INFO - 访问页面成功: https://sosovalue.com/zh/exp
2025-01-29 12:42:15,908 - LePage - ERROR - 点击元素失败: text=观看, 错误: 
没有找到元素。
方法: ele()
参数: {'locator': 'text=观看', 'index': 1, 'timeout': 10}
版本: 4.1.0.17
2025-01-29 12:42:16,127 - LePage - ERROR - 观看失败: 
没有找到元素。
方法: ele()
参数: {'locator': 'text=观看', 'index': 1, 'timeout': 10}
版本: 4.1.0.17
2025-01-29 13:16:07,483 - LePage - INFO - 访问页面成功: https://sosovalue.com/zh/exp
2025-01-29 13:16:08,567 - LePage - INFO - 访问页面成功: https://sosovalue.com/zh/exp
2025-01-29 13:16:33,986 - LePage - ERROR - 点击元素失败: text=观看, 错误: 
没有找到元素。
方法: ele()
参数: {'locator': 'text=观看', 'index': 1, 'timeout': 10}
版本: 4.1.0.17
2025-01-29 13:16:33,987 - LePage - ERROR - 观看失败: 
没有找到元素。
方法: ele()
参数: {'locator': 'text=观看', 'index': 1, 'timeout': 10}
版本: 4.1.0.17
2025-01-29 13:16:35,184 - LePage - ERROR - 点击元素失败: text=观看, 错误: 
没有找到元素。
方法: ele()
参数: {'locator': 'text=观看', 'index': 1, 'timeout': 10}
版本: 4.1.0.17
2025-01-29 13:16:35,185 - LePage - ERROR - 观看失败: 
没有找到元素。
方法: ele()
参数: {'locator': 'text=观看', 'index': 1, 'timeout': 10}
版本: 4.1.0.17
2025-01-29 13:16:39,807 - LePage - INFO - 访问页面成功: https://sosovalue.com/zh/exp
2025-01-29 13:16:42,459 - LePage - INFO - 访问页面成功: https://sosovalue.com/zh/exp
2025-01-29 13:17:05,879 - LePage - ERROR - 点击元素失败: text=观看, 错误: 
没有找到元素。
方法: ele()
参数: {'locator': 'text=观看', 'index': 1, 'timeout': 10}
版本: 4.1.0.17
2025-01-29 13:17:05,881 - LePage - ERROR - 观看失败: 
没有找到元素。
方法: ele()
参数: {'locator': 'text=观看', 'index': 1, 'timeout': 10}
版本: 4.1.0.17
2025-01-29 13:17:08,556 - LePage - ERROR - 点击元素失败: text=观看, 错误: 
没有找到元素。
方法: ele()
参数: {'locator': 'text=观看', 'index': 1, 'timeout': 10}
版本: 4.1.0.17
2025-01-29 13:17:08,557 - LePage - ERROR - 观看失败: 
没有找到元素。
方法: ele()
参数: {'locator': 'text=观看', 'index': 1, 'timeout': 10}
版本: 4.1.0.17
2025-01-29 13:17:10,849 - LePage - INFO - 访问页面成功: https://sosovalue.com/zh/exp
2025-01-29 13:17:17,913 - LePage - INFO - 访问页面成功: https://sosovalue.com/zh/exp
2025-01-29 13:17:36,890 - LePage - ERROR - 点击元素失败: text=观看, 错误: 
没有找到元素。
方法: ele()
参数: {'locator': 'text=观看', 'index': 1, 'timeout': 10}
版本: 4.1.0.17
2025-01-29 13:17:36,891 - LePage - ERROR - 观看失败: 
没有找到元素。
方法: ele()
参数: {'locator': 'text=观看', 'index': 1, 'timeout': 10}
版本: 4.1.0.17
2025-01-29 13:17:43,970 - LePage - ERROR - 点击元素失败: text=观看, 错误: 
没有找到元素。
方法: ele()
参数: {'locator': 'text=观看', 'index': 1, 'timeout': 10}
版本: 4.1.0.17
2025-01-29 13:17:43,973 - LePage - ERROR - 观看失败: 
没有找到元素。
方法: ele()
参数: {'locator': 'text=观看', 'index': 1, 'timeout': 10}
版本: 4.1.0.17
2025-01-29 13:18:22,948 - LePage - INFO - 访问页面成功: https://sosovalue.com/zh/exp
2025-01-29 13:18:23,373 - LePage - INFO - 访问页面成功: https://sosovalue.com/zh/exp
2025-01-29 13:18:41,361 - LePage - INFO - 点击元素成功: text=观看
2025-01-29 13:18:46,061 - LePage - INFO - 点击元素成功: text=分享
2025-01-29 13:18:49,252 - LePage - ERROR - 点击元素失败: text=观看, 错误: 
没有找到元素。
方法: ele()
参数: {'locator': 'text=观看', 'index': 1, 'timeout': 10}
版本: 4.1.0.17
2025-01-29 13:18:49,266 - LePage - ERROR - 观看失败: 
没有找到元素。
方法: ele()
参数: {'locator': 'text=观看', 'index': 1, 'timeout': 10}
版本: 4.1.0.17
2025-01-29 13:18:53,361 - LePage - INFO - 点击元素成功: 引用
2025-01-29 13:18:58,345 - LePage - INFO - 点击元素成功: 回复
2025-01-29 13:19:03,400 - LePage - INFO - 点击元素成功: 点赞
2025-01-29 13:19:09,861 - LePage - INFO - 访问页面成功: https://sosovalue.com/zh/exp
2025-01-29 13:19:24,376 - LePage - INFO - 点击元素成功: text=我已了解
2025-01-29 13:19:36,172 - LePage - ERROR - 点击元素失败: text=观看, 错误: 
没有找到元素。
方法: ele()
参数: {'locator': 'text=观看', 'index': 1, 'timeout': 10}
版本: 4.1.0.17
2025-01-29 13:19:36,172 - LePage - ERROR - 观看失败: 
没有找到元素。
方法: ele()
参数: {'locator': 'text=观看', 'index': 1, 'timeout': 10}
版本: 4.1.0.17
2025-01-29 13:19:49,070 - LePage - INFO - 访问页面成功: https://sosovalue.com/zh/exp
2025-01-29 13:19:58,928 - LePage - INFO - 点击元素成功: text=我已了解
2025-01-29 13:20:07,722 - LePage - INFO - 点击元素成功: text=我已了解
2025-01-29 13:20:12,092 - LePage - ERROR - 达到最大重试次数，验证失败
2025-01-29 13:20:15,818 - LePage - ERROR - 点击元素失败: text=观看, 错误: 
没有找到元素。
方法: ele()
参数: {'locator': 'text=观看', 'index': 1, 'timeout': 10}
版本: 4.1.0.17
2025-01-29 13:20:15,821 - LePage - ERROR - 观看失败: 
没有找到元素。
方法: ele()
参数: {'locator': 'text=观看', 'index': 1, 'timeout': 10}
版本: 4.1.0.17
2025-01-29 13:21:20,540 - LePage - INFO - 访问页面成功: https://sosovalue.com/zh/exp
2025-01-29 13:21:32,924 - LePage - INFO - 访问页面成功: https://sosovalue.com/zh/exp
2025-01-29 13:21:39,606 - LePage - INFO - 点击元素成功: text=观看
2025-01-29 13:21:43,755 - LePage - INFO - 点击元素成功: text=分享
2025-01-29 13:21:51,764 - LePage - INFO - 点击元素成功: text=观看
2025-01-29 13:21:52,378 - LePage - INFO - 点击元素成功: 引用
2025-01-29 13:21:59,308 - LePage - INFO - 点击元素成功: 回复
2025-01-29 13:22:00,229 - LePage - INFO - 点击元素成功: text=分享
2025-01-29 13:22:04,206 - LePage - INFO - 点击元素成功: 点赞
2025-01-29 13:22:05,829 - LePage - INFO - 点击元素成功: 引用
2025-01-29 13:22:14,056 - LePage - INFO - 点击元素成功: 回复
2025-01-29 13:22:22,357 - LePage - INFO - 点击元素成功: 点赞
2025-01-29 13:22:32,361 - LePage - INFO - 点击元素成功: text=我已了解
2025-01-29 13:22:46,545 - LePage - INFO - 点击元素成功: text=我已了解
2025-01-29 13:22:56,116 - LePage - INFO - 点击元素成功: text=我已了解
2025-01-29 13:23:00,118 - LePage - ERROR - 点击元素失败: text=我已了解, 错误: 
没有找到元素。
方法: ele()
参数: {'locator': 'text=我已了解', 'index': 1, 'timeout': 10}
版本: 4.1.0.17
2025-01-29 13:23:00,119 - LePage - ERROR - 验证失败: 
没有找到元素。
方法: ele()
参数: {'locator': 'text=我已了解', 'index': 1, 'timeout': 10}
版本: 4.1.0.17
2025-01-29 13:23:07,308 - LePage - INFO - 点击元素成功: text=我已了解
2025-01-29 13:23:20,653 - LePage - INFO - 点击元素成功: text=我已了解
2025-01-29 13:23:31,250 - LePage - INFO - 点击元素成功: text=我已了解
2025-01-29 13:23:33,956 - LePage - INFO - 点击元素成功: text=我已了解
2025-01-29 13:23:37,443 - LePage - ERROR - 达到最大重试次数，验证失败
2025-01-29 13:24:37,215 - LePage - INFO - 访问页面成功: https://sosovalue.com/zh/exp
2025-01-29 13:24:48,958 - LePage - INFO - 访问页面成功: https://sosovalue.com/zh/exp
2025-01-29 13:24:56,537 - LePage - INFO - 点击元素成功: text=观看
2025-01-29 13:25:06,845 - LePage - INFO - 点击元素成功: text=分享
2025-01-29 13:25:08,242 - LePage - INFO - 点击元素成功: text=观看
2025-01-29 13:25:16,560 - LePage - INFO - 点击元素成功: text=分享
2025-01-29 13:25:16,636 - LePage - INFO - 点击元素成功: 引用
2025-01-29 13:25:24,512 - LePage - INFO - 点击元素成功: 回复
2025-01-29 13:25:24,541 - LePage - INFO - 点击元素成功: 引用
2025-01-29 13:25:31,944 - LePage - INFO - 点击元素成功: 回复
2025-01-29 13:25:32,043 - LePage - INFO - 点击元素成功: 点赞
2025-01-29 13:25:40,513 - LePage - INFO - 点击元素成功: 点赞
2025-01-29 13:26:44,638 - LePage - INFO - 访问页面成功: https://sosovalue.com/zh/exp
2025-01-29 13:27:02,298 - LePage - INFO - 点击元素成功: text=观看
2025-01-29 13:27:11,828 - LePage - INFO - 点击元素成功: text=分享
2025-01-29 13:27:18,807 - LePage - INFO - 点击元素成功: 引用
2025-01-29 13:27:25,243 - LePage - INFO - 点击元素成功: 回复
2025-01-29 13:27:32,616 - LePage - INFO - 点击元素成功: 点赞
2025-01-29 13:27:53,872 - LePage - INFO - 点击元素成功: text=我已了解
2025-01-29 13:28:01,944 - LePage - INFO - 点击元素成功: text=我已了解
2025-01-29 13:28:12,243 - LePage - INFO - 点击元素成功: text=我已了解
2025-01-29 13:28:21,781 - LePage - INFO - 点击元素成功: text=我已了解
2025-01-29 13:28:28,675 - LePage - INFO - 点击元素成功: text=我已了解
2025-01-29 17:50:41,865 - LePage - INFO - 访问页面成功: https://sosovalue.com/zh/exp
2025-01-29 17:50:50,004 - LePage - INFO - 访问页面成功: https://sosovalue.com/zh/exp
2025-01-29 17:51:11,512 - LePage - INFO - 观看任务未找到
2025-01-29 17:51:11,513 - LePage - INFO - 观看任务已完成，跳过
2025-01-29 17:51:20,966 - LePage - INFO - 观看任务未找到
2025-01-29 17:51:20,966 - LePage - INFO - 观看任务已完成，跳过
2025-01-29 17:51:21,295 - LePage - ERROR - 点击元素失败: text=分享, 错误: list index out of range
2025-01-29 17:51:21,295 - LePage - ERROR - 分享失败: list index out of range
2025-01-29 17:51:32,709 - LePage - INFO - 访问页面成功: https://sosovalue.com/zh/exp
2025-01-29 17:51:41,344 - LePage - INFO - 分享任务未找到
2025-01-29 17:51:41,345 - LePage - INFO - 分享任务已完成，跳过
2025-01-29 17:51:52,722 - LePage - ERROR - 点击元素失败: 引用, 错误: 
该元素没有位置及大小。
版本: 4.1.0.17
2025-01-29 17:51:52,722 - LePage - ERROR - 引用失败: 
该元素没有位置及大小。
版本: 4.1.0.17
2025-01-29 17:52:00,779 - LePage - INFO - 观看任务未找到
2025-01-29 17:52:00,782 - LePage - INFO - 观看任务已完成，跳过
2025-01-29 17:52:00,889 - LePage - INFO - 访问页面成功: https://sosovalue.com/zh/exp
2025-01-29 17:52:08,163 - LePage - ERROR - 点击元素失败: text=分享, 错误: list index out of range
2025-01-29 17:52:08,163 - LePage - ERROR - 分享失败: list index out of range
2025-01-29 17:52:15,769 - LePage - INFO - 访问页面成功: https://sosovalue.com/zh/exp
2025-01-29 17:52:28,916 - LePage - INFO - 观看任务未找到
2025-01-29 17:52:28,917 - LePage - INFO - 观看任务已完成，跳过
2025-01-29 17:52:38,437 - LePage - ERROR - 点击元素失败: text=分享, 错误: list index out of range
2025-01-29 17:52:38,437 - LePage - ERROR - 分享失败: list index out of range
2025-01-29 17:52:43,042 - LePage - INFO - 访问页面成功: https://sosovalue.com/zh/exp
2025-01-29 17:52:43,800 - LePage - INFO - 观看任务未找到
2025-01-29 17:52:43,800 - LePage - INFO - 观看任务已完成，跳过
2025-01-29 17:52:52,929 - LePage - ERROR - 点击元素失败: text=分享, 错误: list index out of range
2025-01-29 17:52:52,930 - LePage - ERROR - 分享失败: list index out of range
2025-01-29 17:53:06,154 - LePage - ERROR - 查找元素失败: text=观看, 错误: 
与页面的连接已断开。
版本: 4.1.0.17
2025-01-29 17:53:06,171 - LePage - ERROR - 检查任务状态失败: 
与页面的连接已断开。
版本: 4.1.0.17
2025-01-29 17:53:06,172 - LePage - ERROR - 观看失败: 
与页面的连接已断开。
版本: 4.1.0.17
2025-01-29 17:53:18,694 - LePage - INFO - 访问页面成功: https://sosovalue.com/zh/exp
2025-01-29 17:53:25,515 - LePage - INFO - 访问页面成功: https://sosovalue.com/zh/exp
2025-01-29 17:53:48,004 - LePage - INFO - 观看任务未找到
2025-01-29 17:53:48,006 - LePage - INFO - 观看任务已完成，跳过
2025-01-29 17:53:54,107 - LePage - INFO - 观看任务未找到
2025-01-29 17:53:54,108 - LePage - INFO - 观看任务已完成，跳过
2025-01-29 17:53:58,158 - LePage - ERROR - 点击元素失败: text=分享, 错误: list index out of range
2025-01-29 17:53:58,158 - LePage - ERROR - 分享失败: list index out of range
2025-01-29 17:54:00,309 - LePage - ERROR - 点击元素失败: text=分享, 错误: list index out of range
2025-01-29 17:54:00,309 - LePage - ERROR - 分享失败: list index out of range
2025-01-29 18:10:07,039 - LePage - INFO - 访问页面成功: https://sosovalue.com/zh/exp
2025-01-29 18:10:07,704 - LePage - INFO - 访问页面成功: https://sosovalue.com/zh/exp
2025-01-29 18:10:35,207 - LePage - INFO - 观看任务未找到
2025-01-29 18:10:35,208 - LePage - INFO - 观看任务已完成，跳过
2025-01-29 18:10:36,990 - LePage - INFO - 观看任务未找到
2025-01-29 18:10:36,990 - LePage - INFO - 观看任务已完成，跳过
2025-01-29 18:10:43,499 - LePage - INFO - 分享任务未找到
2025-01-29 18:10:43,499 - LePage - INFO - 分享任务已完成，跳过
2025-01-29 18:10:44,172 - LePage - INFO - 分享任务未找到
2025-01-29 18:10:44,172 - LePage - INFO - 分享任务已完成，跳过
2025-01-29 18:11:35,310 - LePage - INFO - 未找到验证按钮
2025-01-29 18:11:35,427 - LePage - INFO - 未找到验证按钮
2025-01-29 18:12:19,901 - LePage - INFO - 访问页面成功: https://sosovalue.com/zh/exp
2025-01-29 18:12:26,755 - LePage - INFO - 访问页面成功: https://sosovalue.com/zh/exp
2025-01-29 18:12:49,049 - LePage - INFO - 观看任务未找到
2025-01-29 18:12:49,050 - LePage - INFO - 观看任务已完成，跳过
2025-01-29 18:12:55,635 - LePage - INFO - 观看任务未找到
2025-01-29 18:12:55,636 - LePage - INFO - 观看任务已完成，跳过
2025-01-29 18:12:59,424 - LePage - INFO - 分享任务未找到
2025-01-29 18:12:59,425 - LePage - INFO - 分享任务已完成，跳过
2025-01-29 18:13:05,004 - LePage - INFO - 分享任务未找到
2025-01-29 18:13:05,004 - LePage - INFO - 分享任务已完成，跳过
2025-01-29 18:13:51,043 - LePage - INFO - 未找到验证按钮
2025-01-29 18:13:55,201 - LePage - INFO - 未找到验证按钮
2025-01-29 18:14:19,921 - LePage - INFO - 访问页面成功: https://sosovalue.com/zh/exp
2025-01-29 18:14:25,166 - LePage - INFO - 访问页面成功: https://sosovalue.com/zh/exp
2025-01-29 18:14:48,057 - LePage - INFO - 观看任务未找到
2025-01-29 18:14:48,058 - LePage - INFO - 观看任务已完成，跳过
2025-01-29 18:14:53,692 - LePage - INFO - 观看任务未找到
2025-01-29 18:14:53,692 - LePage - INFO - 观看任务已完成，跳过
2025-01-29 18:14:57,330 - LePage - INFO - 分享任务未找到
2025-01-29 18:14:57,330 - LePage - INFO - 分享任务已完成，跳过
2025-01-29 18:14:59,281 - LePage - INFO - 分享任务未找到
2025-01-29 18:14:59,281 - LePage - INFO - 分享任务已完成，跳过
2025-01-29 18:15:07,339 - LePage - INFO - 点击元素成功: 引用
2025-01-29 18:15:15,526 - LePage - INFO - 点击元素成功: 回复
2025-01-29 18:15:22,396 - LePage - INFO - 点击元素成功: 点赞
2025-01-29 18:15:38,844 - LePage - INFO - 找到 3 个验证按钮
2025-01-29 18:15:38,844 - LePage - INFO - 开始验证尝试
2025-01-29 18:15:44,131 - LePage - INFO - 验证结果数量: 3
2025-01-29 18:15:44,132 - LePage - WARNING - 验证未通过
2025-01-29 18:15:45,682 - LePage - INFO - 点击元素成功: @xmlns=http://www.w3.org/2000/svg
2025-01-29 18:15:45,682 - LePage - INFO - 关闭验证失败弹窗
2025-01-29 18:15:45,682 - LePage - INFO - 等待60秒后可重新验证...
2025-01-29 18:15:50,479 - LePage - INFO - 未找到验证按钮
2025-01-29 18:16:15,971 - LePage - INFO - 访问页面成功: https://sosovalue.com/zh/exp
2025-01-29 18:16:34,030 - LePage - INFO - 观看任务未找到
2025-01-29 18:16:34,031 - LePage - INFO - 观看任务已完成，跳过
2025-01-29 18:16:41,856 - LePage - INFO - 点击元素成功: text=分享
2025-01-29 18:16:45,685 - LePage - INFO - 开始验证尝试
2025-01-29 18:16:49,874 - LePage - INFO - 点击元素成功: 引用
2025-01-29 18:16:50,991 - LePage - INFO - 验证结果数量: 3
2025-01-29 18:16:50,991 - LePage - WARNING - 验证未通过
2025-01-29 18:16:52,483 - LePage - INFO - 点击元素成功: @xmlns=http://www.w3.org/2000/svg
2025-01-29 18:16:52,483 - LePage - INFO - 关闭验证失败弹窗
2025-01-29 18:16:52,483 - LePage - INFO - 等待60秒后可重新验证...
2025-01-29 18:17:00,143 - LePage - INFO - 点击元素成功: 回复
2025-01-29 18:17:08,284 - LePage - INFO - 点击元素成功: 点赞
2025-01-29 18:17:25,193 - LePage - INFO - 找到 5 个验证按钮
2025-01-29 18:17:25,194 - LePage - INFO - 开始验证尝试
2025-01-29 18:17:30,475 - LePage - INFO - 验证结果数量: 1
2025-01-29 18:17:34,097 - LePage - INFO - 点击元素成功: text=我已了解
2025-01-29 18:17:34,098 - LePage - INFO - 验证确认成功
2025-01-29 18:17:34,098 - LePage - INFO - 开始验证尝试
2025-01-29 18:17:39,367 - LePage - INFO - 验证结果数量: 1
2025-01-29 18:17:43,001 - LePage - INFO - 点击元素成功: text=我已了解
2025-01-29 18:17:43,002 - LePage - INFO - 验证确认成功
2025-01-29 18:17:43,003 - LePage - INFO - 开始验证尝试
2025-01-29 18:17:48,390 - LePage - INFO - 验证结果数量: 1
2025-01-29 18:17:52,117 - LePage - INFO - 点击元素成功: text=我已了解
2025-01-29 18:17:52,118 - LePage - INFO - 验证确认成功
2025-01-29 18:17:52,118 - LePage - INFO - 开始验证尝试
2025-01-29 18:17:52,489 - LePage - INFO - 开始验证尝试
2025-01-29 18:17:57,376 - LePage - INFO - 验证结果数量: 1
2025-01-29 18:17:57,776 - LePage - INFO - 验证结果数量: 3
2025-01-29 18:17:57,776 - LePage - WARNING - 验证未通过
2025-01-29 18:17:59,341 - LePage - INFO - 点击元素成功: @xmlns=http://www.w3.org/2000/svg
2025-01-29 18:17:59,342 - LePage - INFO - 关闭验证失败弹窗
2025-01-29 18:17:59,342 - LePage - INFO - 等待60秒后可重新验证...
2025-01-29 18:18:01,118 - LePage - INFO - 点击元素成功: text=我已了解
2025-01-29 18:18:01,118 - LePage - INFO - 验证确认成功
2025-01-29 18:18:01,118 - LePage - INFO - 开始验证尝试
2025-01-29 18:18:06,396 - LePage - INFO - 验证结果数量: 1
2025-01-29 18:18:10,208 - LePage - INFO - 点击元素成功: text=我已了解
2025-01-29 18:18:10,208 - LePage - INFO - 验证确认成功
2025-01-29 18:18:10,208 - LePage - INFO - 所有验证按钮处理完成
2025-01-29 18:18:33,776 - LePage - INFO - 访问页面成功: https://sosovalue.com/zh/exp
2025-01-29 18:18:52,994 - LePage - INFO - 观看任务未找到
2025-01-29 18:18:52,994 - LePage - INFO - 观看任务已完成，跳过
2025-01-29 18:18:59,344 - LePage - INFO - 开始验证尝试
2025-01-29 18:19:02,214 - LePage - INFO - 点击元素成功: text=分享
2025-01-29 18:19:04,681 - LePage - INFO - 验证结果数量: 1
2025-01-29 18:19:10,492 - LePage - INFO - 点击元素成功: text=我已了解
2025-01-29 18:19:10,494 - LePage - INFO - 验证确认成功
2025-01-29 18:19:10,494 - LePage - INFO - 开始验证尝试
2025-01-29 18:19:11,916 - LePage - INFO - 点击元素成功: 引用
2025-01-29 18:19:15,767 - LePage - INFO - 验证结果数量: 1
2025-01-29 18:19:19,752 - LePage - INFO - 点击元素成功: 回复
2025-01-29 18:19:22,310 - LePage - INFO - 点击元素成功: text=我已了解
2025-01-29 18:19:22,311 - LePage - INFO - 验证确认成功
2025-01-29 18:19:22,314 - LePage - INFO - 开始验证尝试
2025-01-29 18:19:27,616 - LePage - INFO - 验证结果数量: 1
2025-01-29 18:19:29,689 - LePage - INFO - 点击元素成功: 点赞
2025-01-29 18:19:33,493 - LePage - INFO - 点击元素成功: text=我已了解
2025-01-29 18:19:33,497 - LePage - INFO - 验证确认成功
2025-01-29 18:19:33,497 - LePage - INFO - 所有验证按钮处理完成
2025-01-29 18:19:44,003 - LePage - INFO - 找到 5 个验证按钮
2025-01-29 18:19:44,012 - LePage - INFO - 开始验证尝试
2025-01-29 18:19:49,319 - LePage - INFO - 验证结果数量: 1
2025-01-29 18:20:02,438 - LePage - ERROR - 点击元素失败: text=我已了解, 错误: 
该元素没有位置及大小。
版本: 4.1.0.17
2025-01-29 18:20:02,455 - LePage - ERROR - 点击确认按钮失败: 
该元素没有位置及大小。
版本: 4.1.0.17
2025-01-29 18:20:02,455 - LePage - INFO - 开始验证尝试
2025-01-29 18:20:03,351 - LePage - INFO - 访问页面成功: https://sosovalue.com/zh/exp
2025-01-29 18:20:05,971 - LePage - ERROR - 验证处理失败: 
该元素没有位置及大小。
版本: 4.1.0.17
2025-01-29 18:20:05,977 - LePage - ERROR - 验证过程发生错误: 
该元素没有位置及大小。
版本: 4.1.0.17
2025-01-29 18:20:08,010 - LePage - INFO - 开始验证尝试
2025-01-29 18:20:11,516 - LePage - ERROR - 验证处理失败: 
该元素没有位置及大小。
版本: 4.1.0.17
2025-01-29 18:20:11,517 - LePage - ERROR - 验证过程发生错误: 
该元素没有位置及大小。
版本: 4.1.0.17
2025-01-29 18:20:13,570 - LePage - INFO - 开始验证尝试
2025-01-29 18:20:17,083 - LePage - ERROR - 验证处理失败: 
该元素没有位置及大小。
版本: 4.1.0.17
2025-01-29 18:20:17,084 - LePage - ERROR - 验证过程发生错误: 
该元素没有位置及大小。
版本: 4.1.0.17
2025-01-29 18:20:19,089 - LePage - INFO - 开始验证尝试
2025-01-29 18:20:22,659 - LePage - ERROR - 验证处理失败: 
该元素没有位置及大小。
版本: 4.1.0.17
2025-01-29 18:20:22,660 - LePage - ERROR - 验证过程发生错误: 
该元素没有位置及大小。
版本: 4.1.0.17
2025-01-29 18:20:24,666 - LePage - INFO - 开始验证尝试
2025-01-29 18:20:28,178 - LePage - ERROR - 验证处理失败: 
该元素没有位置及大小。
版本: 4.1.0.17
2025-01-29 18:20:28,179 - LePage - ERROR - 验证过程发生错误: 
该元素没有位置及大小。
版本: 4.1.0.17
2025-01-29 18:20:30,184 - LePage - INFO - 开始验证尝试
2025-01-29 18:20:33,691 - LePage - ERROR - 验证处理失败: 
该元素没有位置及大小。
版本: 4.1.0.17
2025-01-29 18:20:33,693 - LePage - ERROR - 验证过程发生错误: 
该元素没有位置及大小。
版本: 4.1.0.17
2025-01-29 18:20:35,698 - LePage - INFO - 开始验证尝试
2025-01-29 18:20:35,698 - LePage - INFO - 观看任务未找到
2025-01-29 18:20:35,699 - LePage - INFO - 观看任务已完成，跳过
2025-01-29 18:20:39,222 - LePage - ERROR - 验证处理失败: 
该元素没有位置及大小。
版本: 4.1.0.17
2025-01-29 18:20:39,223 - LePage - ERROR - 验证过程发生错误: 
该元素没有位置及大小。
版本: 4.1.0.17
2025-01-29 18:20:41,227 - LePage - INFO - 开始验证尝试
2025-01-29 18:20:42,058 - LePage - INFO - 分享任务未找到
2025-01-29 18:20:42,059 - LePage - INFO - 分享任务已完成，跳过
2025-01-29 18:20:44,736 - LePage - ERROR - 验证处理失败: 
该元素没有位置及大小。
版本: 4.1.0.17
2025-01-29 18:20:44,737 - LePage - ERROR - 验证过程发生错误: 
该元素没有位置及大小。
版本: 4.1.0.17
2025-01-29 18:20:46,768 - LePage - INFO - 开始验证尝试
2025-01-29 18:20:50,284 - LePage - ERROR - 验证处理失败: 
该元素没有位置及大小。
版本: 4.1.0.17
2025-01-29 18:20:50,284 - LePage - ERROR - 验证过程发生错误: 
该元素没有位置及大小。
版本: 4.1.0.17
2025-01-29 18:20:52,290 - LePage - INFO - 开始验证尝试
2025-01-29 18:20:55,801 - LePage - ERROR - 验证处理失败: 
该元素没有位置及大小。
版本: 4.1.0.17
2025-01-29 18:20:55,802 - LePage - ERROR - 验证过程发生错误: 
该元素没有位置及大小。
版本: 4.1.0.17
2025-01-29 18:20:57,811 - LePage - INFO - 开始验证尝试
2025-01-29 18:21:01,322 - LePage - ERROR - 验证处理失败: 
该元素没有位置及大小。
版本: 4.1.0.17
2025-01-29 18:21:01,324 - LePage - ERROR - 验证过程发生错误: 
该元素没有位置及大小。
版本: 4.1.0.17
2025-01-29 18:21:03,329 - LePage - INFO - 开始验证尝试
2025-01-29 18:21:06,936 - LePage - ERROR - 验证处理失败: 
该元素没有位置及大小。
版本: 4.1.0.17
2025-01-29 18:21:06,948 - LePage - ERROR - 验证过程发生错误: 
该元素没有位置及大小。
版本: 4.1.0.17
2025-01-29 18:21:09,063 - LePage - INFO - 开始验证尝试
2025-01-29 18:21:12,582 - LePage - ERROR - 验证处理失败: 
该元素没有位置及大小。
版本: 4.1.0.17
2025-01-29 18:21:12,584 - LePage - ERROR - 验证过程发生错误: 
该元素没有位置及大小。
版本: 4.1.0.17
2025-01-29 18:21:14,586 - LePage - INFO - 开始验证尝试
2025-01-29 18:21:18,097 - LePage - ERROR - 验证处理失败: 
该元素没有位置及大小。
版本: 4.1.0.17
2025-01-29 18:21:18,103 - LePage - ERROR - 验证过程发生错误: 
该元素没有位置及大小。
版本: 4.1.0.17
2025-01-29 18:21:19,361 - LePage - INFO - 找到 1 个验证按钮
2025-01-29 18:21:19,361 - LePage - INFO - 开始验证尝试
2025-01-29 18:21:20,106 - LePage - INFO - 开始验证尝试
2025-01-29 18:21:23,610 - LePage - ERROR - 验证处理失败: 
该元素没有位置及大小。
版本: 4.1.0.17
2025-01-29 18:21:23,611 - LePage - ERROR - 验证过程发生错误: 
该元素没有位置及大小。
版本: 4.1.0.17
2025-01-29 18:21:24,677 - LePage - INFO - 验证结果数量: 2
2025-01-29 18:21:25,616 - LePage - INFO - 开始验证尝试
2025-01-29 18:21:29,128 - LePage - ERROR - 验证处理失败: 
该元素没有位置及大小。
版本: 4.1.0.17
2025-01-29 18:21:29,136 - LePage - ERROR - 验证过程发生错误: 
该元素没有位置及大小。
版本: 4.1.0.17
2025-01-29 18:21:31,141 - LePage - INFO - 开始验证尝试
2025-01-29 18:21:34,659 - LePage - ERROR - 验证处理失败: 
该元素没有位置及大小。
版本: 4.1.0.17
2025-01-29 18:21:34,661 - LePage - ERROR - 验证过程发生错误: 
该元素没有位置及大小。
版本: 4.1.0.17
2025-01-29 18:21:36,666 - LePage - INFO - 开始验证尝试
2025-01-29 18:21:36,711 - LePage - ERROR - 点击元素失败: text=我已了解, 错误: 
没有找到元素。
方法: ele()
参数: {'locator': 'text=我已了解', 'index': 1, 'timeout': 10}
版本: 4.1.0.17
2025-01-29 18:21:36,712 - LePage - ERROR - 点击确认按钮失败: 
没有找到元素。
方法: ele()
参数: {'locator': 'text=我已了解', 'index': 1, 'timeout': 10}
版本: 4.1.0.17
2025-01-29 18:21:36,714 - LePage - INFO - 开始验证尝试
2025-01-29 18:21:40,174 - LePage - ERROR - 验证处理失败: 
该元素没有位置及大小。
版本: 4.1.0.17
2025-01-29 18:21:40,175 - LePage - ERROR - 验证过程发生错误: 
该元素没有位置及大小。
版本: 4.1.0.17
2025-01-29 18:21:42,063 - LePage - INFO - 验证结果数量: 1
2025-01-29 18:21:42,178 - LePage - INFO - 开始验证尝试
2025-01-29 18:21:45,690 - LePage - ERROR - 验证处理失败: 
该元素没有位置及大小。
版本: 4.1.0.17
2025-01-29 18:21:45,691 - LePage - ERROR - 验证过程发生错误: 
该元素没有位置及大小。
版本: 4.1.0.17
2025-01-29 18:21:47,692 - LePage - INFO - 开始验证尝试
2025-01-29 18:21:51,207 - LePage - ERROR - 验证处理失败: 
该元素没有位置及大小。
版本: 4.1.0.17
2025-01-29 18:21:51,208 - LePage - ERROR - 验证过程发生错误: 
该元素没有位置及大小。
版本: 4.1.0.17
2025-01-29 18:21:53,210 - LePage - INFO - 开始验证尝试
2025-01-29 18:21:54,073 - LePage - ERROR - 点击元素失败: text=我已了解, 错误: 
没有找到元素。
方法: ele()
参数: {'locator': 'text=我已了解', 'index': 1, 'timeout': 10}
版本: 4.1.0.17
2025-01-29 18:21:54,074 - LePage - ERROR - 点击确认按钮失败: 
没有找到元素。
方法: ele()
参数: {'locator': 'text=我已了解', 'index': 1, 'timeout': 10}
版本: 4.1.0.17
2025-01-29 18:21:54,074 - LePage - INFO - 开始验证尝试
2025-01-29 18:21:56,760 - LePage - ERROR - 验证处理失败: 
该元素没有位置及大小。
版本: 4.1.0.17
2025-01-29 18:21:56,762 - LePage - ERROR - 验证过程发生错误: 
该元素没有位置及大小。
版本: 4.1.0.17
2025-01-29 18:21:58,767 - LePage - INFO - 开始验证尝试
2025-01-29 18:21:59,342 - LePage - INFO - 验证结果数量: 1
2025-01-29 18:22:02,271 - LePage - ERROR - 验证处理失败: 
该元素没有位置及大小。
版本: 4.1.0.17
2025-01-29 18:22:02,272 - LePage - ERROR - 验证过程发生错误: 
该元素没有位置及大小。
版本: 4.1.0.17
2025-01-29 18:22:04,278 - LePage - INFO - 开始验证尝试
2025-01-29 18:22:07,782 - LePage - ERROR - 验证处理失败: 
该元素没有位置及大小。
版本: 4.1.0.17
2025-01-29 18:22:07,785 - LePage - ERROR - 验证过程发生错误: 
该元素没有位置及大小。
版本: 4.1.0.17
2025-01-29 18:22:09,791 - LePage - INFO - 开始验证尝试
2025-01-29 18:22:11,363 - LePage - ERROR - 点击元素失败: text=我已了解, 错误: 
没有找到元素。
方法: ele()
参数: {'locator': 'text=我已了解', 'index': 1, 'timeout': 10}
版本: 4.1.0.17
2025-01-29 18:22:11,365 - LePage - ERROR - 点击确认按钮失败: 
没有找到元素。
方法: ele()
参数: {'locator': 'text=我已了解', 'index': 1, 'timeout': 10}
版本: 4.1.0.17
2025-01-29 18:22:11,377 - LePage - INFO - 开始验证尝试
2025-01-29 18:22:13,380 - LePage - ERROR - 验证处理失败: 
该元素没有位置及大小。
版本: 4.1.0.17
2025-01-29 18:22:13,381 - LePage - ERROR - 验证过程发生错误: 
该元素没有位置及大小。
版本: 4.1.0.17
2025-01-29 18:22:15,387 - LePage - INFO - 开始验证尝试
2025-01-29 18:22:16,649 - LePage - INFO - 验证结果数量: 1
2025-01-29 18:22:18,911 - LePage - ERROR - 验证处理失败: 
该元素没有位置及大小。
版本: 4.1.0.17
2025-01-29 18:22:18,913 - LePage - ERROR - 验证过程发生错误: 
该元素没有位置及大小。
版本: 4.1.0.17
2025-01-29 18:22:20,918 - LePage - INFO - 开始验证尝试
2025-01-29 18:22:24,428 - LePage - ERROR - 验证处理失败: 
该元素没有位置及大小。
版本: 4.1.0.17
2025-01-29 18:22:24,429 - LePage - ERROR - 验证过程发生错误: 
该元素没有位置及大小。
版本: 4.1.0.17
2025-01-29 18:22:26,432 - LePage - INFO - 开始验证尝试
2025-01-29 18:22:28,662 - LePage - ERROR - 点击元素失败: text=我已了解, 错误: 
没有找到元素。
方法: ele()
参数: {'locator': 'text=我已了解', 'index': 1, 'timeout': 10}
版本: 4.1.0.17
2025-01-29 18:22:28,663 - LePage - ERROR - 点击确认按钮失败: 
没有找到元素。
方法: ele()
参数: {'locator': 'text=我已了解', 'index': 1, 'timeout': 10}
版本: 4.1.0.17
2025-01-29 18:22:28,663 - LePage - INFO - 开始验证尝试
2025-01-29 18:22:29,940 - LePage - ERROR - 验证处理失败: 
该元素没有位置及大小。
版本: 4.1.0.17
2025-01-29 18:22:29,941 - LePage - ERROR - 验证过程发生错误: 
该元素没有位置及大小。
版本: 4.1.0.17
2025-01-29 18:22:31,947 - LePage - INFO - 开始验证尝试
2025-01-29 18:22:33,973 - LePage - INFO - 验证结果数量: 2
2025-01-29 18:22:35,460 - LePage - ERROR - 验证处理失败: 
该元素没有位置及大小。
版本: 4.1.0.17
2025-01-29 18:22:35,461 - LePage - ERROR - 验证过程发生错误: 
该元素没有位置及大小。
版本: 4.1.0.17
2025-01-29 18:22:37,466 - LePage - INFO - 开始验证尝试
2025-01-29 18:22:40,993 - LePage - ERROR - 验证处理失败: 
该元素没有位置及大小。
版本: 4.1.0.17
2025-01-29 18:22:40,994 - LePage - ERROR - 验证过程发生错误: 
该元素没有位置及大小。
版本: 4.1.0.17
2025-01-29 18:22:43,003 - LePage - INFO - 开始验证尝试
2025-01-29 18:22:45,977 - LePage - ERROR - 点击元素失败: text=我已了解, 错误: 
没有找到元素。
方法: ele()
参数: {'locator': 'text=我已了解', 'index': 1, 'timeout': 10}
版本: 4.1.0.17
2025-01-29 18:22:45,978 - LePage - ERROR - 点击确认按钮失败: 
没有找到元素。
方法: ele()
参数: {'locator': 'text=我已了解', 'index': 1, 'timeout': 10}
版本: 4.1.0.17
2025-01-29 18:22:45,978 - LePage - INFO - 开始验证尝试
2025-01-29 18:22:46,580 - LePage - ERROR - 验证处理失败: 
该元素没有位置及大小。
版本: 4.1.0.17
2025-01-29 18:22:46,581 - LePage - ERROR - 验证过程发生错误: 
该元素没有位置及大小。
版本: 4.1.0.17
2025-01-29 18:22:48,586 - LePage - INFO - 开始验证尝试
2025-01-29 18:22:51,284 - LePage - INFO - 验证结果数量: 1
2025-01-29 18:22:52,092 - LePage - ERROR - 验证处理失败: 
该元素没有位置及大小。
版本: 4.1.0.17
2025-01-29 18:22:52,093 - LePage - ERROR - 验证过程发生错误: 
该元素没有位置及大小。
版本: 4.1.0.17
2025-01-29 18:22:54,094 - LePage - INFO - 开始验证尝试
2025-01-29 18:22:57,600 - LePage - ERROR - 验证处理失败: 
该元素没有位置及大小。
版本: 4.1.0.17
2025-01-29 18:22:57,601 - LePage - ERROR - 验证过程发生错误: 
该元素没有位置及大小。
版本: 4.1.0.17
2025-01-29 18:22:59,605 - LePage - INFO - 开始验证尝试
2025-01-29 18:23:03,114 - LePage - ERROR - 验证处理失败: 
该元素没有位置及大小。
版本: 4.1.0.17
2025-01-29 18:23:03,116 - LePage - ERROR - 验证过程发生错误: 
该元素没有位置及大小。
版本: 4.1.0.17
2025-01-29 18:23:03,297 - LePage - ERROR - 点击元素失败: text=我已了解, 错误: 
没有找到元素。
方法: ele()
参数: {'locator': 'text=我已了解', 'index': 1, 'timeout': 10}
版本: 4.1.0.17
2025-01-29 18:23:03,297 - LePage - ERROR - 点击确认按钮失败: 
没有找到元素。
方法: ele()
参数: {'locator': 'text=我已了解', 'index': 1, 'timeout': 10}
版本: 4.1.0.17
2025-01-29 18:23:03,297 - LePage - INFO - 开始验证尝试
2025-01-29 18:23:05,121 - LePage - INFO - 开始验证尝试
2025-01-29 18:23:08,631 - LePage - ERROR - 验证处理失败: 
该元素没有位置及大小。
版本: 4.1.0.17
2025-01-29 18:23:08,632 - LePage - ERROR - 验证过程发生错误: 
该元素没有位置及大小。
版本: 4.1.0.17
2025-01-29 18:23:08,827 - LePage - INFO - 验证结果数量: 1
2025-01-29 18:23:10,634 - LePage - INFO - 开始验证尝试
2025-01-29 18:23:14,145 - LePage - ERROR - 验证处理失败: 
该元素没有位置及大小。
版本: 4.1.0.17
2025-01-29 18:23:14,147 - LePage - ERROR - 验证过程发生错误: 
该元素没有位置及大小。
版本: 4.1.0.17
2025-01-29 18:23:16,152 - LePage - INFO - 开始验证尝试
2025-01-29 18:23:19,665 - LePage - ERROR - 验证处理失败: 
该元素没有位置及大小。
版本: 4.1.0.17
2025-01-29 18:23:19,666 - LePage - ERROR - 验证过程发生错误: 
该元素没有位置及大小。
版本: 4.1.0.17
2025-01-29 18:23:20,829 - LePage - ERROR - 点击元素失败: text=我已了解, 错误: 
没有找到元素。
方法: ele()
参数: {'locator': 'text=我已了解', 'index': 1, 'timeout': 10}
版本: 4.1.0.17
2025-01-29 18:23:20,830 - LePage - ERROR - 点击确认按钮失败: 
没有找到元素。
方法: ele()
参数: {'locator': 'text=我已了解', 'index': 1, 'timeout': 10}
版本: 4.1.0.17
2025-01-29 18:23:20,830 - LePage - INFO - 开始验证尝试
2025-01-29 18:23:21,668 - LePage - INFO - 开始验证尝试
2025-01-29 18:23:25,185 - LePage - ERROR - 验证处理失败: 
该元素没有位置及大小。
版本: 4.1.0.17
2025-01-29 18:23:25,186 - LePage - ERROR - 验证过程发生错误: 
该元素没有位置及大小。
版本: 4.1.0.17
2025-01-29 18:23:26,168 - LePage - INFO - 验证结果数量: 1
2025-01-29 18:23:27,186 - LePage - INFO - 开始验证尝试
2025-01-29 18:23:30,700 - LePage - ERROR - 验证处理失败: 
该元素没有位置及大小。
版本: 4.1.0.17
2025-01-29 18:23:30,701 - LePage - ERROR - 验证过程发生错误: 
该元素没有位置及大小。
版本: 4.1.0.17
2025-01-29 18:23:32,714 - LePage - INFO - 开始验证尝试
2025-01-29 18:23:36,227 - LePage - ERROR - 验证处理失败: 
该元素没有位置及大小。
版本: 4.1.0.17
2025-01-29 18:23:36,228 - LePage - ERROR - 验证过程发生错误: 
该元素没有位置及大小。
版本: 4.1.0.17
2025-01-29 18:23:38,182 - LePage - ERROR - 点击元素失败: text=我已了解, 错误: 
没有找到元素。
方法: ele()
参数: {'locator': 'text=我已了解', 'index': 1, 'timeout': 10}
版本: 4.1.0.17
2025-01-29 18:23:38,185 - LePage - ERROR - 点击确认按钮失败: 
没有找到元素。
方法: ele()
参数: {'locator': 'text=我已了解', 'index': 1, 'timeout': 10}
版本: 4.1.0.17
2025-01-29 18:23:38,186 - LePage - INFO - 开始验证尝试
2025-01-29 18:23:38,233 - LePage - INFO - 开始验证尝试
2025-01-29 18:23:41,753 - LePage - ERROR - 验证处理失败: 
该元素没有位置及大小。
版本: 4.1.0.17
2025-01-29 18:23:41,765 - LePage - ERROR - 验证过程发生错误: 
该元素没有位置及大小。
版本: 4.1.0.17
2025-01-29 18:23:43,504 - LePage - INFO - 验证结果数量: 1
2025-01-29 18:23:43,774 - LePage - INFO - 开始验证尝试
2025-01-29 18:23:47,301 - LePage - ERROR - 验证处理失败: 
该元素没有位置及大小。
版本: 4.1.0.17
2025-01-29 18:23:47,302 - LePage - ERROR - 验证过程发生错误: 
该元素没有位置及大小。
版本: 4.1.0.17
2025-01-29 18:23:49,312 - LePage - INFO - 开始验证尝试
2025-01-29 18:23:52,835 - LePage - ERROR - 验证处理失败: 
该元素没有位置及大小。
版本: 4.1.0.17
2025-01-29 18:23:52,835 - LePage - ERROR - 验证过程发生错误: 
该元素没有位置及大小。
版本: 4.1.0.17
2025-01-29 18:23:54,836 - LePage - INFO - 开始验证尝试
2025-01-29 18:23:55,555 - LePage - ERROR - 点击元素失败: text=我已了解, 错误: 
没有找到元素。
方法: ele()
参数: {'locator': 'text=我已了解', 'index': 1, 'timeout': 10}
版本: 4.1.0.17
2025-01-29 18:23:55,571 - LePage - ERROR - 点击确认按钮失败: 
没有找到元素。
方法: ele()
参数: {'locator': 'text=我已了解', 'index': 1, 'timeout': 10}
版本: 4.1.0.17
2025-01-29 18:23:55,571 - LePage - INFO - 开始验证尝试
2025-01-29 18:23:58,350 - LePage - ERROR - 验证处理失败: 
该元素没有位置及大小。
版本: 4.1.0.17
2025-01-29 18:23:58,351 - LePage - ERROR - 验证过程发生错误: 
该元素没有位置及大小。
版本: 4.1.0.17
2025-01-29 18:24:00,353 - LePage - INFO - 开始验证尝试
2025-01-29 18:24:00,921 - LePage - INFO - 验证结果数量: 1
2025-01-29 18:24:03,863 - LePage - ERROR - 验证处理失败: 
该元素没有位置及大小。
版本: 4.1.0.17
2025-01-29 18:24:03,864 - LePage - ERROR - 验证过程发生错误: 
该元素没有位置及大小。
版本: 4.1.0.17
2025-01-29 18:24:05,866 - LePage - INFO - 开始验证尝试
2025-01-29 18:24:07,308 - LePage - ERROR - 查找元素失败: text=我已了解, 错误: 
与页面的连接已断开。
版本: 4.1.0.17
2025-01-29 18:24:07,309 - LePage - ERROR - 点击元素失败: text=我已了解, 错误: 
与页面的连接已断开。
版本: 4.1.0.17
2025-01-29 18:24:07,309 - LePage - ERROR - 点击确认按钮失败: 
与页面的连接已断开。
版本: 4.1.0.17
2025-01-29 18:24:07,309 - LePage - INFO - 开始验证尝试
2025-01-29 18:24:07,869 - LePage - ERROR - 验证处理失败: 
与页面的连接已断开。
版本: 4.1.0.17
2025-01-29 18:24:07,869 - LePage - ERROR - 验证过程发生错误: 
与页面的连接已断开。
版本: 4.1.0.17
2025-01-29 18:24:09,313 - LePage - ERROR - 验证处理失败: 
与页面的连接已断开。
版本: 4.1.0.17
2025-01-29 18:24:09,313 - LePage - ERROR - 验证过程发生错误: 
与页面的连接已断开。
版本: 4.1.0.17
2025-01-29 18:24:09,872 - LePage - INFO - 开始验证尝试
2025-01-29 18:24:11,318 - LePage - INFO - 开始验证尝试
2025-01-29 18:24:11,878 - LePage - ERROR - 验证处理失败: 
与页面的连接已断开。
版本: 4.1.0.17
2025-01-29 18:24:11,878 - LePage - ERROR - 验证过程发生错误: 
与页面的连接已断开。
版本: 4.1.0.17
2025-01-29 18:24:13,324 - LePage - ERROR - 验证处理失败: 
与页面的连接已断开。
版本: 4.1.0.17
2025-01-29 18:24:13,324 - LePage - ERROR - 验证过程发生错误: 
与页面的连接已断开。
版本: 4.1.0.17
2025-01-29 18:24:13,883 - LePage - INFO - 开始验证尝试
2025-01-29 18:24:15,329 - LePage - INFO - 开始验证尝试
2025-01-29 18:24:15,888 - LePage - ERROR - 验证处理失败: 
与页面的连接已断开。
版本: 4.1.0.17
2025-01-29 18:24:15,888 - LePage - ERROR - 验证过程发生错误: 
与页面的连接已断开。
版本: 4.1.0.17
2025-01-29 18:24:17,334 - LePage - ERROR - 验证处理失败: 
与页面的连接已断开。
版本: 4.1.0.17
2025-01-29 18:24:17,334 - LePage - ERROR - 验证过程发生错误: 
与页面的连接已断开。
版本: 4.1.0.17
2025-01-29 18:24:17,891 - LePage - INFO - 开始验证尝试
2025-01-29 18:24:19,335 - LePage - INFO - 开始验证尝试
2025-01-29 18:24:19,891 - LePage - ERROR - 验证处理失败: 
与页面的连接已断开。
版本: 4.1.0.17
2025-01-29 18:24:19,891 - LePage - ERROR - 验证过程发生错误: 
与页面的连接已断开。
版本: 4.1.0.17
2025-01-29 18:24:21,337 - LePage - ERROR - 验证处理失败: 
与页面的连接已断开。
版本: 4.1.0.17
2025-01-29 18:24:21,338 - LePage - ERROR - 验证过程发生错误: 
与页面的连接已断开。
版本: 4.1.0.17
2025-01-29 18:24:21,892 - LePage - INFO - 开始验证尝试
2025-01-29 18:24:23,343 - LePage - INFO - 开始验证尝试
2025-01-29 18:24:23,897 - LePage - ERROR - 验证处理失败: 
与页面的连接已断开。
版本: 4.1.0.17
2025-01-29 18:24:23,898 - LePage - ERROR - 验证过程发生错误: 
与页面的连接已断开。
版本: 4.1.0.17
2025-01-29 18:24:25,346 - LePage - ERROR - 验证处理失败: 
与页面的连接已断开。
版本: 4.1.0.17
2025-01-29 18:24:25,346 - LePage - ERROR - 验证过程发生错误: 
与页面的连接已断开。
版本: 4.1.0.17
2025-01-29 18:24:25,903 - LePage - INFO - 开始验证尝试
2025-01-29 18:24:27,352 - LePage - INFO - 开始验证尝试
2025-01-29 18:24:27,904 - LePage - ERROR - 验证处理失败: 
与页面的连接已断开。
版本: 4.1.0.17
2025-01-29 18:24:27,904 - LePage - ERROR - 验证过程发生错误: 
与页面的连接已断开。
版本: 4.1.0.17
2025-01-29 18:24:53,126 - LePage - INFO - 访问页面成功: https://sosovalue.com/zh/exp
2025-01-29 18:24:53,827 - LePage - INFO - 访问页面成功: https://sosovalue.com/zh/exp
2025-01-29 18:25:21,203 - LePage - INFO - 观看任务未找到
2025-01-29 18:25:21,204 - LePage - INFO - 观看任务已完成，跳过
2025-01-29 18:25:21,854 - LePage - INFO - 观看任务未找到
2025-01-29 18:25:21,855 - LePage - INFO - 观看任务已完成，跳过
2025-01-29 18:25:28,969 - LePage - INFO - 分享任务未找到
2025-01-29 18:25:28,969 - LePage - INFO - 分享任务已完成，跳过
2025-01-29 18:25:29,375 - LePage - INFO - 分享任务未找到
2025-01-29 18:25:29,375 - LePage - INFO - 分享任务已完成，跳过
2025-01-29 18:26:17,542 - LePage - INFO - 未找到验证按钮
2025-01-29 18:26:25,025 - LePage - INFO - 未找到验证按钮
2025-01-29 18:26:45,643 - LePage - INFO - 访问页面成功: https://sosovalue.com/zh/exp
2025-01-29 18:26:51,774 - LePage - INFO - 访问页面成功: https://sosovalue.com/zh/exp
2025-01-29 18:27:15,508 - LePage - INFO - 观看任务未找到
2025-01-29 18:27:15,509 - LePage - INFO - 观看任务已完成，跳过
2025-01-29 18:27:20,282 - LePage - INFO - 观看任务未找到
2025-01-29 18:27:20,283 - LePage - INFO - 观看任务已完成，跳过
2025-01-29 18:27:22,784 - LePage - INFO - 分享任务未找到
2025-01-29 18:27:22,784 - LePage - INFO - 分享任务已完成，跳过
2025-01-29 18:27:26,921 - LePage - INFO - 分享任务未找到
2025-01-29 18:27:26,921 - LePage - INFO - 分享任务已完成，跳过
2025-01-29 21:34:17,445 - LePage - INFO - 访问页面成功: https://sosovalue.com/zh/exp
2025-01-29 21:34:20,593 - LePage - INFO - 访问页面成功: https://sosovalue.com/zh/exp
2025-01-29 21:34:45,500 - LePage - INFO - 观看任务未找到
2025-01-29 21:34:45,501 - LePage - INFO - 观看任务已完成，跳过
2025-01-29 21:34:48,635 - LePage - INFO - 观看任务未找到
2025-01-29 21:34:48,635 - LePage - INFO - 观看任务已完成，跳过
2025-01-29 21:34:51,784 - LePage - INFO - 分享任务未找到
2025-01-29 21:34:51,784 - LePage - INFO - 分享任务已完成，跳过
2025-01-29 21:34:57,200 - LePage - INFO - 分享任务未找到
2025-01-29 21:34:57,201 - LePage - INFO - 分享任务已完成，跳过
2025-01-29 21:35:39,905 - LePage - INFO - 未找到验证按钮
2025-01-29 21:35:44,322 - LePage - INFO - 未找到验证按钮
2025-01-29 21:35:58,577 - LePage - INFO - 访问页面成功: https://sosovalue.com/zh/exp
2025-01-29 21:36:02,429 - LePage - INFO - 访问页面成功: https://sosovalue.com/zh/exp
2025-01-29 21:36:26,600 - LePage - INFO - 观看任务未找到
2025-01-29 21:36:26,600 - LePage - INFO - 观看任务已完成，跳过
2025-01-29 21:36:30,457 - LePage - INFO - 观看任务未找到
2025-01-29 21:36:30,458 - LePage - INFO - 观看任务已完成，跳过
2025-01-29 21:36:32,365 - LePage - INFO - 分享任务未找到
2025-01-29 21:36:32,366 - LePage - INFO - 分享任务已完成，跳过
2025-01-29 21:36:40,250 - LePage - INFO - 分享任务未找到
2025-01-29 21:36:40,250 - LePage - INFO - 分享任务已完成，跳过
2025-01-29 21:37:18,277 - LePage - INFO - 未找到验证按钮
2025-01-29 21:37:27,319 - LePage - INFO - 未找到验证按钮
2025-01-29 21:37:38,862 - LePage - INFO - 访问页面成功: https://sosovalue.com/zh/exp
2025-01-29 21:37:44,848 - LePage - INFO - 访问页面成功: https://sosovalue.com/zh/exp
2025-01-29 21:38:06,882 - LePage - INFO - 观看任务未找到
2025-01-29 21:38:06,882 - LePage - INFO - 观看任务已完成，跳过
2025-01-29 21:38:12,881 - LePage - INFO - 观看任务未找到
2025-01-29 21:38:12,881 - LePage - INFO - 观看任务已完成，跳过
2025-01-29 21:38:13,428 - LePage - INFO - 分享任务未找到
2025-01-29 21:38:13,429 - LePage - INFO - 分享任务已完成，跳过
2025-01-29 21:38:19,406 - LePage - INFO - 分享任务未找到
2025-01-29 21:38:19,406 - LePage - INFO - 分享任务已完成，跳过
2025-01-29 21:38:57,901 - LePage - INFO - 未找到验证按钮
2025-01-29 21:39:05,266 - LePage - INFO - 未找到验证按钮
2025-01-29 21:39:13,558 - LePage - INFO - 访问页面成功: https://sosovalue.com/zh/exp
2025-01-29 21:39:23,839 - LePage - INFO - 访问页面成功: https://sosovalue.com/zh/exp
2025-01-29 21:39:41,591 - LePage - INFO - 观看任务未找到
2025-01-29 21:39:41,592 - LePage - INFO - 观看任务已完成，跳过
2025-01-29 21:39:50,896 - LePage - INFO - 分享任务未找到
2025-01-29 21:39:50,896 - LePage - INFO - 分享任务已完成，跳过
2025-01-29 21:39:52,204 - LePage - INFO - 观看任务未找到
2025-01-29 21:39:52,205 - LePage - INFO - 观看任务已完成，跳过
2025-01-29 21:40:00,665 - LePage - INFO - 点击元素成功: text=分享
2025-01-29 21:40:08,172 - LePage - INFO - 点击元素成功: 引用
2025-01-29 21:40:18,365 - LePage - INFO - 点击元素成功: 回复
2025-01-29 21:40:27,022 - LePage - INFO - 点击元素成功: 点赞
2025-01-29 21:40:41,225 - LePage - INFO - 未找到验证按钮
2025-01-29 21:40:43,125 - LePage - INFO - 找到 4 个验证按钮
2025-01-29 21:40:43,126 - LePage - INFO - 开始验证尝试
2025-01-29 21:40:48,422 - LePage - INFO - 验证结果数量: 3
2025-01-29 21:40:48,422 - LePage - WARNING - 验证未通过
2025-01-29 21:40:49,905 - LePage - INFO - 点击元素成功: @xmlns=http://www.w3.org/2000/svg
2025-01-29 21:40:49,905 - LePage - INFO - 关闭验证失败弹窗
2025-01-29 21:40:49,905 - LePage - INFO - 等待60秒后可重新验证...
2025-01-29 21:41:05,095 - LePage - INFO - 访问页面成功: https://sosovalue.com/zh/exp
2025-01-29 21:41:33,678 - LePage - INFO - 观看任务未找到
2025-01-29 21:41:33,679 - LePage - INFO - 观看任务已完成，跳过
2025-01-29 21:41:40,084 - LePage - INFO - 分享任务未找到
2025-01-29 21:41:40,084 - LePage - INFO - 分享任务已完成，跳过
2025-01-29 21:41:49,913 - LePage - INFO - 开始验证尝试
2025-01-29 21:41:55,185 - LePage - INFO - 验证结果数量: 1
2025-01-29 21:41:58,735 - LePage - INFO - 点击元素成功: text=我已了解
2025-01-29 21:41:58,735 - LePage - INFO - 验证确认成功
2025-01-29 21:41:58,735 - LePage - INFO - 开始验证尝试
2025-01-29 21:42:04,003 - LePage - INFO - 验证结果数量: 1
2025-01-29 21:42:07,592 - LePage - INFO - 点击元素成功: text=我已了解
2025-01-29 21:42:07,592 - LePage - INFO - 验证确认成功
2025-01-29 21:42:07,592 - LePage - INFO - 开始验证尝试
2025-01-29 21:42:12,954 - LePage - INFO - 验证结果数量: 1
2025-01-29 21:42:16,537 - LePage - INFO - 点击元素成功: text=我已了解
2025-01-29 21:42:16,537 - LePage - INFO - 验证确认成功
2025-01-29 21:42:16,537 - LePage - INFO - 开始验证尝试
2025-01-29 21:42:16,770 - LePage - INFO - 找到 1 个验证按钮
2025-01-29 21:42:16,770 - LePage - INFO - 开始验证尝试
2025-01-29 21:42:21,815 - LePage - INFO - 验证结果数量: 1
2025-01-29 21:42:22,062 - LePage - INFO - 验证结果数量: 2
2025-01-29 21:42:25,488 - LePage - INFO - 点击元素成功: text=我已了解
2025-01-29 21:42:25,489 - LePage - INFO - 验证确认成功
2025-01-29 21:42:25,489 - LePage - INFO - 所有验证按钮处理完成
2025-01-29 21:42:34,080 - LePage - ERROR - 点击元素失败: text=我已了解, 错误: 
没有找到元素。
方法: ele()
参数: {'locator': 'text=我已了解', 'index': 1, 'timeout': 10}
版本: 4.1.0.17
2025-01-29 21:42:34,080 - LePage - ERROR - 点击确认按钮失败: 
没有找到元素。
方法: ele()
参数: {'locator': 'text=我已了解', 'index': 1, 'timeout': 10}
版本: 4.1.0.17
2025-01-29 21:42:34,080 - LePage - INFO - 开始验证尝试
2025-01-29 21:42:39,368 - LePage - INFO - 验证结果数量: 1
2025-01-29 21:42:51,392 - LePage - ERROR - 点击元素失败: text=我已了解, 错误: 
没有找到元素。
方法: ele()
参数: {'locator': 'text=我已了解', 'index': 1, 'timeout': 10}
版本: 4.1.0.17
2025-01-29 21:42:51,392 - LePage - ERROR - 点击确认按钮失败: 
没有找到元素。
方法: ele()
参数: {'locator': 'text=我已了解', 'index': 1, 'timeout': 10}
版本: 4.1.0.17
2025-01-29 21:42:51,392 - LePage - INFO - 开始验证尝试
