2025-02-02 15:19:43,370 - LePage - INFO - 访问页面成功: https://sosovalue.com/zh/exp
2025-02-02 15:20:31,407 - LePage - INFO - 观看任务已完成，跳过
2025-02-02 15:20:58,115 - LePage - INFO - 分享任务已完成，跳过
2025-02-02 15:21:06,392 - LePage - INFO - 引用任务已完成，跳过
2025-02-02 15:21:14,646 - LePage - INFO - 点击元素成功: 回复
2025-02-02 15:21:24,688 - LePage - INFO - 点击元素成功: 点赞
2025-02-02 15:21:42,043 - LePage - INFO - 找到 5 个验证按钮
2025-02-02 15:21:42,043 - LePage - INFO - 开始第 1/10 次验证尝试
2025-02-02 15:21:47,316 - LePage - INFO - 验证结果数量: 1
2025-02-02 15:21:51,257 - LePage - INFO - 点击元素成功: text=我已了解
2025-02-02 15:21:51,259 - LePage - INFO - 验证确认成功
2025-02-02 15:21:51,259 - LePage - INFO - 开始第 1/10 次验证尝试
2025-02-02 15:21:56,512 - LePage - INFO - 验证结果数量: 1
2025-02-02 15:22:00,031 - LePage - INFO - 点击元素成功: text=我已了解
2025-02-02 15:22:00,034 - LePage - INFO - 验证确认成功
2025-02-02 15:22:00,034 - LePage - INFO - 开始第 1/10 次验证尝试
2025-02-02 15:22:05,313 - LePage - INFO - 验证结果数量: 3
2025-02-02 15:22:05,315 - LePage - WARNING - 第 1 次验证未通过
2025-02-02 15:22:06,860 - LePage - INFO - 点击元素成功: @xmlns=http://www.w3.org/2000/svg
2025-02-02 15:22:06,860 - LePage - INFO - 关闭验证失败弹窗
2025-02-02 15:22:06,860 - LePage - INFO - 等待60秒后可重新验证...
2025-02-02 15:23:06,863 - LePage - INFO - 开始第 2/10 次验证尝试
2025-02-02 15:23:12,123 - LePage - INFO - 验证结果数量: 1
2025-02-02 15:23:15,698 - LePage - INFO - 点击元素成功: text=我已了解
2025-02-02 15:23:15,699 - LePage - INFO - 验证确认成功
2025-02-02 15:23:15,699 - LePage - INFO - 开始第 1/10 次验证尝试
2025-02-02 15:23:20,990 - LePage - INFO - 验证结果数量: 3
2025-02-02 15:23:20,992 - LePage - WARNING - 第 1 次验证未通过
2025-02-02 15:23:22,602 - LePage - INFO - 点击元素成功: @xmlns=http://www.w3.org/2000/svg
2025-02-02 15:23:22,603 - LePage - INFO - 关闭验证失败弹窗
2025-02-02 15:23:22,603 - LePage - INFO - 等待60秒后可重新验证...
2025-02-02 15:24:22,610 - LePage - INFO - 开始第 2/10 次验证尝试
2025-02-02 15:24:27,922 - LePage - INFO - 验证结果数量: 1
2025-02-02 15:24:31,514 - LePage - INFO - 点击元素成功: text=我已了解
2025-02-02 15:24:31,519 - LePage - INFO - 验证确认成功
2025-02-02 15:24:31,519 - LePage - INFO - 开始第 1/10 次验证尝试
2025-02-02 15:24:36,785 - LePage - INFO - 验证结果数量: 1
2025-02-02 15:24:40,658 - LePage - INFO - 点击元素成功: text=我已了解
2025-02-02 15:24:40,674 - LePage - INFO - 验证确认成功
2025-02-02 15:24:40,677 - LePage - INFO - 所有验证按钮处理完成
2025-02-02 15:26:41,550 - LePage - INFO - 访问页面成功: https://sosovalue.com/zh/exp
2025-02-02 15:27:01,125 - LePage - INFO - 点击元素成功: text=观看
2025-02-02 15:27:08,057 - LePage - INFO - 点击元素成功: text=分享
2025-02-02 15:27:13,906 - LePage - INFO - 点击元素成功: 引用
2025-02-02 15:27:23,499 - LePage - INFO - 点击元素成功: 回复
2025-02-02 15:27:32,244 - LePage - INFO - 点击元素成功: 点赞
2025-02-02 15:27:50,706 - LePage - INFO - 找到 4 个验证按钮
2025-02-02 15:27:50,707 - LePage - INFO - 开始第 1/10 次验证尝试
2025-02-02 15:27:56,044 - LePage - INFO - 验证结果数量: 1
2025-02-02 15:27:59,604 - LePage - INFO - 点击元素成功: text=我已了解
2025-02-02 15:27:59,605 - LePage - INFO - 验证确认成功
2025-02-02 15:27:59,605 - LePage - INFO - 开始第 1/10 次验证尝试
2025-02-02 15:28:04,998 - LePage - INFO - 验证结果数量: 1
2025-02-02 15:28:08,604 - LePage - INFO - 点击元素成功: text=我已了解
2025-02-02 15:28:08,604 - LePage - INFO - 验证确认成功
2025-02-02 15:28:08,604 - LePage - INFO - 开始第 1/10 次验证尝试
2025-02-02 15:28:13,873 - LePage - INFO - 验证结果数量: 3
2025-02-02 15:28:13,874 - LePage - WARNING - 第 1 次验证未通过
2025-02-02 15:28:15,357 - LePage - INFO - 点击元素成功: @xmlns=http://www.w3.org/2000/svg
2025-02-02 15:28:15,357 - LePage - INFO - 关闭验证失败弹窗
2025-02-02 15:28:15,357 - LePage - INFO - 等待60秒后可重新验证...
2025-02-02 15:29:15,363 - LePage - INFO - 开始第 2/10 次验证尝试
2025-02-02 15:29:20,634 - LePage - INFO - 验证结果数量: 3
2025-02-02 15:29:20,635 - LePage - WARNING - 第 2 次验证未通过
2025-02-02 15:29:22,115 - LePage - INFO - 点击元素成功: @xmlns=http://www.w3.org/2000/svg
2025-02-02 15:29:22,116 - LePage - INFO - 关闭验证失败弹窗
2025-02-02 15:29:22,116 - LePage - INFO - 等待60秒后可重新验证...
2025-02-02 15:30:22,149 - LePage - INFO - 开始第 3/10 次验证尝试
2025-02-02 15:30:27,533 - LePage - INFO - 验证结果数量: 1
2025-02-02 15:30:31,462 - LePage - INFO - 点击元素成功: text=我已了解
2025-02-02 15:30:31,463 - LePage - INFO - 验证确认成功
2025-02-02 15:30:31,463 - LePage - INFO - 开始第 1/10 次验证尝试
2025-02-02 15:30:36,933 - LePage - INFO - 验证结果数量: 1
2025-02-02 15:30:49,049 - LePage - INFO - 点击元素成功: text=我已了解
2025-02-02 15:30:49,050 - LePage - INFO - 验证确认成功
2025-02-02 15:30:49,050 - LePage - INFO - 所有验证按钮处理完成
2025-02-02 15:31:30,497 - LePage - INFO - 访问页面成功: https://sosovalue.com/zh/exp
2025-02-02 15:31:50,542 - LePage - INFO - 点击元素成功: text=观看
2025-02-02 15:31:58,543 - LePage - INFO - 点击元素成功: text=分享
2025-02-02 15:32:07,296 - LePage - INFO - 点击元素成功: 引用
2025-02-02 15:32:15,391 - LePage - INFO - 点击元素成功: 回复
2025-02-02 15:32:22,158 - LePage - INFO - 点击元素成功: 点赞
2025-02-02 15:32:34,038 - LePage - INFO - 找到 3 个验证按钮
2025-02-02 15:32:34,038 - LePage - INFO - 开始第 1/10 次验证尝试
2025-02-02 15:32:39,340 - LePage - INFO - 验证结果数量: 1
2025-02-02 15:32:42,908 - LePage - INFO - 点击元素成功: text=我已了解
2025-02-02 15:32:42,909 - LePage - INFO - 验证确认成功
2025-02-02 15:32:42,909 - LePage - INFO - 开始第 1/10 次验证尝试
2025-02-02 15:32:48,171 - LePage - INFO - 验证结果数量: 1
2025-02-02 15:32:51,854 - LePage - INFO - 点击元素成功: text=我已了解
2025-02-02 15:32:51,855 - LePage - INFO - 验证确认成功
2025-02-02 15:32:51,855 - LePage - INFO - 开始第 1/10 次验证尝试
2025-02-02 15:32:57,126 - LePage - INFO - 验证结果数量: 1
2025-02-02 15:33:00,710 - LePage - INFO - 点击元素成功: text=我已了解
2025-02-02 15:33:00,710 - LePage - INFO - 验证确认成功
2025-02-02 15:33:00,710 - LePage - INFO - 所有验证按钮处理完成
2025-02-02 15:34:08,949 - LePage - INFO - 访问页面成功: https://sosovalue.com/zh/exp
2025-02-02 15:34:46,976 - LePage - INFO - 观看任务已完成，跳过
2025-02-02 15:34:54,325 - LePage - INFO - 分享任务已完成，跳过
2025-02-02 15:35:02,610 - LePage - INFO - 点击元素成功: 引用
2025-02-02 15:35:09,636 - LePage - INFO - 点击元素成功: 回复
2025-02-02 15:35:49,159 - LePage - INFO - 未找到验证按钮
