2025-01-31 11:32:09,441 - LePage - INFO - 访问页面成功: https://sosovalue.com/zh/exp
2025-01-31 11:32:10,487 - LePage - INFO - 访问页面成功: https://sosovalue.com/zh/exp
2025-01-31 11:32:22,734 - LePage - INFO - 点击元素成功: text=观看
2025-01-31 11:32:23,776 - LePage - INFO - 点击元素成功: text=观看
2025-01-31 11:32:29,863 - LePage - INFO - 点击元素成功: text=分享
2025-01-31 11:32:31,244 - LePage - INFO - 点击元素成功: text=分享
2025-01-31 11:32:39,763 - LePage - INFO - 点击元素成功: 引用
2025-01-31 11:32:39,963 - LePage - INFO - 点击元素成功: 引用
2025-01-31 11:32:46,550 - LePage - INFO - 点击元素成功: 回复
2025-01-31 11:32:50,127 - LePage - INFO - 点击元素成功: 回复
2025-01-31 11:32:53,682 - LePage - INFO - 点击元素成功: 点赞
2025-01-31 11:33:00,315 - LePage - INFO - 点击元素成功: 点赞
2025-01-31 11:33:07,760 - LePage - INFO - 找到 5 个验证按钮
2025-01-31 11:33:07,760 - LePage - INFO - 开始验证尝试
2025-01-31 11:33:13,027 - LePage - INFO - 验证结果数量: 1
2025-01-31 11:33:14,082 - LePage - INFO - 找到 5 个验证按钮
2025-01-31 11:33:14,082 - LePage - INFO - 开始验证尝试
2025-01-31 11:33:16,847 - LePage - INFO - 点击元素成功: text=我已了解
2025-01-31 11:33:16,847 - LePage - INFO - 验证确认成功
2025-01-31 11:33:16,847 - LePage - INFO - 开始验证尝试
2025-01-31 11:33:19,442 - LePage - INFO - 验证结果数量: 1
2025-01-31 11:33:22,112 - LePage - INFO - 验证结果数量: 3
2025-01-31 11:33:22,112 - LePage - WARNING - 验证未通过
2025-01-31 11:33:23,228 - LePage - INFO - 点击元素成功: text=我已了解
2025-01-31 11:33:23,228 - LePage - INFO - 验证确认成功
2025-01-31 11:33:23,228 - LePage - INFO - 开始验证尝试
2025-01-31 11:33:23,587 - LePage - INFO - 点击元素成功: @xmlns=http://www.w3.org/2000/svg
2025-01-31 11:33:23,588 - LePage - INFO - 关闭验证失败弹窗
2025-01-31 11:33:23,588 - LePage - INFO - 等待60秒后可重新验证...
2025-01-31 11:33:28,479 - LePage - INFO - 验证结果数量: 3
2025-01-31 11:33:28,479 - LePage - WARNING - 验证未通过
2025-01-31 11:33:29,948 - LePage - INFO - 点击元素成功: @xmlns=http://www.w3.org/2000/svg
2025-01-31 11:33:29,949 - LePage - INFO - 关闭验证失败弹窗
2025-01-31 11:33:29,949 - LePage - INFO - 等待60秒后可重新验证...
2025-01-31 11:34:23,591 - LePage - INFO - 开始验证尝试
2025-01-31 11:34:28,837 - LePage - INFO - 验证结果数量: 1
2025-01-31 11:34:29,950 - LePage - INFO - 开始验证尝试
2025-01-31 11:34:33,758 - LePage - INFO - 点击元素成功: text=我已了解
2025-01-31 11:34:33,759 - LePage - INFO - 验证确认成功
2025-01-31 11:34:33,759 - LePage - INFO - 开始验证尝试
2025-01-31 11:34:35,204 - LePage - INFO - 验证结果数量: 1
2025-01-31 11:34:39,003 - LePage - INFO - 验证结果数量: 1
2025-01-31 11:34:39,796 - LePage - INFO - 点击元素成功: text=我已了解
2025-01-31 11:34:39,796 - LePage - INFO - 验证确认成功
2025-01-31 11:34:39,796 - LePage - INFO - 开始验证尝试
2025-01-31 11:34:43,655 - LePage - INFO - 点击元素成功: text=我已了解
2025-01-31 11:34:43,655 - LePage - INFO - 验证确认成功
2025-01-31 11:34:43,655 - LePage - INFO - 开始验证尝试
2025-01-31 11:34:45,058 - LePage - INFO - 验证结果数量: 3
2025-01-31 11:34:45,059 - LePage - WARNING - 验证未通过
2025-01-31 11:34:46,540 - LePage - INFO - 点击元素成功: @xmlns=http://www.w3.org/2000/svg
2025-01-31 11:34:46,540 - LePage - INFO - 关闭验证失败弹窗
2025-01-31 11:34:46,540 - LePage - INFO - 等待60秒后可重新验证...
2025-01-31 11:34:48,922 - LePage - INFO - 验证结果数量: 3
2025-01-31 11:34:48,923 - LePage - WARNING - 验证未通过
2025-01-31 11:34:50,408 - LePage - INFO - 点击元素成功: @xmlns=http://www.w3.org/2000/svg
2025-01-31 11:34:50,408 - LePage - INFO - 关闭验证失败弹窗
2025-01-31 11:34:50,408 - LePage - INFO - 等待60秒后可重新验证...
2025-01-31 11:35:46,542 - LePage - INFO - 开始验证尝试
2025-01-31 11:35:50,413 - LePage - INFO - 开始验证尝试
2025-01-31 11:35:51,793 - LePage - INFO - 验证结果数量: 3
2025-01-31 11:35:51,793 - LePage - WARNING - 验证未通过
2025-01-31 11:35:53,256 - LePage - INFO - 点击元素成功: @xmlns=http://www.w3.org/2000/svg
2025-01-31 11:35:53,257 - LePage - INFO - 关闭验证失败弹窗
2025-01-31 11:35:53,257 - LePage - INFO - 等待60秒后可重新验证...
2025-01-31 11:35:55,673 - LePage - INFO - 验证结果数量: 1
2025-01-31 11:35:59,194 - LePage - INFO - 点击元素成功: text=我已了解
2025-01-31 11:35:59,194 - LePage - INFO - 验证确认成功
2025-01-31 11:35:59,194 - LePage - INFO - 开始验证尝试
2025-01-31 11:36:04,441 - LePage - INFO - 验证结果数量: 1
2025-01-31 11:36:08,024 - LePage - INFO - 点击元素成功: text=我已了解
2025-01-31 11:36:08,024 - LePage - INFO - 验证确认成功
2025-01-31 11:36:08,024 - LePage - INFO - 所有验证按钮处理完成
2025-01-31 11:36:28,285 - LePage - INFO - 访问页面成功: https://sosovalue.com/zh/exp
2025-01-31 11:36:47,824 - LePage - INFO - 点击元素成功: text=观看
2025-01-31 11:36:53,275 - LePage - INFO - 开始验证尝试
2025-01-31 11:36:55,083 - LePage - INFO - 点击元素成功: text=分享
2025-01-31 11:36:58,527 - LePage - INFO - 验证结果数量: 1
2025-01-31 11:37:01,292 - LePage - INFO - 点击元素成功: 引用
2025-01-31 11:37:02,074 - LePage - INFO - 点击元素成功: text=我已了解
2025-01-31 11:37:02,074 - LePage - INFO - 验证确认成功
2025-01-31 11:37:02,074 - LePage - INFO - 开始验证尝试
2025-01-31 11:37:07,320 - LePage - INFO - 验证结果数量: 1
2025-01-31 11:37:10,999 - LePage - INFO - 点击元素成功: text=我已了解
2025-01-31 11:37:11,000 - LePage - INFO - 验证确认成功
2025-01-31 11:37:11,000 - LePage - INFO - 开始验证尝试
2025-01-31 11:37:11,290 - LePage - INFO - 点击元素成功: 回复
2025-01-31 11:37:16,248 - LePage - INFO - 验证结果数量: 1
2025-01-31 11:37:19,787 - LePage - INFO - 点击元素成功: text=我已了解
2025-01-31 11:37:19,787 - LePage - INFO - 验证确认成功
2025-01-31 11:37:19,788 - LePage - INFO - 所有验证按钮处理完成
2025-01-31 11:37:20,196 - LePage - INFO - 点击元素成功: 点赞
2025-01-31 11:37:38,531 - LePage - INFO - 找到 5 个验证按钮
2025-01-31 11:37:38,531 - LePage - INFO - 开始验证尝试
2025-01-31 11:37:43,790 - LePage - INFO - 验证结果数量: 1
2025-01-31 11:37:47,169 - LePage - INFO - 访问页面成功: https://sosovalue.com/zh/exp
2025-01-31 11:37:47,361 - LePage - INFO - 点击元素成功: text=我已了解
2025-01-31 11:37:47,361 - LePage - INFO - 验证确认成功
2025-01-31 11:37:47,361 - LePage - INFO - 开始验证尝试
2025-01-31 11:37:52,670 - LePage - INFO - 验证结果数量: 1
2025-01-31 11:37:56,214 - LePage - INFO - 点击元素成功: text=我已了解
2025-01-31 11:37:56,216 - LePage - INFO - 验证确认成功
2025-01-31 11:37:56,216 - LePage - INFO - 开始验证尝试
2025-01-31 11:38:01,465 - LePage - INFO - 验证结果数量: 1
2025-01-31 11:38:02,896 - LePage - INFO - 点击元素成功: text=观看
2025-01-31 11:38:05,107 - LePage - INFO - 点击元素成功: text=我已了解
2025-01-31 11:38:05,107 - LePage - INFO - 验证确认成功
2025-01-31 11:38:05,107 - LePage - INFO - 开始验证尝试
2025-01-31 11:38:10,435 - LePage - INFO - 验证结果数量: 3
2025-01-31 11:38:10,435 - LePage - WARNING - 验证未通过
2025-01-31 11:38:11,914 - LePage - INFO - 点击元素成功: @xmlns=http://www.w3.org/2000/svg
2025-01-31 11:38:11,915 - LePage - INFO - 关闭验证失败弹窗
2025-01-31 11:38:11,915 - LePage - INFO - 等待60秒后可重新验证...
2025-01-31 11:38:12,982 - LePage - INFO - 点击元素成功: text=分享
2025-01-31 11:38:21,402 - LePage - INFO - 点击元素成功: 引用
2025-01-31 11:38:28,883 - LePage - INFO - 点击元素成功: 回复
2025-01-31 11:38:37,214 - LePage - INFO - 点击元素成功: 点赞
2025-01-31 11:38:51,688 - LePage - INFO - 找到 5 个验证按钮
2025-01-31 11:38:51,688 - LePage - INFO - 开始验证尝试
2025-01-31 11:38:56,987 - LePage - INFO - 验证结果数量: 1
2025-01-31 11:39:00,594 - LePage - INFO - 点击元素成功: text=我已了解
2025-01-31 11:39:00,594 - LePage - INFO - 验证确认成功
2025-01-31 11:39:00,594 - LePage - INFO - 开始验证尝试
2025-01-31 11:39:05,844 - LePage - INFO - 验证结果数量: 3
2025-01-31 11:39:05,845 - LePage - WARNING - 验证未通过
2025-01-31 11:39:07,319 - LePage - INFO - 点击元素成功: @xmlns=http://www.w3.org/2000/svg
2025-01-31 11:39:07,319 - LePage - INFO - 关闭验证失败弹窗
2025-01-31 11:39:07,319 - LePage - INFO - 等待60秒后可重新验证...
2025-01-31 11:39:11,920 - LePage - INFO - 开始验证尝试
2025-01-31 11:39:17,176 - LePage - INFO - 验证结果数量: 3
2025-01-31 11:39:17,177 - LePage - WARNING - 验证未通过
2025-01-31 11:39:18,652 - LePage - INFO - 点击元素成功: @xmlns=http://www.w3.org/2000/svg
2025-01-31 11:39:18,652 - LePage - INFO - 关闭验证失败弹窗
2025-01-31 11:39:18,652 - LePage - INFO - 等待60秒后可重新验证...
2025-01-31 11:40:07,321 - LePage - INFO - 开始验证尝试
2025-01-31 11:40:12,577 - LePage - INFO - 验证结果数量: 1
2025-01-31 11:40:17,135 - LePage - INFO - 点击元素成功: text=我已了解
2025-01-31 11:40:17,135 - LePage - INFO - 验证确认成功
2025-01-31 11:40:17,135 - LePage - INFO - 开始验证尝试
2025-01-31 11:40:18,658 - LePage - INFO - 开始验证尝试
2025-01-31 11:40:22,414 - LePage - INFO - 验证结果数量: 1
2025-01-31 11:40:23,947 - LePage - INFO - 验证结果数量: 3
2025-01-31 11:40:23,948 - LePage - WARNING - 验证未通过
2025-01-31 11:40:25,454 - LePage - INFO - 点击元素成功: @xmlns=http://www.w3.org/2000/svg
2025-01-31 11:40:25,456 - LePage - INFO - 关闭验证失败弹窗
2025-01-31 11:40:25,456 - LePage - INFO - 等待60秒后可重新验证...
2025-01-31 11:40:27,194 - LePage - INFO - 点击元素成功: text=我已了解
2025-01-31 11:40:27,194 - LePage - INFO - 验证确认成功
2025-01-31 11:40:27,194 - LePage - INFO - 开始验证尝试
2025-01-31 11:40:32,459 - LePage - INFO - 验证结果数量: 1
2025-01-31 11:40:37,011 - LePage - INFO - 点击元素成功: text=我已了解
2025-01-31 11:40:37,011 - LePage - INFO - 验证确认成功
2025-01-31 11:40:37,011 - LePage - INFO - 开始验证尝试
2025-01-31 11:40:42,266 - LePage - INFO - 验证结果数量: 1
2025-01-31 11:40:46,925 - LePage - INFO - 点击元素成功: text=我已了解
2025-01-31 11:40:46,925 - LePage - INFO - 验证确认成功
2025-01-31 11:40:46,926 - LePage - INFO - 所有验证按钮处理完成
2025-01-31 11:41:08,043 - LePage - INFO - 访问页面成功: https://sosovalue.com/zh/exp
2025-01-31 11:41:20,750 - LePage - INFO - 点击元素成功: text=观看
2025-01-31 11:41:25,461 - LePage - INFO - 开始验证尝试
2025-01-31 11:41:28,368 - LePage - INFO - 点击元素成功: text=分享
2025-01-31 11:41:30,722 - LePage - INFO - 验证结果数量: 3
2025-01-31 11:41:30,722 - LePage - WARNING - 验证未通过
2025-01-31 11:41:32,200 - LePage - INFO - 点击元素成功: @xmlns=http://www.w3.org/2000/svg
2025-01-31 11:41:32,201 - LePage - INFO - 关闭验证失败弹窗
2025-01-31 11:41:32,201 - LePage - INFO - 等待60秒后可重新验证...
2025-01-31 11:41:36,807 - LePage - INFO - 点击元素成功: 引用
2025-01-31 11:41:47,465 - LePage - INFO - 点击元素成功: 回复
2025-01-31 11:41:55,889 - LePage - INFO - 点击元素成功: 点赞
2025-01-31 11:42:13,358 - LePage - INFO - 找到 5 个验证按钮
2025-01-31 11:42:13,359 - LePage - INFO - 开始验证尝试
2025-01-31 11:42:18,635 - LePage - INFO - 验证结果数量: 1
2025-01-31 11:42:22,766 - LePage - INFO - 点击元素成功: text=我已了解
2025-01-31 11:42:22,766 - LePage - INFO - 验证确认成功
2025-01-31 11:42:22,766 - LePage - INFO - 开始验证尝试
2025-01-31 11:42:28,017 - LePage - INFO - 验证结果数量: 1
2025-01-31 11:42:32,206 - LePage - INFO - 开始验证尝试
2025-01-31 11:42:32,966 - LePage - INFO - 点击元素成功: text=我已了解
2025-01-31 11:42:32,966 - LePage - INFO - 验证确认成功
2025-01-31 11:42:32,967 - LePage - INFO - 开始验证尝试
2025-01-31 11:42:37,468 - LePage - INFO - 验证结果数量: 3
2025-01-31 11:42:37,468 - LePage - WARNING - 验证未通过
2025-01-31 11:42:38,220 - LePage - INFO - 验证结果数量: 1
2025-01-31 11:42:38,939 - LePage - INFO - 点击元素成功: @xmlns=http://www.w3.org/2000/svg
2025-01-31 11:42:38,939 - LePage - INFO - 关闭验证失败弹窗
2025-01-31 11:42:38,940 - LePage - INFO - 等待60秒后可重新验证...
2025-01-31 11:42:42,927 - LePage - INFO - 点击元素成功: text=我已了解
2025-01-31 11:42:42,927 - LePage - INFO - 验证确认成功
2025-01-31 11:42:42,927 - LePage - INFO - 开始验证尝试
2025-01-31 11:42:48,252 - LePage - INFO - 验证结果数量: 3
2025-01-31 11:42:48,253 - LePage - WARNING - 验证未通过
2025-01-31 11:42:49,725 - LePage - INFO - 点击元素成功: @xmlns=http://www.w3.org/2000/svg
2025-01-31 11:42:49,725 - LePage - INFO - 关闭验证失败弹窗
2025-01-31 11:42:49,725 - LePage - INFO - 等待60秒后可重新验证...
2025-01-31 11:43:38,945 - LePage - INFO - 开始验证尝试
2025-01-31 11:43:44,195 - LePage - INFO - 验证结果数量: 1
2025-01-31 11:43:47,760 - LePage - INFO - 点击元素成功: text=我已了解
2025-01-31 11:43:47,761 - LePage - INFO - 验证确认成功
2025-01-31 11:43:47,761 - LePage - INFO - 开始验证尝试
2025-01-31 11:43:49,730 - LePage - INFO - 开始验证尝试
2025-01-31 11:43:53,011 - LePage - INFO - 验证结果数量: 1
2025-01-31 11:43:54,998 - LePage - INFO - 验证结果数量: 3
2025-01-31 11:43:54,998 - LePage - WARNING - 验证未通过
2025-01-31 11:43:56,479 - LePage - INFO - 点击元素成功: @xmlns=http://www.w3.org/2000/svg
2025-01-31 11:43:56,480 - LePage - INFO - 关闭验证失败弹窗
2025-01-31 11:43:56,480 - LePage - INFO - 等待60秒后可重新验证...
2025-01-31 11:43:58,284 - LePage - INFO - 点击元素成功: text=我已了解
2025-01-31 11:43:58,284 - LePage - INFO - 验证确认成功
2025-01-31 11:43:58,284 - LePage - INFO - 所有验证按钮处理完成
2025-01-31 11:44:26,248 - LePage - INFO - 访问页面成功: https://sosovalue.com/zh/exp
2025-01-31 11:44:42,110 - LePage - INFO - 点击元素成功: text=观看
2025-01-31 11:44:52,130 - LePage - INFO - 点击元素成功: text=分享
2025-01-31 11:44:56,484 - LePage - INFO - 开始验证尝试
2025-01-31 11:45:01,563 - LePage - INFO - 点击元素成功: 引用
2025-01-31 11:45:01,776 - LePage - INFO - 验证结果数量: 3
2025-01-31 11:45:01,776 - LePage - WARNING - 验证未通过
2025-01-31 11:45:03,268 - LePage - INFO - 点击元素成功: @xmlns=http://www.w3.org/2000/svg
2025-01-31 11:45:03,268 - LePage - INFO - 关闭验证失败弹窗
2025-01-31 11:45:03,268 - LePage - INFO - 等待60秒后可重新验证...
2025-01-31 11:45:07,466 - LePage - INFO - 点击元素成功: 回复
2025-01-31 11:45:17,054 - LePage - INFO - 点击元素成功: 点赞
2025-01-31 11:45:31,996 - LePage - INFO - 找到 5 个验证按钮
2025-01-31 11:45:31,997 - LePage - INFO - 开始验证尝试
2025-01-31 11:45:37,295 - LePage - INFO - 验证结果数量: 1
2025-01-31 11:45:40,857 - LePage - INFO - 点击元素成功: text=我已了解
2025-01-31 11:45:40,857 - LePage - INFO - 验证确认成功
2025-01-31 11:45:40,858 - LePage - INFO - 开始验证尝试
2025-01-31 11:45:46,120 - LePage - INFO - 验证结果数量: 1
2025-01-31 11:45:50,937 - LePage - INFO - 点击元素成功: text=我已了解
2025-01-31 11:45:50,937 - LePage - INFO - 验证确认成功
2025-01-31 11:45:50,937 - LePage - INFO - 开始验证尝试
2025-01-31 11:45:56,203 - LePage - INFO - 验证结果数量: 1
2025-01-31 11:46:01,191 - LePage - INFO - 点击元素成功: text=我已了解
2025-01-31 11:46:01,191 - LePage - INFO - 验证确认成功
2025-01-31 11:46:01,191 - LePage - INFO - 开始验证尝试
2025-01-31 11:46:03,276 - LePage - INFO - 开始验证尝试
2025-01-31 11:46:06,504 - LePage - INFO - 验证结果数量: 1
2025-01-31 11:46:08,556 - LePage - INFO - 验证结果数量: 1
2025-01-31 11:46:13,351 - LePage - INFO - 点击元素成功: text=我已了解
2025-01-31 11:46:13,352 - LePage - INFO - 验证确认成功
2025-01-31 11:46:13,352 - LePage - INFO - 开始验证尝试
2025-01-31 11:46:18,523 - LePage - ERROR - 点击元素失败: text=我已了解, 错误: 
没有找到元素。
方法: ele()
参数: {'locator': 'text=我已了解', 'index': 1, 'timeout': 10}
版本: 4.1.0.17
2025-01-31 11:46:18,524 - LePage - ERROR - 点击确认按钮失败: 
没有找到元素。
方法: ele()
参数: {'locator': 'text=我已了解', 'index': 1, 'timeout': 10}
版本: 4.1.0.17
2025-01-31 11:46:18,524 - LePage - INFO - 开始验证尝试
2025-01-31 11:46:18,624 - LePage - INFO - 验证结果数量: 1
2025-01-31 11:46:23,578 - LePage - INFO - 点击元素成功: text=我已了解
2025-01-31 11:46:23,580 - LePage - INFO - 验证确认成功
2025-01-31 11:46:23,580 - LePage - INFO - 所有验证按钮处理完成
2025-01-31 11:46:23,821 - LePage - INFO - 验证结果数量: 1
2025-01-31 11:46:35,837 - LePage - ERROR - 点击元素失败: text=我已了解, 错误: 
没有找到元素。
方法: ele()
参数: {'locator': 'text=我已了解', 'index': 1, 'timeout': 10}
版本: 4.1.0.17
2025-01-31 11:46:35,838 - LePage - ERROR - 点击确认按钮失败: 
没有找到元素。
方法: ele()
参数: {'locator': 'text=我已了解', 'index': 1, 'timeout': 10}
版本: 4.1.0.17
2025-01-31 11:46:35,838 - LePage - INFO - 开始验证尝试
2025-01-31 11:46:41,136 - LePage - INFO - 验证结果数量: 1
2025-01-31 11:46:49,979 - LePage - INFO - 访问页面成功: https://sosovalue.com/zh/exp
2025-01-31 11:46:53,159 - LePage - ERROR - 点击元素失败: text=我已了解, 错误: 
没有找到元素。
方法: ele()
参数: {'locator': 'text=我已了解', 'index': 1, 'timeout': 10}
版本: 4.1.0.17
2025-01-31 11:46:53,159 - LePage - ERROR - 点击确认按钮失败: 
没有找到元素。
方法: ele()
参数: {'locator': 'text=我已了解', 'index': 1, 'timeout': 10}
版本: 4.1.0.17
2025-01-31 11:46:53,159 - LePage - INFO - 开始验证尝试
2025-01-31 11:46:58,420 - LePage - INFO - 验证结果数量: 1
2025-01-31 11:47:05,544 - LePage - INFO - 点击元素成功: text=观看
2025-01-31 11:47:10,437 - LePage - ERROR - 点击元素失败: text=我已了解, 错误: 
没有找到元素。
方法: ele()
参数: {'locator': 'text=我已了解', 'index': 1, 'timeout': 10}
版本: 4.1.0.17
2025-01-31 11:47:10,437 - LePage - ERROR - 点击确认按钮失败: 
没有找到元素。
方法: ele()
参数: {'locator': 'text=我已了解', 'index': 1, 'timeout': 10}
版本: 4.1.0.17
2025-01-31 11:47:10,437 - LePage - INFO - 开始验证尝试
2025-01-31 11:47:12,913 - LePage - INFO - 点击元素成功: text=分享
2025-01-31 11:47:15,729 - LePage - INFO - 验证结果数量: 1
2025-01-31 11:47:19,318 - LePage - INFO - 点击元素成功: text=我已了解
2025-01-31 11:47:19,319 - LePage - INFO - 验证确认成功
2025-01-31 11:47:19,319 - LePage - INFO - 开始验证尝试
2025-01-31 11:47:21,483 - LePage - INFO - 点击元素成功: 引用
2025-01-31 11:47:24,561 - LePage - INFO - 验证结果数量: 1
2025-01-31 11:47:27,403 - LePage - INFO - 点击元素成功: 回复
2025-01-31 11:47:29,574 - LePage - INFO - 点击元素成功: text=我已了解
2025-01-31 11:47:29,575 - LePage - INFO - 验证确认成功
2025-01-31 11:47:29,575 - LePage - INFO - 所有验证按钮处理完成
2025-01-31 11:47:35,739 - LePage - INFO - 点击元素成功: 点赞
2025-01-31 11:47:52,946 - LePage - INFO - 找到 5 个验证按钮
2025-01-31 11:47:52,946 - LePage - INFO - 开始验证尝试
2025-01-31 11:47:54,038 - LePage - INFO - 访问页面成功: https://sosovalue.com/zh/exp
2025-01-31 11:47:58,304 - LePage - INFO - 验证结果数量: 1
2025-01-31 11:48:01,880 - LePage - INFO - 点击元素成功: text=我已了解
2025-01-31 11:48:01,880 - LePage - INFO - 验证确认成功
2025-01-31 11:48:01,880 - LePage - INFO - 开始验证尝试
2025-01-31 11:48:07,141 - LePage - INFO - 验证结果数量: 3
2025-01-31 11:48:07,141 - LePage - WARNING - 验证未通过
2025-01-31 11:48:08,636 - LePage - INFO - 点击元素成功: @xmlns=http://www.w3.org/2000/svg
2025-01-31 11:48:08,637 - LePage - INFO - 关闭验证失败弹窗
2025-01-31 11:48:08,637 - LePage - INFO - 等待60秒后可重新验证...
2025-01-31 11:48:13,610 - LePage - INFO - 点击元素成功: text=观看
2025-01-31 11:48:22,254 - LePage - INFO - 点击元素成功: text=分享
2025-01-31 11:48:31,535 - LePage - INFO - 点击元素成功: 引用
2025-01-31 11:48:39,249 - LePage - INFO - 点击元素成功: 回复
2025-01-31 11:48:46,910 - LePage - INFO - 点击元素成功: 点赞
2025-01-31 11:49:04,568 - LePage - INFO - 找到 5 个验证按钮
2025-01-31 11:49:04,568 - LePage - INFO - 开始验证尝试
2025-01-31 11:49:08,640 - LePage - INFO - 开始验证尝试
2025-01-31 11:49:09,846 - LePage - INFO - 验证结果数量: 1
2025-01-31 11:49:13,503 - LePage - INFO - 点击元素成功: text=我已了解
2025-01-31 11:49:13,504 - LePage - INFO - 验证确认成功
2025-01-31 11:49:13,504 - LePage - INFO - 开始验证尝试
2025-01-31 11:49:13,919 - LePage - INFO - 验证结果数量: 3
2025-01-31 11:49:13,919 - LePage - WARNING - 验证未通过
2025-01-31 11:49:15,446 - LePage - INFO - 点击元素成功: @xmlns=http://www.w3.org/2000/svg
2025-01-31 11:49:15,447 - LePage - INFO - 关闭验证失败弹窗
2025-01-31 11:49:15,447 - LePage - INFO - 等待60秒后可重新验证...
2025-01-31 11:49:18,792 - LePage - INFO - 验证结果数量: 1
2025-01-31 11:49:22,448 - LePage - INFO - 点击元素成功: text=我已了解
2025-01-31 11:49:22,449 - LePage - INFO - 验证确认成功
2025-01-31 11:49:22,449 - LePage - INFO - 开始验证尝试
2025-01-31 11:49:27,732 - LePage - INFO - 验证结果数量: 1
2025-01-31 11:49:31,420 - LePage - INFO - 点击元素成功: text=我已了解
2025-01-31 11:49:31,420 - LePage - INFO - 验证确认成功
2025-01-31 11:49:31,420 - LePage - INFO - 开始验证尝试
2025-01-31 11:49:36,710 - LePage - INFO - 验证结果数量: 3
2025-01-31 11:49:36,710 - LePage - WARNING - 验证未通过
2025-01-31 11:49:38,218 - LePage - INFO - 点击元素成功: @xmlns=http://www.w3.org/2000/svg
2025-01-31 11:49:38,219 - LePage - INFO - 关闭验证失败弹窗
2025-01-31 11:49:38,219 - LePage - INFO - 等待60秒后可重新验证...
2025-01-31 11:50:15,453 - LePage - INFO - 开始验证尝试
2025-01-31 11:50:20,751 - LePage - INFO - 验证结果数量: 1
2025-01-31 11:50:24,321 - LePage - INFO - 点击元素成功: text=我已了解
2025-01-31 11:50:24,322 - LePage - INFO - 验证确认成功
2025-01-31 11:50:24,322 - LePage - INFO - 开始验证尝试
2025-01-31 11:50:29,587 - LePage - INFO - 验证结果数量: 1
2025-01-31 11:50:33,138 - LePage - INFO - 点击元素成功: text=我已了解
2025-01-31 11:50:33,139 - LePage - INFO - 验证确认成功
2025-01-31 11:50:33,139 - LePage - INFO - 开始验证尝试
2025-01-31 11:50:38,221 - LePage - INFO - 开始验证尝试
2025-01-31 11:50:38,449 - LePage - INFO - 验证结果数量: 3
2025-01-31 11:50:38,449 - LePage - WARNING - 验证未通过
2025-01-31 11:50:39,964 - LePage - INFO - 点击元素成功: @xmlns=http://www.w3.org/2000/svg
2025-01-31 11:50:39,965 - LePage - INFO - 关闭验证失败弹窗
2025-01-31 11:50:39,965 - LePage - INFO - 等待60秒后可重新验证...
2025-01-31 11:50:43,489 - LePage - INFO - 验证结果数量: 1
2025-01-31 11:50:47,071 - LePage - INFO - 点击元素成功: text=我已了解
2025-01-31 11:50:47,071 - LePage - INFO - 验证确认成功
2025-01-31 11:50:47,071 - LePage - INFO - 开始验证尝试
2025-01-31 11:50:52,323 - LePage - INFO - 验证结果数量: 1
2025-01-31 11:50:55,867 - LePage - INFO - 点击元素成功: text=我已了解
2025-01-31 11:50:55,868 - LePage - INFO - 验证确认成功
2025-01-31 11:50:55,868 - LePage - INFO - 所有验证按钮处理完成
2025-01-31 11:51:23,363 - LePage - INFO - 访问页面成功: https://sosovalue.com/zh/exp
2025-01-31 11:51:38,484 - LePage - INFO - 点击元素成功: text=观看
2025-01-31 11:51:39,971 - LePage - INFO - 开始验证尝试
2025-01-31 11:51:44,747 - LePage - INFO - 点击元素成功: text=分享
2025-01-31 11:51:45,234 - LePage - INFO - 验证结果数量: 1
2025-01-31 11:51:48,907 - LePage - INFO - 点击元素成功: text=我已了解
2025-01-31 11:51:48,907 - LePage - INFO - 验证确认成功
2025-01-31 11:51:48,907 - LePage - INFO - 开始验证尝试
2025-01-31 11:51:53,870 - LePage - INFO - 点击元素成功: 引用
2025-01-31 11:51:54,172 - LePage - INFO - 验证结果数量: 1
2025-01-31 11:51:57,705 - LePage - INFO - 点击元素成功: text=我已了解
2025-01-31 11:51:57,705 - LePage - INFO - 验证确认成功
2025-01-31 11:51:57,706 - LePage - INFO - 所有验证按钮处理完成
2025-01-31 11:51:59,887 - LePage - INFO - 点击元素成功: 回复
2025-01-31 11:52:08,687 - LePage - INFO - 点击元素成功: 点赞
2025-01-31 11:52:23,645 - LePage - INFO - 找到 6 个验证按钮
2025-01-31 11:52:23,645 - LePage - INFO - 开始验证尝试
2025-01-31 11:52:28,929 - LePage - INFO - 验证结果数量: 1
2025-01-31 11:52:32,505 - LePage - INFO - 点击元素成功: text=我已了解
2025-01-31 11:52:32,506 - LePage - INFO - 验证确认成功
2025-01-31 11:52:32,506 - LePage - INFO - 开始验证尝试
2025-01-31 11:52:37,766 - LePage - INFO - 验证结果数量: 1
2025-01-31 11:52:41,330 - LePage - INFO - 点击元素成功: text=我已了解
2025-01-31 11:52:41,330 - LePage - INFO - 验证确认成功
2025-01-31 11:52:41,331 - LePage - INFO - 开始验证尝试
2025-01-31 11:52:46,595 - LePage - INFO - 验证结果数量: 1
2025-01-31 11:52:50,132 - LePage - INFO - 点击元素成功: text=我已了解
2025-01-31 11:52:50,133 - LePage - INFO - 验证确认成功
2025-01-31 11:52:50,133 - LePage - INFO - 开始验证尝试
2025-01-31 11:52:55,408 - LePage - INFO - 验证结果数量: 1
2025-01-31 11:52:58,979 - LePage - INFO - 点击元素成功: text=我已了解
2025-01-31 11:52:58,980 - LePage - INFO - 验证确认成功
2025-01-31 11:52:58,980 - LePage - INFO - 开始验证尝试
2025-01-31 11:53:04,249 - LePage - INFO - 验证结果数量: 1
2025-01-31 11:53:07,785 - LePage - INFO - 点击元素成功: text=我已了解
2025-01-31 11:53:07,785 - LePage - INFO - 验证确认成功
2025-01-31 11:53:07,785 - LePage - INFO - 开始验证尝试
2025-01-31 11:53:13,076 - LePage - INFO - 验证结果数量: 2
2025-01-31 11:53:23,309 - LePage - ERROR - 查找元素失败: text=我已了解, 错误: 
与页面的连接已断开。
版本: 4.1.0.17
2025-01-31 11:53:23,310 - LePage - ERROR - 点击元素失败: text=我已了解, 错误: 
与页面的连接已断开。
版本: 4.1.0.17
2025-01-31 11:53:23,310 - LePage - ERROR - 点击确认按钮失败: 
与页面的连接已断开。
版本: 4.1.0.17
2025-01-31 11:53:23,310 - LePage - INFO - 开始验证尝试
2025-01-31 11:53:25,315 - LePage - ERROR - 验证处理失败: 
与页面的连接已断开。
版本: 4.1.0.17
2025-01-31 11:53:25,316 - LePage - ERROR - 验证过程发生错误: 
与页面的连接已断开。
版本: 4.1.0.17
2025-01-31 11:53:27,318 - LePage - INFO - 开始验证尝试
2025-01-31 11:53:29,323 - LePage - ERROR - 验证处理失败: 
与页面的连接已断开。
版本: 4.1.0.17
2025-01-31 11:53:29,323 - LePage - ERROR - 验证过程发生错误: 
与页面的连接已断开。
版本: 4.1.0.17
2025-01-31 11:53:31,328 - LePage - INFO - 开始验证尝试
