2025-01-29 10:18:42,057 - multi_browser_executor - INFO - 提交任务: 浏览器 kt03072
2025-01-29 10:18:45,276 - multi_browser_executor - INFO - 提交任务: 浏览器 kra42t5
2025-01-29 10:18:49,733 - multi_browser_executor - INFO - 提交任务: 浏览器 kra3v8t
2025-01-29 10:18:54,391 - multi_browser_executor - INFO - 提交任务: 浏览器 kra3p06
2025-01-29 10:19:02,357 - multi_browser_executor - INFO - 提交任务: 浏览器 kr5ans5
2025-01-29 10:19:18,182 - multi_browser_executor - INFO - 提交任务: 浏览器 kr5ai94
2025-01-29 10:19:32,704 - multi_browser_executor - INFO - 提交任务: 浏览器 kr5afd8
2025-01-29 10:19:45,801 - multi_browser_executor - INFO - 提交任务: 浏览器 kr5ac4b
2025-01-29 10:19:59,341 - multi_browser_executor - INFO - 提交任务: 浏览器 kr595h4
2025-01-29 10:20:52,779 - multi_browser_executor - ERROR - 浏览器 kt03072 第 1 次尝试失败: 
与页面的连接已断开。
版本: 4.1.0.17
2025-01-29 10:20:52,779 - multi_browser_executor - INFO - 浏览器 kt03072 等待 2.0 秒后重试...
2025-01-29 10:20:53,811 - multi_browser_executor - ERROR - 浏览器 kra42t5 第 1 次尝试失败: 
与页面的连接已断开。
版本: 4.1.0.17
2025-01-29 10:20:53,811 - multi_browser_executor - INFO - 浏览器 kra42t5 等待 2.0 秒后重试...
2025-01-29 10:20:54,785 - multi_browser_executor - ERROR - 浏览器 kt03072 第 2 次尝试失败: 
与页面的连接已断开。
版本: 4.1.0.17
2025-01-29 10:20:54,785 - multi_browser_executor - INFO - 浏览器 kt03072 等待 2.0 秒后重试...
2025-01-29 10:20:55,817 - multi_browser_executor - ERROR - 浏览器 kra42t5 第 2 次尝试失败: 
与页面的连接已断开。
版本: 4.1.0.17
2025-01-29 10:20:55,817 - multi_browser_executor - INFO - 浏览器 kra42t5 等待 2.0 秒后重试...
2025-01-29 10:20:56,786 - multi_browser_executor - ERROR - 浏览器 kt03072 第 3 次尝试失败: 
与页面的连接已断开。
版本: 4.1.0.17
2025-01-29 10:20:56,787 - multi_browser_executor - ERROR - 浏览器 kra3p06 第 1 次尝试失败: 
与页面的连接已断开。
版本: 4.1.0.17
2025-01-29 10:20:56,787 - multi_browser_executor - INFO - 浏览器 kra3p06 等待 2.0 秒后重试...
2025-01-29 10:20:57,821 - multi_browser_executor - ERROR - 浏览器 kra42t5 第 3 次尝试失败: 
与页面的连接已断开。
版本: 4.1.0.17
2025-01-29 10:20:57,821 - multi_browser_executor - ERROR - 浏览器 kr5ans5 第 1 次尝试失败: 
与页面的连接已断开。
版本: 4.1.0.17
2025-01-29 10:20:57,821 - multi_browser_executor - INFO - 浏览器 kr5ans5 等待 2.0 秒后重试...
2025-01-29 10:20:58,791 - multi_browser_executor - ERROR - 浏览器 kra3p06 第 2 次尝试失败: 
与页面的连接已断开。
版本: 4.1.0.17
2025-01-29 10:20:58,792 - multi_browser_executor - INFO - 浏览器 kra3p06 等待 2.0 秒后重试...
2025-01-29 10:20:59,823 - multi_browser_executor - ERROR - 浏览器 kr5ans5 第 2 次尝试失败: 
与页面的连接已断开。
版本: 4.1.0.17
2025-01-29 10:20:59,823 - multi_browser_executor - INFO - 浏览器 kr5ans5 等待 2.0 秒后重试...
2025-01-29 10:21:00,181 - multi_browser_executor - ERROR - 浏览器 kr5ai94 第 1 次尝试失败: 
与页面的连接已断开。
版本: 4.1.0.17
2025-01-29 10:21:00,181 - multi_browser_executor - INFO - 浏览器 kr5ai94 等待 2.0 秒后重试...
2025-01-29 10:21:00,797 - multi_browser_executor - ERROR - 浏览器 kra3p06 第 3 次尝试失败: 
与页面的连接已断开。
版本: 4.1.0.17
2025-01-29 10:21:00,797 - multi_browser_executor - ERROR - 浏览器 kr5afd8 第 1 次尝试失败: 
与页面的连接已断开。
版本: 4.1.0.17
2025-01-29 10:21:00,797 - multi_browser_executor - INFO - 浏览器 kr5afd8 等待 2.0 秒后重试...
2025-01-29 10:21:01,828 - multi_browser_executor - ERROR - 浏览器 kr5ans5 第 3 次尝试失败: 
与页面的连接已断开。
版本: 4.1.0.17
2025-01-29 10:21:01,829 - multi_browser_executor - ERROR - 浏览器 kr5ac4b 第 1 次尝试失败: 
与页面的连接已断开。
版本: 4.1.0.17
2025-01-29 10:21:01,829 - multi_browser_executor - INFO - 浏览器 kr5ac4b 等待 2.0 秒后重试...
2025-01-29 10:21:02,186 - multi_browser_executor - ERROR - 浏览器 kr5ai94 第 2 次尝试失败: 
与页面的连接已断开。
版本: 4.1.0.17
2025-01-29 10:21:02,186 - multi_browser_executor - INFO - 浏览器 kr5ai94 等待 2.0 秒后重试...
2025-01-29 10:21:02,803 - multi_browser_executor - ERROR - 浏览器 kr5afd8 第 2 次尝试失败: 
与页面的连接已断开。
版本: 4.1.0.17
2025-01-29 10:21:02,803 - multi_browser_executor - INFO - 浏览器 kr5afd8 等待 2.0 秒后重试...
2025-01-29 10:21:03,830 - multi_browser_executor - ERROR - 浏览器 kr5ac4b 第 2 次尝试失败: 
与页面的连接已断开。
版本: 4.1.0.17
2025-01-29 10:21:03,830 - multi_browser_executor - INFO - 浏览器 kr5ac4b 等待 2.0 秒后重试...
2025-01-29 10:21:04,192 - multi_browser_executor - ERROR - 浏览器 kr5ai94 第 3 次尝试失败: 
与页面的连接已断开。
版本: 4.1.0.17
2025-01-29 10:21:04,192 - multi_browser_executor - ERROR - 浏览器 kr595h4 第 1 次尝试失败: 
与页面的连接已断开。
版本: 4.1.0.17
2025-01-29 10:21:04,192 - multi_browser_executor - INFO - 浏览器 kr595h4 等待 2.0 秒后重试...
2025-01-29 10:21:04,803 - multi_browser_executor - ERROR - 浏览器 kr5afd8 第 3 次尝试失败: 
与页面的连接已断开。
版本: 4.1.0.17
2025-01-29 10:21:05,832 - multi_browser_executor - ERROR - 浏览器 kr5ac4b 第 3 次尝试失败: 
与页面的连接已断开。
版本: 4.1.0.17
2025-01-29 10:21:06,193 - multi_browser_executor - ERROR - 浏览器 kr595h4 第 2 次尝试失败: 
与页面的连接已断开。
版本: 4.1.0.17
2025-01-29 10:21:06,193 - multi_browser_executor - INFO - 浏览器 kr595h4 等待 2.0 秒后重试...
2025-01-29 10:21:08,194 - multi_browser_executor - ERROR - 浏览器 kr595h4 第 3 次尝试失败: 
与页面的连接已断开。
版本: 4.1.0.17
2025-01-29 12:20:45,584 - multi_browser_executor - INFO - 提交任务: 浏览器 kt03072
2025-01-29 12:20:49,435 - multi_browser_executor - INFO - 提交任务: 浏览器 kra42t5
2025-01-29 12:20:54,309 - multi_browser_executor - INFO - 提交任务: 浏览器 kra3v8t
2025-01-29 12:21:00,159 - multi_browser_executor - INFO - 提交任务: 浏览器 kra3p06
2025-01-29 12:21:10,478 - multi_browser_executor - INFO - 提交任务: 浏览器 kr5ans5
2025-01-29 12:21:22,970 - multi_browser_executor - ERROR - 浏览器 kt03072 第 1 次尝试失败: 
没有找到元素。
方法: ele()
参数: {'locator': 'text=观看', 'index': 1, 'timeout': 10}
版本: 4.1.0.17
2025-01-29 12:21:22,971 - multi_browser_executor - INFO - 浏览器 kt03072 等待 2.0 秒后重试...
2025-01-29 12:21:26,929 - multi_browser_executor - INFO - 提交任务: 浏览器 kr5ai94
2025-01-29 12:21:39,286 - multi_browser_executor - ERROR - 浏览器 kra42t5 第 1 次尝试失败: 
没有找到元素。
方法: ele()
参数: {'locator': 'text=观看', 'index': 1, 'timeout': 10}
版本: 4.1.0.17
2025-01-29 12:21:39,287 - multi_browser_executor - INFO - 浏览器 kra42t5 等待 2.0 秒后重试...
2025-01-29 12:21:41,588 - multi_browser_executor - ERROR - 浏览器 kra3v8t 第 1 次尝试失败: 
没有找到元素。
方法: ele()
参数: {'locator': 'text=观看', 'index': 1, 'timeout': 10}
版本: 4.1.0.17
2025-01-29 12:21:41,588 - multi_browser_executor - INFO - 浏览器 kra3v8t 等待 2.0 秒后重试...
2025-01-29 12:21:41,971 - multi_browser_executor - INFO - 提交任务: 浏览器 kr5afd8
2025-01-29 12:22:00,938 - multi_browser_executor - ERROR - 浏览器 kt03072 第 2 次尝试失败: 
没有找到元素。
方法: ele()
参数: {'locator': 'text=观看', 'index': 1, 'timeout': 10}
版本: 4.1.0.17
2025-01-29 12:22:00,953 - multi_browser_executor - INFO - 浏览器 kt03072 等待 2.0 秒后重试...
2025-01-29 12:22:09,358 - multi_browser_executor - INFO - 提交任务: 浏览器 kr5ac4b
2025-01-29 12:22:26,991 - multi_browser_executor - INFO - 提交任务: 浏览器 kr595h4
2025-01-29 12:23:27,309 - multi_browser_executor - ERROR - 浏览器 kra42t5 第 2 次尝试失败: 
没有找到元素。
方法: ele()
参数: {'locator': 'text=观看', 'index': 1, 'timeout': 10}
版本: 4.1.0.17
2025-01-29 12:23:27,310 - multi_browser_executor - INFO - 浏览器 kra42t5 等待 2.0 秒后重试...
2025-01-29 12:23:31,686 - multi_browser_executor - ERROR - 浏览器 kra3v8t 第 2 次尝试失败: 
没有找到元素。
方法: ele()
参数: {'locator': 'text=观看', 'index': 1, 'timeout': 10}
版本: 4.1.0.17
2025-01-29 12:23:31,686 - multi_browser_executor - INFO - 浏览器 kra3v8t 等待 2.0 秒后重试...
2025-01-29 12:24:15,314 - multi_browser_executor - ERROR - 浏览器 kra42t5 第 3 次尝试失败: 
没有找到元素。
方法: ele()
参数: {'locator': 'text=观看', 'index': 1, 'timeout': 10}
版本: 4.1.0.17
2025-01-29 12:24:25,988 - multi_browser_executor - ERROR - 浏览器 kt03072 第 3 次尝试失败: 
没有找到元素。
方法: ele()
参数: {'locator': 'text=观看', 'index': 1, 'timeout': 10}
版本: 4.1.0.17
2025-01-29 12:24:25,994 - multi_browser_executor - ERROR - 浏览器 kra3v8t 第 3 次尝试失败: 
没有找到元素。
方法: ele()
参数: {'locator': 'text=观看', 'index': 1, 'timeout': 10}
版本: 4.1.0.17
2025-01-29 12:26:18,169 - multi_browser_executor - ERROR - 浏览器 kr5ans5 第 1 次尝试失败: 
出现未知错误。
详情: Not attached to an active page
方法: Page.reload
参数: {'ignoreCache': False, '_timeout': 30}
提示: 出现这个错误可能意味着程序有bug，请把错误信息和重现方法告知作者，谢谢。
报告网站: https://gitee.com/g1879/DrissionPage/issues
版本: 4.1.0.17
2025-01-29 12:26:18,170 - multi_browser_executor - INFO - 浏览器 kr5ans5 等待 2.0 秒后重试...
2025-01-29 12:26:59,565 - multi_browser_executor - ERROR - 浏览器 kra3p06 第 1 次尝试失败: 
没有找到元素。
方法: ele()
参数: {'locator': 'text=观看', 'index': 1, 'timeout': 10}
版本: 4.1.0.17
2025-01-29 12:26:59,566 - multi_browser_executor - INFO - 浏览器 kra3p06 等待 2.0 秒后重试...
2025-01-29 12:27:21,380 - multi_browser_executor - ERROR - 浏览器 kr5ai94 第 1 次尝试失败: 
没有找到元素。
方法: ele()
参数: {'locator': 'text=观看', 'index': 1, 'timeout': 10}
版本: 4.1.0.17
2025-01-29 12:27:21,387 - multi_browser_executor - INFO - 浏览器 kr5ai94 等待 2.0 秒后重试...
2025-01-29 12:28:28,362 - multi_browser_executor - ERROR - 浏览器 kr5ans5 第 2 次尝试失败: 
没有找到元素。
方法: ele()
参数: {'locator': 'text=观看', 'index': 1, 'timeout': 10}
版本: 4.1.0.17
2025-01-29 12:28:28,363 - multi_browser_executor - INFO - 浏览器 kr5ans5 等待 2.0 秒后重试...
2025-01-29 12:29:44,304 - multi_browser_executor - ERROR - 浏览器 kr5ans5 第 3 次尝试失败: 
没有找到元素。
方法: ele()
参数: {'locator': 'text=观看', 'index': 1, 'timeout': 10}
版本: 4.1.0.17
2025-01-29 12:30:00,115 - multi_browser_executor - ERROR - 浏览器 kra3p06 第 2 次尝试失败: 
没有找到元素。
方法: ele()
参数: {'locator': 'text=观看', 'index': 1, 'timeout': 10}
版本: 4.1.0.17
2025-01-29 12:30:00,115 - multi_browser_executor - INFO - 浏览器 kra3p06 等待 2.0 秒后重试...
2025-01-29 12:30:05,834 - multi_browser_executor - ERROR - 浏览器 kr5ai94 第 2 次尝试失败: 
没有找到元素。
方法: ele()
参数: {'locator': 'text=观看', 'index': 1, 'timeout': 10}
版本: 4.1.0.17
2025-01-29 12:30:05,834 - multi_browser_executor - INFO - 浏览器 kr5ai94 等待 2.0 秒后重试...
2025-01-29 12:31:35,039 - multi_browser_executor - ERROR - 浏览器 kr5ai94 第 3 次尝试失败: 
没有找到元素。
方法: ele()
参数: {'locator': 'text=观看', 'index': 1, 'timeout': 10}
版本: 4.1.0.17
2025-01-29 12:31:35,475 - multi_browser_executor - ERROR - 浏览器 kr5afd8 第 1 次尝试失败: 
没有找到元素。
方法: ele()
参数: {'locator': 'text=观看', 'index': 1, 'timeout': 10}
版本: 4.1.0.17
2025-01-29 12:31:35,475 - multi_browser_executor - INFO - 浏览器 kr5afd8 等待 2.0 秒后重试...
2025-01-29 12:33:18,452 - multi_browser_executor - ERROR - 浏览器 kra3p06 第 3 次尝试失败: 
没有找到元素。
方法: ele()
参数: {'locator': 'text=观看', 'index': 1, 'timeout': 10}
版本: 4.1.0.17
2025-01-29 12:33:22,800 - multi_browser_executor - ERROR - 浏览器 kr5afd8 第 2 次尝试失败: 
没有找到元素。
方法: ele()
参数: {'locator': 'text=观看', 'index': 1, 'timeout': 10}
版本: 4.1.0.17
2025-01-29 12:33:22,800 - multi_browser_executor - INFO - 浏览器 kr5afd8 等待 2.0 秒后重试...
2025-01-29 12:33:51,407 - multi_browser_executor - ERROR - 浏览器 kr5ac4b 第 1 次尝试失败: 
没有找到元素。
方法: ele()
参数: {'locator': 'text=观看', 'index': 1, 'timeout': 10}
版本: 4.1.0.17
2025-01-29 12:33:51,410 - multi_browser_executor - INFO - 浏览器 kr5ac4b 等待 2.0 秒后重试...
2025-01-29 12:36:08,523 - multi_browser_executor - ERROR - 浏览器 kr595h4 第 1 次尝试失败: 
没有找到元素。
方法: ele()
参数: {'locator': 'text=观看', 'index': 1, 'timeout': 10}
版本: 4.1.0.17
2025-01-29 12:36:08,595 - multi_browser_executor - INFO - 浏览器 kr595h4 等待 2.0 秒后重试...
2025-01-29 12:36:08,974 - multi_browser_executor - ERROR - 浏览器 kr5afd8 第 3 次尝试失败: 
没有找到元素。
方法: ele()
参数: {'locator': 'text=观看', 'index': 1, 'timeout': 10}
版本: 4.1.0.17
2025-01-29 12:36:38,137 - multi_browser_executor - ERROR - 浏览器 kr5ac4b 第 2 次尝试失败: 
没有找到元素。
方法: ele()
参数: {'locator': 'text=观看', 'index': 1, 'timeout': 10}
版本: 4.1.0.17
2025-01-29 12:36:38,151 - multi_browser_executor - INFO - 浏览器 kr5ac4b 等待 2.0 秒后重试...
2025-01-29 12:39:08,077 - multi_browser_executor - ERROR - 浏览器 kr595h4 第 2 次尝试失败: 
没有找到元素。
方法: ele()
参数: {'locator': 'text=观看', 'index': 1, 'timeout': 10}
版本: 4.1.0.17
2025-01-29 12:39:08,080 - multi_browser_executor - INFO - 浏览器 kr595h4 等待 2.0 秒后重试...
2025-01-29 12:39:38,150 - multi_browser_executor - ERROR - 浏览器 kr5ac4b 第 3 次尝试失败: 
没有找到元素。
方法: ele()
参数: {'locator': 'text=观看', 'index': 1, 'timeout': 10}
版本: 4.1.0.17
2025-01-29 12:42:16,478 - multi_browser_executor - ERROR - 浏览器 kr595h4 第 3 次尝试失败: 
没有找到元素。
方法: ele()
参数: {'locator': 'text=观看', 'index': 1, 'timeout': 10}
版本: 4.1.0.17
2025-01-29 13:15:49,958 - multi_browser_executor - INFO - 正在启动浏览器: kt03072
2025-01-29 13:15:49,959 - multi_browser_executor - INFO - 正在启动浏览器: kra42t5
2025-01-29 13:15:55,178 - multi_browser_executor - INFO - 浏览器 kt03072 启动成功，开始执行任务
2025-01-29 13:15:55,357 - multi_browser_executor - INFO - 浏览器 kra42t5 启动成功，开始执行任务
2025-01-29 13:16:33,988 - multi_browser_executor - ERROR - 浏览器 kt03072 第 1 次尝试失败: 
没有找到元素。
方法: ele()
参数: {'locator': 'text=观看', 'index': 1, 'timeout': 10}
版本: 4.1.0.17
2025-01-29 13:16:33,988 - multi_browser_executor - INFO - 浏览器 kt03072 等待 2.0 秒后重试...
2025-01-29 13:16:35,185 - multi_browser_executor - ERROR - 浏览器 kra42t5 第 1 次尝试失败: 
没有找到元素。
方法: ele()
参数: {'locator': 'text=观看', 'index': 1, 'timeout': 10}
版本: 4.1.0.17
2025-01-29 13:16:35,185 - multi_browser_executor - INFO - 浏览器 kra42t5 等待 2.0 秒后重试...
2025-01-29 13:17:05,881 - multi_browser_executor - ERROR - 浏览器 kra42t5 第 2 次尝试失败: 
没有找到元素。
方法: ele()
参数: {'locator': 'text=观看', 'index': 1, 'timeout': 10}
版本: 4.1.0.17
2025-01-29 13:17:05,882 - multi_browser_executor - INFO - 浏览器 kra42t5 等待 2.0 秒后重试...
2025-01-29 13:17:08,557 - multi_browser_executor - ERROR - 浏览器 kt03072 第 2 次尝试失败: 
没有找到元素。
方法: ele()
参数: {'locator': 'text=观看', 'index': 1, 'timeout': 10}
版本: 4.1.0.17
2025-01-29 13:17:08,557 - multi_browser_executor - INFO - 浏览器 kt03072 等待 2.0 秒后重试...
2025-01-29 13:17:36,891 - multi_browser_executor - ERROR - 浏览器 kra42t5 第 3 次尝试失败: 
没有找到元素。
方法: ele()
参数: {'locator': 'text=观看', 'index': 1, 'timeout': 10}
版本: 4.1.0.17
2025-01-29 13:17:36,893 - multi_browser_executor - INFO - 正在启动浏览器: kra3v8t
2025-01-29 13:17:36,893 - multi_browser_executor - INFO - 浏览器 kra42t5 任务完成
2025-01-29 13:17:42,867 - multi_browser_executor - INFO - 浏览器 kra3v8t 启动成功，开始执行任务
2025-01-29 13:17:43,976 - multi_browser_executor - ERROR - 浏览器 kt03072 第 3 次尝试失败: 
没有找到元素。
方法: ele()
参数: {'locator': 'text=观看', 'index': 1, 'timeout': 10}
版本: 4.1.0.17
2025-01-29 13:17:43,977 - multi_browser_executor - INFO - 正在启动浏览器: kra3p06
2025-01-29 13:17:43,990 - multi_browser_executor - INFO - 浏览器 kt03072 任务完成
2025-01-29 13:17:56,782 - multi_browser_executor - INFO - 浏览器 kra3p06 启动成功，开始执行任务
2025-01-29 13:18:49,268 - multi_browser_executor - ERROR - 浏览器 kra3v8t 第 1 次尝试失败: 
没有找到元素。
方法: ele()
参数: {'locator': 'text=观看', 'index': 1, 'timeout': 10}
版本: 4.1.0.17
2025-01-29 13:18:49,269 - multi_browser_executor - INFO - 浏览器 kra3v8t 等待 2.0 秒后重试...
2025-01-29 13:19:36,173 - multi_browser_executor - ERROR - 浏览器 kra3v8t 第 2 次尝试失败: 
没有找到元素。
方法: ele()
参数: {'locator': 'text=观看', 'index': 1, 'timeout': 10}
版本: 4.1.0.17
2025-01-29 13:19:36,173 - multi_browser_executor - INFO - 浏览器 kra3v8t 等待 2.0 秒后重试...
2025-01-29 13:20:15,822 - multi_browser_executor - ERROR - 浏览器 kra3v8t 第 3 次尝试失败: 
没有找到元素。
方法: ele()
参数: {'locator': 'text=观看', 'index': 1, 'timeout': 10}
版本: 4.1.0.17
2025-01-29 13:20:15,829 - multi_browser_executor - INFO - 正在启动浏览器: kr5ans5
2025-01-29 13:20:15,831 - multi_browser_executor - INFO - 浏览器 kra3v8t 任务完成
2025-01-29 13:20:25,323 - multi_browser_executor - INFO - 正在启动浏览器: kr5ai94
2025-01-29 13:20:25,323 - multi_browser_executor - INFO - 浏览器 kra3p06 任务完成
2025-01-29 13:20:28,003 - multi_browser_executor - INFO - 浏览器 kr5ans5 启动成功，开始执行任务
2025-01-29 13:20:46,828 - multi_browser_executor - INFO - 浏览器 kr5ai94 启动成功，开始执行任务
2025-01-29 13:23:40,537 - multi_browser_executor - INFO - 正在启动浏览器: kr5afd8
2025-01-29 13:23:40,537 - multi_browser_executor - INFO - 浏览器 kr5ans5 任务完成
2025-01-29 13:23:46,740 - multi_browser_executor - INFO - 浏览器 kr5afd8 启动成功，开始执行任务
2025-01-29 13:23:52,738 - multi_browser_executor - INFO - 浏览器 kr5ai94 任务完成
2025-01-29 13:23:52,749 - multi_browser_executor - INFO - 正在启动浏览器: kr5ac4b
2025-01-29 13:24:08,949 - multi_browser_executor - INFO - 浏览器 kr5ac4b 启动成功，开始执行任务
2025-01-29 13:26:10,023 - multi_browser_executor - INFO - 正在启动浏览器: kr595h4
2025-01-29 13:26:10,024 - multi_browser_executor - INFO - 浏览器 kr5afd8 任务完成
2025-01-29 13:26:19,219 - multi_browser_executor - INFO - 浏览器 kr5ac4b 任务完成
2025-01-29 13:26:21,781 - multi_browser_executor - INFO - 浏览器 kr595h4 启动成功，开始执行任务
2025-01-29 13:28:36,529 - multi_browser_executor - INFO - 浏览器 kr595h4 任务完成
2025-01-29 17:50:15,756 - multi_browser_executor - INFO - 正在启动浏览器: kt03072
2025-01-29 17:50:15,756 - multi_browser_executor - INFO - 正在启动浏览器: kra42t5
2025-01-29 17:50:21,045 - multi_browser_executor - INFO - 浏览器 kt03072 启动成功，开始执行任务
2025-01-29 17:50:21,045 - multi_browser_executor - INFO - 浏览器 kra42t5 启动成功，开始执行任务
2025-01-29 17:51:21,296 - multi_browser_executor - ERROR - 浏览器 kt03072 第 1 次尝试失败: list index out of range
2025-01-29 17:51:21,296 - multi_browser_executor - INFO - 浏览器 kt03072 等待 2.0 秒后重试...
2025-01-29 17:51:52,723 - multi_browser_executor - ERROR - 浏览器 kra42t5 第 1 次尝试失败: 
该元素没有位置及大小。
版本: 4.1.0.17
2025-01-29 17:51:52,724 - multi_browser_executor - INFO - 浏览器 kra42t5 等待 2.0 秒后重试...
2025-01-29 17:52:08,163 - multi_browser_executor - ERROR - 浏览器 kt03072 第 2 次尝试失败: list index out of range
2025-01-29 17:52:08,164 - multi_browser_executor - INFO - 浏览器 kt03072 等待 2.0 秒后重试...
2025-01-29 17:52:38,437 - multi_browser_executor - ERROR - 浏览器 kra42t5 第 2 次尝试失败: list index out of range
2025-01-29 17:52:38,438 - multi_browser_executor - INFO - 浏览器 kra42t5 等待 2.0 秒后重试...
2025-01-29 17:52:52,930 - multi_browser_executor - ERROR - 浏览器 kt03072 第 3 次尝试失败: list index out of range
2025-01-29 17:52:52,930 - multi_browser_executor - INFO - 正在启动浏览器: kra3v8t
2025-01-29 17:52:52,931 - multi_browser_executor - INFO - 浏览器 kt03072 任务完成
2025-01-29 17:52:58,159 - multi_browser_executor - INFO - 浏览器 kra3v8t 启动成功，开始执行任务
2025-01-29 17:53:06,175 - multi_browser_executor - ERROR - 浏览器 kra42t5 第 3 次尝试失败: 
与页面的连接已断开。
版本: 4.1.0.17
2025-01-29 17:53:06,182 - multi_browser_executor - INFO - 正在启动浏览器: kra3p06
2025-01-29 17:53:06,183 - multi_browser_executor - INFO - 浏览器 kra42t5 任务完成
2025-01-29 17:53:10,609 - multi_browser_executor - INFO - 浏览器 kra3p06 启动成功，开始执行任务
2025-01-29 17:53:58,159 - multi_browser_executor - ERROR - 浏览器 kra3v8t 第 1 次尝试失败: list index out of range
2025-01-29 17:53:58,159 - multi_browser_executor - INFO - 浏览器 kra3v8t 等待 2.0 秒后重试...
2025-01-29 17:54:00,309 - multi_browser_executor - ERROR - 浏览器 kra3p06 第 1 次尝试失败: list index out of range
2025-01-29 17:54:00,310 - multi_browser_executor - INFO - 浏览器 kra3p06 等待 2.0 秒后重试...
2025-01-29 18:09:48,905 - multi_browser_executor - INFO - 正在启动浏览器: kt03072
2025-01-29 18:09:48,905 - multi_browser_executor - INFO - 正在启动浏览器: kra42t5
2025-01-29 18:09:54,370 - multi_browser_executor - INFO - 浏览器 kt03072 启动成功，开始执行任务
2025-01-29 18:09:54,634 - multi_browser_executor - INFO - 浏览器 kra42t5 启动成功，开始执行任务
2025-01-29 18:11:40,573 - multi_browser_executor - INFO - 正在启动浏览器: kra3v8t
2025-01-29 18:11:40,574 - multi_browser_executor - INFO - 浏览器 kt03072 任务完成
2025-01-29 18:11:45,595 - multi_browser_executor - INFO - 正在启动浏览器: kra3p06
2025-01-29 18:11:45,600 - multi_browser_executor - INFO - 浏览器 kra42t5 任务完成
2025-01-29 18:11:45,835 - multi_browser_executor - INFO - 浏览器 kra3v8t 启动成功，开始执行任务
2025-01-29 18:11:54,433 - multi_browser_executor - INFO - 浏览器 kra3p06 启动成功，开始执行任务
2025-01-29 18:14:00,392 - multi_browser_executor - INFO - 正在启动浏览器: kr5ans5
2025-01-29 18:14:00,392 - multi_browser_executor - INFO - 浏览器 kra3p06 任务完成
2025-01-29 18:14:03,704 - multi_browser_executor - INFO - 正在启动浏览器: kr5ai94
2025-01-29 18:14:03,705 - multi_browser_executor - INFO - 浏览器 kra3v8t 任务完成
2025-01-29 18:14:04,745 - multi_browser_executor - INFO - 浏览器 kr5ans5 启动成功，开始执行任务
2025-01-29 18:14:13,131 - multi_browser_executor - INFO - 浏览器 kr5ai94 启动成功，开始执行任务
2025-01-29 18:15:58,207 - multi_browser_executor - INFO - 正在启动浏览器: kr5afd8
2025-01-29 18:15:58,207 - multi_browser_executor - INFO - 浏览器 kr5ans5 任务完成
2025-01-29 18:16:02,722 - multi_browser_executor - INFO - 浏览器 kr5afd8 启动成功，开始执行任务
2025-01-29 18:18:15,176 - multi_browser_executor - INFO - 正在启动浏览器: kr5ac4b
2025-01-29 18:18:15,176 - multi_browser_executor - INFO - 浏览器 kr5afd8 任务完成
2025-01-29 18:18:19,511 - multi_browser_executor - INFO - 浏览器 kr5ac4b 启动成功，开始执行任务
2025-01-29 18:19:39,490 - multi_browser_executor - INFO - 正在启动浏览器: kr595h4
2025-01-29 18:19:39,491 - multi_browser_executor - INFO - 浏览器 kr5ai94 任务完成
2025-01-29 18:19:45,471 - multi_browser_executor - INFO - 浏览器 kr595h4 启动成功，开始执行任务
2025-01-29 18:24:36,419 - multi_browser_executor - INFO - 正在启动浏览器: kt03072
2025-01-29 18:24:36,419 - multi_browser_executor - INFO - 正在启动浏览器: kra42t5
2025-01-29 18:24:40,658 - multi_browser_executor - INFO - 浏览器 kra42t5 启动成功，开始执行任务
2025-01-29 18:24:41,090 - multi_browser_executor - INFO - 浏览器 kt03072 启动成功，开始执行任务
2025-01-29 18:26:26,008 - multi_browser_executor - INFO - 正在启动浏览器: kra3v8t
2025-01-29 18:26:26,008 - multi_browser_executor - INFO - 浏览器 kra42t5 任务完成
2025-01-29 18:26:29,003 - multi_browser_executor - INFO - 正在启动浏览器: kra3p06
2025-01-29 18:26:29,004 - multi_browser_executor - INFO - 浏览器 kt03072 任务完成
2025-01-29 18:26:29,713 - multi_browser_executor - INFO - 浏览器 kra3v8t 启动成功，开始执行任务
2025-01-29 18:26:34,017 - multi_browser_executor - INFO - 浏览器 kra3p06 启动成功，开始执行任务
2025-01-29 21:34:06,054 - multi_browser_executor - INFO - 正在启动浏览器: kt03072
2025-01-29 21:34:06,054 - multi_browser_executor - INFO - 正在启动浏览器: kra42t5
2025-01-29 21:34:09,603 - multi_browser_executor - INFO - 浏览器 kt03072 启动成功，开始执行任务
2025-01-29 21:34:09,827 - multi_browser_executor - INFO - 浏览器 kra42t5 启动成功，开始执行任务
2025-01-29 21:35:47,125 - multi_browser_executor - INFO - 正在启动浏览器: kra3v8t
2025-01-29 21:35:47,126 - multi_browser_executor - INFO - 浏览器 kra42t5 任务完成
2025-01-29 21:35:50,229 - multi_browser_executor - INFO - 正在启动浏览器: kra3p06
2025-01-29 21:35:50,229 - multi_browser_executor - INFO - 浏览器 kt03072 任务完成
2025-01-29 21:35:50,532 - multi_browser_executor - INFO - 浏览器 kra3v8t 启动成功，开始执行任务
2025-01-29 21:35:53,596 - multi_browser_executor - INFO - 浏览器 kra3p06 启动成功，开始执行任务
2025-01-29 21:37:24,011 - multi_browser_executor - INFO - 正在启动浏览器: kr5ans5
2025-01-29 21:37:24,011 - multi_browser_executor - INFO - 浏览器 kra3v8t 任务完成
2025-01-29 21:37:27,412 - multi_browser_executor - INFO - 浏览器 kr5ans5 启动成功，开始执行任务
2025-01-29 21:37:34,604 - multi_browser_executor - INFO - 正在启动浏览器: kr5ai94
2025-01-29 21:37:34,604 - multi_browser_executor - INFO - 浏览器 kra3p06 任务完成
2025-01-29 21:37:37,758 - multi_browser_executor - INFO - 浏览器 kr5ai94 启动成功，开始执行任务
2025-01-29 21:39:02,785 - multi_browser_executor - INFO - 正在启动浏览器: kr5afd8
2025-01-29 21:39:02,785 - multi_browser_executor - INFO - 浏览器 kr5ans5 任务完成
2025-01-29 21:39:06,245 - multi_browser_executor - INFO - 浏览器 kr5afd8 启动成功，开始执行任务
2025-01-29 21:39:10,819 - multi_browser_executor - INFO - 正在启动浏览器: kr5ac4b
2025-01-29 21:39:10,819 - multi_browser_executor - INFO - 浏览器 kr5ai94 任务完成
2025-01-29 21:39:14,274 - multi_browser_executor - INFO - 浏览器 kr5ac4b 启动成功，开始执行任务
2025-01-29 21:40:48,955 - multi_browser_executor - INFO - 正在启动浏览器: kr595h4
2025-01-29 21:40:48,956 - multi_browser_executor - INFO - 浏览器 kr5afd8 任务完成
2025-01-29 21:40:52,552 - multi_browser_executor - INFO - 浏览器 kr595h4 启动成功，开始执行任务
2025-01-29 21:42:33,992 - multi_browser_executor - INFO - 浏览器 kr5ac4b 任务完成
