2025-02-01 19:44:05,417 - multi_browser_executor - INFO - 正在启动浏览器: kt03072
2025-02-01 19:44:05,419 - multi_browser_executor - INFO - 正在启动浏览器: kra42t5
2025-02-01 19:44:10,591 - multi_browser_executor - INFO - 浏览器 kra42t5 启动成功，开始执行任务
2025-02-01 19:44:11,006 - multi_browser_executor - INFO - 浏览器 kt03072 启动成功，开始执行任务
2025-02-01 19:45:16,695 - multi_browser_executor - ERROR - 浏览器 kra42t5 第 1 次尝试失败: 
与页面的连接已断开。
版本: 4.1.0.17
2025-02-01 19:45:16,695 - multi_browser_executor - INFO - 浏览器 kra42t5 等待 2.0 秒后重试...
2025-02-01 19:45:18,302 - multi_browser_executor - ERROR - 浏览器 kt03072 第 1 次尝试失败: 
与页面的连接已断开。
版本: 4.1.0.17
2025-02-01 19:45:18,302 - multi_browser_executor - INFO - 浏览器 kt03072 等待 2.0 秒后重试...
2025-02-01 19:45:18,700 - multi_browser_executor - ERROR - 浏览器 kra42t5 第 2 次尝试失败: 
与页面的连接已断开。
版本: 4.1.0.17
2025-02-01 19:45:18,700 - multi_browser_executor - INFO - 浏览器 kra42t5 等待 2.0 秒后重试...
2025-02-01 19:45:20,304 - multi_browser_executor - ERROR - 浏览器 kt03072 第 2 次尝试失败: 
与页面的连接已断开。
版本: 4.1.0.17
2025-02-01 19:45:20,304 - multi_browser_executor - INFO - 浏览器 kt03072 等待 2.0 秒后重试...
2025-02-01 19:45:20,703 - multi_browser_executor - ERROR - 浏览器 kra42t5 第 3 次尝试失败: 
与页面的连接已断开。
版本: 4.1.0.17
2025-02-01 19:45:20,703 - multi_browser_executor - INFO - 正在启动浏览器: kra3v8t
2025-02-01 20:23:30,491 - multi_browser_executor - INFO - 正在启动浏览器: kt03072
2025-02-01 20:23:30,491 - multi_browser_executor - INFO - 正在启动浏览器: kra42t5
2025-02-01 20:23:30,491 - multi_browser_executor - INFO - 正在启动浏览器: kra3v8t
2025-02-01 20:23:30,497 - multi_browser_executor - ERROR - 浏览器 kra3v8t 任务执行失败: 'data'
2025-02-01 20:23:30,497 - multi_browser_executor - INFO - 正在启动浏览器: kra3p06
2025-02-01 20:23:30,497 - multi_browser_executor - INFO - 浏览器 kra3v8t 任务完成
2025-02-01 20:23:30,501 - multi_browser_executor - ERROR - 浏览器 kra3p06 任务执行失败: 'data'
2025-02-01 20:23:30,501 - multi_browser_executor - INFO - 正在启动浏览器: kr5ans5
2025-02-01 20:23:30,501 - multi_browser_executor - INFO - 浏览器 kra3p06 任务完成
2025-02-01 20:23:30,502 - multi_browser_executor - ERROR - 浏览器 kr5ans5 任务执行失败: 'data'
2025-02-01 20:23:30,502 - multi_browser_executor - INFO - 正在启动浏览器: kr5ai94
2025-02-01 20:23:30,502 - multi_browser_executor - INFO - 浏览器 kr5ans5 任务完成
2025-02-01 20:23:30,504 - multi_browser_executor - ERROR - 浏览器 kr5ai94 任务执行失败: 'data'
2025-02-01 20:23:30,505 - multi_browser_executor - INFO - 正在启动浏览器: kr5afd8
2025-02-01 20:23:30,505 - multi_browser_executor - INFO - 浏览器 kr5ai94 任务完成
2025-02-01 20:23:30,507 - multi_browser_executor - ERROR - 浏览器 kr5afd8 任务执行失败: 'data'
2025-02-01 20:23:30,507 - multi_browser_executor - INFO - 正在启动浏览器: kr5ac4b
2025-02-01 20:23:30,508 - multi_browser_executor - INFO - 浏览器 kr5afd8 任务完成
2025-02-01 20:23:30,510 - multi_browser_executor - ERROR - 浏览器 kr5ac4b 任务执行失败: 'data'
2025-02-01 20:23:30,510 - multi_browser_executor - INFO - 正在启动浏览器: kr595h4
2025-02-01 20:23:30,511 - multi_browser_executor - INFO - 浏览器 kr5ac4b 任务完成
2025-02-01 20:23:30,513 - multi_browser_executor - ERROR - 浏览器 kr595h4 任务执行失败: 'data'
2025-02-01 20:23:30,513 - multi_browser_executor - INFO - 浏览器 kr595h4 任务完成
2025-02-01 20:23:34,307 - multi_browser_executor - INFO - 浏览器 kra42t5 启动成功，开始执行任务
2025-02-01 20:23:34,398 - multi_browser_executor - INFO - 浏览器 kt03072 启动成功，开始执行任务
2025-02-01 20:23:39,403 - multi_browser_executor - INFO - 浏览器 kra42t5 任务完成
2025-02-01 20:24:34,859 - multi_browser_executor - INFO - 正在启动浏览器: kt03072
2025-02-01 20:24:34,859 - multi_browser_executor - INFO - 正在启动浏览器: kra42t5
2025-02-01 20:24:39,000 - multi_browser_executor - INFO - 浏览器 kt03072 启动成功，开始执行任务
2025-02-01 20:24:39,379 - multi_browser_executor - INFO - 浏览器 kra42t5 启动成功，开始执行任务
2025-02-01 20:24:44,693 - multi_browser_executor - INFO - 正在启动浏览器: kra3v8t
2025-02-01 20:24:44,693 - multi_browser_executor - INFO - 浏览器 kra42t5 任务完成
2025-02-01 20:24:45,248 - multi_browser_executor - INFO - 正在启动浏览器: kra3p06
2025-02-01 20:24:49,250 - multi_browser_executor - INFO - 浏览器 kra3v8t 启动成功，开始执行任务
2025-02-01 20:24:52,930 - multi_browser_executor - INFO - 浏览器 kra3p06 启动成功，开始执行任务
2025-02-01 20:29:56,747 - multi_browser_executor - INFO - Total browsers: 9
2025-02-01 20:29:56,748 - multi_browser_executor - INFO - Max concurrent browsers: 3
2025-02-01 20:29:56,748 - multi_browser_executor - INFO - 正在启动浏览器: kt03072
2025-02-01 20:29:56,749 - multi_browser_executor - INFO - 正在启动浏览器: kra42t5
2025-02-01 20:29:56,749 - multi_browser_executor - INFO - 正在启动浏览器: kra3v8t
2025-02-01 20:29:57,762 - multi_browser_executor - ERROR - 浏览器 kra3v8t 启动失败: Unexpected error while starting browser: Invalid response format: {'code': -1, 'msg': 'Too many request per second, please check'}
2025-02-01 20:29:57,763 - multi_browser_executor - INFO - 正在启动浏览器: kra3p06
2025-02-01 20:29:57,763 - multi_browser_executor - INFO - 浏览器 kra3v8t 任务完成
2025-02-01 20:30:07,773 - multi_browser_executor - ERROR - 浏览器 kt03072 启动失败: Failed to start browser: HTTPConnectionPool(host='127.0.0.1', port=50325): Max retries exceeded with url: /api/v1/browser/start?user_id=kt03072 (Caused by ReadTimeoutError("HTTPConnectionPool(host='127.0.0.1', port=50325): Read timed out. (read timeout=10)"))
2025-02-01 20:30:07,775 - multi_browser_executor - ERROR - 浏览器 kra42t5 启动失败: Failed to start browser: HTTPConnectionPool(host='127.0.0.1', port=50325): Max retries exceeded with url: /api/v1/browser/start?user_id=kra42t5 (Caused by ReadTimeoutError("HTTPConnectionPool(host='127.0.0.1', port=50325): Read timed out. (read timeout=10)"))
2025-02-01 20:30:07,775 - multi_browser_executor - INFO - 正在启动浏览器: kr5ans5
2025-02-01 20:30:07,776 - multi_browser_executor - INFO - 正在启动浏览器: kr5ai94
2025-02-01 20:30:07,776 - multi_browser_executor - INFO - 浏览器 kt03072 任务完成
2025-02-01 20:30:07,777 - multi_browser_executor - INFO - 浏览器 kra42t5 任务完成
2025-02-01 20:30:09,037 - multi_browser_executor - ERROR - 浏览器 kra3p06 启动失败: Failed to start browser: HTTPConnectionPool(host='127.0.0.1', port=50325): Max retries exceeded with url: /api/v1/browser/start?user_id=kra3p06 (Caused by ReadTimeoutError("HTTPConnectionPool(host='127.0.0.1', port=50325): Read timed out. (read timeout=10)"))
2025-02-01 20:30:09,037 - multi_browser_executor - INFO - 正在启动浏览器: kr5afd8
2025-02-01 20:30:09,043 - multi_browser_executor - INFO - 浏览器 kra3p06 任务完成
2025-02-01 20:30:10,087 - multi_browser_executor - ERROR - 浏览器 kr5afd8 启动失败: Unexpected error while starting browser: Invalid response format: {'code': -1, 'msg': 'Too many request per second, please check'}
2025-02-01 20:30:10,088 - multi_browser_executor - INFO - 正在启动浏览器: kr5ac4b
2025-02-01 20:30:10,089 - multi_browser_executor - INFO - 浏览器 kr5afd8 任务完成
2025-02-01 20:51:27,815 - multi_browser_executor - INFO - Total browsers: 9
2025-02-01 20:51:27,815 - multi_browser_executor - INFO - Max concurrent browsers: 2
2025-02-01 20:51:27,816 - multi_browser_executor - INFO - 正在启动浏览器: kt03072
2025-02-01 20:51:27,817 - multi_browser_executor - INFO - 正在启动浏览器: kra42t5
2025-02-01 20:51:34,224 - multi_browser_executor - INFO - 浏览器 kra42t5 启动成功，开始执行任务
2025-02-01 20:51:34,267 - multi_browser_executor - INFO - 浏览器 kt03072 启动成功，开始执行任务
2025-02-01 20:51:39,727 - multi_browser_executor - INFO - 正在启动浏览器: kra3v8t
2025-02-01 20:51:39,728 - multi_browser_executor - INFO - 浏览器 kra42t5 任务完成
2025-02-01 20:51:40,129 - multi_browser_executor - INFO - 正在启动浏览器: kra3p06
2025-02-01 20:51:40,129 - multi_browser_executor - INFO - 浏览器 kt03072 任务完成
2025-02-01 20:51:50,414 - multi_browser_executor - INFO - 浏览器 kra3p06 启动成功，开始执行任务
2025-02-01 20:51:50,416 - multi_browser_executor - INFO - 浏览器 kra3v8t 启动成功，开始执行任务
2025-02-01 20:51:56,690 - multi_browser_executor - INFO - 正在启动浏览器: kr5ans5
2025-02-01 20:51:56,691 - multi_browser_executor - INFO - 浏览器 kra3v8t 任务完成
2025-02-01 20:51:56,710 - multi_browser_executor - INFO - 正在启动浏览器: kr5ai94
2025-02-01 20:51:56,710 - multi_browser_executor - INFO - 浏览器 kra3p06 任务完成
2025-02-01 20:52:01,968 - multi_browser_executor - INFO - 浏览器 kr5ai94 启动成功，开始执行任务
2025-02-01 20:52:02,776 - multi_browser_executor - INFO - 浏览器 kr5ans5 启动成功，开始执行任务
2025-02-01 20:52:12,417 - multi_browser_executor - INFO - 正在启动浏览器: kr5afd8
2025-02-01 20:52:12,417 - multi_browser_executor - INFO - 浏览器 kr5ai94 任务完成
2025-02-01 20:52:12,686 - multi_browser_executor - INFO - 正在启动浏览器: kr5ac4b
2025-02-01 20:52:12,686 - multi_browser_executor - INFO - 浏览器 kr5ans5 任务完成
2025-02-01 20:52:18,519 - multi_browser_executor - INFO - 浏览器 kr5afd8 启动成功，开始执行任务
2025-02-01 20:52:20,333 - multi_browser_executor - INFO - 浏览器 kr5ac4b 启动成功，开始执行任务
2025-02-01 20:52:28,017 - multi_browser_executor - INFO - 正在启动浏览器: kr595h4
2025-02-01 20:52:28,018 - multi_browser_executor - INFO - 浏览器 kr5afd8 任务完成
2025-02-01 20:52:29,351 - multi_browser_executor - INFO - 浏览器 kr5ac4b 任务完成
2025-02-01 20:52:33,511 - multi_browser_executor - INFO - 浏览器 kr595h4 启动成功，开始执行任务
2025-02-01 20:52:41,492 - multi_browser_executor - INFO - 浏览器 kr595h4 任务完成
2025-02-01 20:56:08,457 - multi_browser_executor - INFO - Total browsers: 9
2025-02-01 20:56:08,457 - multi_browser_executor - INFO - Max concurrent browsers: 2
2025-02-01 20:56:08,458 - multi_browser_executor - INFO - 正在启动浏览器: kt03072
2025-02-01 20:56:08,459 - multi_browser_executor - INFO - 正在启动浏览器: kra42t5
2025-02-01 20:56:14,985 - multi_browser_executor - INFO - 浏览器 kra42t5 启动成功，开始执行任务
2025-02-01 20:56:15,416 - multi_browser_executor - INFO - 浏览器 kt03072 启动成功，开始执行任务
2025-02-01 20:56:21,161 - multi_browser_executor - INFO - 正在启动浏览器: kra3v8t
2025-02-01 20:56:21,161 - multi_browser_executor - INFO - 浏览器 kra42t5 任务完成
2025-02-01 20:56:22,472 - multi_browser_executor - INFO - 正在启动浏览器: kra3p06
2025-02-01 20:56:22,472 - multi_browser_executor - INFO - 浏览器 kt03072 任务完成
2025-02-01 20:56:26,484 - multi_browser_executor - INFO - 浏览器 kra3v8t 启动成功，开始执行任务
2025-02-01 20:56:28,300 - multi_browser_executor - INFO - 浏览器 kra3p06 启动成功，开始执行任务
2025-02-01 20:56:31,413 - multi_browser_executor - INFO - 正在启动浏览器: kr5ans5
2025-02-01 20:56:31,414 - multi_browser_executor - INFO - 浏览器 kra3v8t 任务完成
2025-02-01 20:56:33,392 - multi_browser_executor - INFO - 正在启动浏览器: kr5ai94
2025-02-01 20:56:33,392 - multi_browser_executor - INFO - 浏览器 kra3p06 任务完成
2025-02-01 20:56:36,734 - multi_browser_executor - INFO - 浏览器 kr5ans5 启动成功，开始执行任务
2025-02-01 20:56:39,355 - multi_browser_executor - INFO - 浏览器 kr5ai94 启动成功，开始执行任务
2025-02-01 20:56:44,885 - multi_browser_executor - INFO - 正在启动浏览器: kr5afd8
2025-02-01 20:56:44,886 - multi_browser_executor - INFO - 浏览器 kr5ans5 任务完成
2025-02-01 20:56:44,962 - multi_browser_executor - INFO - 正在启动浏览器: kr5ac4b
2025-02-01 20:56:44,962 - multi_browser_executor - INFO - 浏览器 kr5ai94 任务完成
2025-02-01 20:56:51,222 - multi_browser_executor - INFO - 浏览器 kr5ac4b 启动成功，开始执行任务
2025-02-01 20:56:51,433 - multi_browser_executor - INFO - 浏览器 kr5afd8 启动成功，开始执行任务
2025-02-01 20:56:56,778 - multi_browser_executor - INFO - 正在启动浏览器: kr595h4
2025-02-01 20:56:56,778 - multi_browser_executor - INFO - 浏览器 kr5ac4b 任务完成
2025-02-01 20:56:59,055 - multi_browser_executor - INFO - 浏览器 kr5afd8 任务完成
2025-02-01 20:57:02,106 - multi_browser_executor - INFO - 浏览器 kr595h4 启动成功，开始执行任务
2025-02-01 20:57:09,701 - multi_browser_executor - INFO - 浏览器 kr595h4 任务完成
