2025-01-27 19:48:09,444 - multi_browser_executor - ERROR - 浏览器 kr595h4 任务提交失败: 'LeTaske' object has no attribute 'url'
2025-01-27 19:49:44,761 - multi_browser_executor - ERROR - 浏览器 kr595h4 第 1 次尝试失败: 'dict' object has no attribute 'url'
2025-01-27 19:49:46,832 - multi_browser_executor - ERROR - 浏览器 kr595h4 第 2 次尝试失败: 'dict' object has no attribute 'url'
2025-01-27 19:49:48,905 - multi_browser_executor - ERROR - 浏览器 kr595h4 第 3 次尝试失败: 'dict' object has no attribute 'url'
2025-01-27 19:50:57,518 - multi_browser_executor - ERROR - 浏览器 kr595h4 第 1 次尝试失败: 'watch_tn'
2025-01-27 19:51:05,821 - multi_browser_executor - ERROR - 浏览器 kr595h4 第 2 次尝试失败: 'watch_tn'
2025-01-27 19:51:15,304 - multi_browser_executor - ERROR - 浏览器 kr595h4 第 3 次尝试失败: 'watch_tn'
2025-01-27 19:55:24,790 - multi_browser_executor - ERROR - 浏览器 kr595h4 第 1 次尝试失败: 'watch_tn'
2025-01-27 19:56:43,664 - multi_browser_executor - ERROR - 浏览器 kr595h4 第 1 次尝试失败: 'watch_tn'
2025-01-27 19:59:09,573 - multi_browser_executor - ERROR - 浏览器 kr595h4 第 1 次尝试失败: 'watch_tn'
2025-01-27 20:01:50,367 - multi_browser_executor - ERROR - 浏览器 kr595h4 第 1 次尝试失败: 
没有找到元素。
方法: ele()
参数: {'locator': 't:观看@@@tag()=span', 'index': 1, 'timeout': 10}
版本: 4.1.0.17
2025-01-27 20:02:44,445 - multi_browser_executor - ERROR - 浏览器 kr595h4 第 1 次尝试失败: 'share_tn'
2025-01-27 20:03:44,680 - multi_browser_executor - ERROR - 浏览器 kr595h4 第 1 次尝试失败: 
没有找到元素。
方法: ele()
参数: {'locator': 't:观看', 'index': 1, 'timeout': 10}
版本: 4.1.0.17
2025-01-27 20:23:06,311 - multi_browser_executor - ERROR - 浏览器 kr595h4 : 
没有找到元素。
方法: ele()
参数: {'locator': 'tx()=观看', 'index': 1, 'timeout': 10}
版本: 4.1.0.17
2025-01-27 20:24:15,530 - multi_browser_executor - ERROR - 浏览器 kr595h4 : 'share_tn'
2025-01-27 20:26:05,859 - multi_browser_executor - ERROR - 浏览器 kr595h4 : 'share_tn'
2025-01-27 20:27:18,631 - multi_browser_executor - ERROR - 浏览器 kr595h4 : 'share_tn'
2025-01-27 20:30:16,652 - multi_browser_executor - ERROR - 浏览器 kr595h4 : 'share_tn'
2025-01-27 20:30:45,811 - multi_browser_executor - ERROR - 浏览器 kr595h4 : 'LePage' object has no attribute 'tab_id'
2025-01-27 20:37:50,230 - multi_browser_executor - ERROR - 浏览器 kr595h4 : 'share_tn'
2025-01-27 20:39:43,099 - multi_browser_executor - ERROR - 浏览器 kr595h4 : 'ChromiumElement' object has no attribute 'actions'
2025-01-27 20:40:41,804 - multi_browser_executor - ERROR - 浏览器 kr595h4 : 'share_tn'
2025-01-27 20:41:47,196 - multi_browser_executor - ERROR - 浏览器 kr595h4 : close_tabs() missing 1 required positional argument: 'tabs_or_ids'
2025-01-27 20:44:40,516 - multi_browser_executor - ERROR - 浏览器 kr595h4 : close_tabs() missing 1 required positional argument: 'tabs_or_ids'
2025-01-27 20:46:05,663 - multi_browser_executor - ERROR - 浏览器 kr595h4 : close_tabs() missing 1 required positional argument: 'tabs_or_ids'
2025-01-27 20:47:54,107 - multi_browser_executor - ERROR - 浏览器 kr595h4 : 
没有找到元素。
方法: ele()
参数: {'locator': 'text=分享@@tag:span', 'index': 1, 'timeout': 10}
版本: 4.1.0.17
2025-01-27 20:50:39,677 - multi_browser_executor - ERROR - 浏览器 kr595h4 : 
没有找到元素。
方法: ele()
参数: {'locator': 'text=分享@@class="transition-opacity', 'index': 1, 'timeout': 10}
版本: 4.1.0.17
2025-01-27 20:53:07,013 - multi_browser_executor - ERROR - 浏览器 kr595h4 : 
与页面的连接已断开。
版本: 4.1.0.17
2025-01-27 20:54:00,935 - multi_browser_executor - ERROR - 浏览器 kr595h4 : 
没有找到元素。
方法: ele()
参数: {'locator': 'text=分享@@class="transition-opacity', 'index': 1, 'timeout': 10}
版本: 4.1.0.17
2025-01-27 20:55:55,995 - multi_browser_executor - ERROR - 浏览器 kr595h4 : 
没有找到元素。
方法: ele()
参数: {'locator': 'text=分享@@class="transition-opacity', 'index': 1, 'timeout': 10}
版本: 4.1.0.17
2025-01-27 20:58:00,946 - multi_browser_executor - ERROR - 浏览器 kr595h4 : 
没有找到元素。
方法: ele()
参数: {'locator': 'text=引用@@tag:span', 'index': 1, 'timeout': 10}
版本: 4.1.0.17
2025-01-27 20:58:54,135 - multi_browser_executor - ERROR - 浏览器 kr595h4 : 
没有找到元素。
方法: ele()
参数: {'locator': 'text=引用@@tag:span', 'index': 1, 'timeout': 10}
版本: 4.1.0.17
2025-01-27 21:04:10,687 - multi_browser_executor - ERROR - 浏览器 kr595h4 : 
没有找到元素。
方法: ele()
参数: {'locator': 'text=引用@@tag:span', 'index': 1, 'timeout': 10}
版本: 4.1.0.17
2025-01-27 21:09:57,735 - multi_browser_executor - ERROR - 浏览器 kr595h4 : 
没有找到元素。
方法: ele()
参数: {'locator': 'text=引用@@tag:span', 'index': 1, 'timeout': 10}
版本: 4.1.0.17
2025-01-27 21:11:36,233 - multi_browser_executor - ERROR - 浏览器 kr595h4 : click() missing 1 required positional argument: 'selector'
2025-01-27 21:13:51,959 - multi_browser_executor - ERROR - 浏览器 kr595h4 : close_tabs() missing 1 required positional argument: 'tabs_or_ids'
2025-01-27 21:15:43,648 - multi_browser_executor - ERROR - 浏览器 kr595h4 : close_tabs() missing 1 required positional argument: 'tabs_or_ids'
2025-01-27 21:16:57,796 - multi_browser_executor - ERROR - 浏览器 kr595h4 : close_tabs() missing 1 required positional argument: 'tabs_or_ids'
2025-01-27 21:20:01,676 - multi_browser_executor - ERROR - 浏览器 kr595h4 : close_tabs() missing 1 required positional argument: 'tabs_or_ids'
2025-01-27 21:29:07,390 - multi_browser_executor - ERROR - 浏览器 kr595h4 : 'verify'
2025-01-27 21:29:53,438 - multi_browser_executor - ERROR - 浏览器 kr595h4 : list index out of range
2025-01-27 21:30:45,467 - multi_browser_executor - ERROR - 浏览器 kr595h4 : 
元素对象已失效。可能是页面整体刷新，或js局部刷新把元素替换或去除了。
版本: 4.1.0.17
2025-01-27 21:36:34,203 - multi_browser_executor - ERROR - 浏览器 kr595h4 : close_tabs() missing 1 required positional argument: 'tabs_or_ids'
2025-01-27 21:40:07,604 - multi_browser_executor - ERROR - 浏览器 kr595h4 : 'MixTab' object has no attribute 'wait_s'
2025-01-27 21:42:08,393 - multi_browser_executor - ERROR - 浏览器 kr595h4 : close_tabs() missing 1 required positional argument: 'tabs_or_ids'
2025-01-27 22:03:20,546 - multi_browser_executor - ERROR - 浏览器 kr5ac4b : 'rf'
2025-01-27 22:07:22,914 - multi_browser_executor - ERROR - 浏览器 kr5ac4b : 'rf'
2025-01-27 22:09:58,142 - multi_browser_executor - ERROR - 浏览器 kr5ac4b : 
没有找到元素。
方法: ele()
参数: {'locator': 'text=观看', 'index': 1, 'timeout': 10}
版本: 4.1.0.17
2025-01-27 22:10:28,555 - multi_browser_executor - ERROR - 浏览器 kr5ac4b : 'rf'
2025-01-27 22:11:48,620 - multi_browser_executor - ERROR - 浏览器 kr5ac4b : 'rf'
2025-01-27 22:12:53,867 - multi_browser_executor - ERROR - 浏览器 kr5ac4b : 
该元素没有位置及大小。
版本: 4.1.0.17
2025-01-27 22:14:36,802 - multi_browser_executor - ERROR - 浏览器 kr5ac4b : 
该元素没有位置及大小。
版本: 4.1.0.17
2025-01-27 22:15:36,051 - multi_browser_executor - ERROR - 浏览器 kr5ac4b : 'rf'
2025-01-27 22:19:15,531 - multi_browser_executor - ERROR - 浏览器 kr5ac4b : 'text'
2025-01-27 22:20:49,746 - multi_browser_executor - ERROR - 浏览器 kr5ac4b : close_tabs() missing 1 required positional argument: 'tabs_or_ids'
2025-01-27 22:21:39,779 - multi_browser_executor - ERROR - 浏览器 kr5ac4b : close_tabs() missing 1 required positional argument: 'tabs_or_ids'
2025-01-27 22:23:34,580 - multi_browser_executor - ERROR - 浏览器 kr5ac4b : 
该元素没有位置及大小。
版本: 4.1.0.17
2025-01-27 22:27:52,438 - multi_browser_executor - ERROR - 浏览器 kr5ac4b : 
该元素没有位置及大小。
版本: 4.1.0.17
2025-01-27 22:35:52,331 - multi_browser_executor - ERROR - 浏览器 kr5ac4b : close_tabs() missing 1 required positional argument: 'tabs_or_ids'
2025-01-27 22:37:23,640 - multi_browser_executor - ERROR - 浏览器 kr5ac4b : close_tabs() missing 1 required positional argument: 'tabs_or_ids'
2025-01-27 22:40:16,380 - multi_browser_executor - ERROR - 浏览器 kr5ac4b : close_tabs() missing 1 required positional argument: 'tabs_or_ids'
2025-01-27 23:09:43,652 - multi_browser_executor - ERROR - 浏览器 kr5afd8 : 
元素对象已失效。可能是页面整体刷新，或js局部刷新把元素替换或去除了。
版本: 4.1.0.17
2025-01-27 23:17:12,108 - multi_browser_executor - ERROR - 浏览器 kr5ai94 : 
元素对象已失效。可能是页面整体刷新，或js局部刷新把元素替换或去除了。
版本: 4.1.0.17
2025-01-27 23:19:32,040 - multi_browser_executor - ERROR - 浏览器 kr5ai94 : 
没有找到元素。
方法: ele()
参数: {'locator': 'text=观看', 'index': 1, 'timeout': 10}
版本: 4.1.0.17
2025-01-27 23:22:01,730 - multi_browser_executor - ERROR - 浏览器 kr5ai94 : 
该元素没有位置及大小。
版本: 4.1.0.17
2025-01-27 23:22:33,487 - multi_browser_executor - ERROR - 浏览器 kr5ai94 : 
该元素没有位置及大小。
版本: 4.1.0.17
2025-01-27 23:23:21,166 - multi_browser_executor - ERROR - 浏览器 kr5ai94 : 
该元素没有位置及大小。
版本: 4.1.0.17
2025-01-27 23:23:52,023 - multi_browser_executor - ERROR - 浏览器 kr5ai94 : 
没有找到元素。
方法: ele()
参数: {'locator': 'text=观看', 'index': 1, 'timeout': 10}
版本: 4.1.0.17
2025-01-27 23:25:10,645 - multi_browser_executor - ERROR - 浏览器 kr5ai94 : 
该元素没有位置及大小。
版本: 4.1.0.17
2025-01-27 23:26:18,629 - multi_browser_executor - ERROR - 浏览器 kr5ai94 : 
该元素没有位置及大小。
版本: 4.1.0.17
2025-01-27 23:26:52,871 - multi_browser_executor - ERROR - 浏览器 kr5ai94 : 
该元素没有位置及大小。
版本: 4.1.0.17
2025-01-27 23:30:53,140 - multi_browser_executor - ERROR - 浏览器 kr5ai94 : 
该元素没有位置及大小。
版本: 4.1.0.17
2025-01-27 23:35:41,534 - multi_browser_executor - ERROR - 浏览器 kr5ans5 : 
该元素没有位置及大小。
版本: 4.1.0.17
2025-01-27 23:40:49,064 - multi_browser_executor - ERROR - 浏览器 kra3p06 : 
元素对象已失效。可能是页面整体刷新，或js局部刷新把元素替换或去除了。
版本: 4.1.0.17
2025-01-27 23:44:44,728 - multi_browser_executor - ERROR - 浏览器 kra3p06 : 
没有找到元素。
方法: ele()
参数: {'locator': 'text=观看', 'index': 1, 'timeout': 10}
版本: 4.1.0.17
2025-01-27 23:46:02,505 - multi_browser_executor - ERROR - 浏览器 kra3p06 : 'LePage' object has no attribute 'clik'
2025-01-27 23:56:37,066 - multi_browser_executor - ERROR - 浏览器 kra42t5 : 
没有找到元素。
方法: ele()
参数: {'locator': 'text=观看', 'index': 1, 'timeout': 10}
版本: 4.1.0.17
2025-01-27 23:58:29,998 - multi_browser_executor - ERROR - 浏览器 kra42t5 : 
元素对象已失效。可能是页面整体刷新，或js局部刷新把元素替换或去除了。
版本: 4.1.0.17
2025-01-28 00:00:11,306 - multi_browser_executor - ERROR - 浏览器 kt03072 : 
与页面的连接已断开。
版本: 4.1.0.17
