2025-01-30 12:37:57,556 - multi_browser_executor - INFO - 正在启动浏览器: kt03072
2025-01-30 12:37:57,557 - multi_browser_executor - INFO - 正在启动浏览器: kra42t5
2025-01-30 12:38:02,154 - multi_browser_executor - INFO - 浏览器 kra42t5 启动成功，开始执行任务
2025-01-30 12:38:02,223 - multi_browser_executor - INFO - 浏览器 kt03072 启动成功，开始执行任务
2025-01-30 12:41:13,273 - multi_browser_executor - ERROR - 浏览器 kra42t5 第 1 次尝试失败: 'Chromium' object has no attribute 'user_id'
2025-01-30 12:41:13,274 - multi_browser_executor - INFO - 浏览器 kra42t5 等待 2.0 秒后重试...
2025-01-30 12:41:29,686 - multi_browser_executor - ERROR - 浏览器 kt03072 第 1 次尝试失败: 'Chromium' object has no attribute 'user_id'
2025-01-30 12:41:29,686 - multi_browser_executor - INFO - 浏览器 kt03072 等待 2.0 秒后重试...
2025-01-30 12:42:43,265 - multi_browser_executor - ERROR - 浏览器 kra42t5 第 2 次尝试失败: 'Chromium' object has no attribute 'user_id'
2025-01-30 12:42:43,265 - multi_browser_executor - INFO - 浏览器 kra42t5 等待 2.0 秒后重试...
2025-01-30 12:47:09,723 - multi_browser_executor - INFO - 正在启动浏览器: kt03072
2025-01-30 12:47:09,723 - multi_browser_executor - INFO - 正在启动浏览器: kra42t5
2025-01-30 12:47:09,743 - multi_browser_executor - INFO - 浏览器 kt03072 启动成功，开始执行任务
2025-01-30 12:47:09,743 - multi_browser_executor - INFO - 浏览器 kra42t5 启动成功，开始执行任务
2025-01-30 12:48:30,455 - multi_browser_executor - INFO - 正在启动浏览器: kt03072
2025-01-30 12:48:30,455 - multi_browser_executor - INFO - 正在启动浏览器: kra42t5
2025-01-30 12:48:30,470 - multi_browser_executor - INFO - 浏览器 kra42t5 启动成功，开始执行任务
2025-01-30 12:48:30,471 - multi_browser_executor - INFO - 浏览器 kt03072 启动成功，开始执行任务
2025-01-30 12:50:31,688 - multi_browser_executor - INFO - 正在启动浏览器: kt03072
2025-01-30 12:50:31,688 - multi_browser_executor - INFO - 正在启动浏览器: kra42t5
2025-01-30 12:50:31,709 - multi_browser_executor - INFO - 浏览器 kt03072 启动成功，开始执行任务
2025-01-30 12:50:31,711 - multi_browser_executor - INFO - 浏览器 kra42t5 启动成功，开始执行任务
2025-01-30 12:52:00,753 - multi_browser_executor - ERROR - 浏览器 kra42t5 第 1 次尝试失败: 'Chromium' object has no attribute 'user_id'
2025-01-30 12:52:00,754 - multi_browser_executor - INFO - 浏览器 kra42t5 等待 2.0 秒后重试...
2025-01-30 12:52:05,040 - multi_browser_executor - ERROR - 浏览器 kt03072 第 1 次尝试失败: 'Chromium' object has no attribute 'user_id'
2025-01-30 12:52:05,040 - multi_browser_executor - INFO - 浏览器 kt03072 等待 2.0 秒后重试...
2025-01-30 12:54:48,398 - multi_browser_executor - INFO - 正在启动浏览器: kt03072
2025-01-30 12:54:48,398 - multi_browser_executor - INFO - 正在启动浏览器: kra42t5
2025-01-30 12:54:56,001 - multi_browser_executor - INFO - 浏览器 kra42t5 启动成功，开始执行任务
2025-01-30 12:54:56,006 - multi_browser_executor - INFO - 浏览器 kt03072 启动成功，开始执行任务
2025-01-30 12:56:37,474 - multi_browser_executor - INFO - 正在启动浏览器: kra3v8t
2025-01-30 12:56:37,474 - multi_browser_executor - INFO - 浏览器 kt03072 任务完成
2025-01-30 12:56:40,880 - multi_browser_executor - INFO - 浏览器 kra3v8t 启动成功，开始执行任务
2025-01-30 12:56:45,585 - multi_browser_executor - INFO - 正在启动浏览器: kra3p06
2025-01-30 12:56:45,585 - multi_browser_executor - INFO - 浏览器 kra42t5 任务完成
2025-01-30 12:56:49,058 - multi_browser_executor - INFO - 浏览器 kra3p06 启动成功，开始执行任务
2025-01-30 13:04:38,971 - multi_browser_executor - INFO - 正在启动浏览器: kr5ans5
2025-01-30 13:04:38,972 - multi_browser_executor - INFO - 浏览器 kra3v8t 任务完成
2025-01-30 13:04:42,368 - multi_browser_executor - INFO - 浏览器 kr5ans5 启动成功，开始执行任务
2025-01-30 13:07:03,116 - multi_browser_executor - INFO - 正在启动浏览器: kr5ai94
2025-01-30 13:07:03,117 - multi_browser_executor - INFO - 浏览器 kr5ans5 任务完成
2025-01-30 13:07:10,130 - multi_browser_executor - INFO - 浏览器 kr5ai94 启动成功，开始执行任务
2025-01-30 13:07:56,707 - multi_browser_executor - INFO - 正在启动浏览器: kr5afd8
2025-01-30 13:07:56,707 - multi_browser_executor - INFO - 浏览器 kra3p06 任务完成
2025-01-30 13:08:04,344 - multi_browser_executor - INFO - 浏览器 kr5afd8 启动成功，开始执行任务
2025-01-30 13:09:15,589 - multi_browser_executor - INFO - 正在启动浏览器: kr5ac4b
2025-01-30 13:09:15,589 - multi_browser_executor - INFO - 浏览器 kr5ai94 任务完成
2025-01-30 13:09:19,314 - multi_browser_executor - INFO - 浏览器 kr5ac4b 启动成功，开始执行任务
2025-01-30 13:11:22,895 - multi_browser_executor - INFO - 正在启动浏览器: kr595h4
2025-01-30 13:11:22,895 - multi_browser_executor - INFO - 浏览器 kr5afd8 任务完成
2025-01-30 13:11:26,483 - multi_browser_executor - INFO - 浏览器 kr595h4 启动成功，开始执行任务
2025-01-30 13:12:49,248 - multi_browser_executor - INFO - 浏览器 kr5ac4b 任务完成
2025-01-30 14:49:04,726 - multi_browser_executor - INFO - 正在启动浏览器: kt35k8f
2025-01-30 14:49:04,727 - multi_browser_executor - INFO - 正在启动浏览器: kt35k8e
2025-01-30 14:49:08,845 - multi_browser_executor - INFO - 浏览器 kt35k8e 启动成功，开始执行任务
2025-01-30 14:49:09,129 - multi_browser_executor - INFO - 浏览器 kt35k8f 启动成功，开始执行任务
