2025-01-31 11:31:50,345 - multi_browser_executor - INFO - 正在启动浏览器: kt03072
2025-01-31 11:31:50,345 - multi_browser_executor - INFO - 正在启动浏览器: kra42t5
2025-01-31 11:31:54,236 - multi_browser_executor - INFO - 浏览器 kt03072 启动成功，开始执行任务
2025-01-31 11:31:54,487 - multi_browser_executor - INFO - 浏览器 kra42t5 启动成功，开始执行任务
2025-01-31 11:36:13,709 - multi_browser_executor - INFO - 正在启动浏览器: kra3v8t
2025-01-31 11:36:13,709 - multi_browser_executor - INFO - 浏览器 kra42t5 任务完成
2025-01-31 11:36:17,114 - multi_browser_executor - INFO - 浏览器 kra3v8t 启动成功，开始执行任务
2025-01-31 11:37:33,441 - multi_browser_executor - INFO - 正在启动浏览器: kra3p06
2025-01-31 11:37:33,441 - multi_browser_executor - INFO - 浏览器 kt03072 任务完成
2025-01-31 11:37:36,929 - multi_browser_executor - INFO - 浏览器 kra3p06 启动成功，开始执行任务
2025-01-31 11:40:53,374 - multi_browser_executor - INFO - 正在启动浏览器: kr5ans5
2025-01-31 11:40:53,374 - multi_browser_executor - INFO - 浏览器 kra3p06 任务完成
2025-01-31 11:40:57,040 - multi_browser_executor - INFO - 浏览器 kr5ans5 启动成功，开始执行任务
2025-01-31 11:44:06,798 - multi_browser_executor - INFO - 正在启动浏览器: kr5ai94
2025-01-31 11:44:06,798 - multi_browser_executor - INFO - 浏览器 kra3v8t 任务完成
2025-01-31 11:44:10,259 - multi_browser_executor - INFO - 浏览器 kr5ai94 启动成功，开始执行任务
2025-01-31 11:46:32,817 - multi_browser_executor - INFO - 正在启动浏览器: kr5afd8
2025-01-31 11:46:32,817 - multi_browser_executor - INFO - 浏览器 kr5ans5 任务完成
2025-01-31 11:46:36,349 - multi_browser_executor - INFO - 浏览器 kr5afd8 启动成功，开始执行任务
2025-01-31 11:47:40,552 - multi_browser_executor - INFO - 正在启动浏览器: kr5ac4b
2025-01-31 11:47:40,552 - multi_browser_executor - INFO - 浏览器 kr5ai94 任务完成
2025-01-31 11:47:44,155 - multi_browser_executor - INFO - 浏览器 kr5ac4b 启动成功，开始执行任务
2025-01-31 11:51:05,950 - multi_browser_executor - INFO - 正在启动浏览器: kr595h4
2025-01-31 11:51:05,950 - multi_browser_executor - INFO - 浏览器 kr5ac4b 任务完成
2025-01-31 11:51:09,624 - multi_browser_executor - INFO - 浏览器 kr595h4 启动成功，开始执行任务
2025-01-31 11:52:06,134 - multi_browser_executor - INFO - 浏览器 kr5afd8 任务完成
2025-01-31 11:53:38,440 - multi_browser_executor - INFO - 正在启动浏览器: kt03072
2025-01-31 11:53:38,441 - multi_browser_executor - INFO - 正在启动浏览器: kra42t5
2025-01-31 11:53:42,122 - multi_browser_executor - INFO - 浏览器 kra42t5 启动成功，开始执行任务
2025-01-31 11:53:51,895 - multi_browser_executor - INFO - 浏览器 kt03072 启动成功，开始执行任务
2025-01-31 11:54:01,867 - multi_browser_executor - ERROR - 浏览器 kra42t5 第 1 次尝试失败: 'bool' object has no attribute 'click'
2025-01-31 11:54:01,867 - multi_browser_executor - INFO - 浏览器 kra42t5 等待 2.0 秒后重试...
2025-01-31 11:54:20,139 - multi_browser_executor - INFO - 正在启动浏览器: kra3v8t
2025-01-31 11:54:20,140 - multi_browser_executor - INFO - 浏览器 kra42t5 任务完成
2025-01-31 11:54:23,565 - multi_browser_executor - INFO - 浏览器 kra3v8t 启动成功，开始执行任务
2025-01-31 11:54:24,014 - multi_browser_executor - ERROR - 浏览器 kt03072 第 1 次尝试失败: HTTPConnectionPool(host='127.0.0.1', port=49245): Max retries exceeded with url: /json (Caused by NewConnectionError('<urllib3.connection.HTTPConnection object at 0x1064e8220>: Failed to establish a new connection: [Errno 61] Connection refused'))
2025-01-31 11:54:24,014 - multi_browser_executor - INFO - 浏览器 kt03072 等待 2.0 秒后重试...
2025-01-31 11:54:26,017 - multi_browser_executor - ERROR - 浏览器 kt03072 第 2 次尝试失败: local variable 'tab_id' referenced before assignment
2025-01-31 11:54:26,017 - multi_browser_executor - INFO - 浏览器 kt03072 等待 2.0 秒后重试...
2025-01-31 11:54:28,022 - multi_browser_executor - ERROR - 浏览器 kt03072 第 3 次尝试失败: local variable 'tab_id' referenced before assignment
2025-01-31 11:54:28,022 - multi_browser_executor - INFO - 正在启动浏览器: kra3p06
2025-01-31 11:54:28,022 - multi_browser_executor - INFO - 浏览器 kt03072 任务完成
2025-01-31 11:54:31,536 - multi_browser_executor - INFO - 浏览器 kra3p06 启动成功，开始执行任务
2025-01-31 11:54:34,704 - multi_browser_executor - ERROR - 浏览器 kra3v8t 第 1 次尝试失败: 
该元素没有位置及大小。
版本: 4.1.0.17
2025-01-31 11:54:34,704 - multi_browser_executor - INFO - 浏览器 kra3v8t 等待 2.0 秒后重试...
2025-01-31 11:54:42,036 - multi_browser_executor - ERROR - 浏览器 kra3p06 第 1 次尝试失败: 
该元素没有位置及大小。
版本: 4.1.0.17
2025-01-31 11:54:42,037 - multi_browser_executor - INFO - 浏览器 kra3p06 等待 2.0 秒后重试...
2025-01-31 11:54:52,837 - multi_browser_executor - INFO - 正在启动浏览器: kr5ans5
2025-01-31 11:54:52,837 - multi_browser_executor - INFO - 浏览器 kra3v8t 任务完成
2025-01-31 11:54:57,075 - multi_browser_executor - INFO - 浏览器 kr5ans5 启动成功，开始执行任务
2025-01-31 11:54:58,004 - multi_browser_executor - INFO - 正在启动浏览器: kr5ai94
2025-01-31 11:54:58,004 - multi_browser_executor - INFO - 浏览器 kra3p06 任务完成
2025-01-31 11:55:01,312 - multi_browser_executor - INFO - 浏览器 kr5ai94 启动成功，开始执行任务
2025-01-31 11:55:16,305 - multi_browser_executor - ERROR - 浏览器 kr5ans5 第 1 次尝试失败: 'bool' object has no attribute 'click'
2025-01-31 11:55:16,305 - multi_browser_executor - INFO - 浏览器 kr5ans5 等待 2.0 秒后重试...
2025-01-31 11:55:21,325 - multi_browser_executor - ERROR - 浏览器 kr5ai94 第 1 次尝试失败: 'bool' object has no attribute 'click'
2025-01-31 11:55:21,325 - multi_browser_executor - INFO - 浏览器 kr5ai94 等待 2.0 秒后重试...
2025-01-31 11:55:36,344 - multi_browser_executor - ERROR - 浏览器 kr5ans5 第 2 次尝试失败: 'bool' object has no attribute 'click'
2025-01-31 11:55:36,345 - multi_browser_executor - INFO - 浏览器 kr5ans5 等待 2.0 秒后重试...
2025-01-31 11:55:41,409 - multi_browser_executor - ERROR - 浏览器 kr5ai94 第 2 次尝试失败: 'bool' object has no attribute 'click'
2025-01-31 11:55:41,409 - multi_browser_executor - INFO - 浏览器 kr5ai94 等待 2.0 秒后重试...
2025-01-31 11:55:52,252 - multi_browser_executor - INFO - 正在启动浏览器: kr5afd8
2025-01-31 11:55:52,252 - multi_browser_executor - INFO - 浏览器 kr5ans5 任务完成
2025-01-31 11:55:55,726 - multi_browser_executor - INFO - 浏览器 kr5afd8 启动成功，开始执行任务
2025-01-31 11:55:57,676 - multi_browser_executor - INFO - 正在启动浏览器: kr5ac4b
2025-01-31 11:55:57,676 - multi_browser_executor - INFO - 浏览器 kr5ai94 任务完成
2025-01-31 11:56:01,124 - multi_browser_executor - INFO - 浏览器 kr5ac4b 启动成功，开始执行任务
2025-01-31 11:56:15,197 - multi_browser_executor - ERROR - 浏览器 kr5afd8 第 1 次尝试失败: 'bool' object has no attribute 'click'
2025-01-31 11:56:15,197 - multi_browser_executor - INFO - 浏览器 kr5afd8 等待 2.0 秒后重试...
2025-01-31 11:56:20,990 - multi_browser_executor - ERROR - 浏览器 kr5ac4b 第 1 次尝试失败: 'bool' object has no attribute 'click'
2025-01-31 11:56:20,991 - multi_browser_executor - INFO - 浏览器 kr5ac4b 等待 2.0 秒后重试...
2025-01-31 11:56:32,455 - multi_browser_executor - INFO - 正在启动浏览器: kr595h4
2025-01-31 11:56:32,455 - multi_browser_executor - INFO - 浏览器 kr5afd8 任务完成
2025-01-31 11:56:36,145 - multi_browser_executor - INFO - 浏览器 kr595h4 启动成功，开始执行任务
2025-01-31 11:56:39,517 - multi_browser_executor - INFO - 浏览器 kr5ac4b 任务完成
2025-01-31 11:56:47,820 - multi_browser_executor - ERROR - 浏览器 kr595h4 第 1 次尝试失败: 
该元素没有位置及大小。
版本: 4.1.0.17
2025-01-31 11:56:47,820 - multi_browser_executor - INFO - 浏览器 kr595h4 等待 2.0 秒后重试...
2025-01-31 11:57:07,940 - multi_browser_executor - ERROR - 浏览器 kr595h4 第 2 次尝试失败: 'bool' object has no attribute 'click'
2025-01-31 11:57:07,941 - multi_browser_executor - INFO - 浏览器 kr595h4 等待 2.0 秒后重试...
2025-01-31 11:57:24,358 - multi_browser_executor - INFO - 浏览器 kr595h4 任务完成
2025-01-31 18:37:25,135 - multi_browser_executor - INFO - 正在启动浏览器: kt03072
2025-01-31 18:37:25,148 - multi_browser_executor - INFO - 浏览器 kt03072 启动成功，开始执行任务
2025-01-31 18:37:36,604 - multi_browser_executor - INFO - 正在启动浏览器: kra42t5
2025-01-31 18:37:36,604 - multi_browser_executor - INFO - 浏览器 kt03072 任务完成
2025-01-31 18:37:41,516 - multi_browser_executor - INFO - 浏览器 kra42t5 启动成功，开始执行任务
2025-01-31 18:37:56,400 - multi_browser_executor - ERROR - 浏览器 kra42t5 第 1 次尝试失败: 
没有找到元素。
方法: ele()
参数: {'locator': 'text=立即签到', 'index': 1, 'timeout': 10}
版本: 4.1.0.17
2025-01-31 18:37:56,400 - multi_browser_executor - INFO - 浏览器 kra42t5 等待 2.0 秒后重试...
2025-01-31 18:38:12,255 - multi_browser_executor - INFO - 正在启动浏览器: kra3v8t
2025-01-31 18:38:12,256 - multi_browser_executor - INFO - 浏览器 kra42t5 任务完成
2025-01-31 18:38:16,527 - multi_browser_executor - INFO - 浏览器 kra3v8t 启动成功，开始执行任务
2025-01-31 18:38:26,443 - multi_browser_executor - INFO - 正在启动浏览器: kra3p06
2025-01-31 18:38:26,444 - multi_browser_executor - INFO - 浏览器 kra3v8t 任务完成
2025-01-31 18:38:30,299 - multi_browser_executor - INFO - 浏览器 kra3p06 启动成功，开始执行任务
2025-01-31 18:38:40,130 - multi_browser_executor - INFO - 正在启动浏览器: kr5ans5
2025-01-31 18:38:40,130 - multi_browser_executor - INFO - 浏览器 kra3p06 任务完成
2025-01-31 18:38:43,881 - multi_browser_executor - INFO - 浏览器 kr5ans5 启动成功，开始执行任务
2025-01-31 18:38:54,335 - multi_browser_executor - INFO - 正在启动浏览器: kr5ai94
2025-01-31 18:38:54,335 - multi_browser_executor - INFO - 浏览器 kr5ans5 任务完成
2025-01-31 18:38:58,096 - multi_browser_executor - INFO - 浏览器 kr5ai94 启动成功，开始执行任务
2025-01-31 18:39:08,501 - multi_browser_executor - INFO - 正在启动浏览器: kr5afd8
2025-01-31 18:39:08,502 - multi_browser_executor - INFO - 浏览器 kr5ai94 任务完成
2025-01-31 18:39:11,965 - multi_browser_executor - INFO - 浏览器 kr5afd8 启动成功，开始执行任务
2025-01-31 18:39:22,712 - multi_browser_executor - INFO - 正在启动浏览器: kr5ac4b
2025-01-31 18:39:22,713 - multi_browser_executor - INFO - 浏览器 kr5afd8 任务完成
2025-01-31 18:39:26,304 - multi_browser_executor - INFO - 浏览器 kr5ac4b 启动成功，开始执行任务
2025-01-31 18:39:36,478 - multi_browser_executor - INFO - 正在启动浏览器: kr595h4
2025-01-31 18:39:36,478 - multi_browser_executor - INFO - 浏览器 kr5ac4b 任务完成
2025-01-31 18:39:39,905 - multi_browser_executor - INFO - 浏览器 kr595h4 启动成功，开始执行任务
2025-01-31 18:39:54,251 - multi_browser_executor - ERROR - 浏览器 kr595h4 第 1 次尝试失败: 
没有找到元素。
方法: ele()
参数: {'locator': 'text=立即签到', 'index': 1, 'timeout': 10}
版本: 4.1.0.17
2025-01-31 18:39:54,251 - multi_browser_executor - INFO - 浏览器 kr595h4 等待 2.0 秒后重试...
2025-01-31 18:40:10,409 - multi_browser_executor - ERROR - 浏览器 kr595h4 第 2 次尝试失败: 
没有找到元素。
方法: ele()
参数: {'locator': 'text=立即签到', 'index': 1, 'timeout': 10}
版本: 4.1.0.17
2025-01-31 18:40:10,410 - multi_browser_executor - INFO - 浏览器 kr595h4 等待 2.0 秒后重试...
2025-01-31 18:40:26,535 - multi_browser_executor - ERROR - 浏览器 kr595h4 第 3 次尝试失败: 
没有找到元素。
方法: ele()
参数: {'locator': 'text=立即签到', 'index': 1, 'timeout': 10}
版本: 4.1.0.17
2025-01-31 18:40:27,542 - multi_browser_executor - INFO - 浏览器 kr595h4 任务完成
