2025-02-02 15:18:38,663 - multi_browser_executor - ERROR - 没有找到可用的浏览器
2025-02-02 15:18:53,028 - multi_browser_executor - INFO - Total browsers: 1
2025-02-02 15:18:53,028 - multi_browser_executor - INFO - Max concurrent browsers: 2
2025-02-02 15:18:53,029 - multi_browser_executor - INFO - 正在启动浏览器: kt35hkb
2025-02-02 15:18:59,018 - multi_browser_executor - INFO - 浏览器 kt35hkb 启动成功，开始执行任务
2025-02-02 15:24:46,506 - multi_browser_executor - INFO - 浏览器 kt35hkb 任务完成
2025-02-02 15:26:23,370 - multi_browser_executor - INFO - Total browsers: 1
2025-02-02 15:26:23,370 - multi_browser_executor - INFO - Max concurrent browsers: 2
2025-02-02 15:26:23,371 - multi_browser_executor - INFO - 正在启动浏览器: kt35k89
2025-02-02 15:26:29,233 - multi_browser_executor - INFO - 浏览器 kt35k89 启动成功，开始执行任务
2025-02-02 15:30:58,409 - multi_browser_executor - INFO - 浏览器 kt35k89 任务完成
2025-02-02 15:31:14,993 - multi_browser_executor - INFO - Total browsers: 1
2025-02-02 15:31:14,993 - multi_browser_executor - INFO - Max concurrent browsers: 2
2025-02-02 15:31:14,995 - multi_browser_executor - INFO - 正在启动浏览器: kt35k8b
2025-02-02 15:31:20,627 - multi_browser_executor - INFO - 浏览器 kt35k8b 启动成功，开始执行任务
2025-02-02 15:33:10,568 - multi_browser_executor - INFO - 浏览器 kt35k8b 任务完成
2025-02-02 15:33:51,858 - multi_browser_executor - INFO - Total browsers: 1
2025-02-02 15:33:51,858 - multi_browser_executor - INFO - Max concurrent browsers: 2
2025-02-02 15:33:51,858 - multi_browser_executor - INFO - 正在启动浏览器: kt35k8b
2025-02-02 15:33:57,866 - multi_browser_executor - INFO - 浏览器 kt35k8b 启动成功，开始执行任务
2025-02-02 15:35:55,254 - multi_browser_executor - INFO - 浏览器 kt35k8b 任务完成
