2025-01-31 11:53:47,639 - OfcPage - INFO - 访问页面成功: https://ofc.onefootball.com/s2/
2025-01-31 11:54:01,718 - OfcPage - ERROR - 点击元素失败: text=Let's go, 错误: 'bool' object has no attribute 'click'
2025-01-31 11:54:07,933 - OfcPage - INFO - 访问页面成功: https://ofc.onefootball.com/s2/
2025-01-31 11:54:12,578 - OfcPage - INFO - 点击元素成功: text=Let's go
2025-01-31 11:54:12,579 - OfcPage - INFO - 点击lets go 成功
2025-01-31 11:54:16,097 - OfcPage - INFO - 点击元素成功: text=Verify
2025-01-31 11:54:16,098 - OfcPage - INFO - 点击lets go 成功
2025-01-31 11:54:20,995 - OfcPage - INFO - 访问页面成功: https://ofc.onefootball.com/s2/
2025-01-31 11:54:24,013 - OfcPage - ERROR - 查找元素失败: text=Let's go, 错误: 
与页面的连接已断开。
版本: 4.1.0.17
2025-01-31 11:54:24,013 - OfcPage - ERROR - 点击元素失败: text=Let's go, 错误: 
与页面的连接已断开。
版本: 4.1.0.17
2025-01-31 11:54:28,820 - OfcPage - INFO - 访问页面成功: https://ofc.onefootball.com/s2/
2025-01-31 11:54:34,570 - OfcPage - ERROR - 点击元素失败: text=Let's go, 错误: 
该元素没有位置及大小。
版本: 4.1.0.17
2025-01-31 11:54:35,748 - OfcPage - INFO - 访问页面成功: https://ofc.onefootball.com/s2/
2025-01-31 11:54:40,777 - OfcPage - INFO - 访问页面成功: https://ofc.onefootball.com/s2/
2025-01-31 11:54:41,925 - OfcPage - ERROR - 点击元素失败: text=Let's go, 错误: 
该元素没有位置及大小。
版本: 4.1.0.17
2025-01-31 11:54:45,272 - OfcPage - INFO - 点击元素成功: text=Let's go
2025-01-31 11:54:45,272 - OfcPage - INFO - 点击lets go 成功
2025-01-31 11:54:45,928 - OfcPage - INFO - 访问页面成功: https://ofc.onefootball.com/s2/
2025-01-31 11:54:48,777 - OfcPage - INFO - 点击元素成功: text=Verify
2025-01-31 11:54:48,777 - OfcPage - INFO - 点击lets go 成功
2025-01-31 11:54:50,429 - OfcPage - INFO - 点击元素成功: text=Let's go
2025-01-31 11:54:50,430 - OfcPage - INFO - 点击lets go 成功
2025-01-31 11:54:53,956 - OfcPage - INFO - 点击元素成功: text=Verify
2025-01-31 11:54:53,957 - OfcPage - INFO - 点击lets go 成功
2025-01-31 11:55:02,085 - OfcPage - INFO - 访问页面成功: https://ofc.onefootball.com/s2/
2025-01-31 11:55:07,021 - OfcPage - INFO - 访问页面成功: https://ofc.onefootball.com/s2/
2025-01-31 11:55:16,154 - OfcPage - ERROR - 点击元素失败: text=Let's go, 错误: 'bool' object has no attribute 'click'
2025-01-31 11:55:21,131 - OfcPage - ERROR - 点击元素失败: text=Let's go, 错误: 'bool' object has no attribute 'click'
2025-01-31 11:55:22,250 - OfcPage - INFO - 访问页面成功: https://ofc.onefootball.com/s2/
2025-01-31 11:55:27,298 - OfcPage - INFO - 访问页面成功: https://ofc.onefootball.com/s2/
2025-01-31 11:55:36,313 - OfcPage - ERROR - 点击元素失败: text=Let's go, 错误: 'bool' object has no attribute 'click'
2025-01-31 11:55:40,241 - OfcPage - INFO - 访问页面成功: https://ofc.onefootball.com/s2/
2025-01-31 11:55:41,375 - OfcPage - ERROR - 点击元素失败: text=Let's go, 错误: 'bool' object has no attribute 'click'
2025-01-31 11:55:44,729 - OfcPage - INFO - 点击元素成功: text=Let's go
2025-01-31 11:55:44,729 - OfcPage - INFO - 点击lets go 成功
2025-01-31 11:55:45,599 - OfcPage - INFO - 访问页面成功: https://ofc.onefootball.com/s2/
2025-01-31 11:55:48,210 - OfcPage - INFO - 点击元素成功: text=Verify
2025-01-31 11:55:48,210 - OfcPage - INFO - 点击lets go 成功
2025-01-31 11:55:50,094 - OfcPage - INFO - 点击元素成功: text=Let's go
2025-01-31 11:55:50,095 - OfcPage - INFO - 点击lets go 成功
2025-01-31 11:55:53,642 - OfcPage - INFO - 点击元素成功: text=Verify
2025-01-31 11:55:53,642 - OfcPage - INFO - 点击lets go 成功
2025-01-31 11:56:00,989 - OfcPage - INFO - 访问页面成功: https://ofc.onefootball.com/s2/
2025-01-31 11:56:06,762 - OfcPage - INFO - 访问页面成功: https://ofc.onefootball.com/s2/
2025-01-31 11:56:15,033 - OfcPage - ERROR - 点击元素失败: text=Let's go, 错误: 'bool' object has no attribute 'click'
2025-01-31 11:56:20,416 - OfcPage - INFO - 访问页面成功: https://ofc.onefootball.com/s2/
2025-01-31 11:56:20,832 - OfcPage - ERROR - 点击元素失败: text=Let's go, 错误: 'bool' object has no attribute 'click'
2025-01-31 11:56:24,905 - OfcPage - INFO - 点击元素成功: text=Let's go
2025-01-31 11:56:24,905 - OfcPage - INFO - 点击lets go 成功
2025-01-31 11:56:27,340 - OfcPage - INFO - 访问页面成功: https://ofc.onefootball.com/s2/
2025-01-31 11:56:28,399 - OfcPage - INFO - 点击元素成功: text=Verify
2025-01-31 11:56:28,400 - OfcPage - INFO - 点击lets go 成功
2025-01-31 11:56:31,957 - OfcPage - INFO - 点击元素成功: text=Let's go
2025-01-31 11:56:31,958 - OfcPage - INFO - 点击lets go 成功
2025-01-31 11:56:35,463 - OfcPage - INFO - 点击元素成功: text=Verify
2025-01-31 11:56:35,463 - OfcPage - INFO - 点击lets go 成功
2025-01-31 11:56:41,295 - OfcPage - INFO - 访问页面成功: https://ofc.onefootball.com/s2/
2025-01-31 11:56:47,608 - OfcPage - ERROR - 点击元素失败: text=Let's go, 错误: 
该元素没有位置及大小。
版本: 4.1.0.17
2025-01-31 11:56:53,870 - OfcPage - INFO - 访问页面成功: https://ofc.onefootball.com/s2/
2025-01-31 11:57:07,923 - OfcPage - ERROR - 点击元素失败: text=Let's go, 错误: 'bool' object has no attribute 'click'
2025-01-31 11:57:12,232 - OfcPage - INFO - 访问页面成功: https://ofc.onefootball.com/s2/
2025-01-31 11:57:16,753 - OfcPage - INFO - 点击元素成功: text=Let's go
2025-01-31 11:57:16,754 - OfcPage - INFO - 点击lets go 成功
2025-01-31 11:57:20,294 - OfcPage - INFO - 点击元素成功: text=Verify
2025-01-31 11:57:20,295 - OfcPage - INFO - 点击lets go 成功
