2025-01-29 22:12:43,613 - OfcPage - INFO - 访问页面成功: https://ofc.onefootball.com/s2/
2025-01-29 22:12:43,613 - OfcPage - INFO - 访问页面成功: https://ofc.onefootball.com/s2/
2025-01-29 22:12:44,005 - OfcPage - INFO - 访问页面成功: https://ofc.onefootball.com/s2/
2025-01-29 22:12:44,005 - OfcPage - INFO - 访问页面成功: https://ofc.onefootball.com/s2/
2025-01-29 22:12:56,628 - OfcPage - ERROR - 点击元素失败: text=Let's go, 错误: 
没有找到元素。
方法: ele()
参数: {'locator': "text=Let's go", 'index': 1, 'timeout': 10}
版本: 4.1.0.17
2025-01-29 22:12:56,628 - OfcPage - ERROR - 点击元素失败: text=Let's go, 错误: 
没有找到元素。
方法: ele()
参数: {'locator': "text=Let's go", 'index': 1, 'timeout': 10}
版本: 4.1.0.17
2025-01-29 22:12:57,010 - OfcPage - ERROR - 点击元素失败: text=Let's go, 错误: 
没有找到元素。
方法: ele()
参数: {'locator': "text=Let's go", 'index': 1, 'timeout': 10}
版本: 4.1.0.17
2025-01-29 22:12:57,010 - OfcPage - ERROR - 点击元素失败: text=Let's go, 错误: 
没有找到元素。
方法: ele()
参数: {'locator': "text=Let's go", 'index': 1, 'timeout': 10}
版本: 4.1.0.17
2025-01-29 22:13:00,717 - OfcPage - INFO - 访问页面成功: https://ofc.onefootball.com/s2/
2025-01-29 22:13:00,717 - OfcPage - INFO - 访问页面成功: https://ofc.onefootball.com/s2/
2025-01-29 22:13:00,951 - OfcPage - INFO - 访问页面成功: https://ofc.onefootball.com/s2/
2025-01-29 22:13:00,951 - OfcPage - INFO - 访问页面成功: https://ofc.onefootball.com/s2/
2025-01-29 22:16:18,559 - OfcPage - INFO - 访问页面成功: https://ofc.onefootball.com/s2/
2025-01-29 22:16:20,089 - OfcPage - INFO - 访问页面成功: https://ofc.onefootball.com/s2/
2025-01-29 22:16:23,340 - OfcPage - ERROR - 点击元素失败: text=Let's go, 错误: 
元素对象已失效。可能是页面整体刷新，或js局部刷新把元素替换或去除了。
版本: 4.1.0.17
2025-01-29 22:16:27,276 - OfcPage - INFO - 访问页面成功: https://ofc.onefootball.com/s2/
2025-01-29 22:16:31,576 - OfcPage - ERROR - 点击元素失败: text=Let's go, 错误: 
没有找到元素。
方法: ele()
参数: {'locator': "text=Let's go", 'index': 1, 'timeout': 10}
版本: 4.1.0.17
2025-01-29 22:16:31,769 - OfcPage - INFO - 点击元素成功: text=Let's go
2025-01-29 22:16:31,770 - OfcPage - INFO - 点击lets go 成功
2025-01-29 22:16:35,285 - OfcPage - INFO - 点击元素成功: text=Verify
2025-01-29 22:16:35,285 - OfcPage - INFO - 点击lets go 成功
2025-01-29 22:16:36,518 - OfcPage - INFO - 访问页面成功: https://ofc.onefootball.com/s2/
2025-01-29 22:16:41,744 - OfcPage - ERROR - 查找元素失败: text=Let's go, 错误: 
与页面的连接已断开。
版本: 4.1.0.17
2025-01-29 22:16:41,744 - OfcPage - ERROR - 点击元素失败: text=Let's go, 错误: 
与页面的连接已断开。
版本: 4.1.0.17
2025-01-29 22:16:48,819 - OfcPage - INFO - 访问页面成功: https://ofc.onefootball.com/s2/
2025-01-29 22:16:56,544 - OfcPage - INFO - 访问页面成功: https://ofc.onefootball.com/s2/
2025-01-29 22:17:01,835 - OfcPage - ERROR - 点击元素失败: text=Let's go, 错误: 
没有找到元素。
方法: ele()
参数: {'locator': "text=Let's go", 'index': 1, 'timeout': 10}
版本: 4.1.0.17
2025-01-29 22:17:08,041 - OfcPage - INFO - 访问页面成功: https://ofc.onefootball.com/s2/
2025-01-29 22:17:09,560 - OfcPage - ERROR - 点击元素失败: text=Let's go, 错误: 
没有找到元素。
方法: ele()
参数: {'locator': "text=Let's go", 'index': 1, 'timeout': 10}
版本: 4.1.0.17
2025-01-29 22:17:13,899 - OfcPage - INFO - 访问页面成功: https://ofc.onefootball.com/s2/
2025-01-29 22:20:49,995 - OfcPage - INFO - 访问页面成功: https://ofc.onefootball.com/s2/
2025-01-29 22:20:56,407 - OfcPage - ERROR - 点击元素失败: text=Let's go, 错误: 
该元素没有位置及大小。
版本: 4.1.0.17
2025-01-29 22:21:02,343 - OfcPage - INFO - 访问页面成功: https://ofc.onefootball.com/s2/
2025-01-29 22:21:06,863 - OfcPage - INFO - 点击元素成功: text=Let's go
2025-01-29 22:21:06,865 - OfcPage - INFO - 点击lets go 成功
2025-01-29 22:21:10,395 - OfcPage - INFO - 点击元素成功: text=Verify
2025-01-29 22:21:10,396 - OfcPage - INFO - 点击lets go 成功
2025-01-29 22:22:47,371 - OfcPage - INFO - 访问页面成功: https://ofc.onefootball.com/s2/
2025-01-29 22:23:00,407 - OfcPage - ERROR - 点击元素失败: text=Let's go, 错误: 
该元素没有位置及大小。
版本: 4.1.0.17
2025-01-29 22:23:04,735 - OfcPage - INFO - 访问页面成功: https://ofc.onefootball.com/s2/
2025-01-29 22:23:09,230 - OfcPage - INFO - 点击元素成功: text=Let's go
2025-01-29 22:23:09,231 - OfcPage - INFO - 点击lets go 成功
2025-01-29 22:23:12,740 - OfcPage - INFO - 点击元素成功: text=Verify
2025-01-29 22:23:12,740 - OfcPage - INFO - 点击lets go 成功
2025-01-29 22:32:38,238 - OfcPage - INFO - 访问页面成功: https://ofc.onefootball.com/s2/
2025-01-29 22:32:45,263 - OfcPage - ERROR - 点击元素失败: text=Let's go, 错误: 
该元素没有位置及大小。
版本: 4.1.0.17
2025-01-29 22:32:49,806 - OfcPage - INFO - 访问页面成功: https://ofc.onefootball.com/s2/
2025-01-29 22:32:54,323 - OfcPage - INFO - 点击元素成功: text=Let's go
2025-01-29 22:32:54,324 - OfcPage - INFO - 点击lets go 成功
2025-01-29 22:32:57,834 - OfcPage - INFO - 点击元素成功: text=Verify
2025-01-29 22:32:57,834 - OfcPage - INFO - 点击lets go 成功
