2025-02-02 14:19:22,407 - LePage - INFO - 访问页面成功: https://sosovalue.com/zh/exp
2025-02-02 14:20:10,449 - LePage - INFO - 观看任务已完成，跳过
2025-02-02 14:20:39,993 - LePage - INFO - 分享任务已完成，跳过
2025-02-02 14:21:01,443 - LePage - INFO - 访问页面成功: https://sosovalue.com/zh/exp
2025-02-02 14:21:10,211 - LePage - INFO - 引用任务已完成，跳过
2025-02-02 14:21:31,219 - LePage - INFO - 观看任务已完成，跳过
2025-02-02 14:21:36,248 - LePage - INFO - 回复任务已完成，跳过
2025-02-02 14:21:40,332 - LePage - INFO - 分享任务已完成，跳过
2025-02-02 14:21:50,141 - LePage - INFO - 引用任务已完成，跳过
2025-02-02 14:21:59,401 - LePage - INFO - 回复任务已完成，跳过
2025-02-02 14:22:05,945 - LePage - INFO - 点赞任务已完成，跳过
2025-02-02 14:22:07,506 - LePage - INFO - 点赞任务已完成，跳过
2025-02-02 14:24:45,430 - LePage - INFO - 访问页面成功: https://sosovalue.com/zh/exp
2025-02-02 14:24:46,916 - LePage - INFO - 访问页面成功: https://sosovalue.com/zh/exp
2025-02-02 14:25:05,001 - LePage - INFO - 点击元素成功: text=观看
2025-02-02 14:25:06,510 - LePage - INFO - 点击元素成功: text=观看
2025-02-02 14:25:11,163 - LePage - INFO - 点击元素成功: text=分享
2025-02-02 14:25:12,635 - LePage - INFO - 点击元素成功: text=分享
2025-02-02 14:25:21,950 - LePage - INFO - 点击元素成功: 引用
2025-02-02 14:25:23,075 - LePage - INFO - 点击元素成功: 引用
2025-02-02 14:25:29,267 - LePage - INFO - 点击元素成功: 回复
2025-02-02 14:25:32,643 - LePage - INFO - 点击元素成功: 回复
2025-02-02 14:25:38,156 - LePage - INFO - 点击元素成功: 点赞
2025-02-02 14:25:43,199 - LePage - INFO - 点击元素成功: 点赞
2025-02-02 14:25:53,549 - LePage - INFO - 找到 5 个验证按钮
2025-02-02 14:25:53,549 - LePage - INFO - 开始第 1/10 次验证尝试
2025-02-02 14:25:57,894 - LePage - INFO - 找到 5 个验证按钮
2025-02-02 14:25:57,894 - LePage - INFO - 开始第 1/10 次验证尝试
2025-02-02 14:25:58,833 - LePage - INFO - 验证结果数量: 1
2025-02-02 14:26:02,927 - LePage - INFO - 点击元素成功: text=我已了解
2025-02-02 14:26:02,928 - LePage - INFO - 验证确认成功
2025-02-02 14:26:02,928 - LePage - INFO - 开始第 1/10 次验证尝试
2025-02-02 14:26:03,320 - LePage - INFO - 验证结果数量: 1
2025-02-02 14:26:07,437 - LePage - INFO - 点击元素成功: text=我已了解
2025-02-02 14:26:07,439 - LePage - INFO - 验证确认成功
2025-02-02 14:26:07,440 - LePage - INFO - 开始第 1/10 次验证尝试
2025-02-02 14:26:08,203 - LePage - INFO - 验证结果数量: 3
2025-02-02 14:26:08,203 - LePage - WARNING - 第 1 次验证未通过
2025-02-02 14:26:09,707 - LePage - INFO - 点击元素成功: @xmlns=http://www.w3.org/2000/svg
2025-02-02 14:26:09,708 - LePage - INFO - 关闭验证失败弹窗
2025-02-02 14:26:09,709 - LePage - INFO - 等待60秒后可重新验证...
2025-02-02 14:26:12,828 - LePage - INFO - 验证结果数量: 3
2025-02-02 14:26:12,829 - LePage - WARNING - 第 1 次验证未通过
2025-02-02 14:26:14,481 - LePage - INFO - 点击元素成功: @xmlns=http://www.w3.org/2000/svg
2025-02-02 14:26:14,486 - LePage - INFO - 关闭验证失败弹窗
2025-02-02 14:26:14,489 - LePage - INFO - 等待60秒后可重新验证...
2025-02-02 14:27:09,710 - LePage - INFO - 开始第 2/10 次验证尝试
2025-02-02 14:27:14,494 - LePage - INFO - 开始第 2/10 次验证尝试
2025-02-02 14:27:15,000 - LePage - INFO - 验证结果数量: 1
2025-02-02 14:27:18,962 - LePage - INFO - 点击元素成功: text=我已了解
2025-02-02 14:27:18,963 - LePage - INFO - 验证确认成功
2025-02-02 14:27:18,964 - LePage - INFO - 开始第 1/10 次验证尝试
2025-02-02 14:27:19,769 - LePage - INFO - 验证结果数量: 1
2025-02-02 14:27:24,238 - LePage - INFO - 验证结果数量: 3
2025-02-02 14:27:24,239 - LePage - WARNING - 第 1 次验证未通过
2025-02-02 14:27:24,475 - LePage - INFO - 点击元素成功: text=我已了解
2025-02-02 14:27:24,476 - LePage - INFO - 验证确认成功
2025-02-02 14:27:24,476 - LePage - INFO - 开始第 1/10 次验证尝试
2025-02-02 14:27:25,736 - LePage - INFO - 点击元素成功: @xmlns=http://www.w3.org/2000/svg
2025-02-02 14:27:25,737 - LePage - INFO - 关闭验证失败弹窗
2025-02-02 14:27:25,737 - LePage - INFO - 等待60秒后可重新验证...
2025-02-02 14:27:29,769 - LePage - INFO - 验证结果数量: 1
2025-02-02 14:27:35,519 - LePage - INFO - 点击元素成功: text=我已了解
2025-02-02 14:27:35,520 - LePage - INFO - 验证确认成功
2025-02-02 14:27:35,520 - LePage - INFO - 开始第 1/10 次验证尝试
2025-02-02 14:27:40,821 - LePage - INFO - 验证结果数量: 1
2025-02-02 14:27:44,926 - LePage - INFO - 点击元素成功: text=我已了解
2025-02-02 14:27:44,932 - LePage - INFO - 验证确认成功
2025-02-02 14:27:44,932 - LePage - INFO - 开始第 1/10 次验证尝试
2025-02-02 14:27:50,234 - LePage - INFO - 验证结果数量: 1
2025-02-02 14:27:55,472 - LePage - INFO - 点击元素成功: text=我已了解
2025-02-02 14:27:55,474 - LePage - INFO - 验证确认成功
2025-02-02 14:27:55,474 - LePage - INFO - 所有验证按钮处理完成
2025-02-02 14:28:25,739 - LePage - INFO - 开始第 2/10 次验证尝试
2025-02-02 14:28:31,013 - LePage - INFO - 验证结果数量: 1
2025-02-02 14:28:34,561 - LePage - INFO - 点击元素成功: text=我已了解
2025-02-02 14:28:34,562 - LePage - INFO - 验证确认成功
2025-02-02 14:28:34,562 - LePage - INFO - 开始第 1/10 次验证尝试
2025-02-02 14:28:39,826 - LePage - INFO - 验证结果数量: 1
2025-02-02 14:28:43,456 - LePage - INFO - 点击元素成功: text=我已了解
2025-02-02 14:28:43,456 - LePage - INFO - 验证确认成功
2025-02-02 14:28:43,456 - LePage - INFO - 开始第 1/10 次验证尝试
2025-02-02 14:28:48,825 - LePage - INFO - 验证结果数量: 1
2025-02-02 14:28:52,461 - LePage - INFO - 点击元素成功: text=我已了解
2025-02-02 14:28:52,461 - LePage - INFO - 验证确认成功
2025-02-02 14:28:52,461 - LePage - INFO - 所有验证按钮处理完成
2025-02-02 14:28:54,100 - LePage - INFO - 访问页面成功: https://sosovalue.com/zh/exp
2025-02-02 14:29:22,125 - LePage - INFO - 观看任务已完成，跳过
2025-02-02 14:29:26,089 - LePage - INFO - 访问页面成功: https://sosovalue.com/zh/exp
2025-02-02 14:29:27,724 - LePage - INFO - 分享任务已完成，跳过
2025-02-02 14:36:51,358 - LePage - INFO - 访问页面成功: https://sosovalue.com/zh/exp
2025-02-02 14:36:52,038 - LePage - INFO - 访问页面成功: https://sosovalue.com/zh/exp
2025-02-02 14:37:19,405 - LePage - INFO - 观看任务已完成，跳过
2025-02-02 14:37:20,071 - LePage - INFO - 观看任务已完成，跳过
2025-02-02 14:37:26,077 - LePage - INFO - 分享任务已完成，跳过
2025-02-02 14:37:26,797 - LePage - INFO - 分享任务已完成，跳过
2025-02-02 14:38:12,109 - LePage - INFO - 未找到验证按钮
2025-02-02 14:38:18,060 - LePage - INFO - 未找到验证按钮
2025-02-02 14:38:39,075 - LePage - INFO - 访问页面成功: https://sosovalue.com/zh/exp
2025-02-02 14:38:42,756 - LePage - INFO - 访问页面成功: https://sosovalue.com/zh/exp
2025-02-02 14:38:58,955 - LePage - INFO - 点击元素成功: text=观看
2025-02-02 14:39:02,691 - LePage - INFO - 点击元素成功: text=观看
2025-02-02 14:39:07,664 - LePage - INFO - 点击元素成功: text=分享
2025-02-02 14:39:08,841 - LePage - INFO - 点击元素成功: text=分享
2025-02-02 14:39:17,491 - LePage - INFO - 点击元素成功: 引用
2025-02-02 14:39:19,561 - LePage - INFO - 点击元素成功: 引用
2025-02-02 14:39:23,722 - LePage - INFO - 点击元素成功: 回复
2025-02-02 14:39:29,547 - LePage - INFO - 点击元素成功: 回复
2025-02-02 14:39:30,303 - LePage - INFO - 点击元素成功: 点赞
2025-02-02 14:39:37,979 - LePage - INFO - 点击元素成功: 点赞
2025-02-02 14:39:47,416 - LePage - INFO - 找到 5 个验证按钮
2025-02-02 14:39:47,420 - LePage - INFO - 开始第 1/10 次验证尝试
2025-02-02 14:39:52,840 - LePage - INFO - 验证结果数量: 1
2025-02-02 14:39:53,670 - LePage - INFO - 找到 5 个验证按钮
2025-02-02 14:39:53,671 - LePage - INFO - 开始第 1/10 次验证尝试
2025-02-02 14:39:56,381 - LePage - INFO - 点击元素成功: text=我已了解
2025-02-02 14:39:56,382 - LePage - INFO - 验证确认成功
2025-02-02 14:39:56,382 - LePage - INFO - 开始第 1/10 次验证尝试
2025-02-02 14:39:58,989 - LePage - INFO - 验证结果数量: 1
2025-02-02 14:40:01,786 - LePage - INFO - 验证结果数量: 1
2025-02-02 14:40:04,056 - LePage - INFO - 点击元素成功: text=我已了解
2025-02-02 14:40:04,056 - LePage - INFO - 验证确认成功
2025-02-02 14:40:04,057 - LePage - INFO - 开始第 1/10 次验证尝试
2025-02-02 14:40:05,606 - LePage - INFO - 点击元素成功: text=我已了解
2025-02-02 14:40:05,606 - LePage - INFO - 验证确认成功
2025-02-02 14:40:05,606 - LePage - INFO - 开始第 1/10 次验证尝试
2025-02-02 14:40:09,429 - LePage - INFO - 验证结果数量: 1
2025-02-02 14:40:10,892 - LePage - INFO - 验证结果数量: 1
2025-02-02 14:40:13,856 - LePage - INFO - 点击元素成功: text=我已了解
2025-02-02 14:40:13,861 - LePage - INFO - 验证确认成功
2025-02-02 14:40:13,862 - LePage - INFO - 开始第 1/10 次验证尝试
2025-02-02 14:40:15,011 - LePage - INFO - 点击元素成功: text=我已了解
2025-02-02 14:40:15,011 - LePage - INFO - 验证确认成功
2025-02-02 14:40:15,011 - LePage - INFO - 开始第 1/10 次验证尝试
2025-02-02 14:40:19,172 - LePage - INFO - 验证结果数量: 1
2025-02-02 14:40:20,343 - LePage - INFO - 验证结果数量: 1
2025-02-02 14:40:23,202 - LePage - INFO - 点击元素成功: text=我已了解
2025-02-02 14:40:23,203 - LePage - INFO - 验证确认成功
2025-02-02 14:40:23,203 - LePage - INFO - 开始第 1/10 次验证尝试
2025-02-02 14:40:24,006 - LePage - INFO - 点击元素成功: text=我已了解
2025-02-02 14:40:24,006 - LePage - INFO - 验证确认成功
2025-02-02 14:40:24,006 - LePage - INFO - 开始第 1/10 次验证尝试
2025-02-02 14:40:28,472 - LePage - INFO - 验证结果数量: 3
2025-02-02 14:40:28,473 - LePage - WARNING - 第 1 次验证未通过
2025-02-02 14:40:29,294 - LePage - INFO - 验证结果数量: 1
2025-02-02 14:40:29,960 - LePage - INFO - 点击元素成功: @xmlns=http://www.w3.org/2000/svg
2025-02-02 14:40:29,960 - LePage - INFO - 关闭验证失败弹窗
2025-02-02 14:40:29,961 - LePage - INFO - 等待60秒后可重新验证...
2025-02-02 14:40:33,996 - LePage - INFO - 点击元素成功: text=我已了解
2025-02-02 14:40:33,998 - LePage - INFO - 验证确认成功
2025-02-02 14:40:33,998 - LePage - INFO - 所有验证按钮处理完成
2025-02-02 14:41:10,823 - LePage - INFO - 访问页面成功: https://sosovalue.com/zh/exp
2025-02-02 14:41:29,965 - LePage - INFO - 开始第 2/10 次验证尝试
2025-02-02 14:41:30,658 - LePage - INFO - 点击元素成功: text=观看
2025-02-02 14:41:35,240 - LePage - INFO - 验证结果数量: 1
2025-02-02 14:41:36,723 - LePage - INFO - 点击元素成功: text=分享
2025-02-02 14:41:39,471 - LePage - INFO - 点击元素成功: text=我已了解
2025-02-02 14:41:39,472 - LePage - INFO - 验证确认成功
2025-02-02 14:41:39,472 - LePage - INFO - 开始第 1/10 次验证尝试
2025-02-02 14:41:43,615 - LePage - INFO - 点击元素成功: 引用
2025-02-02 14:41:44,740 - LePage - INFO - 验证结果数量: 1
2025-02-02 14:41:48,811 - LePage - INFO - 点击元素成功: text=我已了解
2025-02-02 14:41:48,812 - LePage - INFO - 验证确认成功
2025-02-02 14:41:48,812 - LePage - INFO - 所有验证按钮处理完成
2025-02-02 14:41:52,589 - LePage - INFO - 点击元素成功: 回复
2025-02-02 14:41:59,312 - LePage - INFO - 点击元素成功: 点赞
2025-02-02 14:42:15,798 - LePage - INFO - 找到 5 个验证按钮
2025-02-02 14:42:15,798 - LePage - INFO - 开始第 1/10 次验证尝试
2025-02-02 14:42:21,075 - LePage - INFO - 验证结果数量: 1
2025-02-02 14:42:21,891 - LePage - INFO - 访问页面成功: https://sosovalue.com/zh/exp
2025-02-02 14:42:26,133 - LePage - INFO - 点击元素成功: text=我已了解
2025-02-02 14:42:26,136 - LePage - INFO - 验证确认成功
2025-02-02 14:42:26,136 - LePage - INFO - 开始第 1/10 次验证尝试
2025-02-02 14:42:31,409 - LePage - INFO - 验证结果数量: 3
2025-02-02 14:42:31,417 - LePage - WARNING - 第 1 次验证未通过
2025-02-02 14:42:32,927 - LePage - INFO - 点击元素成功: @xmlns=http://www.w3.org/2000/svg
2025-02-02 14:42:32,927 - LePage - INFO - 关闭验证失败弹窗
2025-02-02 14:42:32,927 - LePage - INFO - 等待60秒后可重新验证...
2025-02-02 14:42:41,509 - LePage - INFO - 点击元素成功: text=观看
2025-02-02 14:42:48,097 - LePage - INFO - 点击元素成功: text=分享
2025-02-02 14:42:58,775 - LePage - INFO - 点击元素成功: 引用
2025-02-02 14:43:08,763 - LePage - INFO - 点击元素成功: 回复
2025-02-02 14:43:14,679 - LePage - INFO - 点击元素成功: 点赞
2025-02-02 14:43:31,744 - LePage - INFO - 找到 5 个验证按钮
2025-02-02 14:43:31,745 - LePage - INFO - 开始第 1/10 次验证尝试
2025-02-02 14:43:32,929 - LePage - INFO - 开始第 2/10 次验证尝试
2025-02-02 14:43:37,033 - LePage - INFO - 验证结果数量: 1
2025-02-02 14:43:38,201 - LePage - INFO - 验证结果数量: 3
2025-02-02 14:43:38,201 - LePage - WARNING - 第 2 次验证未通过
2025-02-02 14:43:39,722 - LePage - INFO - 点击元素成功: @xmlns=http://www.w3.org/2000/svg
2025-02-02 14:43:39,722 - LePage - INFO - 关闭验证失败弹窗
2025-02-02 14:43:39,723 - LePage - INFO - 等待60秒后可重新验证...
2025-02-02 14:43:40,748 - LePage - INFO - 点击元素成功: text=我已了解
2025-02-02 14:43:40,748 - LePage - INFO - 验证确认成功
2025-02-02 14:43:40,748 - LePage - INFO - 开始第 1/10 次验证尝试
2025-02-02 14:43:46,024 - LePage - INFO - 验证结果数量: 1
2025-02-02 14:43:49,637 - LePage - INFO - 点击元素成功: text=我已了解
2025-02-02 14:43:49,637 - LePage - INFO - 验证确认成功
2025-02-02 14:43:49,638 - LePage - INFO - 开始第 1/10 次验证尝试
2025-02-02 14:43:54,921 - LePage - INFO - 验证结果数量: 3
2025-02-02 14:43:54,922 - LePage - WARNING - 第 1 次验证未通过
2025-02-02 14:43:56,423 - LePage - INFO - 点击元素成功: @xmlns=http://www.w3.org/2000/svg
2025-02-02 14:43:56,423 - LePage - INFO - 关闭验证失败弹窗
2025-02-02 14:43:56,423 - LePage - INFO - 等待60秒后可重新验证...
2025-02-02 14:44:39,730 - LePage - INFO - 开始第 3/10 次验证尝试
2025-02-02 14:44:45,005 - LePage - INFO - 验证结果数量: 1
2025-02-02 14:44:48,656 - LePage - INFO - 点击元素成功: text=我已了解
2025-02-02 14:44:48,656 - LePage - INFO - 验证确认成功
2025-02-02 14:44:48,656 - LePage - INFO - 开始第 1/10 次验证尝试
2025-02-02 14:44:53,924 - LePage - INFO - 验证结果数量: 3
2025-02-02 14:44:53,926 - LePage - WARNING - 第 1 次验证未通过
2025-02-02 14:44:55,423 - LePage - INFO - 点击元素成功: @xmlns=http://www.w3.org/2000/svg
2025-02-02 14:44:55,423 - LePage - INFO - 关闭验证失败弹窗
2025-02-02 14:44:55,423 - LePage - INFO - 等待60秒后可重新验证...
2025-02-02 14:44:56,430 - LePage - INFO - 开始第 2/10 次验证尝试
2025-02-02 14:45:01,722 - LePage - INFO - 验证结果数量: 3
2025-02-02 14:45:01,723 - LePage - WARNING - 第 2 次验证未通过
2025-02-02 14:45:03,258 - LePage - INFO - 点击元素成功: @xmlns=http://www.w3.org/2000/svg
2025-02-02 14:45:03,258 - LePage - INFO - 关闭验证失败弹窗
2025-02-02 14:45:03,258 - LePage - INFO - 等待60秒后可重新验证...
2025-02-02 14:45:55,430 - LePage - INFO - 开始第 2/10 次验证尝试
2025-02-02 14:46:00,863 - LePage - INFO - 验证结果数量: 1
2025-02-02 14:46:03,268 - LePage - INFO - 开始第 3/10 次验证尝试
2025-02-02 14:46:04,452 - LePage - INFO - 点击元素成功: text=我已了解
2025-02-02 14:46:04,452 - LePage - INFO - 验证确认成功
2025-02-02 14:46:04,452 - LePage - INFO - 开始第 1/10 次验证尝试
2025-02-02 14:46:08,557 - LePage - INFO - 验证结果数量: 1
2025-02-02 14:46:09,710 - LePage - INFO - 验证结果数量: 3
2025-02-02 14:46:09,711 - LePage - WARNING - 第 1 次验证未通过
2025-02-02 14:46:11,212 - LePage - INFO - 点击元素成功: @xmlns=http://www.w3.org/2000/svg
2025-02-02 14:46:11,213 - LePage - INFO - 关闭验证失败弹窗
2025-02-02 14:46:11,213 - LePage - INFO - 等待60秒后可重新验证...
2025-02-02 14:46:12,316 - LePage - INFO - 点击元素成功: text=我已了解
2025-02-02 14:46:12,316 - LePage - INFO - 验证确认成功
2025-02-02 14:46:12,316 - LePage - INFO - 开始第 1/10 次验证尝试
2025-02-02 14:46:17,582 - LePage - INFO - 验证结果数量: 3
2025-02-02 14:46:17,589 - LePage - WARNING - 第 1 次验证未通过
2025-02-02 14:46:19,099 - LePage - INFO - 点击元素成功: @xmlns=http://www.w3.org/2000/svg
2025-02-02 14:46:19,100 - LePage - INFO - 关闭验证失败弹窗
2025-02-02 14:46:19,100 - LePage - INFO - 等待60秒后可重新验证...
2025-02-02 14:47:11,222 - LePage - INFO - 开始第 2/10 次验证尝试
2025-02-02 14:47:16,571 - LePage - INFO - 验证结果数量: 1
2025-02-02 14:47:19,106 - LePage - INFO - 开始第 2/10 次验证尝试
2025-02-02 14:47:20,154 - LePage - INFO - 点击元素成功: text=我已了解
2025-02-02 14:47:20,154 - LePage - INFO - 验证确认成功
2025-02-02 14:47:20,154 - LePage - INFO - 开始第 1/10 次验证尝试
2025-02-02 14:47:24,385 - LePage - INFO - 验证结果数量: 3
2025-02-02 14:47:24,386 - LePage - WARNING - 第 2 次验证未通过
2025-02-02 14:47:25,746 - LePage - INFO - 验证结果数量: 1
2025-02-02 14:47:26,028 - LePage - INFO - 点击元素成功: @xmlns=http://www.w3.org/2000/svg
2025-02-02 14:47:26,028 - LePage - INFO - 关闭验证失败弹窗
2025-02-02 14:47:26,029 - LePage - INFO - 等待60秒后可重新验证...
2025-02-02 14:47:30,221 - LePage - INFO - 点击元素成功: text=我已了解
2025-02-02 14:47:30,222 - LePage - INFO - 验证确认成功
2025-02-02 14:47:30,222 - LePage - INFO - 所有验证按钮处理完成
2025-02-02 14:47:53,137 - LePage - INFO - 访问页面成功: https://sosovalue.com/zh/exp
2025-02-02 14:48:12,749 - LePage - INFO - 点击元素成功: text=观看
2025-02-02 14:48:21,803 - LePage - INFO - 点击元素成功: text=分享
2025-02-02 14:48:26,037 - LePage - INFO - 开始第 3/10 次验证尝试
2025-02-02 14:48:29,352 - LePage - INFO - 点击元素成功: 引用
2025-02-02 14:48:31,306 - LePage - INFO - 验证结果数量: 3
2025-02-02 14:48:31,306 - LePage - WARNING - 第 3 次验证未通过
2025-02-02 14:48:32,781 - LePage - INFO - 点击元素成功: @xmlns=http://www.w3.org/2000/svg
2025-02-02 14:48:32,782 - LePage - INFO - 关闭验证失败弹窗
2025-02-02 14:48:32,782 - LePage - INFO - 等待60秒后可重新验证...
2025-02-02 14:48:37,542 - LePage - INFO - 点击元素成功: 回复
2025-02-02 14:48:47,442 - LePage - INFO - 点击元素成功: 点赞
2025-02-02 14:48:58,513 - LePage - INFO - 找到 5 个验证按钮
2025-02-02 14:48:58,513 - LePage - INFO - 开始第 1/10 次验证尝试
2025-02-02 14:49:03,818 - LePage - INFO - 验证结果数量: 1
2025-02-02 14:49:07,368 - LePage - INFO - 点击元素成功: text=我已了解
2025-02-02 14:49:07,368 - LePage - INFO - 验证确认成功
2025-02-02 14:49:07,368 - LePage - INFO - 开始第 1/10 次验证尝试
2025-02-02 14:49:12,637 - LePage - INFO - 验证结果数量: 3
2025-02-02 14:49:12,638 - LePage - WARNING - 第 1 次验证未通过
2025-02-02 14:49:14,119 - LePage - INFO - 点击元素成功: @xmlns=http://www.w3.org/2000/svg
2025-02-02 14:49:14,120 - LePage - INFO - 关闭验证失败弹窗
2025-02-02 14:49:14,120 - LePage - INFO - 等待60秒后可重新验证...
2025-02-02 14:49:32,792 - LePage - INFO - 开始第 4/10 次验证尝试
2025-02-02 14:49:38,069 - LePage - INFO - 验证结果数量: 1
2025-02-02 14:49:41,604 - LePage - INFO - 点击元素成功: text=我已了解
2025-02-02 14:49:41,604 - LePage - INFO - 验证确认成功
2025-02-02 14:49:41,604 - LePage - INFO - 开始第 1/10 次验证尝试
2025-02-02 14:49:46,933 - LePage - INFO - 验证结果数量: 1
2025-02-02 14:49:50,517 - LePage - INFO - 点击元素成功: text=我已了解
2025-02-02 14:49:50,518 - LePage - INFO - 验证确认成功
2025-02-02 14:49:50,518 - LePage - INFO - 所有验证按钮处理完成
2025-02-02 14:50:14,126 - LePage - INFO - 开始第 2/10 次验证尝试
2025-02-02 14:50:17,430 - LePage - INFO - 访问页面成功: https://sosovalue.com/zh/exp
2025-02-02 14:50:19,436 - LePage - INFO - 验证结果数量: 3
2025-02-02 14:50:19,436 - LePage - WARNING - 第 2 次验证未通过
2025-02-02 14:50:21,110 - LePage - INFO - 点击元素成功: @xmlns=http://www.w3.org/2000/svg
2025-02-02 14:50:21,111 - LePage - INFO - 关闭验证失败弹窗
2025-02-02 14:50:21,111 - LePage - INFO - 等待60秒后可重新验证...
2025-02-02 14:50:37,339 - LePage - INFO - 点击元素成功: text=观看
2025-02-02 14:50:45,065 - LePage - INFO - 点击元素成功: text=分享
2025-02-02 14:50:55,782 - LePage - INFO - 点击元素成功: 引用
2025-02-02 14:51:04,595 - LePage - INFO - 点击元素成功: 回复
2025-02-02 14:51:11,060 - LePage - INFO - 点击元素成功: 点赞
2025-02-02 14:51:21,113 - LePage - INFO - 开始第 3/10 次验证尝试
2025-02-02 14:51:24,590 - LePage - INFO - 找到 5 个验证按钮
2025-02-02 14:51:24,591 - LePage - INFO - 开始第 1/10 次验证尝试
2025-02-02 14:51:26,388 - LePage - INFO - 验证结果数量: 1
2025-02-02 14:51:29,880 - LePage - INFO - 验证结果数量: 1
2025-02-02 14:51:29,998 - LePage - INFO - 点击元素成功: text=我已了解
2025-02-02 14:51:29,998 - LePage - INFO - 验证确认成功
2025-02-02 14:51:29,999 - LePage - INFO - 开始第 1/10 次验证尝试
2025-02-02 14:51:33,559 - LePage - INFO - 点击元素成功: text=我已了解
2025-02-02 14:51:33,560 - LePage - INFO - 验证确认成功
2025-02-02 14:51:33,560 - LePage - INFO - 开始第 1/10 次验证尝试
2025-02-02 14:51:35,260 - LePage - INFO - 验证结果数量: 1
2025-02-02 14:51:38,858 - LePage - INFO - 验证结果数量: 1
2025-02-02 14:51:38,934 - LePage - INFO - 点击元素成功: text=我已了解
2025-02-02 14:51:38,934 - LePage - INFO - 验证确认成功
2025-02-02 14:51:38,934 - LePage - INFO - 开始第 1/10 次验证尝试
2025-02-02 14:51:44,281 - LePage - INFO - 验证结果数量: 1
2025-02-02 14:51:48,092 - LePage - INFO - 点击元素成功: text=我已了解
2025-02-02 14:51:48,093 - LePage - INFO - 验证确认成功
2025-02-02 14:51:48,093 - LePage - INFO - 开始第 1/10 次验证尝试
2025-02-02 14:51:50,878 - LePage - ERROR - 点击元素失败: text=我已了解, 错误: 
没有找到元素。
方法: ele()
参数: {'locator': 'text=我已了解', 'index': 1, 'timeout': 10}
版本: 4.1.0.17
2025-02-02 14:51:50,879 - LePage - ERROR - 点击确认按钮失败: 
没有找到元素。
方法: ele()
参数: {'locator': 'text=我已了解', 'index': 1, 'timeout': 10}
版本: 4.1.0.17
2025-02-02 14:51:50,879 - LePage - INFO - 开始第 2/10 次验证尝试
2025-02-02 14:51:53,425 - LePage - INFO - 验证结果数量: 1
2025-02-02 14:51:56,161 - LePage - INFO - 验证结果数量: 1
2025-02-02 14:51:57,192 - LePage - INFO - 点击元素成功: text=我已了解
2025-02-02 14:51:57,192 - LePage - INFO - 验证确认成功
2025-02-02 14:51:57,192 - LePage - INFO - 所有验证按钮处理完成
2025-02-02 14:52:08,174 - LePage - ERROR - 点击元素失败: text=我已了解, 错误: 
没有找到元素。
方法: ele()
参数: {'locator': 'text=我已了解', 'index': 1, 'timeout': 10}
版本: 4.1.0.17
2025-02-02 14:52:08,174 - LePage - ERROR - 点击确认按钮失败: 
没有找到元素。
方法: ele()
参数: {'locator': 'text=我已了解', 'index': 1, 'timeout': 10}
版本: 4.1.0.17
2025-02-02 14:52:08,174 - LePage - INFO - 开始第 3/10 次验证尝试
2025-02-02 14:52:13,442 - LePage - INFO - 验证结果数量: 1
2025-02-02 14:52:25,457 - LePage - ERROR - 点击元素失败: text=我已了解, 错误: 
没有找到元素。
方法: ele()
参数: {'locator': 'text=我已了解', 'index': 1, 'timeout': 10}
版本: 4.1.0.17
2025-02-02 14:52:25,458 - LePage - ERROR - 点击确认按钮失败: 
没有找到元素。
方法: ele()
参数: {'locator': 'text=我已了解', 'index': 1, 'timeout': 10}
版本: 4.1.0.17
2025-02-02 14:52:25,458 - LePage - INFO - 开始第 4/10 次验证尝试
2025-02-02 14:52:30,732 - LePage - INFO - 验证结果数量: 1
2025-02-02 14:52:34,649 - LePage - ERROR - 查找元素失败: text=我已了解, 错误: 
与页面的连接已断开。
版本: 4.1.0.17
2025-02-02 14:52:34,649 - LePage - ERROR - 点击元素失败: text=我已了解, 错误: 
与页面的连接已断开。
版本: 4.1.0.17
2025-02-02 14:52:34,649 - LePage - ERROR - 点击确认按钮失败: 
与页面的连接已断开。
版本: 4.1.0.17
2025-02-02 14:52:34,649 - LePage - INFO - 开始第 5/10 次验证尝试
2025-02-02 14:52:36,654 - LePage - ERROR - 验证处理失败: 
与页面的连接已断开。
版本: 4.1.0.17
2025-02-02 14:52:36,654 - LePage - ERROR - 第 5 次验证过程发生错误: 
与页面的连接已断开。
版本: 4.1.0.17
2025-02-02 14:52:38,659 - LePage - INFO - 开始第 6/10 次验证尝试
2025-02-02 14:52:40,660 - LePage - ERROR - 验证处理失败: 
与页面的连接已断开。
版本: 4.1.0.17
2025-02-02 14:52:40,660 - LePage - ERROR - 第 6 次验证过程发生错误: 
与页面的连接已断开。
版本: 4.1.0.17
2025-02-02 14:52:42,660 - LePage - INFO - 开始第 7/10 次验证尝试
2025-02-02 14:52:43,783 - LePage - ERROR - 访问页面失败: https://sosovalue.com/zh/exp, 错误: 
与页面的连接已断开。
版本: 4.1.0.17
2025-02-02 14:52:44,663 - LePage - ERROR - 验证处理失败: 
与页面的连接已断开。
版本: 4.1.0.17
2025-02-02 14:52:44,663 - LePage - ERROR - 第 7 次验证过程发生错误: 
与页面的连接已断开。
版本: 4.1.0.17
2025-02-02 14:52:46,664 - LePage - INFO - 开始第 8/10 次验证尝试
2025-02-02 14:52:48,669 - LePage - ERROR - 验证处理失败: 
与页面的连接已断开。
版本: 4.1.0.17
2025-02-02 14:52:48,670 - LePage - ERROR - 第 8 次验证过程发生错误: 
与页面的连接已断开。
版本: 4.1.0.17
2025-02-02 14:52:50,672 - LePage - INFO - 开始第 9/10 次验证尝试
2025-02-02 14:52:52,677 - LePage - ERROR - 验证处理失败: 
与页面的连接已断开。
版本: 4.1.0.17
2025-02-02 14:52:52,677 - LePage - ERROR - 第 9 次验证过程发生错误: 
与页面的连接已断开。
版本: 4.1.0.17
2025-02-02 14:52:54,680 - LePage - INFO - 开始第 10/10 次验证尝试
2025-02-02 14:52:56,681 - LePage - ERROR - 验证处理失败: 
与页面的连接已断开。
版本: 4.1.0.17
2025-02-02 14:52:56,682 - LePage - ERROR - 第 10 次验证过程发生错误: 
与页面的连接已断开。
版本: 4.1.0.17
2025-02-02 14:52:58,686 - LePage - ERROR - 验证失败，已达到最大尝试次数 10
2025-02-02 14:52:58,686 - LePage - INFO - 开始第 1/10 次验证尝试
2025-02-02 14:53:00,687 - LePage - ERROR - 验证处理失败: 
与页面的连接已断开。
版本: 4.1.0.17
2025-02-02 14:53:00,687 - LePage - ERROR - 第 1 次验证过程发生错误: 
与页面的连接已断开。
版本: 4.1.0.17
2025-02-02 14:53:02,689 - LePage - INFO - 开始第 2/10 次验证尝试
2025-02-02 14:53:04,691 - LePage - ERROR - 验证处理失败: 
与页面的连接已断开。
版本: 4.1.0.17
2025-02-02 14:53:04,691 - LePage - ERROR - 第 2 次验证过程发生错误: 
与页面的连接已断开。
版本: 4.1.0.17
2025-02-02 14:53:06,697 - LePage - INFO - 开始第 3/10 次验证尝试
2025-02-02 14:53:08,702 - LePage - ERROR - 验证处理失败: 
与页面的连接已断开。
版本: 4.1.0.17
2025-02-02 14:53:08,703 - LePage - ERROR - 第 3 次验证过程发生错误: 
与页面的连接已断开。
版本: 4.1.0.17
2025-02-02 14:53:10,704 - LePage - INFO - 开始第 4/10 次验证尝试
2025-02-02 14:53:12,710 - LePage - ERROR - 验证处理失败: 
与页面的连接已断开。
版本: 4.1.0.17
2025-02-02 14:53:12,710 - LePage - ERROR - 第 4 次验证过程发生错误: 
与页面的连接已断开。
版本: 4.1.0.17
2025-02-02 14:53:14,713 - LePage - INFO - 开始第 5/10 次验证尝试
2025-02-02 14:53:16,718 - LePage - ERROR - 验证处理失败: 
与页面的连接已断开。
版本: 4.1.0.17
2025-02-02 14:53:16,718 - LePage - ERROR - 第 5 次验证过程发生错误: 
与页面的连接已断开。
版本: 4.1.0.17
2025-02-02 14:53:18,721 - LePage - INFO - 开始第 6/10 次验证尝试
2025-02-02 14:53:20,727 - LePage - ERROR - 验证处理失败: 
与页面的连接已断开。
版本: 4.1.0.17
2025-02-02 14:53:20,727 - LePage - ERROR - 第 6 次验证过程发生错误: 
与页面的连接已断开。
版本: 4.1.0.17
2025-02-02 14:53:22,728 - LePage - INFO - 开始第 7/10 次验证尝试
2025-02-02 14:53:24,734 - LePage - ERROR - 验证处理失败: 
与页面的连接已断开。
版本: 4.1.0.17
2025-02-02 14:53:24,734 - LePage - ERROR - 第 7 次验证过程发生错误: 
与页面的连接已断开。
版本: 4.1.0.17
2025-02-02 14:53:26,739 - LePage - INFO - 开始第 8/10 次验证尝试
2025-02-02 14:53:28,744 - LePage - ERROR - 验证处理失败: 
与页面的连接已断开。
版本: 4.1.0.17
2025-02-02 14:53:28,745 - LePage - ERROR - 第 8 次验证过程发生错误: 
与页面的连接已断开。
版本: 4.1.0.17
2025-02-02 14:53:30,748 - LePage - INFO - 开始第 9/10 次验证尝试
2025-02-02 14:53:32,754 - LePage - ERROR - 验证处理失败: 
与页面的连接已断开。
版本: 4.1.0.17
2025-02-02 14:53:32,754 - LePage - ERROR - 第 9 次验证过程发生错误: 
与页面的连接已断开。
版本: 4.1.0.17
2025-02-02 14:53:34,758 - LePage - INFO - 开始第 10/10 次验证尝试
2025-02-02 14:53:36,762 - LePage - ERROR - 验证处理失败: 
与页面的连接已断开。
版本: 4.1.0.17
2025-02-02 14:53:36,763 - LePage - ERROR - 第 10 次验证过程发生错误: 
与页面的连接已断开。
版本: 4.1.0.17
2025-02-02 14:53:38,766 - LePage - ERROR - 验证失败，已达到最大尝试次数 10
2025-02-02 14:53:38,766 - LePage - INFO - 开始第 1/10 次验证尝试
2025-02-02 14:53:40,772 - LePage - ERROR - 验证处理失败: 
与页面的连接已断开。
版本: 4.1.0.17
2025-02-02 14:53:40,772 - LePage - ERROR - 第 1 次验证过程发生错误: 
与页面的连接已断开。
版本: 4.1.0.17
2025-02-02 14:53:42,777 - LePage - INFO - 开始第 2/10 次验证尝试
2025-02-02 14:53:44,782 - LePage - ERROR - 验证处理失败: 
与页面的连接已断开。
版本: 4.1.0.17
2025-02-02 14:53:44,783 - LePage - ERROR - 第 2 次验证过程发生错误: 
与页面的连接已断开。
版本: 4.1.0.17
2025-02-02 14:53:46,788 - LePage - INFO - 开始第 3/10 次验证尝试
2025-02-02 14:53:48,792 - LePage - ERROR - 验证处理失败: 
与页面的连接已断开。
版本: 4.1.0.17
2025-02-02 14:53:48,792 - LePage - ERROR - 第 3 次验证过程发生错误: 
与页面的连接已断开。
版本: 4.1.0.17
2025-02-02 14:53:50,793 - LePage - INFO - 开始第 4/10 次验证尝试
2025-02-02 14:53:52,799 - LePage - ERROR - 验证处理失败: 
与页面的连接已断开。
版本: 4.1.0.17
2025-02-02 14:53:52,799 - LePage - ERROR - 第 4 次验证过程发生错误: 
与页面的连接已断开。
版本: 4.1.0.17
2025-02-02 14:53:54,801 - LePage - INFO - 开始第 5/10 次验证尝试
