2025-02-01 15:48:29,301 - OfcPage - INFO - 访问页面成功: https://ofc.onefootball.com/s2/
2025-02-01 15:48:30,071 - OfcPage - INFO - 访问页面成功: https://ofc.onefootball.com/s2/
2025-02-01 15:48:35,361 - OfcPage - ERROR - 点击元素失败: text=Let's go, 错误: 
该元素没有位置及大小。
版本: 4.1.0.17
2025-02-01 15:48:40,781 - OfcPage - INFO - 访问页面成功: https://ofc.onefootball.com/s2/
2025-02-01 15:48:43,081 - OfcPage - ERROR - 点击元素失败: text=Let's go, 错误: 
没有找到元素。
方法: ele()
参数: {'locator': "text=Let's go", 'index': 1, 'timeout': 10}
版本: 4.1.0.17
2025-02-01 15:48:45,396 - OfcPage - INFO - 点击元素成功: text=Let's go
2025-02-01 15:48:45,397 - OfcPage - INFO - 点击lets go 成功
2025-02-01 15:48:48,291 - OfcPage - INFO - 访问页面成功: https://ofc.onefootball.com/s2/
2025-02-01 15:48:48,896 - OfcPage - INFO - 点击元素成功: text=Verify
2025-02-01 15:48:48,897 - OfcPage - INFO - 点击lets go 成功
2025-02-01 15:49:01,067 - OfcPage - INFO - 访问页面成功: https://ofc.onefootball.com/s2/
2025-02-01 15:49:01,307 - OfcPage - ERROR - 点击元素失败: text=Let's go, 错误: 
没有找到元素。
方法: ele()
参数: {'locator': "text=Let's go", 'index': 1, 'timeout': 10}
版本: 4.1.0.17
2025-02-01 15:49:05,327 - OfcPage - INFO - 访问页面成功: https://ofc.onefootball.com/s2/
2025-02-01 15:49:08,995 - OfcPage - ERROR - 查找元素失败: text=Let's go, 错误: 
与页面的连接已断开。
版本: 4.1.0.17
2025-02-01 15:49:08,997 - OfcPage - ERROR - 点击元素失败: text=Let's go, 错误: 
与页面的连接已断开。
版本: 4.1.0.17
2025-02-01 15:49:15,323 - OfcPage - ERROR - 点击元素失败: text=Let's go, 错误: 'bool' object has no attribute 'click'
2025-02-01 15:49:17,398 - OfcPage - INFO - 访问页面成功: https://ofc.onefootball.com/s2/
2025-02-01 15:49:19,362 - OfcPage - INFO - 访问页面成功: https://ofc.onefootball.com/s2/
2025-02-01 15:49:23,324 - OfcPage - ERROR - 点击元素失败: text=Let's go, 错误: 
该元素没有位置及大小。
版本: 4.1.0.17
2025-02-01 15:49:23,864 - OfcPage - INFO - 点击元素成功: text=Let's go
2025-02-01 15:49:23,865 - OfcPage - INFO - 点击lets go 成功
2025-02-01 15:49:27,350 - OfcPage - INFO - 点击元素成功: text=Verify
2025-02-01 15:49:27,351 - OfcPage - INFO - 点击lets go 成功
2025-02-01 15:49:27,572 - OfcPage - INFO - 访问页面成功: https://ofc.onefootball.com/s2/
2025-02-01 15:49:32,065 - OfcPage - INFO - 点击元素成功: text=Let's go
2025-02-01 15:49:32,065 - OfcPage - INFO - 点击lets go 成功
2025-02-01 15:49:35,578 - OfcPage - INFO - 点击元素成功: text=Verify
2025-02-01 15:49:35,580 - OfcPage - INFO - 点击lets go 成功
2025-02-01 15:49:39,362 - OfcPage - INFO - 访问页面成功: https://ofc.onefootball.com/s2/
2025-02-01 15:49:43,030 - OfcPage - ERROR - 点击元素失败: text=Let's go, 错误: 
该元素没有位置及大小。
版本: 4.1.0.17
2025-02-01 15:49:47,216 - OfcPage - INFO - 访问页面成功: https://ofc.onefootball.com/s2/
2025-02-01 15:49:48,972 - OfcPage - INFO - 访问页面成功: https://ofc.onefootball.com/s2/
2025-02-01 15:49:51,697 - OfcPage - INFO - 点击元素成功: text=Let's go
2025-02-01 15:49:51,698 - OfcPage - INFO - 点击lets go 成功
2025-02-01 15:49:55,144 - OfcPage - ERROR - 点击元素失败: text=Let's go, 错误: 
该元素没有位置及大小。
版本: 4.1.0.17
2025-02-01 15:49:55,206 - OfcPage - INFO - 点击元素成功: text=Verify
2025-02-01 15:49:55,206 - OfcPage - INFO - 点击lets go 成功
2025-02-01 15:49:59,391 - OfcPage - INFO - 访问页面成功: https://ofc.onefootball.com/s2/
2025-02-01 15:50:03,967 - OfcPage - INFO - 点击元素成功: text=Let's go
2025-02-01 15:50:03,970 - OfcPage - INFO - 点击lets go 成功
2025-02-01 15:50:07,491 - OfcPage - INFO - 点击元素成功: text=Verify
2025-02-01 15:50:07,491 - OfcPage - INFO - 点击lets go 成功
2025-02-01 15:50:08,248 - OfcPage - INFO - 访问页面成功: https://ofc.onefootball.com/s2/
2025-02-01 15:50:20,280 - OfcPage - INFO - 访问页面成功: https://ofc.onefootball.com/s2/
2025-02-01 15:50:21,293 - OfcPage - ERROR - 点击元素失败: text=Let's go, 错误: 
该元素没有位置及大小。
版本: 4.1.0.17
2025-02-01 15:50:26,262 - OfcPage - ERROR - 点击元素失败: text=Let's go, 错误: 
该元素没有位置及大小。
版本: 4.1.0.17
2025-02-01 15:50:27,782 - OfcPage - INFO - 访问页面成功: https://ofc.onefootball.com/s2/
2025-02-01 15:50:30,527 - OfcPage - INFO - 访问页面成功: https://ofc.onefootball.com/s2/
2025-02-01 15:50:32,264 - OfcPage - INFO - 点击元素成功: text=Let's go
2025-02-01 15:50:32,265 - OfcPage - INFO - 点击lets go 成功
2025-02-01 15:50:35,783 - OfcPage - INFO - 点击元素成功: text=Verify
2025-02-01 15:50:35,783 - OfcPage - INFO - 点击lets go 成功
2025-02-01 15:50:44,613 - OfcPage - ERROR - 点击元素失败: text=Let's go, 错误: 'bool' object has no attribute 'click'
2025-02-01 15:50:48,541 - OfcPage - INFO - 访问页面成功: https://ofc.onefootball.com/s2/
2025-02-01 15:50:48,636 - OfcPage - INFO - 访问页面成功: https://ofc.onefootball.com/s2/
2025-02-01 15:50:53,037 - OfcPage - INFO - 点击元素成功: text=Let's go
2025-02-01 15:50:53,039 - OfcPage - INFO - 点击lets go 成功
2025-02-01 15:50:56,514 - OfcPage - INFO - 点击元素成功: text=Verify
2025-02-01 15:50:56,515 - OfcPage - INFO - 点击lets go 成功
2025-02-01 15:51:03,002 - OfcPage - ERROR - 点击元素失败: text=Let's go, 错误: 'bool' object has no attribute 'click'
2025-02-01 15:51:09,195 - OfcPage - INFO - 访问页面成功: https://ofc.onefootball.com/s2/
2025-02-01 15:51:13,690 - OfcPage - INFO - 点击元素成功: text=Let's go
2025-02-01 15:51:13,691 - OfcPage - INFO - 点击lets go 成功
2025-02-01 15:51:17,213 - OfcPage - INFO - 点击元素成功: text=Verify
2025-02-01 15:51:17,213 - OfcPage - INFO - 点击lets go 成功
