2025-02-02 12:15:19,826 - XosPage - INFO - 访问页面成功: https://x.ink/airdrop
2025-02-02 12:15:20,604 - XosPage - INFO - 访问页面成功: https://x.ink/airdrop
2025-02-02 12:15:34,385 - XosPage - INFO - 点击元素成功: text=立即签到
2025-02-02 12:15:34,388 - XosPage - INFO - 点击签到 成功
2025-02-02 12:15:35,126 - XosPage - INFO - 点击元素成功: text=立即签到
2025-02-02 12:15:35,126 - XosPage - INFO - 点击签到 成功
2025-02-02 12:15:50,044 - XosPage - INFO - 访问页面成功: https://x.ink/airdrop
2025-02-02 12:15:50,090 - XosPage - INFO - 访问页面成功: https://x.ink/airdrop
2025-02-02 12:16:04,561 - XosPage - INFO - 点击元素成功: text=立即签到
2025-02-02 12:16:04,561 - XosPage - INFO - 点击签到 成功
2025-02-02 12:16:04,623 - XosPage - INFO - 点击元素成功: text=立即签到
2025-02-02 12:16:04,624 - XosPage - INFO - 点击签到 成功
2025-02-02 12:16:18,105 - XosPage - INFO - 访问页面成功: https://x.ink/airdrop
2025-02-02 12:16:19,360 - XosPage - INFO - 访问页面成功: https://x.ink/airdrop
2025-02-02 12:16:32,613 - XosPage - INFO - 点击元素成功: text=立即签到
2025-02-02 12:16:32,613 - XosPage - INFO - 点击签到 成功
2025-02-02 12:16:33,890 - XosPage - INFO - 点击元素成功: text=立即签到
2025-02-02 12:16:33,891 - XosPage - INFO - 点击签到 成功
2025-02-02 12:16:47,214 - XosPage - INFO - 访问页面成功: https://x.ink/airdrop
2025-02-02 12:16:47,482 - XosPage - INFO - 访问页面成功: https://x.ink/airdrop
2025-02-02 12:17:01,700 - XosPage - INFO - 点击元素成功: text=立即签到
2025-02-02 12:17:01,700 - XosPage - INFO - 点击签到 成功
2025-02-02 12:17:01,984 - XosPage - INFO - 点击元素成功: text=立即签到
2025-02-02 12:17:01,984 - XosPage - INFO - 点击签到 成功
2025-02-02 12:17:12,550 - XosPage - INFO - 访问页面成功: https://x.ink/airdrop
2025-02-02 12:17:27,084 - XosPage - INFO - 点击元素成功: text=立即签到
2025-02-02 12:17:27,084 - XosPage - INFO - 点击签到 成功
2025-02-02 12:20:47,762 - XosPage - INFO - 访问页面成功: https://x.ink/airdrop
2025-02-02 12:20:48,268 - XosPage - INFO - 访问页面成功: https://x.ink/airdrop
2025-02-02 12:20:58,194 - XosPage - INFO - 访问页面成功: https://x.ink/airdrop
2025-02-02 12:20:59,579 - XosPage - INFO - 访问页面成功: https://x.ink/airdrop
2025-02-02 12:21:08,322 - XosPage - INFO - 访问页面成功: https://x.ink/airdrop
2025-02-02 12:21:10,298 - XosPage - INFO - 访问页面成功: https://x.ink/airdrop
2025-02-02 12:21:19,091 - XosPage - INFO - 访问页面成功: https://x.ink/airdrop
2025-02-02 12:21:21,049 - XosPage - INFO - 访问页面成功: https://x.ink/airdrop
2025-02-02 12:21:29,316 - XosPage - INFO - 访问页面成功: https://x.ink/airdrop
2025-02-02 12:26:27,058 - XosPage - INFO - 访问页面成功: https://x.ink/airdrop
2025-02-02 12:26:27,585 - XosPage - INFO - 访问页面成功: https://x.ink/airdrop
2025-02-02 12:26:38,729 - XosPage - INFO - 访问页面成功: https://x.ink/airdrop
2025-02-02 12:26:38,893 - XosPage - INFO - 访问页面成功: https://x.ink/airdrop
2025-02-02 12:26:50,134 - XosPage - INFO - 访问页面成功: https://x.ink/airdrop
2025-02-02 12:26:50,370 - XosPage - INFO - 访问页面成功: https://x.ink/airdrop
2025-02-02 12:27:01,955 - XosPage - INFO - 访问页面成功: https://x.ink/airdrop
2025-02-02 12:27:02,126 - XosPage - INFO - 访问页面成功: https://x.ink/airdrop
2025-02-02 12:27:12,107 - XosPage - INFO - 访问页面成功: https://x.ink/airdrop
2025-02-02 12:31:59,139 - XosPage - INFO - 访问页面成功: https://x.ink/airdrop
2025-02-02 12:31:59,830 - XosPage - INFO - 访问页面成功: https://x.ink/airdrop
2025-02-02 12:32:09,478 - XosPage - INFO - 访问页面成功: https://x.ink/airdrop
2025-02-02 12:32:10,756 - XosPage - INFO - 访问页面成功: https://x.ink/airdrop
2025-02-02 12:32:19,545 - XosPage - INFO - 访问页面成功: https://x.ink/airdrop
2025-02-02 12:32:21,457 - XosPage - INFO - 访问页面成功: https://x.ink/airdrop
2025-02-02 12:32:30,368 - XosPage - INFO - 访问页面成功: https://x.ink/airdrop
2025-02-02 12:32:32,369 - XosPage - INFO - 访问页面成功: https://x.ink/airdrop
2025-02-02 12:32:40,564 - XosPage - INFO - 访问页面成功: https://x.ink/airdrop
2025-02-02 12:37:35,156 - XosPage - INFO - 访问页面成功: https://x.ink/airdrop
2025-02-02 12:37:36,103 - XosPage - INFO - 访问页面成功: https://x.ink/airdrop
2025-02-02 12:37:45,213 - XosPage - INFO - 访问页面成功: https://x.ink/airdrop
2025-02-02 12:37:47,110 - XosPage - INFO - 访问页面成功: https://x.ink/airdrop
2025-02-02 12:37:55,377 - XosPage - INFO - 访问页面成功: https://x.ink/airdrop
2025-02-02 12:37:57,790 - XosPage - INFO - 访问页面成功: https://x.ink/airdrop
2025-02-02 12:38:06,591 - XosPage - INFO - 访问页面成功: https://x.ink/airdrop
2025-02-02 12:38:08,318 - XosPage - INFO - 访问页面成功: https://x.ink/airdrop
2025-02-02 12:38:17,080 - XosPage - INFO - 访问页面成功: https://x.ink/airdrop
2025-02-02 12:43:15,858 - XosPage - INFO - 访问页面成功: https://x.ink/airdrop
2025-02-02 12:43:16,068 - XosPage - INFO - 访问页面成功: https://x.ink/airdrop
2025-02-02 12:43:30,874 - XosPage - INFO - 访问页面成功: https://x.ink/airdrop
2025-02-02 12:43:30,897 - XosPage - INFO - 访问页面成功: https://x.ink/airdrop
2025-02-02 12:43:43,041 - XosPage - INFO - 访问页面成功: https://x.ink/airdrop
2025-02-02 12:43:45,924 - XosPage - INFO - 访问页面成功: https://x.ink/airdrop
2025-02-02 12:43:54,582 - XosPage - INFO - 访问页面成功: https://x.ink/airdrop
2025-02-02 12:43:56,606 - XosPage - INFO - 访问页面成功: https://x.ink/airdrop
2025-02-02 12:44:04,978 - XosPage - INFO - 访问页面成功: https://x.ink/airdrop
2025-02-02 12:48:51,368 - XosPage - INFO - 访问页面成功: https://x.ink/airdrop
2025-02-02 12:48:52,104 - XosPage - INFO - 访问页面成功: https://x.ink/airdrop
2025-02-02 12:49:01,641 - XosPage - INFO - 访问页面成功: https://x.ink/airdrop
2025-02-02 12:49:03,512 - XosPage - INFO - 访问页面成功: https://x.ink/airdrop
2025-02-02 12:49:11,891 - XosPage - INFO - 访问页面成功: https://x.ink/airdrop
2025-02-02 12:49:14,353 - XosPage - INFO - 访问页面成功: https://x.ink/airdrop
2025-02-02 12:49:23,486 - XosPage - INFO - 访问页面成功: https://x.ink/airdrop
2025-02-02 12:49:26,312 - XosPage - INFO - 访问页面成功: https://x.ink/airdrop
2025-02-02 12:49:33,850 - XosPage - INFO - 访问页面成功: https://x.ink/airdrop
2025-02-02 12:54:27,219 - XosPage - INFO - 访问页面成功: https://x.ink/airdrop
2025-02-02 12:54:27,831 - XosPage - INFO - 访问页面成功: https://x.ink/airdrop
2025-02-02 12:54:42,081 - XosPage - INFO - 访问页面成功: https://x.ink/airdrop
2025-02-02 12:54:42,287 - XosPage - INFO - 访问页面成功: https://x.ink/airdrop
2025-02-02 12:54:53,185 - XosPage - INFO - 访问页面成功: https://x.ink/airdrop
2025-02-02 12:54:53,488 - XosPage - INFO - 访问页面成功: https://x.ink/airdrop
2025-02-02 12:55:05,067 - XosPage - INFO - 访问页面成功: https://x.ink/airdrop
2025-02-02 12:55:05,363 - XosPage - INFO - 访问页面成功: https://x.ink/airdrop
2025-02-02 12:55:15,296 - XosPage - INFO - 访问页面成功: https://x.ink/airdrop
2025-02-02 13:00:03,052 - XosPage - INFO - 访问页面成功: https://x.ink/airdrop
2025-02-02 13:00:03,706 - XosPage - INFO - 访问页面成功: https://x.ink/airdrop
2025-02-02 13:00:15,605 - XosPage - INFO - 访问页面成功: https://x.ink/airdrop
2025-02-02 13:00:15,613 - XosPage - INFO - 访问页面成功: https://x.ink/airdrop
2025-02-02 13:00:27,105 - XosPage - INFO - 访问页面成功: https://x.ink/airdrop
2025-02-02 13:00:27,281 - XosPage - INFO - 访问页面成功: https://x.ink/airdrop
2025-02-02 13:00:39,610 - XosPage - INFO - 访问页面成功: https://x.ink/airdrop
2025-02-02 13:00:39,662 - XosPage - INFO - 访问页面成功: https://x.ink/airdrop
2025-02-02 13:00:53,652 - XosPage - INFO - 访问页面成功: https://x.ink/airdrop
2025-02-02 13:05:39,401 - XosPage - INFO - 访问页面成功: https://x.ink/airdrop
2025-02-02 13:05:39,401 - XosPage - INFO - 访问页面成功: https://x.ink/airdrop
2025-02-02 13:05:40,104 - XosPage - INFO - 访问页面成功: https://x.ink/airdrop
2025-02-02 13:05:40,104 - XosPage - INFO - 访问页面成功: https://x.ink/airdrop
2025-02-02 13:05:54,792 - XosPage - INFO - 访问页面成功: https://x.ink/airdrop
2025-02-02 13:05:54,792 - XosPage - INFO - 访问页面成功: https://x.ink/airdrop
2025-02-02 13:05:54,844 - XosPage - INFO - 访问页面成功: https://x.ink/airdrop
2025-02-02 13:05:54,844 - XosPage - INFO - 访问页面成功: https://x.ink/airdrop
2025-02-02 13:06:06,039 - XosPage - INFO - 访问页面成功: https://x.ink/airdrop
2025-02-02 13:06:06,039 - XosPage - INFO - 访问页面成功: https://x.ink/airdrop
2025-02-02 13:06:06,089 - XosPage - INFO - 访问页面成功: https://x.ink/airdrop
2025-02-02 13:06:06,089 - XosPage - INFO - 访问页面成功: https://x.ink/airdrop
2025-02-02 13:06:18,178 - XosPage - INFO - 访问页面成功: https://x.ink/airdrop
2025-02-02 13:06:18,178 - XosPage - INFO - 访问页面成功: https://x.ink/airdrop
2025-02-02 13:06:18,390 - XosPage - INFO - 访问页面成功: https://x.ink/airdrop
2025-02-02 13:06:18,390 - XosPage - INFO - 访问页面成功: https://x.ink/airdrop
2025-02-02 13:06:28,554 - XosPage - INFO - 访问页面成功: https://x.ink/airdrop
2025-02-02 13:06:28,554 - XosPage - INFO - 访问页面成功: https://x.ink/airdrop
2025-02-02 13:11:14,824 - XosPage - INFO - 访问页面成功: https://x.ink/airdrop
2025-02-02 13:11:15,918 - XosPage - INFO - 访问页面成功: https://x.ink/airdrop
2025-02-02 13:11:24,904 - XosPage - INFO - 访问页面成功: https://x.ink/airdrop
2025-02-02 13:11:26,760 - XosPage - INFO - 访问页面成功: https://x.ink/airdrop
2025-02-02 13:11:35,045 - XosPage - INFO - 访问页面成功: https://x.ink/airdrop
2025-02-02 13:11:37,401 - XosPage - INFO - 访问页面成功: https://x.ink/airdrop
2025-02-02 13:11:45,914 - XosPage - INFO - 访问页面成功: https://x.ink/airdrop
2025-02-02 13:11:47,890 - XosPage - INFO - 访问页面成功: https://x.ink/airdrop
2025-02-02 13:11:56,121 - XosPage - INFO - 访问页面成功: https://x.ink/airdrop
2025-02-02 13:16:50,264 - XosPage - INFO - 访问页面成功: https://x.ink/airdrop
2025-02-02 13:16:51,628 - XosPage - INFO - 访问页面成功: https://x.ink/airdrop
2025-02-02 13:17:04,868 - XosPage - INFO - 访问页面成功: https://x.ink/airdrop
2025-02-02 13:17:06,039 - XosPage - INFO - 访问页面成功: https://x.ink/airdrop
2025-02-02 13:17:14,986 - XosPage - INFO - 访问页面成功: https://x.ink/airdrop
2025-02-02 13:17:17,463 - XosPage - INFO - 访问页面成功: https://x.ink/airdrop
2025-02-02 13:17:25,742 - XosPage - INFO - 访问页面成功: https://x.ink/airdrop
2025-02-02 13:17:28,021 - XosPage - INFO - 访问页面成功: https://x.ink/airdrop
2025-02-02 13:17:35,862 - XosPage - INFO - 访问页面成功: https://x.ink/airdrop
2025-02-02 13:22:27,426 - XosPage - INFO - 访问页面成功: https://x.ink/airdrop
2025-02-02 13:22:28,112 - XosPage - INFO - 访问页面成功: https://x.ink/airdrop
2025-02-02 13:22:38,220 - XosPage - INFO - 访问页面成功: https://x.ink/airdrop
2025-02-02 13:22:39,503 - XosPage - INFO - 访问页面成功: https://x.ink/airdrop
2025-02-02 13:22:48,493 - XosPage - INFO - 访问页面成功: https://x.ink/airdrop
2025-02-02 13:22:50,254 - XosPage - INFO - 访问页面成功: https://x.ink/airdrop
2025-02-02 13:23:00,411 - XosPage - INFO - 访问页面成功: https://x.ink/airdrop
2025-02-02 13:23:01,346 - XosPage - INFO - 访问页面成功: https://x.ink/airdrop
2025-02-02 13:23:10,707 - XosPage - INFO - 访问页面成功: https://x.ink/airdrop
2025-02-02 13:27:59,330 - XosPage - INFO - 访问页面成功: https://x.ink/airdrop
2025-02-02 13:27:59,832 - XosPage - INFO - 访问页面成功: https://x.ink/airdrop
2025-02-02 13:28:14,450 - XosPage - INFO - 访问页面成功: https://x.ink/airdrop
2025-02-02 13:28:14,475 - XosPage - INFO - 访问页面成功: https://x.ink/airdrop
2025-02-02 13:28:25,386 - XosPage - INFO - 访问页面成功: https://x.ink/airdrop
2025-02-02 13:28:26,076 - XosPage - INFO - 访问页面成功: https://x.ink/airdrop
2025-02-02 13:28:37,604 - XosPage - INFO - 访问页面成功: https://x.ink/airdrop
2025-02-02 13:28:38,057 - XosPage - INFO - 访问页面成功: https://x.ink/airdrop
2025-02-02 13:28:47,990 - XosPage - INFO - 访问页面成功: https://x.ink/airdrop
2025-02-02 13:33:39,197 - XosPage - INFO - 访问页面成功: https://x.ink/airdrop
2025-02-02 13:33:40,115 - XosPage - INFO - 访问页面成功: https://x.ink/airdrop
2025-02-02 13:33:53,704 - XosPage - INFO - 访问页面成功: https://x.ink/airdrop
2025-02-02 13:33:54,379 - XosPage - INFO - 访问页面成功: https://x.ink/airdrop
2025-02-02 13:34:04,562 - XosPage - INFO - 访问页面成功: https://x.ink/airdrop
2025-02-02 13:34:08,471 - XosPage - INFO - 访问页面成功: https://x.ink/airdrop
2025-02-02 13:34:16,247 - XosPage - INFO - 访问页面成功: https://x.ink/airdrop
2025-02-02 13:34:19,137 - XosPage - INFO - 访问页面成功: https://x.ink/airdrop
2025-02-02 13:34:26,601 - XosPage - INFO - 访问页面成功: https://x.ink/airdrop
2025-02-02 13:39:14,135 - XosPage - INFO - 访问页面成功: https://x.ink/airdrop
2025-02-02 13:39:15,291 - XosPage - INFO - 访问页面成功: https://x.ink/airdrop
2025-02-02 13:39:29,819 - XosPage - INFO - 访问页面成功: https://x.ink/airdrop
2025-02-02 13:39:29,962 - XosPage - INFO - 访问页面成功: https://x.ink/airdrop
2025-02-02 13:39:40,199 - XosPage - INFO - 访问页面成功: https://x.ink/airdrop
2025-02-02 13:39:44,630 - XosPage - INFO - 访问页面成功: https://x.ink/airdrop
2025-02-02 13:39:51,685 - XosPage - INFO - 访问页面成功: https://x.ink/airdrop
2025-02-02 13:39:55,342 - XosPage - INFO - 访问页面成功: https://x.ink/airdrop
2025-02-02 13:40:02,052 - XosPage - INFO - 访问页面成功: https://x.ink/airdrop
2025-02-02 13:44:47,150 - XosPage - INFO - 访问页面成功: https://x.ink/airdrop
2025-02-02 13:44:47,824 - XosPage - INFO - 访问页面成功: https://x.ink/airdrop
2025-02-02 13:44:57,789 - XosPage - INFO - 访问页面成功: https://x.ink/airdrop
2025-02-02 13:44:58,910 - XosPage - INFO - 访问页面成功: https://x.ink/airdrop
2025-02-02 13:45:08,010 - XosPage - INFO - 访问页面成功: https://x.ink/airdrop
2025-02-02 13:45:09,852 - XosPage - INFO - 访问页面成功: https://x.ink/airdrop
2025-02-02 13:45:18,944 - XosPage - INFO - 访问页面成功: https://x.ink/airdrop
2025-02-02 13:45:20,586 - XosPage - INFO - 访问页面成功: https://x.ink/airdrop
2025-02-02 13:45:28,560 - XosPage - INFO - 访问页面成功: https://x.ink/airdrop
2025-02-02 13:50:28,962 - XosPage - INFO - 访问页面成功: https://x.ink/airdrop
2025-02-02 13:50:29,062 - XosPage - INFO - 访问页面成功: https://x.ink/airdrop
2025-02-02 13:50:39,651 - XosPage - INFO - 访问页面成功: https://x.ink/airdrop
2025-02-02 13:50:40,810 - XosPage - INFO - 访问页面成功: https://x.ink/airdrop
2025-02-02 13:50:50,226 - XosPage - INFO - 访问页面成功: https://x.ink/airdrop
2025-02-02 13:50:51,907 - XosPage - INFO - 访问页面成功: https://x.ink/airdrop
2025-02-02 13:51:01,616 - XosPage - INFO - 访问页面成功: https://x.ink/airdrop
2025-02-02 13:51:03,395 - XosPage - INFO - 访问页面成功: https://x.ink/airdrop
2025-02-02 13:51:11,923 - XosPage - INFO - 访问页面成功: https://x.ink/airdrop
2025-02-02 13:55:59,813 - XosPage - INFO - 访问页面成功: https://x.ink/airdrop
2025-02-02 13:56:00,065 - XosPage - INFO - 访问页面成功: https://x.ink/airdrop
2025-02-02 13:56:15,212 - XosPage - INFO - 访问页面成功: https://x.ink/airdrop
2025-02-02 13:56:15,503 - XosPage - INFO - 访问页面成功: https://x.ink/airdrop
2025-02-02 13:56:26,135 - XosPage - INFO - 访问页面成功: https://x.ink/airdrop
2025-02-02 13:56:29,708 - XosPage - INFO - 访问页面成功: https://x.ink/airdrop
2025-02-02 13:56:37,319 - XosPage - INFO - 访问页面成功: https://x.ink/airdrop
2025-02-02 13:56:41,368 - XosPage - INFO - 访问页面成功: https://x.ink/airdrop
2025-02-02 13:56:48,332 - XosPage - INFO - 访问页面成功: https://x.ink/airdrop
2025-02-02 14:01:38,783 - XosPage - INFO - 访问页面成功: https://x.ink/airdrop
2025-02-02 14:01:39,341 - XosPage - INFO - 访问页面成功: https://x.ink/airdrop
2025-02-02 14:01:52,894 - XosPage - INFO - 访问页面成功: https://x.ink/airdrop
2025-02-02 14:01:53,903 - XosPage - INFO - 访问页面成功: https://x.ink/airdrop
2025-02-02 14:02:03,999 - XosPage - INFO - 访问页面成功: https://x.ink/airdrop
2025-02-02 14:02:07,307 - XosPage - INFO - 访问页面成功: https://x.ink/airdrop
2025-02-02 14:02:15,434 - XosPage - INFO - 访问页面成功: https://x.ink/airdrop
2025-02-02 14:02:18,037 - XosPage - INFO - 访问页面成功: https://x.ink/airdrop
2025-02-02 14:02:25,887 - XosPage - INFO - 访问页面成功: https://x.ink/airdrop
2025-02-02 14:07:14,948 - XosPage - INFO - 访问页面成功: https://x.ink/airdrop
2025-02-02 14:07:16,082 - XosPage - INFO - 访问页面成功: https://x.ink/airdrop
2025-02-02 14:07:25,388 - XosPage - INFO - 访问页面成功: https://x.ink/airdrop
2025-02-02 14:07:27,465 - XosPage - INFO - 访问页面成功: https://x.ink/airdrop
2025-02-02 14:07:35,610 - XosPage - INFO - 访问页面成功: https://x.ink/airdrop
2025-02-02 14:07:38,117 - XosPage - INFO - 访问页面成功: https://x.ink/airdrop
2025-02-02 14:07:47,098 - XosPage - INFO - 访问页面成功: https://x.ink/airdrop
2025-02-02 14:07:48,858 - XosPage - INFO - 访问页面成功: https://x.ink/airdrop
2025-02-02 14:07:57,385 - XosPage - INFO - 访问页面成功: https://x.ink/airdrop
2025-02-02 14:12:51,327 - XosPage - INFO - 访问页面成功: https://x.ink/airdrop
2025-02-02 14:12:51,327 - XosPage - INFO - 访问页面成功: https://x.ink/airdrop
2025-02-02 14:12:51,790 - XosPage - INFO - 访问页面成功: https://x.ink/airdrop
2025-02-02 14:12:51,790 - XosPage - INFO - 访问页面成功: https://x.ink/airdrop
2025-02-02 14:13:05,886 - XosPage - INFO - 访问页面成功: https://x.ink/airdrop
2025-02-02 14:13:05,886 - XosPage - INFO - 访问页面成功: https://x.ink/airdrop
2025-02-02 14:13:05,991 - XosPage - INFO - 访问页面成功: https://x.ink/airdrop
2025-02-02 14:13:05,991 - XosPage - INFO - 访问页面成功: https://x.ink/airdrop
2025-02-02 14:13:17,179 - XosPage - INFO - 访问页面成功: https://x.ink/airdrop
2025-02-02 14:13:17,179 - XosPage - INFO - 访问页面成功: https://x.ink/airdrop
2025-02-02 14:13:18,568 - XosPage - INFO - 访问页面成功: https://x.ink/airdrop
2025-02-02 14:13:18,568 - XosPage - INFO - 访问页面成功: https://x.ink/airdrop
2025-02-02 14:13:29,199 - XosPage - INFO - 访问页面成功: https://x.ink/airdrop
2025-02-02 14:13:29,199 - XosPage - INFO - 访问页面成功: https://x.ink/airdrop
2025-02-02 14:13:29,811 - XosPage - INFO - 访问页面成功: https://x.ink/airdrop
2025-02-02 14:13:29,811 - XosPage - INFO - 访问页面成功: https://x.ink/airdrop
2025-02-02 14:13:39,650 - XosPage - INFO - 访问页面成功: https://x.ink/airdrop
2025-02-02 14:13:39,650 - XosPage - INFO - 访问页面成功: https://x.ink/airdrop
2025-02-02 14:18:28,401 - XosPage - INFO - 访问页面成功: https://x.ink/airdrop
2025-02-02 14:18:29,299 - XosPage - INFO - 访问页面成功: https://x.ink/airdrop
2025-02-02 16:00:04,098 - XosPage - INFO - 访问页面成功: https://x.ink/airdrop
2025-02-02 16:00:04,478 - XosPage - INFO - 访问页面成功: https://x.ink/airdrop
2025-02-02 16:00:25,035 - XosPage - INFO - 访问页面成功: https://x.ink/airdrop
2025-02-02 16:00:25,724 - XosPage - INFO - 访问页面成功: https://x.ink/airdrop
2025-02-02 16:00:38,805 - XosPage - INFO - 访问页面成功: https://x.ink/airdrop
2025-02-02 16:00:40,148 - XosPage - INFO - 访问页面成功: https://x.ink/airdrop
2025-02-02 16:00:51,425 - XosPage - INFO - 访问页面成功: https://x.ink/airdrop
2025-02-02 16:00:53,421 - XosPage - INFO - 访问页面成功: https://x.ink/airdrop
2025-02-02 16:01:02,466 - XosPage - INFO - 访问页面成功: https://x.ink/airdrop
2025-02-02 16:19:34,347 - XosPage - INFO - 访问页面成功: https://x.ink/airdrop
2025-02-02 16:19:34,367 - XosPage - INFO - 访问页面成功: https://x.ink/airdrop
2025-02-02 16:19:46,381 - XosPage - INFO - 访问页面成功: https://x.ink/airdrop
2025-02-02 16:19:46,623 - XosPage - INFO - 访问页面成功: https://x.ink/airdrop
2025-02-02 16:19:57,852 - XosPage - INFO - 访问页面成功: https://x.ink/airdrop
2025-02-02 16:19:59,813 - XosPage - INFO - 访问页面成功: https://x.ink/airdrop
2025-02-02 16:20:10,246 - XosPage - INFO - 访问页面成功: https://x.ink/airdrop
2025-02-02 16:20:10,958 - XosPage - INFO - 访问页面成功: https://x.ink/airdrop
2025-02-02 16:20:21,048 - XosPage - INFO - 访问页面成功: https://x.ink/airdrop
2025-02-02 16:24:30,337 - XosPage - INFO - 访问页面成功: https://x.ink/airdrop
2025-02-02 16:24:30,525 - XosPage - INFO - 访问页面成功: https://x.ink/airdrop
2025-02-02 16:24:42,740 - XosPage - INFO - 访问页面成功: https://x.ink/airdrop
2025-02-02 16:24:42,886 - XosPage - INFO - 访问页面成功: https://x.ink/airdrop
2025-02-02 16:24:54,863 - XosPage - INFO - 访问页面成功: https://x.ink/airdrop
2025-02-02 16:24:55,489 - XosPage - INFO - 访问页面成功: https://x.ink/airdrop
2025-02-02 16:25:07,546 - XosPage - INFO - 访问页面成功: https://x.ink/airdrop
2025-02-02 16:25:10,561 - XosPage - ERROR - 查找元素失败: 今日已签到, 错误: 
与页面的连接已断开。
版本: 4.1.0.17
2025-02-02 16:25:20,941 - XosPage - INFO - 访问页面成功: https://x.ink/airdrop
2025-02-02 16:25:36,581 - XosPage - ERROR - 访问页面失败: https://x.ink/airdrop, 错误: 
与页面的连接已断开。
版本: 4.1.0.17
2025-02-02 16:29:25,678 - XosPage - INFO - 访问页面成功: https://x.ink/airdrop
2025-02-02 16:29:29,429 - XosPage - INFO - 访问页面成功: https://x.ink/airdrop
2025-02-02 16:29:38,473 - XosPage - INFO - 访问页面成功: https://x.ink/airdrop
2025-02-02 16:29:42,586 - XosPage - INFO - 访问页面成功: https://x.ink/airdrop
2025-02-02 16:29:48,844 - XosPage - INFO - 访问页面成功: https://x.ink/airdrop
2025-02-02 16:29:52,973 - XosPage - INFO - 访问页面成功: https://x.ink/airdrop
2025-02-02 16:30:00,470 - XosPage - INFO - 访问页面成功: https://x.ink/airdrop
2025-02-02 16:30:03,252 - XosPage - INFO - 访问页面成功: https://x.ink/airdrop
2025-02-02 16:30:11,233 - XosPage - INFO - 访问页面成功: https://x.ink/airdrop
2025-02-02 16:34:24,995 - XosPage - INFO - 访问页面成功: https://x.ink/airdrop
2025-02-02 16:34:26,926 - XosPage - INFO - 访问页面成功: https://x.ink/airdrop
2025-02-02 16:34:35,676 - XosPage - INFO - 访问页面成功: https://x.ink/airdrop
2025-02-02 16:34:38,463 - XosPage - INFO - 访问页面成功: https://x.ink/airdrop
2025-02-02 16:34:45,938 - XosPage - INFO - 访问页面成功: https://x.ink/airdrop
2025-02-02 16:34:49,991 - XosPage - INFO - 访问页面成功: https://x.ink/airdrop
2025-02-02 16:34:57,264 - XosPage - INFO - 访问页面成功: https://x.ink/airdrop
2025-02-02 16:35:01,320 - XosPage - INFO - 访问页面成功: https://x.ink/airdrop
2025-02-02 16:35:08,052 - XosPage - INFO - 访问页面成功: https://x.ink/airdrop
